#
# There is insufficient memory for the Java Runtime Environment to continue.
# Native memory allocation (malloc) failed to allocate 334256 bytes for Chunk::new
# Possible reasons:
#   The system is out of physical RAM or swap space
#   The process is running with CompressedOops enabled, and the Java Heap may be blocking the growth of the native heap
# Possible solutions:
#   Reduce memory load on the system
#   Increase physical memory or swap space
#   Check if swap backing store is full
#   Decrease Java heap size (-Xmx/-Xms)
#   Decrease number of Java threads
#   Decrease Java thread stack sizes (-Xss)
#   Set larger code cache with -XX:ReservedCodeCacheSize=
#   JVM is running with Unscaled Compressed Oops mode in which the Java heap is
#     placed in the first 4GB address space. The Java Heap base address is the
#     maximum limit for the native heap growth. Please use -XX:HeapBaseMinAddress
#     to set the Java Heap base and to place the Java Heap above 4GB virtual address.
# This output file may be truncated or incomplete.
#
#  Out of Memory Error (allocation.cpp:389), pid=11912, tid=0x0000000000003124
#
# JRE version: OpenJDK Runtime Environment (8.0_242-b01) (build 1.8.0_242-release-1644-b01)
# Java VM: OpenJDK 64-Bit Server VM (25.242-b01 mixed mode windows-amd64 compressed oops)
# Failed to write core dump. Minidumps are not enabled by default on client versions of Windows
#

---------------  T H R E A D  ---------------

Current thread (0x0000000019a05800):  JavaThread "C2 CompilerThread2" daemon [_thread_in_native, id=12580, stack(0x000000001a4e0000,0x000000001a5e0000)]

Stack: [0x000000001a4e0000,0x000000001a5e0000]
[error occurred during error reporting (printing stack bounds), id 0xc0000005]

Native frames: (J=compiled Java code, j=interpreted, Vv=VM code, C=native code)


Current CompileTask:
C2:   9571 4516       4       org.gradle.internal.reflect.MethodSet::add (50 bytes)


---------------  P R O C E S S  ---------------

Java Threads: ( => current thread )
  0x0000000024fee000 JavaThread "jar transforms Thread 114" [_thread_blocked, id=10120, stack(0x000000002d580000,0x000000002d680000)]
  0x0000000024fec800 JavaThread "jar transforms Thread 113" [_thread_blocked, id=5568, stack(0x000000002d480000,0x000000002d580000)]
  0x0000000024ff1000 JavaThread "jar transforms Thread 112" [_thread_blocked, id=1184, stack(0x000000002d380000,0x000000002d480000)]
  0x0000000024fef800 JavaThread "jar transforms Thread 111" [_thread_blocked, id=13904, stack(0x000000002d280000,0x000000002d380000)]
  0x0000000024ff2800 JavaThread "jar transforms Thread 110" [_thread_blocked, id=12940, stack(0x000000002d180000,0x000000002d280000)]
  0x0000000024fed000 JavaThread "jar transforms Thread 109" [_thread_blocked, id=9624, stack(0x000000002d080000,0x000000002d180000)]
  0x0000000024ff1800 JavaThread "jar transforms Thread 108" [_thread_blocked, id=11300, stack(0x000000002cf80000,0x000000002d080000)]
  0x0000000024ff0000 JavaThread "jar transforms Thread 107" [_thread_blocked, id=7948, stack(0x000000002ce80000,0x000000002cf80000)]
  0x0000000024fee800 JavaThread "jar transforms Thread 106" [_thread_blocked, id=14248, stack(0x000000002cd80000,0x000000002ce80000)]
  0x0000000024fe5000 JavaThread "jar transforms Thread 105" [_thread_blocked, id=12752, stack(0x000000002cc80000,0x000000002cd80000)]
  0x0000000024feb000 JavaThread "jar transforms Thread 104" [_thread_blocked, id=1416, stack(0x000000002cb80000,0x000000002cc80000)]
  0x0000000024feb800 JavaThread "jar transforms Thread 103" [_thread_blocked, id=15228, stack(0x000000002ca80000,0x000000002cb80000)]
  0x0000000024fe4000 JavaThread "jar transforms Thread 102" [_thread_blocked, id=5904, stack(0x000000002c980000,0x000000002ca80000)]
  0x0000000024fe8000 JavaThread "jar transforms Thread 101" [_thread_blocked, id=3036, stack(0x000000002c880000,0x000000002c980000)]
  0x0000000024fe9800 JavaThread "jar transforms Thread 100" [_thread_blocked, id=13596, stack(0x000000002c780000,0x000000002c880000)]
  0x0000000024fe7000 JavaThread "jar transforms Thread 99" [_thread_blocked, id=14292, stack(0x000000002c680000,0x000000002c780000)]
  0x0000000024fea000 JavaThread "jar transforms Thread 98" [_thread_blocked, id=15220, stack(0x000000002c580000,0x000000002c680000)]
  0x0000000024fe5800 JavaThread "jar transforms Thread 97" [_thread_blocked, id=4660, stack(0x000000002c480000,0x000000002c580000)]
  0x0000000024fe6800 JavaThread "jar transforms Thread 96" [_thread_blocked, id=11520, stack(0x000000002c380000,0x000000002c480000)]
  0x0000000024fe8800 JavaThread "jar transforms Thread 95" [_thread_blocked, id=3460, stack(0x000000002c280000,0x000000002c380000)]
  0x0000000024fe3000 JavaThread "jar transforms Thread 94" [_thread_blocked, id=12180, stack(0x000000002c180000,0x000000002c280000)]
  0x00000000220f6800 JavaThread "jar transforms Thread 93" [_thread_blocked, id=13292, stack(0x000000002c080000,0x000000002c180000)]
  0x00000000220f5000 JavaThread "jar transforms Thread 92" [_thread_blocked, id=8776, stack(0x000000002bf80000,0x000000002c080000)]
  0x00000000220f8000 JavaThread "jar transforms Thread 91" [_thread_blocked, id=7876, stack(0x000000002be80000,0x000000002bf80000)]
  0x00000000220f3800 JavaThread "jar transforms Thread 90" [_thread_blocked, id=11860, stack(0x000000002bd80000,0x000000002be80000)]
  0x00000000220f9800 JavaThread "jar transforms Thread 89" [_thread_blocked, id=4152, stack(0x0000000027130000,0x0000000027230000)]
  0x00000000220f4000 JavaThread "jar transforms Thread 88" [_thread_blocked, id=10628, stack(0x0000000025d00000,0x0000000025e00000)]
  0x00000000220f5800 JavaThread "jar transforms Thread 87" [_thread_blocked, id=15356, stack(0x000000002b990000,0x000000002ba90000)]
  0x00000000220f8800 JavaThread "jar transforms Thread 86" [_thread_blocked, id=5124, stack(0x000000002b890000,0x000000002b990000)]
  0x00000000220f7000 JavaThread "jar transforms Thread 85" [_thread_blocked, id=9000, stack(0x000000002b790000,0x000000002b890000)]
  0x00000000220ec000 JavaThread "jar transforms Thread 84" [_thread_blocked, id=6936, stack(0x000000002b690000,0x000000002b790000)]
  0x00000000220f2800 JavaThread "jar transforms Thread 83" [_thread_blocked, id=13452, stack(0x000000002b590000,0x000000002b690000)]
  0x00000000220eb000 JavaThread "jar transforms Thread 82" [_thread_blocked, id=3508, stack(0x000000002b490000,0x000000002b590000)]
  0x00000000220f2000 JavaThread "jar transforms Thread 81" [_thread_blocked, id=9336, stack(0x000000002b390000,0x000000002b490000)]
  0x00000000220f0800 JavaThread "jar transforms Thread 80" [_thread_blocked, id=1352, stack(0x000000002b290000,0x000000002b390000)]
  0x00000000220ee000 JavaThread "jar transforms Thread 79" [_thread_blocked, id=9072, stack(0x000000002b190000,0x000000002b290000)]
  0x00000000220ed800 JavaThread "jar transforms Thread 78" [_thread_blocked, id=9020, stack(0x000000002b090000,0x000000002b190000)]
  0x00000000220ef800 JavaThread "jar transforms Thread 77" [_thread_blocked, id=11824, stack(0x000000002af90000,0x000000002b090000)]
  0x00000000220ea000 JavaThread "jar transforms Thread 76" [_thread_blocked, id=14656, stack(0x000000002ae90000,0x000000002af90000)]
  0x00000000220f1000 JavaThread "jar transforms Thread 75" [_thread_blocked, id=8356, stack(0x000000002ad90000,0x000000002ae90000)]
  0x00000000220ef000 JavaThread "jar transforms Thread 74" [_thread_blocked, id=14152, stack(0x000000002ac90000,0x000000002ad90000)]
  0x00000000220ec800 JavaThread "jar transforms Thread 73" [_thread_blocked, id=9360, stack(0x000000002ab90000,0x000000002ac90000)]
  0x000000001f398800 JavaThread "jar transforms Thread 72" [_thread_blocked, id=14928, stack(0x000000002aa90000,0x000000002ab90000)]
  0x000000001f397800 JavaThread "jar transforms Thread 71" [_thread_blocked, id=12864, stack(0x000000002a990000,0x000000002aa90000)]
  0x000000001f397000 JavaThread "jar transforms Thread 70" [_thread_blocked, id=4528, stack(0x000000002a890000,0x000000002a990000)]
  0x000000001f396000 JavaThread "jar transforms Thread 69" [_thread_blocked, id=3680, stack(0x000000002a790000,0x000000002a890000)]
  0x000000001f395800 JavaThread "jar transforms Thread 68" [_thread_blocked, id=452, stack(0x000000002a690000,0x000000002a790000)]
  0x000000001f394800 JavaThread "jar transforms Thread 67" [_thread_blocked, id=14388, stack(0x000000002a590000,0x000000002a690000)]
  0x000000001f38d800 JavaThread "jar transforms Thread 66" [_thread_blocked, id=13168, stack(0x000000002a490000,0x000000002a590000)]
  0x000000001f38d000 JavaThread "jar transforms Thread 65" [_thread_blocked, id=3712, stack(0x000000002a390000,0x000000002a490000)]
  0x000000001f394000 JavaThread "jar transforms Thread 64" [_thread_blocked, id=3220, stack(0x000000002a290000,0x000000002a390000)]
  0x000000001f393000 JavaThread "jar transforms Thread 63" [_thread_blocked, id=13800, stack(0x000000002a190000,0x000000002a290000)]
  0x000000001f38c000 JavaThread "jar transforms Thread 62" [_thread_blocked, id=15168, stack(0x000000002a090000,0x000000002a190000)]
  0x000000001f392800 JavaThread "jar transforms Thread 61" [_thread_blocked, id=13776, stack(0x0000000029f90000,0x000000002a090000)]
  0x000000001f38a800 JavaThread "jar transforms Thread 60" [_thread_blocked, id=14912, stack(0x0000000029e90000,0x0000000029f90000)]
  0x000000001f38b800 JavaThread "jar transforms Thread 59" [_thread_blocked, id=14836, stack(0x0000000029d90000,0x0000000029e90000)]
  0x000000001f391000 JavaThread "jar transforms Thread 58" [_thread_blocked, id=2156, stack(0x0000000029c90000,0x0000000029d90000)]
  0x000000001f391800 JavaThread "jar transforms Thread 57" [_thread_blocked, id=15020, stack(0x0000000029b90000,0x0000000029c90000)]
  0x000000001f389000 JavaThread "jar transforms Thread 56" [_thread_blocked, id=1100, stack(0x0000000029a90000,0x0000000029b90000)]
  0x000000001f38a000 JavaThread "jar transforms Thread 55" [_thread_blocked, id=8264, stack(0x0000000029990000,0x0000000029a90000)]
  0x000000001f390000 JavaThread "jar transforms Thread 54" [_thread_blocked, id=13892, stack(0x0000000029890000,0x0000000029990000)]
  0x000000001f38f000 JavaThread "jar transforms Thread 53" [_thread_blocked, id=10040, stack(0x0000000029790000,0x0000000029890000)]
  0x000000001f38e800 JavaThread "jar transforms Thread 52" [_thread_blocked, id=13436, stack(0x0000000029690000,0x0000000029790000)]
  0x000000001f4be800 JavaThread "jar transforms Thread 51" [_thread_blocked, id=5988, stack(0x0000000029590000,0x0000000029690000)]
  0x000000001f4bc000 JavaThread "jar transforms Thread 50" [_thread_blocked, id=10096, stack(0x0000000029490000,0x0000000029590000)]
  0x000000001f4c0000 JavaThread "jar transforms Thread 49" [_thread_blocked, id=4360, stack(0x0000000029390000,0x0000000029490000)]
  0x000000001f4c1800 JavaThread "jar transforms Thread 48" [_thread_blocked, id=3352, stack(0x0000000029290000,0x0000000029390000)]
  0x000000001f4c2000 JavaThread "jar transforms Thread 47" [_thread_blocked, id=13708, stack(0x0000000029190000,0x0000000029290000)]
  0x000000001f4bf000 JavaThread "jar transforms Thread 46" [_thread_blocked, id=7288, stack(0x0000000029090000,0x0000000029190000)]
  0x000000001f4bd800 JavaThread "jar transforms Thread 45" [_thread_blocked, id=11880, stack(0x0000000028f90000,0x0000000029090000)]
  0x000000001f4c3000 JavaThread "jar transforms Thread 44" [_thread_blocked, id=10408, stack(0x0000000028e90000,0x0000000028f90000)]
  0x000000001f4bd000 JavaThread "jar transforms Thread 43" [_thread_blocked, id=6364, stack(0x0000000028d90000,0x0000000028e90000)]
  0x000000001f4c0800 JavaThread "jar transforms Thread 42" [_thread_blocked, id=12836, stack(0x0000000028c90000,0x0000000028d90000)]
  0x000000001f4b4800 JavaThread "jar transforms Thread 41" [_thread_blocked, id=7532, stack(0x0000000028b90000,0x0000000028c90000)]
  0x000000001f4bb800 JavaThread "jar transforms Thread 40" [_thread_blocked, id=3132, stack(0x0000000028a90000,0x0000000028b90000)]
  0x000000001f4b4000 JavaThread "jar transforms Thread 39" [_thread_blocked, id=6780, stack(0x0000000028990000,0x0000000028a90000)]
  0x000000001f4b7800 JavaThread "jar transforms Thread 38" [_thread_blocked, id=2852, stack(0x0000000028890000,0x0000000028990000)]
  0x000000001f4b9000 JavaThread "jar transforms Thread 37" [_thread_blocked, id=1272, stack(0x0000000028790000,0x0000000028890000)]
  0x000000001f4b8800 JavaThread "jar transforms Thread 36" [_thread_blocked, id=4840, stack(0x0000000028690000,0x0000000028790000)]
  0x000000001f4b7000 JavaThread "jar transforms Thread 35" [_thread_blocked, id=13100, stack(0x0000000028590000,0x0000000028690000)]
  0x000000001f4ba000 JavaThread "jar transforms Thread 34" [_thread_blocked, id=9080, stack(0x0000000028490000,0x0000000028590000)]
  0x000000001f4ba800 JavaThread "jar transforms Thread 33" [_thread_blocked, id=14192, stack(0x0000000028390000,0x0000000028490000)]
  0x000000001f4b6000 JavaThread "jar transforms Thread 32" [_thread_blocked, id=2480, stack(0x0000000028290000,0x0000000028390000)]
  0x000000001f4b5800 JavaThread "jar transforms Thread 31" [_thread_blocked, id=5056, stack(0x0000000028190000,0x0000000028290000)]
  0x0000000020962800 JavaThread "jar transforms Thread 30" [_thread_blocked, id=7132, stack(0x0000000028090000,0x0000000028190000)]
  0x0000000020962000 JavaThread "jar transforms Thread 29" [_thread_blocked, id=12968, stack(0x0000000027f90000,0x0000000028090000)]
  0x0000000020964000 JavaThread "jar transforms Thread 28" [_thread_blocked, id=3624, stack(0x0000000027e90000,0x0000000027f90000)]
  0x0000000020963800 JavaThread "jar transforms Thread 27" [_thread_blocked, id=7820, stack(0x0000000027d90000,0x0000000027e90000)]
  0x0000000020960800 JavaThread "jar transforms Thread 26" [_thread_blocked, id=14956, stack(0x0000000027c90000,0x0000000027d90000)]
  0x000000002095f800 JavaThread "Build operations Thread 8" [_thread_blocked, id=7428, stack(0x0000000027990000,0x0000000027a90000)]
  0x0000000020965800 JavaThread "Build operations Thread 7" [_thread_blocked, id=2532, stack(0x0000000027890000,0x0000000027990000)]
  0x0000000020961000 JavaThread "Build operations Thread 6" [_thread_blocked, id=6320, stack(0x0000000027790000,0x0000000027890000)]
  0x0000000020965000 JavaThread "Build operations Thread 5" [_thread_blocked, id=15156, stack(0x0000000027690000,0x0000000027790000)]
  0x0000000020959000 JavaThread "Build operations Thread 4" [_thread_blocked, id=8364, stack(0x0000000027590000,0x0000000027690000)]
  0x0000000020958000 JavaThread "Build operations Thread 3" [_thread_blocked, id=3804, stack(0x0000000027490000,0x0000000027590000)]
  0x000000002095f000 JavaThread "Build operations Thread 2" [_thread_blocked, id=8660, stack(0x0000000027390000,0x0000000027490000)]
  0x000000002095b000 JavaThread "Build operations" [_thread_blocked, id=11436, stack(0x0000000027290000,0x0000000027390000)]
  0x0000000020957800 JavaThread "Cache worker for Build Output Cleanup Cache (N:\2020_GCAAD\Android Kotlin Fundamentals\Lesson 06 Room database and coroutines\RoomWordSample\.gradle\buildOutputCleanup)" [_thread_blocked, id=9668, stack(0x0000000024610000,0x0000000024710000)]
  0x0000000020959800 JavaThread "Cache worker for file content cache (N:\_AndroidGradle\caches\6.5-rc-1\fileContent)" [_thread_blocked, id=5432, stack(0x0000000024510000,0x0000000024610000)]
  0x000000002095c800 JavaThread "Cache worker for execution history cache (N:\_AndroidGradle\caches\6.5-rc-1\executionHistory)" [_thread_blocked, id=11868, stack(0x0000000024010000,0x0000000024110000)]
  0x000000002140a800 JavaThread "Cache worker for cache directory md-rule (N:\_AndroidGradle\caches\6.5-rc-1\md-rule)" [_thread_blocked, id=1276, stack(0x0000000023d10000,0x0000000023e10000)]
  0x0000000021409000 JavaThread "Cache worker for cache directory md-supplier (N:\_AndroidGradle\caches\6.5-rc-1\md-supplier)" [_thread_blocked, id=9792, stack(0x0000000023c10000,0x0000000023d10000)]
  0x0000000021407800 JavaThread "Cache worker for checksums cache (N:\2020_GCAAD\Android Kotlin Fundamentals\Lesson 06 Room database and coroutines\RoomWordSample\.gradle\checksums)" [_thread_blocked, id=15088, stack(0x0000000023b10000,0x0000000023c10000)]
  0x0000000021408800 JavaThread "jar transforms Thread 25" [_thread_blocked, id=13116, stack(0x0000000023810000,0x0000000023910000)]
  0x0000000021407000 JavaThread "jar transforms Thread 24" [_thread_blocked, id=3344, stack(0x0000000023710000,0x0000000023810000)]
  0x000000002140a000 JavaThread "jar transforms Thread 23" [_thread_blocked, id=12880, stack(0x0000000023610000,0x0000000023710000)]
  0x0000000021406000 JavaThread "jar transforms Thread 22" [_thread_blocked, id=13988, stack(0x0000000023510000,0x0000000023610000)]
  0x00000000213ff800 JavaThread "jar transforms Thread 21" [_thread_blocked, id=7016, stack(0x0000000023410000,0x0000000023510000)]
  0x00000000213fe800 JavaThread "jar transforms Thread 20" [_thread_blocked, id=14952, stack(0x0000000023310000,0x0000000023410000)]
  0x0000000021404800 JavaThread "jar transforms Thread 19" [_thread_blocked, id=6500, stack(0x0000000023210000,0x0000000023310000)]
  0x0000000021404000 JavaThread "jar transforms Thread 18" [_thread_blocked, id=8388, stack(0x0000000023110000,0x0000000023210000)]
  0x0000000021405800 JavaThread "jar transforms Thread 17" [_thread_blocked, id=8496, stack(0x0000000023010000,0x0000000023110000)]
  0x0000000021400000 JavaThread "jar transforms Thread 16" [_thread_blocked, id=9616, stack(0x0000000022f10000,0x0000000023010000)]
  0x00000000213fc800 JavaThread "jar transforms Thread 15" [_thread_blocked, id=2724, stack(0x0000000022e10000,0x0000000022f10000)]
  0x0000000021403000 JavaThread "jar transforms Thread 14" [_thread_blocked, id=11672, stack(0x0000000022c10000,0x0000000022d10000)]
  0x0000000021402800 JavaThread "jar transforms Thread 13" [_thread_blocked, id=8156, stack(0x0000000022b10000,0x0000000022c10000)]
  0x00000000213fb800 JavaThread "jar transforms Thread 12" [_thread_blocked, id=9720, stack(0x0000000022a10000,0x0000000022b10000)]
  0x0000000021401000 JavaThread "jar transforms Thread 11" [_thread_blocked, id=7244, stack(0x0000000022910000,0x0000000022a10000)]
  0x00000000213fe000 JavaThread "jar transforms Thread 10" [_thread_blocked, id=9984, stack(0x0000000022810000,0x0000000022910000)]
  0x0000000021401800 JavaThread "jar transforms Thread 9" [_thread_blocked, id=13656, stack(0x0000000022710000,0x0000000022810000)]
  0x00000000213fd000 JavaThread "jar transforms Thread 8" [_thread_blocked, id=3956, stack(0x0000000022610000,0x0000000022710000)]
  0x000000001c667800 JavaThread "jar transforms Thread 7" [_thread_blocked, id=2824, stack(0x0000000022510000,0x0000000022610000)]
  0x000000001c666800 JavaThread "jar transforms Thread 6" [_thread_blocked, id=1888, stack(0x00000000210b0000,0x00000000211b0000)]
  0x000000001c66a800 JavaThread "jar transforms Thread 5" [_thread_blocked, id=3820, stack(0x0000000020fb0000,0x00000000210b0000)]
  0x000000001c666000 JavaThread "jar transforms Thread 4" [_thread_blocked, id=11984, stack(0x0000000020eb0000,0x0000000020fb0000)]
  0x000000001c669000 JavaThread "jar transforms Thread 3" [_thread_blocked, id=6784, stack(0x0000000020db0000,0x0000000020eb0000)]
  0x000000001c668000 JavaThread "jar transforms Thread 2" [_thread_blocked, id=8840, stack(0x0000000020cb0000,0x0000000020db0000)]
  0x000000001c669800 JavaThread "jar transforms" [_thread_blocked, id=8668, stack(0x0000000020bb0000,0x0000000020cb0000)]
  0x000000001c665000 JavaThread "Cache worker for file hash cache (N:\2020_GCAAD\Android Kotlin Fundamentals\Lesson 06 Room database and coroutines\RoomWordSample\.gradle\6.5-rc-1\fileHashes)" [_thread_blocked, id=9732, stack(0x0000000021210000,0x0000000021310000)]
  0x000000001c664800 JavaThread "Cache worker for file hash cache (N:\_AndroidGradle\caches\6.5-rc-1\fileHashes)" [_thread_blocked, id=14484, stack(0x000000001f8e0000,0x000000001f9e0000)]
  0x000000001c66b000 JavaThread "File lock request listener" [_thread_in_native, id=10768, stack(0x000000001e810000,0x000000001e910000)]
  0x000000001c728800 JavaThread "Cache worker for journal cache (N:\_AndroidGradle\caches\journal-1)" [_thread_blocked, id=14896, stack(0x000000001e710000,0x000000001e810000)]
  0x0000000019afc000 JavaThread "Thread-9" [_thread_blocked, id=244, stack(0x000000001e410000,0x000000001e510000)]
  0x0000000019afb000 JavaThread "Stdin handler" [_thread_blocked, id=13132, stack(0x000000001e310000,0x000000001e410000)]
  0x000000001aacf000 JavaThread "Asynchronous log dispatcher for DefaultDaemonConnection: socket connection from /127.0.0.1:54556 to /127.0.0.1:54557" [_thread_blocked, id=14576, stack(0x000000001e210000,0x000000001e310000)]
  0x000000001a9e5800 JavaThread "Daemon worker" [_thread_in_native, id=15348, stack(0x000000001e110000,0x000000001e210000)]
  0x000000001a9e5000 JavaThread "Cancel handler" [_thread_blocked, id=11892, stack(0x000000001e010000,0x000000001e110000)]
  0x000000001a9a7000 JavaThread "Handler for socket connection from /127.0.0.1:54556 to /127.0.0.1:54557" [_thread_in_native, id=9116, stack(0x000000001df10000,0x000000001e010000)]
  0x000000001a9b7000 JavaThread "Daemon" [_thread_blocked, id=14436, stack(0x000000001de10000,0x000000001df10000)]
  0x000000001c4f9000 JavaThread "Daemon periodic checks" [_thread_blocked, id=14516, stack(0x000000001db10000,0x000000001dc10000)]
  0x000000001c4f8000 JavaThread "Incoming local TCP Connector on port 54556" [_thread_in_native, id=14764, stack(0x000000001d8c0000,0x000000001d9c0000)]
  0x000000001c41e000 JavaThread "Daemon health stats" [_thread_blocked, id=6712, stack(0x000000001d280000,0x000000001d380000)]
  0x0000000019a11000 JavaThread "Service Thread" daemon [_thread_blocked, id=13716, stack(0x000000001a6e0000,0x000000001a7e0000)]
  0x0000000019a08800 JavaThread "C1 CompilerThread3" daemon [_thread_blocked, id=10392, stack(0x000000001a5e0000,0x000000001a6e0000)]
=>0x0000000019a05800 JavaThread "C2 CompilerThread2" daemon [_thread_in_native, id=12580, stack(0x000000001a4e0000,0x000000001a5e0000)]
  0x0000000019a04000 JavaThread "C2 CompilerThread1" daemon [_thread_in_native, id=9512, stack(0x000000001a3e0000,0x000000001a4e0000)]
  0x0000000019a01800 JavaThread "C2 CompilerThread0" daemon [_thread_blocked, id=7572, stack(0x000000001a2e0000,0x000000001a3e0000)]
  0x0000000019a00800 JavaThread "Attach Listener" daemon [_thread_blocked, id=13916, stack(0x000000001a1e0000,0x000000001a2e0000)]
  0x00000000199ff000 JavaThread "Signal Dispatcher" daemon [_thread_blocked, id=9152, stack(0x000000001a0e0000,0x000000001a1e0000)]
  0x00000000199f0800 JavaThread "Finalizer" daemon [_thread_blocked, id=2668, stack(0x0000000019ed0000,0x0000000019fd0000)]
  0x0000000002b98800 JavaThread "Reference Handler" daemon [_thread_blocked, id=4812, stack(0x0000000019dd0000,0x0000000019ed0000)]
  0x0000000002a9d800 JavaThread "main" [_thread_blocked, id=6972, stack(0x00000000028e0000,0x00000000029e0000)]

Other Threads:
  0x0000000017c06800 VMThread [stack: 0x00000000198d0000,0x00000000199d0000] [id=13956]
  0x0000000019a12000 WatcherThread [stack: 0x000000001a7e0000,0x000000001a8e0000] [id=10532]

VM state:not at safepoint (normal execution)

VM Mutex/Monitor currently owned by a thread: None

heap address: 0x0000000080000000, size: 2048 MB, Compressed Oops mode: 32-bit
Narrow klass base: 0x0000000000000000, Narrow klass shift: 3
Compressed class space size: 1073741824 Address: 0x0000000100000000

Heap:
 PSYoungGen      total 177664K, used 72810K [0x00000000d5580000, 0x00000000e1500000, 0x0000000100000000)
  eden space 163840K, 36% used [0x00000000d5580000,0x00000000d8f83d70,0x00000000df580000)
  from space 13824K, 96% used [0x00000000df580000,0x00000000e0296b88,0x00000000e0300000)
  to   space 13824K, 0% used [0x00000000e0300000,0x00000000e0300000,0x00000000e1080000)
 ParOldGen       total 104960K, used 15162K [0x0000000080000000, 0x0000000086680000, 0x00000000d5580000)
  object space 104960K, 14% used [0x0000000080000000,0x0000000080ece9e8,0x0000000086680000)
 Metaspace       used 46341K, capacity 48630K, committed 48728K, reserved 1091584K
  class space    used 6277K, capacity 6771K, committed 6784K, reserved 1048576K

Card table byte_map: [0x0000000011f60000,0x0000000012370000] byte_map_base: 0x0000000011b60000

Marking Bits: (ParMarkBitMap*) 0x0000000067d9f030
 Begin Bits: [0x0000000012e20000, 0x0000000014e20000)
 End Bits:   [0x0000000014e20000, 0x0000000016e20000)

Polling page: 0x0000000000ff0000

CodeCache: size=245760Kb used=14299Kb max_used=14299Kb free=231460Kb
 bounds [0x0000000002ba0000, 0x00000000039b0000, 0x0000000011ba0000]
 total_blobs=4951 nmethods=4208 adapters=656
 compilation: enabled

Compilation events (10 events):
Event: 9.562 Thread 0x0000000019a01800 nmethod 4511 0x0000000003991890 code [0x0000000003991ac0, 0x0000000003992df0]
Event: 9.562 Thread 0x0000000019a01800 4519       4       java.lang.invoke.MethodType::hashCode (53 bytes)
Event: 9.564 Thread 0x0000000019a01800 nmethod 4519 0x000000000398a2d0 code [0x000000000398a420, 0x000000000398a5b8]
Event: 9.564 Thread 0x0000000019a01800 4517       4       org.gradle.internal.instantiation.generator.AbstractClassGenerator$InjectionAnnotationValidator::validateMethod (502 bytes)
Event: 9.566 Thread 0x0000000019a08800 4524       3       org.gradle.internal.ImmutableActionSet::empty (10 bytes)
Event: 9.567 Thread 0x0000000019a08800 nmethod 4524 0x0000000003989ed0 code [0x000000000398a020, 0x000000000398a1b0]
Event: 9.567 Thread 0x0000000019a08800 4526       3       org.gradle.api.internal.DefaultDomainObjectCollection::getMutationGuard (10 bytes)
Event: 9.567 Thread 0x0000000019a08800 nmethod 4526 0x0000000003991450 code [0x00000000039915c0, 0x00000000039917e8]
Event: 9.567 Thread 0x0000000019a08800 4525       3       org.gradle.api.internal.attributes.DefaultMutableAttributeContainer::<init> (22 bytes)
Event: 9.567 Thread 0x0000000019a08800 nmethod 4525 0x0000000003991050 code [0x00000000039911c0, 0x00000000039913b0]

GC Heap History (10 events):
Event: 5.964 GC heap before
{Heap before GC invocations=7 (full 1):
 PSYoungGen      total 57344K, used 49152K [0x00000000d5580000, 0x00000000dcc80000, 0x0000000100000000)
  eden space 49152K, 100% used [0x00000000d5580000,0x00000000d8580000,0x00000000d8580000)
  from space 8192K, 0% used [0x00000000d8580000,0x00000000d8580000,0x00000000d8d80000)
  to   space 11776K, 0% used [0x00000000dc100000,0x00000000dc100000,0x00000000dcc80000)
 ParOldGen       total 66048K, used 7404K [0x0000000080000000, 0x0000000084080000, 0x00000000d5580000)
  object space 66048K, 11% used [0x0000000080000000,0x000000008073b2f8,0x0000000084080000)
 Metaspace       used 23102K, capacity 24102K, committed 24320K, reserved 1071104K
  class space    used 3276K, capacity 3529K, committed 3584K, reserved 1048576K
Event: 5.970 GC heap after
Heap after GC invocations=7 (full 1):
 PSYoungGen      total 95232K, used 4621K [0x00000000d5580000, 0x00000000dc600000, 0x0000000100000000)
  eden space 90112K, 0% used [0x00000000d5580000,0x00000000d5580000,0x00000000dad80000)
  from space 5120K, 90% used [0x00000000dc100000,0x00000000dc583658,0x00000000dc600000)
  to   space 11776K, 0% used [0x00000000daf00000,0x00000000daf00000,0x00000000dba80000)
 ParOldGen       total 66048K, used 7412K [0x0000000080000000, 0x0000000084080000, 0x00000000d5580000)
  object space 66048K, 11% used [0x0000000080000000,0x000000008073d2f8,0x0000000084080000)
 Metaspace       used 23102K, capacity 24102K, committed 24320K, reserved 1071104K
  class space    used 3276K, capacity 3529K, committed 3584K, reserved 1048576K
}
Event: 7.048 GC heap before
{Heap before GC invocations=8 (full 1):
 PSYoungGen      total 95232K, used 94733K [0x00000000d5580000, 0x00000000dc600000, 0x0000000100000000)
  eden space 90112K, 100% used [0x00000000d5580000,0x00000000dad80000,0x00000000dad80000)
  from space 5120K, 90% used [0x00000000dc100000,0x00000000dc583658,0x00000000dc600000)
  to   space 11776K, 0% used [0x00000000daf00000,0x00000000daf00000,0x00000000dba80000)
 ParOldGen       total 66048K, used 7412K [0x0000000080000000, 0x0000000084080000, 0x00000000d5580000)
  object space 66048K, 11% used [0x0000000080000000,0x000000008073d2f8,0x0000000084080000)
 Metaspace       used 33344K, capacity 34504K, committed 34816K, reserved 1079296K
  class space    used 4513K, capacity 4831K, committed 4864K, reserved 1048576K
Event: 7.069 GC heap after
Heap after GC invocations=8 (full 1):
 PSYoungGen      total 103424K, used 11759K [0x00000000d5580000, 0x00000000e1080000, 0x0000000100000000)
  eden space 91648K, 0% used [0x00000000d5580000,0x00000000d5580000,0x00000000daf00000)
  from space 11776K, 99% used [0x00000000daf00000,0x00000000dba7bea8,0x00000000dba80000)
  to   space 13824K, 0% used [0x00000000e0300000,0x00000000e0300000,0x00000000e1080000)
 ParOldGen       total 66048K, used 8549K [0x0000000080000000, 0x0000000084080000, 0x00000000d5580000)
  object space 66048K, 12% used [0x0000000080000000,0x00000000808596c8,0x0000000084080000)
 Metaspace       used 33344K, capacity 34504K, committed 34816K, reserved 1079296K
  class space    used 4513K, capacity 4831K, committed 4864K, reserved 1048576K
}
Event: 7.281 GC heap before
{Heap before GC invocations=9 (full 1):
 PSYoungGen      total 103424K, used 31337K [0x00000000d5580000, 0x00000000e1080000, 0x0000000100000000)
  eden space 91648K, 21% used [0x00000000d5580000,0x00000000d689e728,0x00000000daf00000)
  from space 11776K, 99% used [0x00000000daf00000,0x00000000dba7bea8,0x00000000dba80000)
  to   space 13824K, 0% used [0x00000000e0300000,0x00000000e0300000,0x00000000e1080000)
 ParOldGen       total 66048K, used 8549K [0x0000000080000000, 0x0000000084080000, 0x00000000d5580000)
  object space 66048K, 12% used [0x0000000080000000,0x00000000808596c8,0x0000000084080000)
 Metaspace       used 34083K, capacity 35308K, committed 35416K, reserved 1079296K
  class space    used 4607K, capacity 4921K, committed 4992K, reserved 1048576K
Event: 7.290 GC heap after
Heap after GC invocations=9 (full 1):
 PSYoungGen      total 177664K, used 8679K [0x00000000d5580000, 0x00000000e1500000, 0x0000000100000000)
  eden space 163840K, 0% used [0x00000000d5580000,0x00000000d5580000,0x00000000df580000)
  from space 13824K, 62% used [0x00000000e0300000,0x00000000e0b79e58,0x00000000e1080000)
  to   space 13824K, 0% used [0x00000000df580000,0x00000000df580000,0x00000000e0300000)
 ParOldGen       total 66048K, used 8557K [0x0000000080000000, 0x0000000084080000, 0x00000000d5580000)
  object space 66048K, 12% used [0x0000000080000000,0x000000008085b6c8,0x0000000084080000)
 Metaspace       used 34083K, capacity 35308K, committed 35416K, reserved 1079296K
  class space    used 4607K, capacity 4921K, committed 4992K, reserved 1048576K
}
Event: 7.291 GC heap before
{Heap before GC invocations=10 (full 2):
 PSYoungGen      total 177664K, used 8679K [0x00000000d5580000, 0x00000000e1500000, 0x0000000100000000)
  eden space 163840K, 0% used [0x00000000d5580000,0x00000000d5580000,0x00000000df580000)
  from space 13824K, 62% used [0x00000000e0300000,0x00000000e0b79e58,0x00000000e1080000)
  to   space 13824K, 0% used [0x00000000df580000,0x00000000df580000,0x00000000e0300000)
 ParOldGen       total 66048K, used 8557K [0x0000000080000000, 0x0000000084080000, 0x00000000d5580000)
  object space 66048K, 12% used [0x0000000080000000,0x000000008085b6c8,0x0000000084080000)
 Metaspace       used 34083K, capacity 35308K, committed 35416K, reserved 1079296K
  class space    used 4607K, capacity 4921K, committed 4992K, reserved 1048576K
Event: 7.424 GC heap after
Heap after GC invocations=10 (full 2):
 PSYoungGen      total 177664K, used 0K [0x00000000d5580000, 0x00000000e1500000, 0x0000000100000000)
  eden space 163840K, 0% used [0x00000000d5580000,0x00000000d5580000,0x00000000df580000)
  from space 13824K, 0% used [0x00000000e0300000,0x00000000e0300000,0x00000000e1080000)
  to   space 13824K, 0% used [0x00000000df580000,0x00000000df580000,0x00000000e0300000)
 ParOldGen       total 104960K, used 15154K [0x0000000080000000, 0x0000000086680000, 0x00000000d5580000)
  object space 104960K, 14% used [0x0000000080000000,0x0000000080ecc9e8,0x0000000086680000)
 Metaspace       used 34083K, capacity 35308K, committed 35416K, reserved 1079296K
  class space    used 4607K, capacity 4921K, committed 4992K, reserved 1048576K
}
Event: 8.847 GC heap before
{Heap before GC invocations=11 (full 2):
 PSYoungGen      total 177664K, used 163840K [0x00000000d5580000, 0x00000000e1500000, 0x0000000100000000)
  eden space 163840K, 100% used [0x00000000d5580000,0x00000000df580000,0x00000000df580000)
  from space 13824K, 0% used [0x00000000e0300000,0x00000000e0300000,0x00000000e1080000)
  to   space 13824K, 0% used [0x00000000df580000,0x00000000df580000,0x00000000e0300000)
 ParOldGen       total 104960K, used 15154K [0x0000000080000000, 0x0000000086680000, 0x00000000d5580000)
  object space 104960K, 14% used [0x0000000080000000,0x0000000080ecc9e8,0x0000000086680000)
 Metaspace       used 39478K, capacity 41654K, committed 41816K, reserved 1085440K
  class space    used 5439K, capacity 5921K, committed 6016K, reserved 1048576K
Event: 8.865 GC heap after
Heap after GC invocations=11 (full 2):
 PSYoungGen      total 177664K, used 13402K [0x00000000d5580000, 0x00000000e1500000, 0x0000000100000000)
  eden space 163840K, 0% used [0x00000000d5580000,0x00000000d5580000,0x00000000df580000)
  from space 13824K, 96% used [0x00000000df580000,0x00000000e0296b88,0x00000000e0300000)
  to   space 13824K, 0% used [0x00000000e0300000,0x00000000e0300000,0x00000000e1080000)
 ParOldGen       total 104960K, used 15162K [0x0000000080000000, 0x0000000086680000, 0x00000000d5580000)
  object space 104960K, 14% used [0x0000000080000000,0x0000000080ece9e8,0x0000000086680000)
 Metaspace       used 39478K, capacity 41654K, committed 41816K, reserved 1085440K
  class space    used 5439K, capacity 5921K, committed 6016K, reserved 1048576K
}

Deoptimization events (10 events):
Event: 8.690 Thread 0x000000001a9e5800 Uncommon trap: reason=unstable_if action=reinterpret pc=0x0000000002f2a084 method=java.util.jar.JarFile.match([C[B[I[I)Z @ 29
Event: 8.758 Thread 0x000000001a9e5800 Uncommon trap: reason=bimorphic action=maybe_recompile pc=0x000000000349350c method=java.util.AbstractCollection.addAll(Ljava/util/Collection;)Z @ 29
Event: 8.784 Thread 0x000000001a9e5800 Uncommon trap: reason=predicate action=maybe_recompile pc=0x00000000031224c8 method=com.google.common.base.CharMatcher.indexIn(Ljava/lang/CharSequence;I)I @ 22
Event: 8.939 Thread 0x000000001a9e5800 Uncommon trap: reason=unstable_if action=reinterpret pc=0x0000000002e7ab3c method=java.io.BufferedInputStream.read([BII)I @ 56
Event: 8.940 Thread 0x000000001a9e5800 Uncommon trap: reason=unstable_if action=reinterpret pc=0x0000000002ec4790 method=java.util.regex.Pattern.has(I)Z @ 6
Event: 9.013 Thread 0x000000001a9e5800 Uncommon trap: reason=bimorphic action=maybe_recompile pc=0x000000000349350c method=java.util.AbstractCollection.addAll(Ljava/util/Collection;)Z @ 29
Event: 9.231 Thread 0x000000001a9e5800 Uncommon trap: reason=unstable_if action=reinterpret pc=0x00000000034670dc method=org.objectweb.asm.ByteVector.putUTF8(Ljava/lang/String;)Lorg/objectweb/asm/ByteVector; @ 93
Event: 9.242 Thread 0x000000001a9e5800 Uncommon trap: reason=unstable_if action=reinterpret pc=0x0000000003243ca8 method=org.objectweb.asm.ByteVector.putUTF8(Ljava/lang/String;)Lorg/objectweb/asm/ByteVector; @ 93
Event: 9.267 Thread 0x000000001a9e5800 Uncommon trap: reason=predicate action=maybe_recompile pc=0x000000000359a8dc method=java.util.Arrays.binarySearch0([Ljava/lang/Object;IILjava/lang/Object;Ljava/util/Comparator;)I @ 28
Event: 9.478 Thread 0x000000001a9e5800 Uncommon trap: reason=unstable_if action=reinterpret pc=0x00000000031dcb94 method=java.net.URLStreamHandler.sameFile(Ljava/net/URL;Ljava/net/URL;)Z @ 63

Classes redefined (0 events):
No events

Internal exceptions (10 events):
Event: 8.738 Thread 0x000000001a9e5800 Exception <a 'java/lang/ClassNotFoundException': org/gradle/api/internal/AbstractTaskBeanInfo> (0x00000000debc5958) thrown at [C:\src\AOSP-openjdk-git\hotspot\src\share\vm\classfile\systemDictionary.cpp, line 210]
Event: 8.739 Thread 0x000000001a9e5800 Exception <a 'java/lang/ClassNotFoundException': org/gradle/api/internal/AbstractTaskCustomizer> (0x00000000debfb5b0) thrown at [C:\src\AOSP-openjdk-git\hotspot\src\share\vm\classfile\systemDictionary.cpp, line 210]
Event: 8.743 Thread 0x000000001a9e5800 Exception <a 'java/lang/ClassNotFoundException': org/gradle/api/DefaultTaskCustomizer> (0x00000000dec90d40) thrown at [C:\src\AOSP-openjdk-git\hotspot\src\share\vm\classfile\systemDictionary.cpp, line 210]
Event: 8.744 Thread 0x000000001a9e5800 Exception <a 'java/lang/ClassNotFoundException': org/gradle/api/internal/ConventionTaskCustomizer> (0x00000000decd8628) thrown at [C:\src\AOSP-openjdk-git\hotspot\src\share\vm\classfile\systemDictionary.cpp, line 210]
Event: 8.746 Thread 0x000000001a9e5800 Exception <a 'java/lang/ClassNotFoundException': org/gradle/api/tasks/DeleteCustomizer> (0x00000000ded1c540) thrown at [C:\src\AOSP-openjdk-git\hotspot\src\share\vm\classfile\systemDictionary.cpp, line 210]
Event: 8.748 Thread 0x000000001a9e5800 Exception <a 'java/lang/ClassNotFoundException': org/gradle/api/tasks/Delete_DecoratedCustomizer> (0x00000000ded6df50) thrown at [C:\src\AOSP-openjdk-git\hotspot\src\share\vm\classfile\systemDictionary.cpp, line 210]
Event: 8.773 Thread 0x000000001a9e5800 Exception <a 'java/lang/ClassNotFoundException': build_1aqebn50fp6zryt3vl6dltkwcBeanInfo> (0x00000000deee13a8) thrown at [C:\src\AOSP-openjdk-git\hotspot\src\share\vm\classfile\systemDictionary.cpp, line 210]
Event: 8.773 Thread 0x000000001a9e5800 Exception <a 'java/lang/ClassNotFoundException': build_1aqebn50fp6zryt3vl6dltkwcCustomizer> (0x00000000deeecfe8) thrown at [C:\src\AOSP-openjdk-git\hotspot\src\share\vm\classfile\systemDictionary.cpp, line 210]
Event: 8.781 Thread 0x000000001a9e5800 Exception <a 'java/lang/ClassNotFoundException': org/gradle/plugin/use/internal/PluginRequestCollector$PluginDependenciesSpecImplBeanInfo> (0x00000000def91808) thrown at [C:\src\AOSP-openjdk-git\hotspot\src\share\vm\classfile\systemDictionary.cpp, line 21
Event: 8.782 Thread 0x000000001a9e5800 Exception <a 'java/lang/ClassNotFoundException': org/gradle/plugin/use/internal/PluginRequestCollector$PluginDependenciesSpecImplCustomizer> (0x00000000defd1748) thrown at [C:\src\AOSP-openjdk-git\hotspot\src\share\vm\classfile\systemDictionary.cpp, line 

Events (10 events):
Event: 9.567 loading class com/android/build/gradle/api/BaseVariantOutput
Event: 9.567 loading class com/android/build/gradle/api/BaseVariantOutput done
Event: 9.568 loading class com/android/build/OutputFile
Event: 9.568 loading class com/android/build/OutputFile done
Event: 9.568 loading class com/android/build/VariantOutput
Event: 9.568 loading class com/android/build/VariantOutput done
Event: 9.568 loading class org/gradle/api/internal/ReflectiveNamedDomainObjectFactory
Event: 9.568 loading class org/gradle/api/internal/ReflectiveNamedDomainObjectFactory done
Event: 9.569 loading class org/gradle/api/internal/FactoryNamedDomainObjectContainer
Event: 9.569 loading class org/gradle/api/internal/FactoryNamedDomainObjectContainer done


Dynamic libraries:
0x00007ff604e90000 - 0x00007ff604ec1000 	C:\Program Files\Android\android-studio-canary\jre\bin\java.exe
0x00007ffde5450000 - 0x00007ffde5644000 	C:\WINDOWS\SYSTEM32\ntdll.dll
0x00007ffde3b20000 - 0x00007ffde3bdd000 	C:\WINDOWS\System32\KERNEL32.DLL
0x00007ffde2fa0000 - 0x00007ffde3267000 	C:\WINDOWS\System32\KERNELBASE.dll
0x00007ffde3be0000 - 0x00007ffde3c8a000 	C:\WINDOWS\System32\ADVAPI32.dll
0x00007ffde4860000 - 0x00007ffde48fe000 	C:\WINDOWS\System32\msvcrt.dll
0x00007ffde3d70000 - 0x00007ffde3e0b000 	C:\WINDOWS\System32\sechost.dll
0x00007ffde3580000 - 0x00007ffde36a3000 	C:\WINDOWS\System32\RPCRT4.dll
0x00007ffde4ba0000 - 0x00007ffde4d40000 	C:\WINDOWS\System32\USER32.dll
0x00007ffde32d0000 - 0x00007ffde32f2000 	C:\WINDOWS\System32\win32u.dll
0x00007ffde4ab0000 - 0x00007ffde4ada000 	C:\WINDOWS\System32\GDI32.dll
0x00007ffde33b0000 - 0x00007ffde34ba000 	C:\WINDOWS\System32\gdi32full.dll
0x00007ffde2ba0000 - 0x00007ffde2c3d000 	C:\WINDOWS\System32\msvcp_win.dll
0x00007ffde2ea0000 - 0x00007ffde2fa0000 	C:\WINDOWS\System32\ucrtbase.dll
0x00007ffdd5440000 - 0x00007ffdd56da000 	C:\WINDOWS\WinSxS\amd64_microsoft.windows.common-controls_6595b64144ccf1df_6.0.19041.1_none_b555e41d4684ddec\COMCTL32.dll
0x00007ffde3550000 - 0x00007ffde3580000 	C:\WINDOWS\System32\IMM32.DLL
0x0000000067410000 - 0x00000000674e2000 	C:\Program Files\Android\android-studio-canary\jre\jre\bin\msvcr100.dll
0x00000000675d0000 - 0x0000000067e1b000 	C:\Program Files\Android\android-studio-canary\jre\jre\bin\server\jvm.dll
0x00007ffde4780000 - 0x00007ffde4788000 	C:\WINDOWS\System32\PSAPI.DLL
0x00007ffdd8a90000 - 0x00007ffdd8a99000 	C:\WINDOWS\SYSTEM32\WSOCK32.dll
0x00007ffddb1a0000 - 0x00007ffddb1aa000 	C:\WINDOWS\SYSTEM32\VERSION.dll
0x00007ffddb170000 - 0x00007ffddb197000 	C:\WINDOWS\SYSTEM32\WINMM.dll
0x00007ffde5150000 - 0x00007ffde51bb000 	C:\WINDOWS\System32\WS2_32.dll
0x00007ffdcd3f0000 - 0x00007ffdcd3ff000 	C:\Program Files\Android\android-studio-canary\jre\jre\bin\verify.dll
0x00007ffdaf4e0000 - 0x00007ffdaf509000 	C:\Program Files\Android\android-studio-canary\jre\jre\bin\java.dll
0x00007ffdc8540000 - 0x00007ffdc8556000 	C:\Program Files\Android\android-studio-canary\jre\jre\bin\zip.dll
0x00007ffde3e30000 - 0x00007ffde4564000 	C:\WINDOWS\System32\SHELL32.dll
0x00007ffde0d30000 - 0x00007ffde14be000 	C:\WINDOWS\SYSTEM32\windows.storage.dll
0x00007ffde4d40000 - 0x00007ffde5093000 	C:\WINDOWS\System32\combase.dll
0x00007ffde2620000 - 0x00007ffde264b000 	C:\WINDOWS\SYSTEM32\Wldp.dll
0x00007ffde50a0000 - 0x00007ffde514e000 	C:\WINDOWS\System32\SHCORE.dll
0x00007ffde53b0000 - 0x00007ffde5405000 	C:\WINDOWS\System32\shlwapi.dll
0x00007ffde2ae0000 - 0x00007ffde2aff000 	C:\WINDOWS\SYSTEM32\profapi.dll
0x00007ffdc8470000 - 0x00007ffdc848a000 	C:\Program Files\Android\android-studio-canary\jre\jre\bin\net.dll
0x00007ffde23a0000 - 0x00007ffde240a000 	C:\WINDOWS\system32\mswsock.dll
0x00007ffdc7a90000 - 0x00007ffdc7aa3000 	C:\Program Files\Android\android-studio-canary\jre\jre\bin\nio.dll
0x00007ffdc3f90000 - 0x00007ffdc3fb7000 	N:\_AndroidGradle\native\f6784746aeab05261644944871eae4fe03e0ef1612fff0a4a95f87b438bc6780\windows-amd64\native-platform.dll
0x00007ffdcba60000 - 0x00007ffdcba6d000 	C:\Program Files\Android\android-studio-canary\jre\jre\bin\management.dll
0x00007ffde2570000 - 0x00007ffde2588000 	C:\WINDOWS\SYSTEM32\CRYPTSP.dll
0x00007ffde1cc0000 - 0x00007ffde1cf4000 	C:\WINDOWS\system32\rsaenh.dll
0x00007ffde2c40000 - 0x00007ffde2c67000 	C:\WINDOWS\System32\bcrypt.dll
0x00007ffde2aa0000 - 0x00007ffde2ace000 	C:\WINDOWS\SYSTEM32\USERENV.dll
0x00007ffde2cc0000 - 0x00007ffde2d3f000 	C:\WINDOWS\System32\bcryptprimitives.dll
0x00007ffde2590000 - 0x00007ffde259c000 	C:\WINDOWS\SYSTEM32\CRYPTBASE.dll
0x00007ffde2040000 - 0x00007ffde207b000 	C:\WINDOWS\SYSTEM32\IPHLPAPI.DLL
0x00007ffde4770000 - 0x00007ffde4779000 	C:\WINDOWS\System32\NSI.dll
0x00007ffddcea0000 - 0x00007ffddceb7000 	C:\WINDOWS\SYSTEM32\dhcpcsvc6.DLL
0x00007ffddce80000 - 0x00007ffddce9d000 	C:\WINDOWS\SYSTEM32\dhcpcsvc.DLL
0x00007ffde2090000 - 0x00007ffde215a000 	C:\WINDOWS\SYSTEM32\DNSAPI.dll
0x00007ffddc990000 - 0x00007ffddc99b000 	C:\WINDOWS\SYSTEM32\WINNSI.DLL
0x00007ffde1910000 - 0x00007ffde1943000 	C:\WINDOWS\SYSTEM32\ntmarta.dll

VM Arguments:
jvm_args: -Xmx2048m -Dfile.encoding=UTF-8 -Duser.country=RU -Duser.language=ru -Duser.variant 
java_command: org.gradle.launcher.daemon.bootstrap.GradleDaemon 6.5-rc-1
java_class_path (initial): N:\_AndroidGradle\wrapper\dists\gradle-6.5-rc-1-bin\adpy0eb821vfy0hyep5zq35px\gradle-6.5-rc-1\lib\gradle-launcher-6.5.jar
Launcher Type: SUN_STANDARD

Environment Variables:
JAVA_HOME=C:\Program Files\Java\jdk-14.0.1
PATH=C:\Program Files (x86)\NVIDIA Corporation\PhysX\Common;C:\WINDOWS\system32;C:\WINDOWS;C:\WINDOWS\System32\Wbem;C:\WINDOWS\System32\WindowsPowerShell\v1.0\;C:\WINDOWS\System32\OpenSSH\;C:\Program Files (x86)\ATI Technologies\ATI.ACE\Core-Static;C:\Program Files\Java\jdk-14.0.1\bin;C:\Program Files (x86)\Common Files\Acronis\SnapAPI\;C:\Program Files\Git\cmd;N:\_AndroidSDK\platform-tools;C:\Users\delaf\AppData\Local\Microsoft\WindowsApps;;C:\Users\delaf\AppData\Local\Programs\Fiddler;%USERPROFILE%\AppData\Local\Microsoft\WindowsApps
USERNAME=delaf
OS=Windows_NT
PROCESSOR_IDENTIFIER=Intel64 Family 6 Model 26 Stepping 5, GenuineIntel



---------------  S Y S T E M  ---------------

OS: Windows 10.0 , 64 bit Build 19041 (10.0.19041.292)

CPU:total 8 (initial active 8) (4 cores per cpu, 2 threads per core) family 6 model 26 stepping 5, cmov, cx8, fxsr, mmx, sse, sse2, sse3, ssse3, sse4.1, sse4.2, popcnt, ht, tsc, tscinvbit, tscinv

Memory: 4k page, physical 12573792k(2188600k free), swap 20962400k(5764k free)

vm_info: OpenJDK 64-Bit Server VM (25.242-b01) for windows-amd64 JRE (1.8.0_242-release-1644-b01), built by "builder" with MS VC++ 10.0 (VS2010)

time: Sat Jul 04 05:01:32 2020
timezone: RTZ 2 (зима)
elapsed time: 9 seconds (0d 0h 0m 9s)

