#
# There is insufficient memory for the Java Runtime Environment to continue.
# Native memory allocation (malloc) failed to allocate 1351632 bytes for Chunk::new
# Possible reasons:
#   The system is out of physical RAM or swap space
#   The process is running with CompressedOops enabled, and the Java Heap may be blocking the growth of the native heap
# Possible solutions:
#   Reduce memory load on the system
#   Increase physical memory or swap space
#   Check if swap backing store is full
#   Decrease Java heap size (-Xmx/-Xms)
#   Decrease number of Java threads
#   Decrease Java thread stack sizes (-Xss)
#   Set larger code cache with -XX:ReservedCodeCacheSize=
#   JVM is running with Unscaled Compressed Oops mode in which the Java heap is
#     placed in the first 4GB address space. The Java Heap base address is the
#     maximum limit for the native heap growth. Please use -XX:HeapBaseMinAddress
#     to set the Java Heap base and to place the Java Heap above 4GB virtual address.
# This output file may be truncated or incomplete.
#
#  Out of Memory Error (allocation.cpp:389), pid=7792, tid=0x00000000000021d8
#
# JRE version: OpenJDK Runtime Environment (8.0_242-b01) (build 1.8.0_242-release-1644-b01)
# Java VM: OpenJDK 64-Bit Server VM (25.242-b01 mixed mode windows-amd64 compressed oops)
# Failed to write core dump. Minidumps are not enabled by default on client versions of Windows
#

---------------  T H R E A D  ---------------

Current thread (0x000000001a05c000):  JavaThread "C2 CompilerThread2" daemon [_thread_in_native, id=8664, stack(0x000000001ab30000,0x000000001ac30000)]

Stack: [0x000000001ab30000,0x000000001ac30000]
[error occurred during error reporting (printing stack bounds), id 0xc0000005]

Native frames: (J=compiled Java code, j=interpreted, Vv=VM code, C=native code)


Current CompileTask:
C2:   6771 3288       4       groovy.lang.MetaClassImpl::addMetaMethodToIndex (65 bytes)


---------------  P R O C E S S  ---------------

Java Threads: ( => current thread )
  0x000000001b03d800 JavaThread "Cache worker for Build Output Cleanup Cache (N:\2020_GCAAD\Android Kotlin Fundamentals\Lesson 06 Room database and coroutines\RoomWordSample\.gradle\buildOutputCleanup)" [_thread_blocked, id=11016, stack(0x0000000024c80000,0x0000000024d80000)]
  0x000000001b038000 JavaThread "Cache worker for file content cache (N:\_AndroidGradle\caches\6.5-rc-1\fileContent)" [_thread_blocked, id=15016, stack(0x0000000024b80000,0x0000000024c80000)]
  0x000000001b037800 JavaThread "Cache worker for execution history cache (N:\_AndroidGradle\caches\6.5-rc-1\executionHistory)" [_thread_blocked, id=516, stack(0x0000000021530000,0x0000000021630000)]
  0x000000001b036800 JavaThread "Cache worker for cache directory md-rule (N:\_AndroidGradle\caches\6.5-rc-1\md-rule)" [_thread_blocked, id=13912, stack(0x0000000021430000,0x0000000021530000)]
  0x000000001b030000 JavaThread "Cache worker for cache directory md-supplier (N:\_AndroidGradle\caches\6.5-rc-1\md-supplier)" [_thread_blocked, id=5236, stack(0x0000000021330000,0x0000000021430000)]
  0x000000001b02f000 JavaThread "Cache worker for checksums cache (N:\2020_GCAAD\Android Kotlin Fundamentals\Lesson 06 Room database and coroutines\RoomWordSample\.gradle\checksums)" [_thread_blocked, id=13256, stack(0x0000000021230000,0x0000000021330000)]
  0x000000001b036000 JavaThread "jar transforms Thread 25" [_thread_blocked, id=220, stack(0x0000000024280000,0x0000000024380000)]
  0x000000001b033000 JavaThread "jar transforms Thread 24" [_thread_blocked, id=2292, stack(0x0000000024180000,0x0000000024280000)]
  0x000000001b02e800 JavaThread "jar transforms Thread 23" [_thread_blocked, id=3540, stack(0x0000000024080000,0x0000000024180000)]
  0x000000001b032000 JavaThread "jar transforms Thread 22" [_thread_blocked, id=1000, stack(0x0000000023f80000,0x0000000024080000)]
  0x000000001b035000 JavaThread "jar transforms Thread 21" [_thread_blocked, id=15244, stack(0x0000000023e80000,0x0000000023f80000)]
  0x000000001b034800 JavaThread "jar transforms Thread 20" [_thread_blocked, id=12584, stack(0x0000000023d80000,0x0000000023e80000)]
  0x000000001b033800 JavaThread "jar transforms Thread 19" [_thread_blocked, id=7136, stack(0x0000000023c80000,0x0000000023d80000)]
  0x000000001b031800 JavaThread "jar transforms Thread 18" [_thread_blocked, id=12844, stack(0x0000000023b80000,0x0000000023c80000)]
  0x00000000204ae800 JavaThread "jar transforms Thread 17" [_thread_blocked, id=4508, stack(0x0000000023a80000,0x0000000023b80000)]
  0x00000000204ad800 JavaThread "jar transforms Thread 16" [_thread_blocked, id=3428, stack(0x0000000023980000,0x0000000023a80000)]
  0x00000000204ad000 JavaThread "jar transforms Thread 15" [_thread_blocked, id=12408, stack(0x0000000023880000,0x0000000023980000)]
  0x00000000204ac000 JavaThread "jar transforms Thread 14" [_thread_blocked, id=13060, stack(0x0000000023680000,0x0000000023780000)]
  0x00000000204ab800 JavaThread "jar transforms Thread 13" [_thread_blocked, id=14016, stack(0x0000000023580000,0x0000000023680000)]
  0x00000000204aa800 JavaThread "jar transforms Thread 12" [_thread_blocked, id=7388, stack(0x0000000023480000,0x0000000023580000)]
  0x00000000204a9000 JavaThread "jar transforms Thread 11" [_thread_blocked, id=4664, stack(0x0000000023380000,0x0000000023480000)]
  0x00000000204aa000 JavaThread "jar transforms Thread 10" [_thread_blocked, id=6984, stack(0x0000000023280000,0x0000000023380000)]
  0x00000000204a7800 JavaThread "jar transforms Thread 9" [_thread_blocked, id=13972, stack(0x0000000023180000,0x0000000023280000)]
  0x00000000204a8800 JavaThread "jar transforms Thread 8" [_thread_blocked, id=15264, stack(0x0000000023080000,0x0000000023180000)]
  0x000000001cd5e000 JavaThread "jar transforms Thread 7" [_thread_blocked, id=9048, stack(0x0000000022f80000,0x0000000023080000)]
  0x000000001cd63000 JavaThread "jar transforms Thread 6" [_thread_blocked, id=5492, stack(0x0000000022e80000,0x0000000022f80000)]
  0x000000001cd62800 JavaThread "jar transforms Thread 5" [_thread_blocked, id=8116, stack(0x0000000022d80000,0x0000000022e80000)]
  0x000000001cd5e800 JavaThread "jar transforms Thread 4" [_thread_blocked, id=13944, stack(0x0000000022b80000,0x0000000022c80000)]
  0x000000001cd61800 JavaThread "jar transforms Thread 3" [_thread_blocked, id=11432, stack(0x0000000022a80000,0x0000000022b80000)]
  0x000000001cd5c800 JavaThread "jar transforms Thread 2" [_thread_blocked, id=6740, stack(0x0000000022980000,0x0000000022a80000)]
  0x000000001cd60000 JavaThread "jar transforms" [_thread_blocked, id=8676, stack(0x0000000022880000,0x0000000022980000)]
  0x000000001cd5d000 JavaThread "Cache worker for file hash cache (N:\2020_GCAAD\Android Kotlin Fundamentals\Lesson 06 Room database and coroutines\RoomWordSample\.gradle\6.5-rc-1\fileHashes)" [_thread_blocked, id=1212, stack(0x0000000022c80000,0x0000000022d80000)]
  0x000000001cd5f800 JavaThread "Cache worker for file hash cache (N:\_AndroidGradle\caches\6.5-rc-1\fileHashes)" [_thread_blocked, id=964, stack(0x000000001ef90000,0x000000001f090000)]
  0x000000001cd61000 JavaThread "File lock request listener" [_thread_in_native, id=8080, stack(0x000000001ee90000,0x000000001ef90000)]
  0x000000001cd93000 JavaThread "Cache worker for journal cache (N:\_AndroidGradle\caches\journal-1)" [_thread_blocked, id=1620, stack(0x000000001ed90000,0x000000001ee90000)]
  0x000000001afad800 JavaThread "Thread-9" [_thread_blocked, id=7560, stack(0x000000001ea90000,0x000000001eb90000)]
  0x000000001b24c800 JavaThread "Stdin handler" [_thread_blocked, id=8964, stack(0x000000001e990000,0x000000001ea90000)]
  0x000000001b24f000 JavaThread "Asynchronous log dispatcher for DefaultDaemonConnection: socket connection from /127.0.0.1:54579 to /127.0.0.1:54580" [_thread_blocked, id=2752, stack(0x000000001e890000,0x000000001e990000)]
  0x000000001b24e000 JavaThread "Daemon worker" [_thread_in_native, id=14728, stack(0x000000001e790000,0x000000001e890000)]
  0x000000001b24d800 JavaThread "Cancel handler" [_thread_blocked, id=14008, stack(0x000000001e690000,0x000000001e790000)]
  0x000000001af7e000 JavaThread "Handler for socket connection from /127.0.0.1:54579 to /127.0.0.1:54580" [_thread_in_native, id=13324, stack(0x000000001e590000,0x000000001e690000)]
  0x000000001a185800 JavaThread "Daemon" [_thread_blocked, id=9944, stack(0x000000001e290000,0x000000001e390000)]
  0x000000001cce6000 JavaThread "Daemon periodic checks" [_thread_blocked, id=10828, stack(0x000000001e190000,0x000000001e290000)]
  0x000000001ccdb000 JavaThread "Incoming local TCP Connector on port 54579" [_thread_in_native, id=1092, stack(0x000000001df40000,0x000000001e040000)]
  0x000000001bc68000 JavaThread "Daemon health stats" [_thread_blocked, id=15288, stack(0x000000001c700000,0x000000001c800000)]
  0x000000001a0f3000 JavaThread "Service Thread" daemon [_thread_blocked, id=13780, stack(0x000000001ad30000,0x000000001ae30000)]
  0x000000001a063000 JavaThread "C1 CompilerThread3" daemon [_thread_in_native, id=8652, stack(0x000000001ac30000,0x000000001ad30000)]
=>0x000000001a05c000 JavaThread "C2 CompilerThread2" daemon [_thread_in_native, id=8664, stack(0x000000001ab30000,0x000000001ac30000)]
  0x000000001824c000 JavaThread "C2 CompilerThread1" daemon [_thread_in_native, id=3064, stack(0x000000001aa30000,0x000000001ab30000)]
  0x0000000018249000 JavaThread "C2 CompilerThread0" daemon [_thread_in_native, id=2952, stack(0x000000001a930000,0x000000001aa30000)]
  0x000000001a053800 JavaThread "Attach Listener" daemon [_thread_blocked, id=12920, stack(0x000000001a830000,0x000000001a930000)]
  0x000000001a056800 JavaThread "Signal Dispatcher" daemon [_thread_blocked, id=7096, stack(0x000000001a730000,0x000000001a830000)]
  0x000000001a040800 JavaThread "Finalizer" daemon [_thread_blocked, id=3300, stack(0x000000001a520000,0x000000001a620000)]
  0x00000000031c8000 JavaThread "Reference Handler" daemon [_thread_blocked, id=13016, stack(0x000000001a420000,0x000000001a520000)]
  0x0000000002f6d800 JavaThread "main" [_thread_blocked, id=13152, stack(0x0000000002fd0000,0x00000000030d0000)]

Other Threads:
  0x0000000018236800 VMThread [stack: 0x0000000019f20000,0x000000001a020000] [id=14232]
  0x000000001a0f4000 WatcherThread [stack: 0x000000001ae30000,0x000000001af30000] [id=11196]

VM state:not at safepoint (normal execution)

VM Mutex/Monitor currently owned by a thread:  ([mutex/lock_event])
[0x00000000030d1350] Compile_lock - owner thread: 0x0000000000000000

heap address: 0x0000000080000000, size: 2048 MB, Compressed Oops mode: 32-bit
Narrow klass base: 0x0000000000000000, Narrow klass shift: 3
Compressed class space size: 1073741824 Address: 0x0000000100000000

Heap:
 PSYoungGen      total 161280K, used 105720K [0x00000000d5580000, 0x00000000e0a00000, 0x0000000100000000)
  eden space 147456K, 71% used [0x00000000d5580000,0x00000000dbcbe188,0x00000000de580000)
  from space 13824K, 0% used [0x00000000df280000,0x00000000df280000,0x00000000e0000000)
  to   space 13312K, 0% used [0x00000000de580000,0x00000000de580000,0x00000000df280000)
 ParOldGen       total 113664K, used 15181K [0x0000000080000000, 0x0000000086f00000, 0x00000000d5580000)
  object space 113664K, 13% used [0x0000000080000000,0x0000000080ed3728,0x0000000086f00000)
 Metaspace       used 38455K, capacity 40280K, committed 40536K, reserved 1083392K
  class space    used 5295K, capacity 5723K, committed 5760K, reserved 1048576K

Card table byte_map: [0x0000000012590000,0x00000000129a0000] byte_map_base: 0x0000000012190000

Marking Bits: (ParMarkBitMap*) 0x0000000067d9f030
 Begin Bits: [0x0000000013450000, 0x0000000015450000)
 End Bits:   [0x0000000015450000, 0x0000000017450000)

Polling page: 0x0000000002ed0000

CodeCache: size=245760Kb used=13563Kb max_used=13563Kb free=232196Kb
 bounds [0x00000000031d0000, 0x0000000003f20000, 0x00000000121d0000]
 total_blobs=4471 nmethods=3759 adapters=625
 compilation: enabled

Compilation events (10 events):
Event: 6.768 Thread 0x000000001a063000 nmethod 3752 0x0000000003f0bd10 code [0x0000000003f0be80, 0x0000000003f0c128]
Event: 6.768 Thread 0x000000001a063000 3753       1       org.gradle.api.internal.artifacts.ivyservice.resolveengine.graph.builder.ComponentState::getMetadataResolveFailure (5 bytes)
Event: 6.768 Thread 0x000000001a063000 nmethod 3753 0x0000000003f0ba50 code [0x0000000003f0bba0, 0x0000000003f0bcb0]
Event: 6.768 Thread 0x000000001a063000 3754       3       com.google.common.collect.Sets::newLinkedHashSet (8 bytes)
Event: 6.768 Thread 0x000000001a063000 nmethod 3754 0x0000000003f0b110 code [0x0000000003f0b2c0, 0x0000000003f0b768]
Event: 6.768 Thread 0x000000001a063000 3755       3       com.esotericsoftware.kryo.io.Output::writeLong (7 bytes)
Event: 6.768 Thread 0x000000001a063000 nmethod 3755 0x0000000003f0ad50 code [0x0000000003f0aec0, 0x0000000003f0b068]
Event: 6.768 Thread 0x000000001a063000 3756       3       com.esotericsoftware.kryo.io.Output::writeVarLong (1304 bytes)
Event: 6.769 Thread 0x000000001a063000 nmethod 3756 0x0000000003f0ec10 code [0x0000000003f0eea0, 0x0000000003f10008]
Event: 6.769 Thread 0x000000001a063000 3758       3       org.gradle.api.internal.attributes.DefaultImmutableAttributes::getAttribute (21 bytes)

GC Heap History (10 events):
Event: 3.681 GC heap before
{Heap before GC invocations=6 (full 1):
 PSYoungGen      total 57344K, used 7028K [0x00000000d5580000, 0x00000000dcc80000, 0x0000000100000000)
  eden space 49152K, 0% used [0x00000000d5580000,0x00000000d5580000,0x00000000d8580000)
  from space 8192K, 85% used [0x00000000d8580000,0x00000000d8c5d040,0x00000000d8d80000)
  to   space 11776K, 0% used [0x00000000dc100000,0x00000000dc100000,0x00000000dcc80000)
 ParOldGen       total 131072K, used 3129K [0x0000000080000000, 0x0000000088000000, 0x00000000d5580000)
  object space 131072K, 2% used [0x0000000080000000,0x000000008030e748,0x0000000088000000)
 Metaspace       used 20483K, capacity 21170K, committed 21248K, reserved 1067008K
  class space    used 2859K, capacity 3041K, committed 3072K, reserved 1048576K
Event: 3.729 GC heap after
Heap after GC invocations=6 (full 1):
 PSYoungGen      total 57344K, used 0K [0x00000000d5580000, 0x00000000dcc80000, 0x0000000100000000)
  eden space 49152K, 0% used [0x00000000d5580000,0x00000000d5580000,0x00000000d8580000)
  from space 8192K, 0% used [0x00000000d8580000,0x00000000d8580000,0x00000000d8d80000)
  to   space 11776K, 0% used [0x00000000dc100000,0x00000000dc100000,0x00000000dcc80000)
 ParOldGen       total 70144K, used 7411K [0x0000000080000000, 0x0000000084480000, 0x00000000d5580000)
  object space 70144K, 10% used [0x0000000080000000,0x000000008073cd48,0x0000000084480000)
 Metaspace       used 20483K, capacity 21170K, committed 21248K, reserved 1067008K
  class space    used 2859K, capacity 3041K, committed 3072K, reserved 1048576K
}
Event: 4.174 GC heap before
{Heap before GC invocations=7 (full 1):
 PSYoungGen      total 57344K, used 49152K [0x00000000d5580000, 0x00000000dcc80000, 0x0000000100000000)
  eden space 49152K, 100% used [0x00000000d5580000,0x00000000d8580000,0x00000000d8580000)
  from space 8192K, 0% used [0x00000000d8580000,0x00000000d8580000,0x00000000d8d80000)
  to   space 11776K, 0% used [0x00000000dc100000,0x00000000dc100000,0x00000000dcc80000)
 ParOldGen       total 70144K, used 7411K [0x0000000080000000, 0x0000000084480000, 0x00000000d5580000)
  object space 70144K, 10% used [0x0000000080000000,0x000000008073cd48,0x0000000084480000)
 Metaspace       used 23127K, capacity 24096K, committed 24320K, reserved 1071104K
  class space    used 3283K, capacity 3528K, committed 3584K, reserved 1048576K
Event: 4.179 GC heap after
Heap after GC invocations=7 (full 1):
 PSYoungGen      total 91136K, used 4715K [0x00000000d5580000, 0x00000000dc600000, 0x0000000100000000)
  eden space 86016K, 0% used [0x00000000d5580000,0x00000000d5580000,0x00000000da980000)
  from space 5120K, 92% used [0x00000000dc100000,0x00000000dc59ad20,0x00000000dc600000)
  to   space 11776K, 0% used [0x00000000daf00000,0x00000000daf00000,0x00000000dba80000)
 ParOldGen       total 70144K, used 7419K [0x0000000080000000, 0x0000000084480000, 0x00000000d5580000)
  object space 70144K, 10% used [0x0000000080000000,0x000000008073ed48,0x0000000084480000)
 Metaspace       used 23127K, capacity 24096K, committed 24320K, reserved 1071104K
  class space    used 3283K, capacity 3528K, committed 3584K, reserved 1048576K
}
Event: 5.227 GC heap before
{Heap before GC invocations=8 (full 1):
 PSYoungGen      total 91136K, used 90731K [0x00000000d5580000, 0x00000000dc600000, 0x0000000100000000)
  eden space 86016K, 100% used [0x00000000d5580000,0x00000000da980000,0x00000000da980000)
  from space 5120K, 92% used [0x00000000dc100000,0x00000000dc59ad20,0x00000000dc600000)
  to   space 11776K, 0% used [0x00000000daf00000,0x00000000daf00000,0x00000000dba80000)
 ParOldGen       total 70144K, used 7419K [0x0000000080000000, 0x0000000084480000, 0x00000000d5580000)
  object space 70144K, 10% used [0x0000000080000000,0x000000008073ed48,0x0000000084480000)
 Metaspace       used 33246K, capacity 34390K, committed 34560K, reserved 1079296K
  class space    used 4504K, capacity 4795K, committed 4864K, reserved 1048576K
Event: 5.240 GC heap after
Heap after GC invocations=8 (full 1):
 PSYoungGen      total 103424K, used 11766K [0x00000000d5580000, 0x00000000e0000000, 0x0000000100000000)
  eden space 91648K, 0% used [0x00000000d5580000,0x00000000d5580000,0x00000000daf00000)
  from space 11776K, 99% used [0x00000000daf00000,0x00000000dba7d900,0x00000000dba80000)
  to   space 13824K, 0% used [0x00000000df280000,0x00000000df280000,0x00000000e0000000)
 ParOldGen       total 70144K, used 7979K [0x0000000080000000, 0x0000000084480000, 0x00000000d5580000)
  object space 70144K, 11% used [0x0000000080000000,0x00000000807cae10,0x0000000084480000)
 Metaspace       used 33246K, capacity 34390K, committed 34560K, reserved 1079296K
  class space    used 4504K, capacity 4795K, committed 4864K, reserved 1048576K
}
Event: 5.483 GC heap before
{Heap before GC invocations=9 (full 1):
 PSYoungGen      total 103424K, used 35289K [0x00000000d5580000, 0x00000000e0000000, 0x0000000100000000)
  eden space 91648K, 25% used [0x00000000d5580000,0x00000000d6c78e70,0x00000000daf00000)
  from space 11776K, 99% used [0x00000000daf00000,0x00000000dba7d900,0x00000000dba80000)
  to   space 13824K, 0% used [0x00000000df280000,0x00000000df280000,0x00000000e0000000)
 ParOldGen       total 70144K, used 7979K [0x0000000080000000, 0x0000000084480000, 0x00000000d5580000)
  object space 70144K, 11% used [0x0000000080000000,0x00000000807cae10,0x0000000084480000)
 Metaspace       used 34079K, capacity 35302K, committed 35416K, reserved 1079296K
  class space    used 4608K, capacity 4920K, committed 4992K, reserved 1048576K
Event: 5.494 GC heap after
Heap after GC invocations=9 (full 1):
 PSYoungGen      total 161280K, used 8771K [0x00000000d5580000, 0x00000000e0a00000, 0x0000000100000000)
  eden space 147456K, 0% used [0x00000000d5580000,0x00000000d5580000,0x00000000de580000)
  from space 13824K, 63% used [0x00000000df280000,0x00000000dfb10d90,0x00000000e0000000)
  to   space 13312K, 0% used [0x00000000de580000,0x00000000de580000,0x00000000df280000)
 ParOldGen       total 70144K, used 7987K [0x0000000080000000, 0x0000000084480000, 0x00000000d5580000)
  object space 70144K, 11% used [0x0000000080000000,0x00000000807cce10,0x0000000084480000)
 Metaspace       used 34079K, capacity 35302K, committed 35416K, reserved 1079296K
  class space    used 4608K, capacity 4920K, committed 4992K, reserved 1048576K
}
Event: 5.494 GC heap before
{Heap before GC invocations=10 (full 2):
 PSYoungGen      total 161280K, used 8771K [0x00000000d5580000, 0x00000000e0a00000, 0x0000000100000000)
  eden space 147456K, 0% used [0x00000000d5580000,0x00000000d5580000,0x00000000de580000)
  from space 13824K, 63% used [0x00000000df280000,0x00000000dfb10d90,0x00000000e0000000)
  to   space 13312K, 0% used [0x00000000de580000,0x00000000de580000,0x00000000df280000)
 ParOldGen       total 70144K, used 7987K [0x0000000080000000, 0x0000000084480000, 0x00000000d5580000)
  object space 70144K, 11% used [0x0000000080000000,0x00000000807cce10,0x0000000084480000)
 Metaspace       used 34079K, capacity 35302K, committed 35416K, reserved 1079296K
  class space    used 4608K, capacity 4920K, committed 4992K, reserved 1048576K
Event: 5.657 GC heap after
Heap after GC invocations=10 (full 2):
 PSYoungGen      total 161280K, used 0K [0x00000000d5580000, 0x00000000e0a00000, 0x0000000100000000)
  eden space 147456K, 0% used [0x00000000d5580000,0x00000000d5580000,0x00000000de580000)
  from space 13824K, 0% used [0x00000000df280000,0x00000000df280000,0x00000000e0000000)
  to   space 13312K, 0% used [0x00000000de580000,0x00000000de580000,0x00000000df280000)
 ParOldGen       total 113664K, used 15181K [0x0000000080000000, 0x0000000086f00000, 0x00000000d5580000)
  object space 113664K, 13% used [0x0000000080000000,0x0000000080ed3728,0x0000000086f00000)
 Metaspace       used 34079K, capacity 35302K, committed 35416K, reserved 1079296K
  class space    used 4608K, capacity 4920K, committed 4992K, reserved 1048576K
}

Deoptimization events (10 events):
Event: 5.947 Thread 0x000000001b24e000 Uncommon trap: reason=unstable_if action=reinterpret pc=0x0000000003785984 method=java.util.HashMap.getNode(ILjava/lang/Object;)Ljava/util/HashMap$Node; @ 53
Event: 6.002 Thread 0x000000001b24e000 Uncommon trap: reason=bimorphic action=maybe_recompile pc=0x0000000003bfb88c method=java.util.AbstractCollection.addAll(Ljava/util/Collection;)Z @ 29
Event: 6.005 Thread 0x000000001b24e000 Uncommon trap: reason=unstable_if action=reinterpret pc=0x0000000003d47dac method=org.codehaus.groovy.runtime.metaclass.MetaMethodIndex.addMethodToList(Ljava/lang/Object;Lgroovy/lang/MetaMethod;)Ljava/lang/Object; @ 226
Event: 6.047 Thread 0x000000001b24e000 Uncommon trap: reason=unstable_if action=reinterpret pc=0x0000000003964980 method=org.objectweb.asm.ByteVector.putShort(I)Lorg/objectweb/asm/ByteVector; @ 13
Event: 6.050 Thread 0x000000001b24e000 Uncommon trap: reason=unstable_if action=reinterpret pc=0x00000000038b9698 method=java.net.URLStreamHandler.sameFile(Ljava/net/URL;Ljava/net/URL;)Z @ 63
Event: 6.053 Thread 0x000000001b24e000 Uncommon trap: reason=unstable_if action=reinterpret pc=0x000000000389b210 method=java.net.URLStreamHandler.sameFile(Ljava/net/URL;Ljava/net/URL;)Z @ 63
Event: 6.170 Thread 0x000000001b24e000 Uncommon trap: reason=unstable_if action=reinterpret pc=0x00000000039c6d4c method=java.util.WeakHashMap.put(Ljava/lang/Object;Ljava/lang/Object;)Ljava/lang/Object; @ 59
Event: 6.198 Thread 0x000000001b24e000 Uncommon trap: reason=unstable_if action=reinterpret pc=0x0000000003b634f8 method=org.gradle.internal.reflect.PropertyAccessorType.isGetGetterName(Ljava/lang/String;)Z @ 14
Event: 6.311 Thread 0x000000001b24e000 Uncommon trap: reason=unstable_if action=reinterpret pc=0x0000000003d5a068 method=org.codehaus.groovy.reflection.CachedMethod.compareToMethod(Ljava/lang/reflect/Method;)I @ 43
Event: 6.418 Thread 0x000000001b24e000 Uncommon trap: reason=unstable_if action=reinterpret pc=0x000000000381b8e0 method=java.net.URI.match(CJJ)Z @ 45

Classes redefined (0 events):
No events

Internal exceptions (10 events):
Event: 6.376 Thread 0x000000001b24e000 Exception <a 'java/lang/ClassNotFoundException': org/gradle/api/internal/artifacts/repositories/AbstractResolutionAwareArtifactRepositoryCustomizer> (0x00000000d9c29418) thrown at [C:\src\AOSP-openjdk-git\hotspot\src\share\vm\classfile\systemDictionary.cp
Event: 6.377 Thread 0x000000001b24e000 Exception <a 'java/lang/ClassNotFoundException': org/gradle/api/internal/artifacts/repositories/AbstractAuthenticationSupportedRepositoryCustomizer> (0x00000000d9c973e0) thrown at [C:\src\AOSP-openjdk-git\hotspot\src\share\vm\classfile\systemDictionary.cp
Event: 6.379 Thread 0x000000001b24e000 Exception <a 'java/lang/ClassNotFoundException': org/gradle/api/internal/artifacts/repositories/DefaultMavenArtifactRepositoryCustomizer> (0x00000000d9d08d38) thrown at [C:\src\AOSP-openjdk-git\hotspot\src\share\vm\classfile\systemDictionary.cpp, line 210
Event: 6.383 Thread 0x000000001b24e000 Exception <a 'java/lang/ClassNotFoundException': org/gradle/api/internal/artifacts/repositories/DefaultMavenArtifactRepository_DecoratedCustomizer> (0x00000000d9d910e0) thrown at [C:\src\AOSP-openjdk-git\hotspot\src\share\vm\classfile\systemDictionary.cpp
Event: 6.407 Thread 0x000000001b24e000 Exception <a 'java/lang/ClassNotFoundException': groovy/lang/GString$1BeanInfo> (0x00000000d9fa4d68) thrown at [C:\src\AOSP-openjdk-git\hotspot\src\share\vm\classfile\systemDictionary.cpp, line 210]
Event: 6.408 Thread 0x000000001b24e000 Exception <a 'java/lang/ClassNotFoundException': groovy/lang/GStringBeanInfo> (0x00000000d9fc61d8) thrown at [C:\src\AOSP-openjdk-git\hotspot\src\share\vm\classfile\systemDictionary.cpp, line 210]
Event: 6.409 Thread 0x000000001b24e000 Exception <a 'java/lang/ClassNotFoundException': groovy/lang/GStringCustomizer> (0x00000000d9fe81e0) thrown at [C:\src\AOSP-openjdk-git\hotspot\src\share\vm\classfile\systemDictionary.cpp, line 210]
Event: 6.411 Thread 0x000000001b24e000 Exception <a 'java/lang/ClassNotFoundException': groovy/lang/GString$1Customizer> (0x00000000da016628) thrown at [C:\src\AOSP-openjdk-git\hotspot\src\share\vm\classfile\systemDictionary.cpp, line 210]
Event: 6.416 Thread 0x000000001b24e000 Exception <a 'java/lang/ClassNotFoundException': org/codehaus/groovy/runtime/GStringImplBeanInfo> (0x00000000da0c7d90) thrown at [C:\src\AOSP-openjdk-git\hotspot\src\share\vm\classfile\systemDictionary.cpp, line 210]
Event: 6.417 Thread 0x000000001b24e000 Exception <a 'java/lang/ClassNotFoundException': org/codehaus/groovy/runtime/GStringImplCustomizer> (0x00000000da0f3df8) thrown at [C:\src\AOSP-openjdk-git\hotspot\src\share\vm\classfile\systemDictionary.cpp, line 210]

Events (10 events):
Event: 6.758 loading class org/gradle/api/internal/artifacts/ivyservice/resolveengine/result/StreamingResolutionResultBuilder
Event: 6.758 loading class org/gradle/api/internal/artifacts/ivyservice/resolveengine/result/StreamingResolutionResultBuilder done
Event: 6.758 loading class org/gradle/internal/component/local/model/DefaultProjectComponentSelector
Event: 6.758 loading class org/gradle/internal/component/local/model/DefaultProjectComponentSelector done
Event: 6.759 loading class org/gradle/api/internal/artifacts/ivyservice/resolveengine/result/ComponentSelectorSerializer$Implementation
Event: 6.759 loading class org/gradle/api/internal/artifacts/ivyservice/resolveengine/result/ComponentSelectorSerializer$Implementation done
Event: 6.764 loading class org/gradle/internal/serialize/Encoder
Event: 6.764 loading class org/gradle/internal/serialize/Encoder done
Event: 6.764 loading class org/gradle/cache/internal/BinaryStore$WriteAction
Event: 6.764 loading class org/gradle/cache/internal/BinaryStore$WriteAction done


Dynamic libraries:
0x00007ff604e90000 - 0x00007ff604ec1000 	C:\Program Files\Android\android-studio-canary\jre\bin\java.exe
0x00007ffde5450000 - 0x00007ffde5644000 	C:\WINDOWS\SYSTEM32\ntdll.dll
0x00007ffde3b20000 - 0x00007ffde3bdd000 	C:\WINDOWS\System32\KERNEL32.DLL
0x00007ffde2fa0000 - 0x00007ffde3267000 	C:\WINDOWS\System32\KERNELBASE.dll
0x00007ffde3be0000 - 0x00007ffde3c8a000 	C:\WINDOWS\System32\ADVAPI32.dll
0x00007ffde4860000 - 0x00007ffde48fe000 	C:\WINDOWS\System32\msvcrt.dll
0x00007ffde3d70000 - 0x00007ffde3e0b000 	C:\WINDOWS\System32\sechost.dll
0x00007ffde3580000 - 0x00007ffde36a3000 	C:\WINDOWS\System32\RPCRT4.dll
0x00007ffde4ba0000 - 0x00007ffde4d40000 	C:\WINDOWS\System32\USER32.dll
0x00007ffde32d0000 - 0x00007ffde32f2000 	C:\WINDOWS\System32\win32u.dll
0x00007ffde4ab0000 - 0x00007ffde4ada000 	C:\WINDOWS\System32\GDI32.dll
0x00007ffde33b0000 - 0x00007ffde34ba000 	C:\WINDOWS\System32\gdi32full.dll
0x00007ffde2ba0000 - 0x00007ffde2c3d000 	C:\WINDOWS\System32\msvcp_win.dll
0x00007ffde2ea0000 - 0x00007ffde2fa0000 	C:\WINDOWS\System32\ucrtbase.dll
0x00007ffdd5440000 - 0x00007ffdd56da000 	C:\WINDOWS\WinSxS\amd64_microsoft.windows.common-controls_6595b64144ccf1df_6.0.19041.1_none_b555e41d4684ddec\COMCTL32.dll
0x00007ffde3550000 - 0x00007ffde3580000 	C:\WINDOWS\System32\IMM32.DLL
0x0000000067410000 - 0x00000000674e2000 	C:\Program Files\Android\android-studio-canary\jre\jre\bin\msvcr100.dll
0x00000000675d0000 - 0x0000000067e1b000 	C:\Program Files\Android\android-studio-canary\jre\jre\bin\server\jvm.dll
0x00007ffde4780000 - 0x00007ffde4788000 	C:\WINDOWS\System32\PSAPI.DLL
0x00007ffdd8a90000 - 0x00007ffdd8a99000 	C:\WINDOWS\SYSTEM32\WSOCK32.dll
0x00007ffddb1a0000 - 0x00007ffddb1aa000 	C:\WINDOWS\SYSTEM32\VERSION.dll
0x00007ffddb170000 - 0x00007ffddb197000 	C:\WINDOWS\SYSTEM32\WINMM.dll
0x00007ffde5150000 - 0x00007ffde51bb000 	C:\WINDOWS\System32\WS2_32.dll
0x00007ffdcd3f0000 - 0x00007ffdcd3ff000 	C:\Program Files\Android\android-studio-canary\jre\jre\bin\verify.dll
0x00007ffdaf4e0000 - 0x00007ffdaf509000 	C:\Program Files\Android\android-studio-canary\jre\jre\bin\java.dll
0x00007ffdc8540000 - 0x00007ffdc8556000 	C:\Program Files\Android\android-studio-canary\jre\jre\bin\zip.dll
0x00007ffde3e30000 - 0x00007ffde4564000 	C:\WINDOWS\System32\SHELL32.dll
0x00007ffde0d30000 - 0x00007ffde14be000 	C:\WINDOWS\SYSTEM32\windows.storage.dll
0x00007ffde4d40000 - 0x00007ffde5093000 	C:\WINDOWS\System32\combase.dll
0x00007ffde2620000 - 0x00007ffde264b000 	C:\WINDOWS\SYSTEM32\Wldp.dll
0x00007ffde50a0000 - 0x00007ffde514e000 	C:\WINDOWS\System32\SHCORE.dll
0x00007ffde53b0000 - 0x00007ffde5405000 	C:\WINDOWS\System32\shlwapi.dll
0x00007ffde2ae0000 - 0x00007ffde2aff000 	C:\WINDOWS\SYSTEM32\profapi.dll
0x00007ffdc8470000 - 0x00007ffdc848a000 	C:\Program Files\Android\android-studio-canary\jre\jre\bin\net.dll
0x00007ffde23a0000 - 0x00007ffde240a000 	C:\WINDOWS\system32\mswsock.dll
0x00007ffdc7a90000 - 0x00007ffdc7aa3000 	C:\Program Files\Android\android-studio-canary\jre\jre\bin\nio.dll
0x00007ffdc3f90000 - 0x00007ffdc3fb7000 	N:\_AndroidGradle\native\f6784746aeab05261644944871eae4fe03e0ef1612fff0a4a95f87b438bc6780\windows-amd64\native-platform.dll
0x00007ffdcba60000 - 0x00007ffdcba6d000 	C:\Program Files\Android\android-studio-canary\jre\jre\bin\management.dll
0x00007ffde2570000 - 0x00007ffde2588000 	C:\WINDOWS\SYSTEM32\CRYPTSP.dll
0x00007ffde1cc0000 - 0x00007ffde1cf4000 	C:\WINDOWS\system32\rsaenh.dll
0x00007ffde2c40000 - 0x00007ffde2c67000 	C:\WINDOWS\System32\bcrypt.dll
0x00007ffde2aa0000 - 0x00007ffde2ace000 	C:\WINDOWS\SYSTEM32\USERENV.dll
0x00007ffde2cc0000 - 0x00007ffde2d3f000 	C:\WINDOWS\System32\bcryptprimitives.dll
0x00007ffde2590000 - 0x00007ffde259c000 	C:\WINDOWS\SYSTEM32\CRYPTBASE.dll
0x00007ffde2040000 - 0x00007ffde207b000 	C:\WINDOWS\SYSTEM32\IPHLPAPI.DLL
0x00007ffde4770000 - 0x00007ffde4779000 	C:\WINDOWS\System32\NSI.dll
0x00007ffddcea0000 - 0x00007ffddceb7000 	C:\WINDOWS\SYSTEM32\dhcpcsvc6.DLL
0x00007ffddce80000 - 0x00007ffddce9d000 	C:\WINDOWS\SYSTEM32\dhcpcsvc.DLL
0x00007ffde2090000 - 0x00007ffde215a000 	C:\WINDOWS\SYSTEM32\DNSAPI.dll
0x00007ffddc990000 - 0x00007ffddc99b000 	C:\WINDOWS\SYSTEM32\WINNSI.DLL
0x00007ffde1910000 - 0x00007ffde1943000 	C:\WINDOWS\SYSTEM32\ntmarta.dll

VM Arguments:
jvm_args: -Xmx2048m -Dfile.encoding=UTF-8 -Duser.country=RU -Duser.language=ru -Duser.variant 
java_command: org.gradle.launcher.daemon.bootstrap.GradleDaemon 6.5-rc-1
java_class_path (initial): N:\_AndroidGradle\wrapper\dists\gradle-6.5-rc-1-bin\adpy0eb821vfy0hyep5zq35px\gradle-6.5-rc-1\lib\gradle-launcher-6.5.jar
Launcher Type: SUN_STANDARD

Environment Variables:
JAVA_HOME=C:\Program Files\Java\jdk-14.0.1
PATH=C:\Program Files (x86)\NVIDIA Corporation\PhysX\Common;C:\WINDOWS\system32;C:\WINDOWS;C:\WINDOWS\System32\Wbem;C:\WINDOWS\System32\WindowsPowerShell\v1.0\;C:\WINDOWS\System32\OpenSSH\;C:\Program Files (x86)\ATI Technologies\ATI.ACE\Core-Static;C:\Program Files\Java\jdk-14.0.1\bin;C:\Program Files (x86)\Common Files\Acronis\SnapAPI\;C:\Program Files\Git\cmd;N:\_AndroidSDK\platform-tools;C:\Users\delaf\AppData\Local\Microsoft\WindowsApps;;C:\Users\delaf\AppData\Local\Programs\Fiddler;%USERPROFILE%\AppData\Local\Microsoft\WindowsApps
USERNAME=delaf
OS=Windows_NT
PROCESSOR_IDENTIFIER=Intel64 Family 6 Model 26 Stepping 5, GenuineIntel



---------------  S Y S T E M  ---------------

OS: Windows 10.0 , 64 bit Build 19041 (10.0.19041.292)

CPU:total 8 (initial active 8) (4 cores per cpu, 2 threads per core) family 6 model 26 stepping 5, cmov, cx8, fxsr, mmx, sse, sse2, sse3, ssse3, sse4.1, sse4.2, popcnt, ht, tsc, tscinvbit, tscinv

Memory: 4k page, physical 12573792k(2273976k free), swap 20962400k(7192k free)

vm_info: OpenJDK 64-Bit Server VM (25.242-b01) for windows-amd64 JRE (1.8.0_242-release-1644-b01), built by "builder" with MS VC++ 10.0 (VS2010)

time: Sat Jul 04 05:01:59 2020
timezone: RTZ 2 (зима)
elapsed time: 6 seconds (0d 0h 0m 6s)

