#
# There is insufficient memory for the Java Runtime Environment to continue.
# Native memory allocation (malloc) failed to allocate 1177136 bytes for Chunk::new
# Possible reasons:
#   The system is out of physical RAM or swap space
#   The process is running with CompressedOops enabled, and the Java Heap may be blocking the growth of the native heap
# Possible solutions:
#   Reduce memory load on the system
#   Increase physical memory or swap space
#   Check if swap backing store is full
#   Decrease Java heap size (-Xmx/-Xms)
#   Decrease number of Java threads
#   Decrease Java thread stack sizes (-Xss)
#   Set larger code cache with -XX:ReservedCodeCacheSize=
#   JVM is running with Unscaled Compressed Oops mode in which the Java heap is
#     placed in the first 4GB address space. The Java Heap base address is the
#     maximum limit for the native heap growth. Please use -XX:HeapBaseMinAddress
#     to set the Java Heap base and to place the Java Heap above 4GB virtual address.
# This output file may be truncated or incomplete.
#
#  Out of Memory Error (allocation.cpp:389), pid=12344, tid=0x00000000000030c0
#
# JRE version: OpenJDK Runtime Environment (8.0_242-b01) (build 1.8.0_242-release-1644-b01)
# Java VM: OpenJDK 64-Bit Server VM (25.242-b01 mixed mode windows-amd64 compressed oops)
# Failed to write core dump. Minidumps are not enabled by default on client versions of Windows
#

---------------  T H R E A D  ---------------

Current thread (0x0000000019ee2000):  JavaThread "C2 CompilerThread0" daemon [_thread_in_native, id=12480, stack(0x000000001a7c0000,0x000000001a8c0000)]

Stack: [0x000000001a7c0000,0x000000001a8c0000]
[error occurred during error reporting (printing stack bounds), id 0xc0000005]

Native frames: (J=compiled Java code, j=interpreted, Vv=VM code, C=native code)


Current CompileTask:
C2:  13220 4780   !   4       com.google.common.reflect.TypeVisitor::visit (225 bytes)


---------------  P R O C E S S  ---------------

Java Threads: ( => current thread )
  0x000000001d2cc800 JavaThread "jar transforms Thread 114" [_thread_blocked, id=12640, stack(0x000000002ca00000,0x000000002cb00000)]
  0x000000001b4fd800 JavaThread "jar transforms Thread 113" [_thread_blocked, id=9336, stack(0x000000002c900000,0x000000002ca00000)]
  0x000000001b4fc800 JavaThread "jar transforms Thread 112" [_thread_blocked, id=1352, stack(0x000000002c800000,0x000000002c900000)]
  0x000000001b4fc000 JavaThread "jar transforms Thread 111" [_thread_blocked, id=9072, stack(0x000000002c700000,0x000000002c800000)]
  0x000000001b4fb000 JavaThread "jar transforms Thread 110" [_thread_blocked, id=3508, stack(0x000000002c600000,0x000000002c700000)]
  0x000000001b4fa800 JavaThread "jar transforms Thread 109" [_thread_blocked, id=3384, stack(0x000000002c500000,0x000000002c600000)]
  0x000000001b4f9800 JavaThread "jar transforms Thread 108" [_thread_blocked, id=2688, stack(0x000000002c400000,0x000000002c500000)]
  0x000000001b4f9000 JavaThread "jar transforms Thread 107" [_thread_blocked, id=12436, stack(0x000000002c300000,0x000000002c400000)]
  0x000000001b4f1800 JavaThread "jar transforms Thread 106" [_thread_blocked, id=13712, stack(0x000000002c200000,0x000000002c300000)]
  0x000000001b4f7800 JavaThread "jar transforms Thread 105" [_thread_blocked, id=9020, stack(0x000000002c100000,0x000000002c200000)]
  0x000000001b4f6000 JavaThread "jar transforms Thread 104" [_thread_blocked, id=8712, stack(0x000000002c000000,0x000000002c100000)]
  0x000000001b4f5000 JavaThread "jar transforms Thread 103" [_thread_blocked, id=11912, stack(0x000000002be00000,0x000000002bf00000)]
  0x000000001b4f3800 JavaThread "jar transforms Thread 102" [_thread_blocked, id=11368, stack(0x000000002bd00000,0x000000002be00000)]
  0x000000001b4f8000 JavaThread "jar transforms Thread 101" [_thread_blocked, id=13924, stack(0x000000002bc00000,0x000000002bd00000)]
  0x000000001b4f3000 JavaThread "jar transforms Thread 100" [_thread_blocked, id=2156, stack(0x000000002bb00000,0x000000002bc00000)]
  0x000000001b4f2000 JavaThread "jar transforms Thread 99" [_thread_blocked, id=14836, stack(0x000000002ba00000,0x000000002bb00000)]
  0x000000001b4f4800 JavaThread "jar transforms Thread 98" [_thread_blocked, id=3220, stack(0x000000002b900000,0x000000002ba00000)]
  0x000000001b4f0000 JavaThread "jar transforms Thread 97" [_thread_blocked, id=3712, stack(0x000000002b800000,0x000000002b900000)]
  0x000000001b4f0800 JavaThread "jar transforms Thread 96" [_thread_blocked, id=13776, stack(0x000000002b700000,0x000000002b800000)]
  0x000000001b4f6800 JavaThread "jar transforms Thread 95" [_thread_blocked, id=15168, stack(0x000000002b600000,0x000000002b700000)]
  0x000000001b4ee800 JavaThread "jar transforms Thread 94" [_thread_blocked, id=13800, stack(0x000000002b500000,0x000000002b600000)]
  0x000000001b4ef000 JavaThread "jar transforms Thread 93" [_thread_blocked, id=12864, stack(0x000000002b400000,0x000000002b500000)]
  0x000000001fa65800 JavaThread "jar transforms Thread 92" [_thread_blocked, id=13168, stack(0x000000002b300000,0x000000002b400000)]
  0x000000001fa64000 JavaThread "jar transforms Thread 91" [_thread_blocked, id=14388, stack(0x000000002b200000,0x000000002b300000)]
  0x000000001fa63800 JavaThread "jar transforms Thread 90" [_thread_blocked, id=452, stack(0x000000002b100000,0x000000002b200000)]
  0x000000001fa65000 JavaThread "jar transforms Thread 89" [_thread_blocked, id=3680, stack(0x000000002b000000,0x000000002b100000)]
  0x000000001fa62000 JavaThread "jar transforms Thread 88" [_thread_blocked, id=4528, stack(0x000000002af00000,0x000000002b000000)]
  0x000000001fa62800 JavaThread "jar transforms Thread 87" [_thread_blocked, id=14152, stack(0x000000002ae00000,0x000000002af00000)]
  0x000000001fa61000 JavaThread "jar transforms Thread 86" [_thread_blocked, id=9360, stack(0x000000002ad00000,0x000000002ae00000)]
  0x000000001fa60800 JavaThread "jar transforms Thread 85" [_thread_blocked, id=14656, stack(0x000000002ac00000,0x000000002ad00000)]
  0x000000001fa59000 JavaThread "jar transforms Thread 84" [_thread_blocked, id=14928, stack(0x000000002ab00000,0x000000002ac00000)]
  0x000000001fa5f800 JavaThread "jar transforms Thread 83" [_thread_blocked, id=10040, stack(0x000000002aa00000,0x000000002ab00000)]
  0x000000001fa58000 JavaThread "jar transforms Thread 82" [_thread_blocked, id=13892, stack(0x000000002a900000,0x000000002aa00000)]
  0x000000001fa5f000 JavaThread "jar transforms Thread 81" [_thread_blocked, id=8264, stack(0x000000002a800000,0x000000002a900000)]
  0x000000001fa5b000 JavaThread "jar transforms Thread 80" [_thread_blocked, id=1100, stack(0x000000002a700000,0x000000002a800000)]
  0x000000001fa59800 JavaThread "jar transforms Thread 79" [_thread_blocked, id=11824, stack(0x000000002a600000,0x000000002a700000)]
  0x000000001fa57800 JavaThread "jar transforms Thread 78" [_thread_blocked, id=12540, stack(0x000000002a500000,0x000000002a600000)]
  0x000000001fa5a800 JavaThread "jar transforms Thread 77" [_thread_blocked, id=8356, stack(0x000000002a400000,0x000000002a500000)]
  0x000000001fa5e000 JavaThread "jar transforms Thread 76" [_thread_blocked, id=9720, stack(0x0000000026770000,0x0000000026870000)]
  0x000000001fa56800 JavaThread "jar transforms Thread 75" [_thread_blocked, id=3956, stack(0x0000000025060000,0x0000000025160000)]
  0x000000001fa5d800 JavaThread "jar transforms Thread 74" [_thread_blocked, id=2824, stack(0x000000002a300000,0x000000002a400000)]
  0x000000001fa5c000 JavaThread "jar transforms Thread 73" [_thread_blocked, id=14524, stack(0x000000002a200000,0x000000002a300000)]
  0x000000001fa5c800 JavaThread "jar transforms Thread 72" [_thread_blocked, id=1888, stack(0x000000002a100000,0x000000002a200000)]
  0x000000001a039800 JavaThread "jar transforms Thread 71" [_thread_blocked, id=3820, stack(0x000000002a000000,0x000000002a100000)]
  0x000000001a038800 JavaThread "jar transforms Thread 70" [_thread_blocked, id=11984, stack(0x0000000029f00000,0x000000002a000000)]
  0x000000001a036800 JavaThread "jar transforms Thread 69" [_thread_blocked, id=6784, stack(0x0000000029e00000,0x0000000029f00000)]
  0x000000001a037000 JavaThread "jar transforms Thread 68" [_thread_blocked, id=8784, stack(0x0000000029d00000,0x0000000029e00000)]
  0x000000001a038000 JavaThread "jar transforms Thread 67" [_thread_blocked, id=5432, stack(0x0000000029c00000,0x0000000029d00000)]
  0x000000001a03b000 JavaThread "jar transforms Thread 66" [_thread_blocked, id=13212, stack(0x0000000029b00000,0x0000000029c00000)]
  0x000000001a034000 JavaThread "jar transforms Thread 65" [_thread_blocked, id=2524, stack(0x0000000029a00000,0x0000000029b00000)]
  0x000000001a03a000 JavaThread "jar transforms Thread 64" [_thread_blocked, id=3392, stack(0x0000000029900000,0x0000000029a00000)]
  0x000000001a035000 JavaThread "jar transforms Thread 63" [_thread_blocked, id=10640, stack(0x0000000029800000,0x0000000029900000)]
  0x000000001a035800 JavaThread "jar transforms Thread 62" [_thread_blocked, id=7448, stack(0x0000000029700000,0x0000000029800000)]
  0x000000001a02c800 JavaThread "jar transforms Thread 61" [_thread_blocked, id=14988, stack(0x0000000029600000,0x0000000029700000)]
  0x000000001a02e000 JavaThread "jar transforms Thread 60" [_thread_blocked, id=1724, stack(0x0000000029500000,0x0000000029600000)]
  0x000000001a033800 JavaThread "jar transforms Thread 59" [_thread_blocked, id=7908, stack(0x0000000029400000,0x0000000029500000)]
  0x000000001a032000 JavaThread "jar transforms Thread 58" [_thread_blocked, id=11900, stack(0x0000000029300000,0x0000000029400000)]
  0x000000001a02c000 JavaThread "jar transforms Thread 57" [_thread_blocked, id=11068, stack(0x0000000029200000,0x0000000029300000)]
  0x000000001a031000 JavaThread "jar transforms Thread 56" [_thread_blocked, id=13488, stack(0x0000000029100000,0x0000000029200000)]
  0x000000001a030800 JavaThread "jar transforms Thread 55" [_thread_blocked, id=13364, stack(0x0000000029000000,0x0000000029100000)]
  0x000000001a02f000 JavaThread "jar transforms Thread 54" [_thread_blocked, id=1872, stack(0x0000000028f00000,0x0000000029000000)]
  0x000000001a02f800 JavaThread "jar transforms Thread 53" [_thread_blocked, id=8396, stack(0x0000000028e00000,0x0000000028f00000)]
  0x000000001a02d800 JavaThread "jar transforms Thread 52" [_thread_blocked, id=5888, stack(0x0000000028d00000,0x0000000028e00000)]
  0x000000001a032800 JavaThread "jar transforms Thread 51" [_thread_blocked, id=14884, stack(0x0000000028c00000,0x0000000028d00000)]
  0x000000001f4ec000 JavaThread "jar transforms Thread 50" [_thread_blocked, id=11728, stack(0x0000000028b00000,0x0000000028c00000)]
  0x000000001f4eb000 JavaThread "jar transforms Thread 49" [_thread_blocked, id=14724, stack(0x0000000028a00000,0x0000000028b00000)]
  0x000000001f4ed800 JavaThread "jar transforms Thread 48" [_thread_blocked, id=11968, stack(0x0000000028900000,0x0000000028a00000)]
  0x000000001f4ea800 JavaThread "jar transforms Thread 47" [_thread_blocked, id=13936, stack(0x0000000028800000,0x0000000028900000)]
  0x000000001f4e9000 JavaThread "jar transforms Thread 46" [_thread_blocked, id=12104, stack(0x0000000028700000,0x0000000028800000)]
  0x000000001f4ee000 JavaThread "jar transforms Thread 45" [_thread_blocked, id=6504, stack(0x0000000028600000,0x0000000028700000)]
  0x000000001f4ec800 JavaThread "jar transforms Thread 44" [_thread_blocked, id=10688, stack(0x0000000028500000,0x0000000028600000)]
  0x000000001f4e7800 JavaThread "jar transforms Thread 43" [_thread_blocked, id=10124, stack(0x0000000028400000,0x0000000028500000)]
  0x000000001f4e8000 JavaThread "jar transforms Thread 42" [_thread_blocked, id=10544, stack(0x0000000028300000,0x0000000028400000)]
  0x000000001f4e9800 JavaThread "jar transforms Thread 41" [_thread_blocked, id=11844, stack(0x0000000028200000,0x0000000028300000)]
  0x000000001f4e0800 JavaThread "jar transforms Thread 40" [_thread_blocked, id=11660, stack(0x0000000028100000,0x0000000028200000)]
  0x000000001f4e0000 JavaThread "jar transforms Thread 39" [_thread_blocked, id=11544, stack(0x0000000028000000,0x0000000028100000)]
  0x000000001f4e3800 JavaThread "jar transforms Thread 38" [_thread_blocked, id=13920, stack(0x0000000027f00000,0x0000000028000000)]
  0x000000001f4e6800 JavaThread "jar transforms Thread 37" [_thread_blocked, id=11332, stack(0x0000000027e00000,0x0000000027f00000)]
  0x000000001f4e5000 JavaThread "jar transforms Thread 36" [_thread_blocked, id=14020, stack(0x0000000027d00000,0x0000000027e00000)]
  0x000000001f4e4800 JavaThread "jar transforms Thread 35" [_thread_blocked, id=10928, stack(0x0000000027c00000,0x0000000027d00000)]
  0x000000001f4df000 JavaThread "jar transforms Thread 34" [_thread_blocked, id=13952, stack(0x0000000027b00000,0x0000000027c00000)]
  0x000000001f4e3000 JavaThread "jar transforms Thread 33" [_thread_blocked, id=6072, stack(0x0000000027a00000,0x0000000027b00000)]
  0x000000001f4e2000 JavaThread "jar transforms Thread 32" [_thread_blocked, id=13456, stack(0x0000000027900000,0x0000000027a00000)]
  0x000000001f4e6000 JavaThread "jar transforms Thread 31" [_thread_blocked, id=13072, stack(0x0000000027800000,0x0000000027900000)]
  0x00000000208ff000 JavaThread "jar transforms Thread 30" [_thread_blocked, id=11376, stack(0x0000000027700000,0x0000000027800000)]
  0x0000000020902000 JavaThread "jar transforms Thread 29" [_thread_blocked, id=1412, stack(0x0000000027600000,0x0000000027700000)]
  0x0000000020900800 JavaThread "jar transforms Thread 28" [_thread_blocked, id=1484, stack(0x0000000027500000,0x0000000027600000)]
  0x00000000208fd800 JavaThread "jar transforms Thread 27" [_thread_blocked, id=13476, stack(0x0000000027400000,0x0000000027500000)]
  0x0000000020900000 JavaThread "jar transforms Thread 26" [_thread_blocked, id=5856, stack(0x0000000027300000,0x0000000027400000)]
  0x0000000020903000 JavaThread "Build operations Thread 8" [_thread_blocked, id=2044, stack(0x0000000027200000,0x0000000027300000)]
  0x0000000020901800 JavaThread "Build operations Thread 7" [_thread_blocked, id=11480, stack(0x0000000027100000,0x0000000027200000)]
  0x00000000208fe800 JavaThread "Build operations Thread 6" [_thread_blocked, id=8048, stack(0x0000000027000000,0x0000000027100000)]
  0x0000000020903800 JavaThread "Build operations Thread 5" [_thread_blocked, id=7452, stack(0x0000000026f00000,0x0000000027000000)]
  0x00000000208f6000 JavaThread "Build operations Thread 4" [_thread_blocked, id=11888, stack(0x0000000026e00000,0x0000000026f00000)]
  0x00000000208fd000 JavaThread "Build operations Thread 3" [_thread_blocked, id=10200, stack(0x0000000026d00000,0x0000000026e00000)]
  0x00000000208fc000 JavaThread "Build operations Thread 2" [_thread_blocked, id=7740, stack(0x0000000026c00000,0x0000000026d00000)]
  0x00000000208fb800 JavaThread "Build operations" [_thread_blocked, id=9396, stack(0x0000000026900000,0x0000000026a00000)]
  0x00000000208fa000 JavaThread "Cache worker for Build Output Cleanup Cache (N:\2020_GCAAD\Android Kotlin Fundamentals\Lesson 06 Room database and coroutines\RoomWordSample\.gradle\buildOutputCleanup)" [_thread_blocked, id=12512, stack(0x0000000024b40000,0x0000000024c40000)]
  0x00000000208f7000 JavaThread "Cache worker for file content cache (N:\_AndroidGradle\caches\6.5-rc-1\fileContent)" [_thread_blocked, id=9792, stack(0x0000000024a40000,0x0000000024b40000)]
  0x00000000208fa800 JavaThread "Cache worker for execution history cache (N:\_AndroidGradle\caches\6.5-rc-1\executionHistory)" [_thread_blocked, id=13116, stack(0x0000000024540000,0x0000000024640000)]
  0x000000001fa54000 JavaThread "Cache worker for cache directory md-rule (N:\_AndroidGradle\caches\6.5-rc-1\md-rule)" [_thread_blocked, id=3344, stack(0x0000000024240000,0x0000000024340000)]
  0x000000001fa55800 JavaThread "Cache worker for cache directory md-supplier (N:\_AndroidGradle\caches\6.5-rc-1\md-supplier)" [_thread_blocked, id=12880, stack(0x0000000024140000,0x0000000024240000)]
  0x000000001fa53800 JavaThread "Cache worker for checksums cache (N:\2020_GCAAD\Android Kotlin Fundamentals\Lesson 06 Room database and coroutines\RoomWordSample\.gradle\checksums)" [_thread_blocked, id=13988, stack(0x0000000024040000,0x0000000024140000)]
  0x000000001fa55000 JavaThread "jar transforms Thread 25" [_thread_blocked, id=15088, stack(0x0000000023d40000,0x0000000023e40000)]
  0x000000001fa4c000 JavaThread "jar transforms Thread 24" [_thread_blocked, id=1276, stack(0x0000000023c40000,0x0000000023d40000)]
  0x000000001fa52800 JavaThread "jar transforms Thread 23" [_thread_blocked, id=7016, stack(0x0000000023b40000,0x0000000023c40000)]
  0x000000001fa4b000 JavaThread "jar transforms Thread 22" [_thread_blocked, id=14952, stack(0x0000000023a40000,0x0000000023b40000)]
  0x000000001fa4f800 JavaThread "jar transforms Thread 21" [_thread_blocked, id=6500, stack(0x0000000023940000,0x0000000023a40000)]
  0x000000001fa4f000 JavaThread "jar transforms Thread 20" [_thread_blocked, id=8388, stack(0x0000000023840000,0x0000000023940000)]
  0x000000001fa52000 JavaThread "jar transforms Thread 19" [_thread_blocked, id=8496, stack(0x0000000023740000,0x0000000023840000)]
  0x000000001fa4e000 JavaThread "jar transforms Thread 18" [_thread_blocked, id=9616, stack(0x0000000023640000,0x0000000023740000)]
  0x000000001fa4a800 JavaThread "jar transforms Thread 17" [_thread_blocked, id=7244, stack(0x0000000023540000,0x0000000023640000)]
  0x000000001fa51000 JavaThread "jar transforms Thread 16" [_thread_blocked, id=3612, stack(0x0000000023440000,0x0000000023540000)]
  0x000000001fa50800 JavaThread "jar transforms Thread 15" [_thread_blocked, id=8840, stack(0x0000000023340000,0x0000000023440000)]
  0x000000001fa46800 JavaThread "jar transforms Thread 14" [_thread_blocked, id=8668, stack(0x0000000023140000,0x0000000023240000)]
  0x000000001fa4d800 JavaThread "jar transforms Thread 13" [_thread_blocked, id=9732, stack(0x0000000023040000,0x0000000023140000)]
  0x000000001fa49000 JavaThread "jar transforms Thread 12" [_thread_blocked, id=11528, stack(0x0000000022f40000,0x0000000023040000)]
  0x000000001fa47800 JavaThread "jar transforms Thread 11" [_thread_blocked, id=14484, stack(0x0000000022e40000,0x0000000022f40000)]
  0x000000001fa48000 JavaThread "jar transforms Thread 10" [_thread_blocked, id=10768, stack(0x0000000022d40000,0x0000000022e40000)]
  0x000000001fa4c800 JavaThread "jar transforms Thread 9" [_thread_blocked, id=11868, stack(0x0000000022c40000,0x0000000022d40000)]
  0x000000001fa49800 JavaThread "jar transforms Thread 8" [_thread_blocked, id=14896, stack(0x0000000022b40000,0x0000000022c40000)]
  0x000000001b3ba000 JavaThread "jar transforms Thread 7" [_thread_blocked, id=13760, stack(0x0000000022a40000,0x0000000022b40000)]
  0x000000001b3b8800 JavaThread "jar transforms Thread 6" [_thread_blocked, id=3104, stack(0x0000000022940000,0x0000000022a40000)]
  0x000000001b3b6800 JavaThread "jar transforms Thread 5" [_thread_blocked, id=244, stack(0x0000000022840000,0x0000000022940000)]
  0x000000001b3bb800 JavaThread "jar transforms Thread 4" [_thread_blocked, id=13132, stack(0x00000000214c0000,0x00000000215c0000)]
  0x000000001b3b9800 JavaThread "jar transforms Thread 3" [_thread_blocked, id=14576, stack(0x00000000213c0000,0x00000000214c0000)]
  0x000000001b3b5800 JavaThread "jar transforms Thread 2" [_thread_blocked, id=14596, stack(0x00000000212c0000,0x00000000213c0000)]
  0x000000001b3b8000 JavaThread "jar transforms" [_thread_blocked, id=6324, stack(0x00000000211c0000,0x00000000212c0000)]
  0x000000001b3bb000 JavaThread "Cache worker for file hash cache (N:\2020_GCAAD\Android Kotlin Fundamentals\Lesson 06 Room database and coroutines\RoomWordSample\.gradle\6.5-rc-1\fileHashes)" [_thread_blocked, id=11892, stack(0x000000001edf0000,0x000000001eef0000)]
  0x000000001b3bc800 JavaThread "Cache worker for file hash cache (N:\_AndroidGradle\caches\6.5-rc-1\fileHashes)" [_thread_blocked, id=9116, stack(0x000000001ef20000,0x000000001f020000)]
  0x000000001b3b7000 JavaThread "File lock request listener" [_thread_in_native, id=14436, stack(0x000000001ecf0000,0x000000001edf0000)]
  0x000000001c195800 JavaThread "Cache worker for journal cache (N:\_AndroidGradle\caches\journal-1)" [_thread_blocked, id=14516, stack(0x000000001ebf0000,0x000000001ecf0000)]
  0x000000001afda000 JavaThread "Thread-9" [_thread_blocked, id=14764, stack(0x000000001e8f0000,0x000000001e9f0000)]
  0x000000001afd9000 JavaThread "Stdin handler" [_thread_blocked, id=8648, stack(0x000000001e7f0000,0x000000001e8f0000)]
  0x000000001afd8800 JavaThread "Asynchronous log dispatcher for DefaultDaemonConnection: socket connection from /127.0.0.1:54546 to /127.0.0.1:54547" [_thread_blocked, id=15348, stack(0x000000001e6f0000,0x000000001e7f0000)]
  0x000000001af1c800 JavaThread "Daemon worker" [_thread_in_native, id=4288, stack(0x000000001e5f0000,0x000000001e6f0000)]
  0x000000001af1c000 JavaThread "Cancel handler" [_thread_blocked, id=3532, stack(0x000000001e4f0000,0x000000001e5f0000)]
  0x000000001ade4000 JavaThread "Handler for socket connection from /127.0.0.1:54546 to /127.0.0.1:54547" [_thread_in_native, id=14664, stack(0x000000001e3f0000,0x000000001e4f0000)]
  0x000000001ae01000 JavaThread "Daemon" [_thread_blocked, id=600, stack(0x000000001e2f0000,0x000000001e3f0000)]
  0x000000001ca6b000 JavaThread "Daemon periodic checks" [_thread_blocked, id=1512, stack(0x000000001dff0000,0x000000001e0f0000)]
  0x000000001c9f8800 JavaThread "Incoming local TCP Connector on port 54546" [_thread_in_native, id=14688, stack(0x000000001dda0000,0x000000001dea0000)]
  0x000000001c484000 JavaThread "Daemon health stats" [_thread_blocked, id=9820, stack(0x000000001d760000,0x000000001d860000)]
  0x0000000019f53000 JavaThread "Service Thread" daemon [_thread_blocked, id=11396, stack(0x000000001abc0000,0x000000001acc0000)]
  0x0000000019eec000 JavaThread "C1 CompilerThread3" daemon [_thread_blocked, id=4412, stack(0x000000001aac0000,0x000000001abc0000)]
  0x0000000019ee7000 JavaThread "C2 CompilerThread2" daemon [_thread_blocked, id=10620, stack(0x000000001a9c0000,0x000000001aac0000)]
  0x0000000019ee5800 JavaThread "C2 CompilerThread1" daemon [_thread_blocked, id=7580, stack(0x000000001a8c0000,0x000000001a9c0000)]
=>0x0000000019ee2000 JavaThread "C2 CompilerThread0" daemon [_thread_in_native, id=12480, stack(0x000000001a7c0000,0x000000001a8c0000)]
  0x0000000019ee1000 JavaThread "Attach Listener" daemon [_thread_blocked, id=7984, stack(0x000000001a6c0000,0x000000001a7c0000)]
  0x0000000019ee0000 JavaThread "Signal Dispatcher" daemon [_thread_blocked, id=6388, stack(0x000000001a5c0000,0x000000001a6c0000)]
  0x0000000019ed0800 JavaThread "Finalizer" daemon [_thread_blocked, id=12432, stack(0x000000001a3b0000,0x000000001a4b0000)]
  0x0000000003068800 JavaThread "Reference Handler" daemon [_thread_blocked, id=12500, stack(0x000000001a2b0000,0x000000001a3b0000)]
  0x00000000015dd800 JavaThread "main" [_thread_blocked, id=10180, stack(0x0000000002e70000,0x0000000002f70000)]

Other Threads:
  0x00000000180d7000 VMThread [stack: 0x0000000019db0000,0x0000000019eb0000] [id=8156]
  0x0000000019f58000 WatcherThread [stack: 0x000000001acc0000,0x000000001adc0000] [id=4720]

VM state:not at safepoint (normal execution)

VM Mutex/Monitor currently owned by a thread: None

heap address: 0x0000000080000000, size: 2048 MB, Compressed Oops mode: 32-bit
Narrow klass base: 0x0000000000000000, Narrow klass shift: 3
Compressed class space size: 1073741824 Address: 0x0000000100000000

Heap:
 PSYoungGen      total 204800K, used 101186K [0x00000000d5580000, 0x00000000e2580000, 0x0000000100000000)
  eden space 196608K, 47% used [0x00000000d5580000,0x00000000db052898,0x00000000e1580000)
  from space 8192K, 99% used [0x00000000e1d80000,0x00000000e257e0e0,0x00000000e2580000)
  to   space 8192K, 0% used [0x00000000e1580000,0x00000000e1580000,0x00000000e1d80000)
 ParOldGen       total 68096K, used 32330K [0x0000000080000000, 0x0000000084280000, 0x00000000d5580000)
  object space 68096K, 47% used [0x0000000080000000,0x0000000081f92a60,0x0000000084280000)
 Metaspace       used 52151K, capacity 54464K, committed 54616K, reserved 1095680K
  class space    used 6929K, capacity 7463K, committed 7552K, reserved 1048576K

Card table byte_map: [0x0000000012430000,0x0000000012840000] byte_map_base: 0x0000000012030000

Marking Bits: (ParMarkBitMap*) 0x0000000067d9f030
 Begin Bits: [0x00000000132f0000, 0x00000000152f0000)
 End Bits:   [0x00000000152f0000, 0x00000000172f0000)

Polling page: 0x0000000001190000

CodeCache: size=245760Kb used=16862Kb max_used=16873Kb free=228897Kb
 bounds [0x0000000003070000, 0x0000000004100000, 0x0000000012070000]
 total_blobs=5570 nmethods=4791 adapters=691
 compilation: enabled

Compilation events (10 events):
Event: 13.217 Thread 0x0000000019eec000 nmethod 5128 0x00000000040efc50 code [0x00000000040efea0, 0x00000000040f0d68]
Event: 13.217 Thread 0x0000000019eec000 5129       3       org.gradle.internal.operations.OperationStartEvent::<init> (10 bytes)
Event: 13.217 Thread 0x0000000019eec000 nmethod 5129 0x00000000040ed990 code [0x00000000040edae0, 0x00000000040edc90]
Event: 13.217 Thread 0x0000000019eec000 5127       1       com.android.build.gradle.internal.api.DefaultAndroidSourceSet::getName (5 bytes)
Event: 13.217 Thread 0x0000000019eec000 nmethod 5127 0x00000000040ed6d0 code [0x00000000040ed820, 0x00000000040ed930]
Event: 13.217 Thread 0x0000000019eec000 5130       3       org.gradle.internal.logging.progress.DefaultProgressLoggerFactory$ProgressLoggerImpl::start (13 bytes)
Event: 13.217 Thread 0x0000000019eec000 nmethod 5130 0x00000000040ed0d0 code [0x00000000040ed260, 0x00000000040ed558]
Event: 13.217 Thread 0x0000000019eec000 5131       3       org.gradle.internal.logging.progress.DefaultProgressLoggerFactory$ProgressLoggerImpl::started (10 bytes)
Event: 13.217 Thread 0x0000000019eec000 nmethod 5131 0x00000000040ef8d0 code [0x00000000040efa40, 0x00000000040efbc8]
Event: 13.219 Thread 0x0000000019ee7000 nmethod 5123 0x00000000040ef110 code [0x00000000040ef280, 0x00000000040ef4f8]

GC Heap History (10 events):
Event: 7.507 GC heap before
{Heap before GC invocations=4 (full 0):
 PSYoungGen      total 106496K, used 16622K [0x00000000d5580000, 0x00000000e2580000, 0x0000000100000000)
  eden space 98304K, 8% used [0x00000000d5580000,0x00000000d5dbceb8,0x00000000db580000)
  from space 8192K, 99% used [0x00000000db580000,0x00000000dbd7ebd0,0x00000000dbd80000)
  to   space 8192K, 0% used [0x00000000e1d80000,0x00000000e1d80000,0x00000000e2580000)
 ParOldGen       total 131072K, used 5434K [0x0000000080000000, 0x0000000088000000, 0x00000000d5580000)
  object space 131072K, 4% used [0x0000000080000000,0x000000008054ebb0,0x0000000088000000)
 Metaspace       used 20499K, capacity 21166K, committed 21248K, reserved 1067008K
  class space    used 2857K, capacity 3039K, committed 3072K, reserved 1048576K
Event: 7.514 GC heap after
Heap after GC invocations=4 (full 0):
 PSYoungGen      total 204800K, used 7509K [0x00000000d5580000, 0x00000000e2580000, 0x0000000100000000)
  eden space 196608K, 0% used [0x00000000d5580000,0x00000000d5580000,0x00000000e1580000)
  from space 8192K, 91% used [0x00000000e1d80000,0x00000000e24d54f8,0x00000000e2580000)
  to   space 8192K, 0% used [0x00000000e1580000,0x00000000e1580000,0x00000000e1d80000)
 ParOldGen       total 131072K, used 5442K [0x0000000080000000, 0x0000000088000000, 0x00000000d5580000)
  object space 131072K, 4% used [0x0000000080000000,0x0000000080550bb0,0x0000000088000000)
 Metaspace       used 20499K, capacity 21166K, committed 21248K, reserved 1067008K
  class space    used 2857K, capacity 3039K, committed 3072K, reserved 1048576K
}
Event: 7.514 GC heap before
{Heap before GC invocations=5 (full 1):
 PSYoungGen      total 204800K, used 7509K [0x00000000d5580000, 0x00000000e2580000, 0x0000000100000000)
  eden space 196608K, 0% used [0x00000000d5580000,0x00000000d5580000,0x00000000e1580000)
  from space 8192K, 91% used [0x00000000e1d80000,0x00000000e24d54f8,0x00000000e2580000)
  to   space 8192K, 0% used [0x00000000e1580000,0x00000000e1580000,0x00000000e1d80000)
 ParOldGen       total 131072K, used 5442K [0x0000000080000000, 0x0000000088000000, 0x00000000d5580000)
  object space 131072K, 4% used [0x0000000080000000,0x0000000080550bb0,0x0000000088000000)
 Metaspace       used 20499K, capacity 21166K, committed 21248K, reserved 1067008K
  class space    used 2857K, capacity 3039K, committed 3072K, reserved 1048576K
Event: 7.550 GC heap after
Heap after GC invocations=5 (full 1):
 PSYoungGen      total 204800K, used 0K [0x00000000d5580000, 0x00000000e2580000, 0x0000000100000000)
  eden space 196608K, 0% used [0x00000000d5580000,0x00000000d5580000,0x00000000e1580000)
  from space 8192K, 0% used [0x00000000e1d80000,0x00000000e1d80000,0x00000000e2580000)
  to   space 8192K, 0% used [0x00000000e1580000,0x00000000e1580000,0x00000000e1d80000)
 ParOldGen       total 68096K, used 7759K [0x0000000080000000, 0x0000000084280000, 0x00000000d5580000)
  object space 68096K, 11% used [0x0000000080000000,0x0000000080793f90,0x0000000084280000)
 Metaspace       used 20499K, capacity 21166K, committed 21248K, reserved 1067008K
  class space    used 2857K, capacity 3039K, committed 3072K, reserved 1048576K
}
Event: 9.524 GC heap before
{Heap before GC invocations=6 (full 1):
 PSYoungGen      total 204800K, used 168173K [0x00000000d5580000, 0x00000000e2580000, 0x0000000100000000)
  eden space 196608K, 85% used [0x00000000d5580000,0x00000000df9bb5b0,0x00000000e1580000)
  from space 8192K, 0% used [0x00000000e1d80000,0x00000000e1d80000,0x00000000e2580000)
  to   space 8192K, 0% used [0x00000000e1580000,0x00000000e1580000,0x00000000e1d80000)
 ParOldGen       total 68096K, used 7759K [0x0000000080000000, 0x0000000084280000, 0x00000000d5580000)
  object space 68096K, 11% used [0x0000000080000000,0x0000000080793f90,0x0000000084280000)
 Metaspace       used 33973K, capacity 35270K, committed 35416K, reserved 1079296K
  class space    used 4587K, capacity 4888K, committed 4992K, reserved 1048576K
Event: 9.542 GC heap after
Heap after GC invocations=6 (full 1):
 PSYoungGen      total 204800K, used 8192K [0x00000000d5580000, 0x00000000e2580000, 0x0000000100000000)
  eden space 196608K, 0% used [0x00000000d5580000,0x00000000d5580000,0x00000000e1580000)
  from space 8192K, 100% used [0x00000000e1580000,0x00000000e1d80000,0x00000000e1d80000)
  to   space 8192K, 0% used [0x00000000e1d80000,0x00000000e1d80000,0x00000000e2580000)
 ParOldGen       total 68096K, used 16268K [0x0000000080000000, 0x0000000084280000, 0x00000000d5580000)
  object space 68096K, 23% used [0x0000000080000000,0x0000000080fe30b0,0x0000000084280000)
 Metaspace       used 33973K, capacity 35270K, committed 35416K, reserved 1079296K
  class space    used 4587K, capacity 4888K, committed 4992K, reserved 1048576K
}
Event: 9.542 GC heap before
{Heap before GC invocations=7 (full 2):
 PSYoungGen      total 204800K, used 8192K [0x00000000d5580000, 0x00000000e2580000, 0x0000000100000000)
  eden space 196608K, 0% used [0x00000000d5580000,0x00000000d5580000,0x00000000e1580000)
  from space 8192K, 100% used [0x00000000e1580000,0x00000000e1d80000,0x00000000e1d80000)
  to   space 8192K, 0% used [0x00000000e1d80000,0x00000000e1d80000,0x00000000e2580000)
 ParOldGen       total 68096K, used 16268K [0x0000000080000000, 0x0000000084280000, 0x00000000d5580000)
  object space 68096K, 23% used [0x0000000080000000,0x0000000080fe30b0,0x0000000084280000)
 Metaspace       used 33973K, capacity 35270K, committed 35416K, reserved 1079296K
  class space    used 4587K, capacity 4888K, committed 4992K, reserved 1048576K
Event: 9.697 GC heap after
Heap after GC invocations=7 (full 2):
 PSYoungGen      total 204800K, used 0K [0x00000000d5580000, 0x00000000e2580000, 0x0000000100000000)
  eden space 196608K, 0% used [0x00000000d5580000,0x00000000d5580000,0x00000000e1580000)
  from space 8192K, 0% used [0x00000000e1580000,0x00000000e1580000,0x00000000e1d80000)
  to   space 8192K, 0% used [0x00000000e1d80000,0x00000000e1d80000,0x00000000e2580000)
 ParOldGen       total 68096K, used 22788K [0x0000000080000000, 0x0000000084280000, 0x00000000d5580000)
  object space 68096K, 33% used [0x0000000080000000,0x00000000816411c0,0x0000000084280000)
 Metaspace       used 33973K, capacity 35270K, committed 35416K, reserved 1079296K
  class space    used 4587K, capacity 4888K, committed 4992K, reserved 1048576K
}
Event: 11.840 GC heap before
{Heap before GC invocations=8 (full 2):
 PSYoungGen      total 204800K, used 196608K [0x00000000d5580000, 0x00000000e2580000, 0x0000000100000000)
  eden space 196608K, 100% used [0x00000000d5580000,0x00000000e1580000,0x00000000e1580000)
  from space 8192K, 0% used [0x00000000e1580000,0x00000000e1580000,0x00000000e1d80000)
  to   space 8192K, 0% used [0x00000000e1d80000,0x00000000e1d80000,0x00000000e2580000)
 ParOldGen       total 68096K, used 22788K [0x0000000080000000, 0x0000000084280000, 0x00000000d5580000)
  object space 68096K, 33% used [0x0000000080000000,0x00000000816411c0,0x0000000084280000)
 Metaspace       used 43069K, capacity 45190K, committed 45400K, reserved 1089536K
  class space    used 5811K, capacity 6272K, committed 6272K, reserved 1048576K
Event: 11.857 GC heap after
Heap after GC invocations=8 (full 2):
 PSYoungGen      total 204800K, used 8184K [0x00000000d5580000, 0x00000000e2580000, 0x0000000100000000)
  eden space 196608K, 0% used [0x00000000d5580000,0x00000000d5580000,0x00000000e1580000)
  from space 8192K, 99% used [0x00000000e1d80000,0x00000000e257e0e0,0x00000000e2580000)
  to   space 8192K, 0% used [0x00000000e1580000,0x00000000e1580000,0x00000000e1d80000)
 ParOldGen       total 68096K, used 32330K [0x0000000080000000, 0x0000000084280000, 0x00000000d5580000)
  object space 68096K, 47% used [0x0000000080000000,0x0000000081f92a60,0x0000000084280000)
 Metaspace       used 43069K, capacity 45190K, committed 45400K, reserved 1089536K
  class space    used 5811K, capacity 6272K, committed 6272K, reserved 1048576K
}

Deoptimization events (10 events):
Event: 12.833 Thread 0x000000001af1c800 Uncommon trap: reason=unstable_if action=reinterpret pc=0x00000000034658a8 method=java.util.jar.JarFile.maybeInstantiateVerifier()V @ 4
Event: 12.833 Thread 0x000000001af1c800 Uncommon trap: reason=unstable_if action=reinterpret pc=0x0000000003592d30 method=java.util.jar.JarFile.maybeInstantiateVerifier()V @ 4
Event: 12.834 Thread 0x000000001af1c800 Uncommon trap: reason=unstable_if action=reinterpret pc=0x0000000003fab2f4 method=java.security.CodeSource.matchCerts(Ljava/security/CodeSource;Z)Z @ 11
Event: 12.858 Thread 0x000000001af1c800 Uncommon trap: reason=unstable_if action=reinterpret pc=0x000000000361ff80 method=java.util.LinkedHashMap.get(Ljava/lang/Object;)Ljava/lang/Object; @ 20
Event: 12.892 Thread 0x000000001af1c800 Uncommon trap: reason=unstable_if action=reinterpret pc=0x0000000003b43d28 method=java.security.CodeSource.matchCerts(Ljava/security/CodeSource;Z)Z @ 11
Event: 12.978 Thread 0x000000001af1c800 Uncommon trap: reason=bimorphic action=maybe_recompile pc=0x0000000003e34088 method=java.util.regex.Pattern$CharProperty.match(Ljava/util/regex/Matcher;ILjava/lang/CharSequence;)Z @ 18
Event: 12.978 Thread 0x000000001af1c800 Uncommon trap: reason=bimorphic action=maybe_recompile pc=0x0000000003e34088 method=java.util.regex.Pattern$CharProperty.match(Ljava/util/regex/Matcher;ILjava/lang/CharSequence;)Z @ 18
Event: 12.978 Thread 0x000000001af1c800 Uncommon trap: reason=bimorphic action=maybe_recompile pc=0x0000000003e34088 method=java.util.regex.Pattern$CharProperty.match(Ljava/util/regex/Matcher;ILjava/lang/CharSequence;)Z @ 18
Event: 12.995 Thread 0x000000001af1c800 Uncommon trap: reason=bimorphic action=maybe_recompile pc=0x0000000003e34088 method=java.util.regex.Pattern$CharProperty.match(Ljava/util/regex/Matcher;ILjava/lang/CharSequence;)Z @ 18
Event: 13.180 Thread 0x000000001af1c800 Uncommon trap: reason=unstable_if action=reinterpret pc=0x0000000003f19530 method=org.gradle.internal.reflect.PropertyAccessorType.of(Ljava/lang/reflect/Method;)Lorg/gradle/internal/reflect/PropertyAccessorType; @ 56

Classes redefined (0 events):
No events

Internal exceptions (10 events):
Event: 11.590 Thread 0x000000001af1c800 Exception <a 'java/lang/ClassNotFoundException': org/gradle/api/tasks/Delete_DecoratedCustomizer> (0x00000000e0595398) thrown at [C:\src\AOSP-openjdk-git\hotspot\src\share\vm\classfile\systemDictionary.cpp, line 210]
Event: 11.662 Thread 0x000000001b4f9800 Exception <a 'sun/nio/fs/WindowsException'> (0x00000000e09baea8) thrown at [C:\src\AOSP-openjdk-git\hotspot\src\share\vm\prims\jni.cpp, line 710]
Event: 11.662 Thread 0x000000001b4f9800 Exception <a 'sun/nio/fs/WindowsException'> (0x00000000e09bb1f8) thrown at [C:\src\AOSP-openjdk-git\hotspot\src\share\vm\prims\jni.cpp, line 710]
Event: 11.664 Thread 0x000000001b4f9800 Exception <a 'sun/nio/fs/WindowsException'> (0x00000000e09bb638) thrown at [C:\src\AOSP-openjdk-git\hotspot\src\share\vm\prims\jni.cpp, line 710]
Event: 11.664 Thread 0x000000001b4f9800 Exception <a 'sun/nio/fs/WindowsException'> (0x00000000e09bba58) thrown at [C:\src\AOSP-openjdk-git\hotspot\src\share\vm\prims\jni.cpp, line 710]
Event: 11.671 Thread 0x000000001af1c800 Exception <a 'java/lang/ClassNotFoundException': build_1aqebn50fp6zryt3vl6dltkwcBeanInfo> (0x00000000e08eae90) thrown at [C:\src\AOSP-openjdk-git\hotspot\src\share\vm\classfile\systemDictionary.cpp, line 210]
Event: 11.671 Thread 0x000000001af1c800 Exception <a 'java/lang/ClassNotFoundException': build_1aqebn50fp6zryt3vl6dltkwcCustomizer> (0x00000000e08f6ad0) thrown at [C:\src\AOSP-openjdk-git\hotspot\src\share\vm\classfile\systemDictionary.cpp, line 210]
Event: 11.679 Thread 0x000000001af1c800 Exception <a 'java/lang/ClassNotFoundException': org/gradle/plugin/use/internal/PluginRequestCollector$PluginDependenciesSpecImplBeanInfo> (0x00000000e0a16988) thrown at [C:\src\AOSP-openjdk-git\hotspot\src\share\vm\classfile\systemDictionary.cpp, line 21
Event: 11.680 Thread 0x000000001af1c800 Exception <a 'java/lang/ClassNotFoundException': org/gradle/plugin/use/internal/PluginRequestCollector$PluginDependenciesSpecImplCustomizer> (0x00000000e0a568c8) thrown at [C:\src\AOSP-openjdk-git\hotspot\src\share\vm\classfile\systemDictionary.cpp, line 
Event: 12.720 Thread 0x000000001af1c800 Implicit null exception at 0x0000000003d038c8 to 0x0000000003d03a55

Events (10 events):
Event: 13.217 loading class com/android/build/gradle/internal/tasks/factory/TaskCreationAction
Event: 13.217 loading class com/android/build/gradle/internal/tasks/factory/TaskCreationAction done
Event: 13.218 loading class com/android/build/gradle/internal/tasks/factory/TaskInformation
Event: 13.218 loading class com/android/build/gradle/internal/tasks/factory/TaskInformation done
Event: 13.218 loading class com/android/build/gradle/internal/tasks/factory/PreConfigAction
Event: 13.218 loading class com/android/build/gradle/internal/tasks/factory/PreConfigAction done
Event: 13.218 loading class com/android/build/gradle/internal/tasks/factory/TaskConfigAction
Event: 13.218 loading class com/android/build/gradle/internal/tasks/factory/TaskConfigAction done
Event: 13.219 loading class com/android/build/gradle/internal/tasks/factory/TaskProviderCallback
Event: 13.219 loading class com/android/build/gradle/internal/tasks/factory/TaskProviderCallback done


Dynamic libraries:
0x00007ff604e90000 - 0x00007ff604ec1000 	C:\Program Files\Android\android-studio-canary\jre\bin\java.exe
0x00007ffde5450000 - 0x00007ffde5644000 	C:\WINDOWS\SYSTEM32\ntdll.dll
0x00007ffde3b20000 - 0x00007ffde3bdd000 	C:\WINDOWS\System32\KERNEL32.DLL
0x00007ffde2fa0000 - 0x00007ffde3267000 	C:\WINDOWS\System32\KERNELBASE.dll
0x00007ffde3be0000 - 0x00007ffde3c8a000 	C:\WINDOWS\System32\ADVAPI32.dll
0x00007ffde4860000 - 0x00007ffde48fe000 	C:\WINDOWS\System32\msvcrt.dll
0x00007ffde3d70000 - 0x00007ffde3e0b000 	C:\WINDOWS\System32\sechost.dll
0x00007ffde3580000 - 0x00007ffde36a3000 	C:\WINDOWS\System32\RPCRT4.dll
0x00007ffde4ba0000 - 0x00007ffde4d40000 	C:\WINDOWS\System32\USER32.dll
0x00007ffde32d0000 - 0x00007ffde32f2000 	C:\WINDOWS\System32\win32u.dll
0x00007ffde4ab0000 - 0x00007ffde4ada000 	C:\WINDOWS\System32\GDI32.dll
0x00007ffde33b0000 - 0x00007ffde34ba000 	C:\WINDOWS\System32\gdi32full.dll
0x00007ffde2ba0000 - 0x00007ffde2c3d000 	C:\WINDOWS\System32\msvcp_win.dll
0x00007ffde2ea0000 - 0x00007ffde2fa0000 	C:\WINDOWS\System32\ucrtbase.dll
0x00007ffdd5440000 - 0x00007ffdd56da000 	C:\WINDOWS\WinSxS\amd64_microsoft.windows.common-controls_6595b64144ccf1df_6.0.19041.1_none_b555e41d4684ddec\COMCTL32.dll
0x00007ffde3550000 - 0x00007ffde3580000 	C:\WINDOWS\System32\IMM32.DLL
0x0000000067410000 - 0x00000000674e2000 	C:\Program Files\Android\android-studio-canary\jre\jre\bin\msvcr100.dll
0x00000000675d0000 - 0x0000000067e1b000 	C:\Program Files\Android\android-studio-canary\jre\jre\bin\server\jvm.dll
0x00007ffde4780000 - 0x00007ffde4788000 	C:\WINDOWS\System32\PSAPI.DLL
0x00007ffdd8a90000 - 0x00007ffdd8a99000 	C:\WINDOWS\SYSTEM32\WSOCK32.dll
0x00007ffde5150000 - 0x00007ffde51bb000 	C:\WINDOWS\System32\WS2_32.dll
0x00007ffddb170000 - 0x00007ffddb197000 	C:\WINDOWS\SYSTEM32\WINMM.dll
0x00007ffddb1a0000 - 0x00007ffddb1aa000 	C:\WINDOWS\SYSTEM32\VERSION.dll
0x00007ffdcd3f0000 - 0x00007ffdcd3ff000 	C:\Program Files\Android\android-studio-canary\jre\jre\bin\verify.dll
0x00007ffdaf4e0000 - 0x00007ffdaf509000 	C:\Program Files\Android\android-studio-canary\jre\jre\bin\java.dll
0x00007ffdc8540000 - 0x00007ffdc8556000 	C:\Program Files\Android\android-studio-canary\jre\jre\bin\zip.dll
0x00007ffde3e30000 - 0x00007ffde4564000 	C:\WINDOWS\System32\SHELL32.dll
0x00007ffde0d30000 - 0x00007ffde14be000 	C:\WINDOWS\SYSTEM32\windows.storage.dll
0x00007ffde4d40000 - 0x00007ffde5093000 	C:\WINDOWS\System32\combase.dll
0x00007ffde2620000 - 0x00007ffde264b000 	C:\WINDOWS\SYSTEM32\Wldp.dll
0x00007ffde50a0000 - 0x00007ffde514e000 	C:\WINDOWS\System32\SHCORE.dll
0x00007ffde53b0000 - 0x00007ffde5405000 	C:\WINDOWS\System32\shlwapi.dll
0x00007ffde2ae0000 - 0x00007ffde2aff000 	C:\WINDOWS\SYSTEM32\profapi.dll
0x00007ffdc8470000 - 0x00007ffdc848a000 	C:\Program Files\Android\android-studio-canary\jre\jre\bin\net.dll
0x00007ffde23a0000 - 0x00007ffde240a000 	C:\WINDOWS\system32\mswsock.dll
0x00007ffdc7a90000 - 0x00007ffdc7aa3000 	C:\Program Files\Android\android-studio-canary\jre\jre\bin\nio.dll
0x00007ffdc3f90000 - 0x00007ffdc3fb7000 	N:\_AndroidGradle\native\f6784746aeab05261644944871eae4fe03e0ef1612fff0a4a95f87b438bc6780\windows-amd64\native-platform.dll
0x00007ffdcba60000 - 0x00007ffdcba6d000 	C:\Program Files\Android\android-studio-canary\jre\jre\bin\management.dll
0x00007ffde2570000 - 0x00007ffde2588000 	C:\WINDOWS\SYSTEM32\CRYPTSP.dll
0x00007ffde1cc0000 - 0x00007ffde1cf4000 	C:\WINDOWS\system32\rsaenh.dll
0x00007ffde2c40000 - 0x00007ffde2c67000 	C:\WINDOWS\System32\bcrypt.dll
0x00007ffde2aa0000 - 0x00007ffde2ace000 	C:\WINDOWS\SYSTEM32\USERENV.dll
0x00007ffde2cc0000 - 0x00007ffde2d3f000 	C:\WINDOWS\System32\bcryptprimitives.dll
0x00007ffde2590000 - 0x00007ffde259c000 	C:\WINDOWS\SYSTEM32\CRYPTBASE.dll
0x00007ffde2040000 - 0x00007ffde207b000 	C:\WINDOWS\SYSTEM32\IPHLPAPI.DLL
0x00007ffde4770000 - 0x00007ffde4779000 	C:\WINDOWS\System32\NSI.dll
0x00007ffddcea0000 - 0x00007ffddceb7000 	C:\WINDOWS\SYSTEM32\dhcpcsvc6.DLL
0x00007ffddce80000 - 0x00007ffddce9d000 	C:\WINDOWS\SYSTEM32\dhcpcsvc.DLL
0x00007ffde2090000 - 0x00007ffde215a000 	C:\WINDOWS\SYSTEM32\DNSAPI.dll
0x00007ffddc990000 - 0x00007ffddc99b000 	C:\WINDOWS\SYSTEM32\WINNSI.DLL
0x00007ffde1910000 - 0x00007ffde1943000 	C:\WINDOWS\SYSTEM32\ntmarta.dll

VM Arguments:
jvm_args: -Xmx2048m -Dfile.encoding=UTF-8 -Duser.country=RU -Duser.language=ru -Duser.variant 
java_command: org.gradle.launcher.daemon.bootstrap.GradleDaemon 6.5-rc-1
java_class_path (initial): N:\_AndroidGradle\wrapper\dists\gradle-6.5-rc-1-bin\adpy0eb821vfy0hyep5zq35px\gradle-6.5-rc-1\lib\gradle-launcher-6.5.jar
Launcher Type: SUN_STANDARD

Environment Variables:
JAVA_HOME=C:\Program Files\Java\jdk-14.0.1
PATH=C:\Program Files (x86)\NVIDIA Corporation\PhysX\Common;C:\WINDOWS\system32;C:\WINDOWS;C:\WINDOWS\System32\Wbem;C:\WINDOWS\System32\WindowsPowerShell\v1.0\;C:\WINDOWS\System32\OpenSSH\;C:\Program Files (x86)\ATI Technologies\ATI.ACE\Core-Static;C:\Program Files\Java\jdk-14.0.1\bin;C:\Program Files (x86)\Common Files\Acronis\SnapAPI\;C:\Program Files\Git\cmd;N:\_AndroidSDK\platform-tools;C:\Users\delaf\AppData\Local\Microsoft\WindowsApps;;C:\Users\delaf\AppData\Local\Programs\Fiddler;%USERPROFILE%\AppData\Local\Microsoft\WindowsApps
USERNAME=delaf
OS=Windows_NT
PROCESSOR_IDENTIFIER=Intel64 Family 6 Model 26 Stepping 5, GenuineIntel



---------------  S Y S T E M  ---------------

OS: Windows 10.0 , 64 bit Build 19041 (10.0.19041.292)

CPU:total 8 (initial active 8) (4 cores per cpu, 2 threads per core) family 6 model 26 stepping 5, cmov, cx8, fxsr, mmx, sse, sse2, sse3, ssse3, sse4.1, sse4.2, popcnt, ht, tsc, tscinvbit, tscinv

Memory: 4k page, physical 12573792k(2331588k free), swap 20962400k(5224k free)

vm_info: OpenJDK 64-Bit Server VM (25.242-b01) for windows-amd64 JRE (1.8.0_242-release-1644-b01), built by "builder" with MS VC++ 10.0 (VS2010)

time: Sat Jul 04 05:01:19 2020
timezone: RTZ 2 (зима)
elapsed time: 13 seconds (0d 0h 0m 13s)

