#
# There is insufficient memory for the Java Runtime Environment to continue.
# Native memory allocation (malloc) failed to allocate 262160 bytes for Chunk::new
# Possible reasons:
#   The system is out of physical RAM or swap space
#   The process is running with CompressedOops enabled, and the Java Heap may be blocking the growth of the native heap
# Possible solutions:
#   Reduce memory load on the system
#   Increase physical memory or swap space
#   Check if swap backing store is full
#   Decrease Java heap size (-Xmx/-Xms)
#   Decrease number of Java threads
#   Decrease Java thread stack sizes (-Xss)
#   Set larger code cache with -XX:ReservedCodeCacheSize=
#   JVM is running with Unscaled Compressed Oops mode in which the Java heap is
#     placed in the first 4GB address space. The Java Heap base address is the
#     maximum limit for the native heap growth. Please use -XX:HeapBaseMinAddress
#     to set the Java Heap base and to place the Java Heap above 4GB virtual address.
# This output file may be truncated or incomplete.
#
#  Out of Memory Error (allocation.cpp:389), pid=10004, tid=0x0000000000002f44
#
# JRE version: OpenJDK Runtime Environment (8.0_242-b01) (build 1.8.0_242-release-1644-b01)
# Java VM: OpenJDK 64-Bit Server VM (25.242-b01 mixed mode windows-amd64 compressed oops)
# Failed to write core dump. Minidumps are not enabled by default on client versions of Windows
#

---------------  T H R E A D  ---------------

Current thread (0x000000001996c000):  JavaThread "C2 CompilerThread1" daemon [_thread_in_native, id=12100, stack(0x000000001a350000,0x000000001a450000)]

Stack: [0x000000001a350000,0x000000001a450000]
[error occurred during error reporting (printing stack bounds), id 0xc0000005]

Native frames: (J=compiled Java code, j=interpreted, Vv=VM code, C=native code)


Current CompileTask:
C2:   7824 3592       4       java.security.SecureClassLoader::defineClass (16 bytes)


---------------  P R O C E S S  ---------------

Java Threads: ( => current thread )
  0x000000001f166000 JavaThread "Build operations Thread 8" [_thread_blocked, id=11776, stack(0x0000000027b20000,0x0000000027c20000)]
  0x000000001f161800 JavaThread "Build operations Thread 7" [_thread_blocked, id=14796, stack(0x0000000027a20000,0x0000000027b20000)]
  0x000000001f166800 JavaThread "Build operations Thread 6" [_thread_blocked, id=13868, stack(0x0000000027920000,0x0000000027a20000)]
  0x000000001f167800 JavaThread "Build operations Thread 5" [_thread_blocked, id=13232, stack(0x0000000027820000,0x0000000027920000)]
  0x000000001f15e800 JavaThread "Build operations Thread 4" [_thread_in_Java, id=14848, stack(0x0000000027720000,0x0000000027820000)]
  0x000000001f165000 JavaThread "Build operations Thread 3" [_thread_blocked, id=4128, stack(0x0000000027620000,0x0000000027720000)]
  0x000000001f15f000 JavaThread "Build operations Thread 2" [_thread_blocked, id=14204, stack(0x0000000025e20000,0x0000000025f20000)]
  0x000000001f163800 JavaThread "Build operations" [_thread_blocked, id=14820, stack(0x0000000025d20000,0x0000000025e20000)]
  0x000000001f164800 JavaThread "Cache worker for Build Output Cleanup Cache (N:\2020_GCAAD\Android Kotlin Fundamentals\Lesson 06 Room database and coroutines\RoomWordSample\.gradle\buildOutputCleanup)" [_thread_blocked, id=11464, stack(0x0000000024640000,0x0000000024740000)]
  0x000000001f15c000 JavaThread "Cache worker for file content cache (N:\_AndroidGradle\caches\6.5.1\fileContent)" [_thread_blocked, id=15220, stack(0x0000000024540000,0x0000000024640000)]
  0x000000001f15d000 JavaThread "Cache worker for execution history cache (N:\_AndroidGradle\caches\6.5.1\executionHistory)" [_thread_blocked, id=11520, stack(0x0000000024040000,0x0000000024140000)]
  0x000000001a992800 JavaThread "Cache worker for cache directory md-rule (N:\_AndroidGradle\caches\6.5.1\md-rule)" [_thread_blocked, id=3460, stack(0x0000000023d40000,0x0000000023e40000)]
  0x000000001a991800 JavaThread "Cache worker for cache directory md-supplier (N:\_AndroidGradle\caches\6.5.1\md-supplier)" [_thread_blocked, id=8776, stack(0x0000000023c40000,0x0000000023d40000)]
  0x000000001a996000 JavaThread "Cache worker for checksums cache (N:\2020_GCAAD\Android Kotlin Fundamentals\Lesson 06 Room database and coroutines\RoomWordSample\.gradle\checksums)" [_thread_blocked, id=11860, stack(0x0000000023b40000,0x0000000023c40000)]
  0x000000001a993000 JavaThread "jar transforms Thread 25" [_thread_blocked, id=4152, stack(0x0000000023840000,0x0000000023940000)]
  0x000000001a995800 JavaThread "jar transforms Thread 24" [_thread_blocked, id=10628, stack(0x0000000023740000,0x0000000023840000)]
  0x000000001a998800 JavaThread "jar transforms Thread 23" [_thread_blocked, id=15356, stack(0x0000000022170000,0x0000000022270000)]
  0x000000001a991000 JavaThread "jar transforms Thread 22" [_thread_blocked, id=5124, stack(0x0000000020e20000,0x0000000020f20000)]
  0x000000001a994000 JavaThread "jar transforms Thread 21" [_thread_blocked, id=9000, stack(0x0000000020d20000,0x0000000020e20000)]
  0x000000001a997800 JavaThread "jar transforms Thread 20" [_thread_blocked, id=6936, stack(0x0000000020c20000,0x0000000020d20000)]
  0x000000001a994800 JavaThread "jar transforms Thread 19" [_thread_blocked, id=13452, stack(0x0000000023640000,0x0000000023740000)]
  0x000000001a997000 JavaThread "jar transforms Thread 18" [_thread_blocked, id=3508, stack(0x0000000023540000,0x0000000023640000)]
  0x000000001a989800 JavaThread "jar transforms Thread 17" [_thread_blocked, id=9336, stack(0x0000000023440000,0x0000000023540000)]
  0x000000001a98b800 JavaThread "jar transforms Thread 16" [_thread_blocked, id=1352, stack(0x0000000023340000,0x0000000023440000)]
  0x000000001a990000 JavaThread "jar transforms Thread 15" [_thread_blocked, id=9072, stack(0x0000000023240000,0x0000000023340000)]
  0x000000001a98b000 JavaThread "jar transforms Thread 14" [_thread_blocked, id=9020, stack(0x0000000023040000,0x0000000023140000)]
  0x000000001a98d000 JavaThread "jar transforms Thread 13" [_thread_blocked, id=11824, stack(0x0000000022f40000,0x0000000023040000)]
  0x000000001a98c800 JavaThread "jar transforms Thread 12" [_thread_blocked, id=14656, stack(0x0000000022e40000,0x0000000022f40000)]
  0x000000001a98e800 JavaThread "jar transforms Thread 11" [_thread_blocked, id=8356, stack(0x0000000022d40000,0x0000000022e40000)]
  0x000000001a98f800 JavaThread "jar transforms Thread 10" [_thread_blocked, id=14152, stack(0x0000000022c40000,0x0000000022d40000)]
  0x000000001a98e000 JavaThread "jar transforms Thread 9" [_thread_blocked, id=9360, stack(0x0000000022b40000,0x0000000022c40000)]
  0x000000001a98a000 JavaThread "jar transforms Thread 8" [_thread_blocked, id=14928, stack(0x0000000022a40000,0x0000000022b40000)]
  0x000000001c71c800 JavaThread "jar transforms Thread 7" [_thread_blocked, id=12864, stack(0x0000000022940000,0x0000000022a40000)]
  0x000000001c71b000 JavaThread "jar transforms Thread 6" [_thread_blocked, id=4528, stack(0x0000000022840000,0x0000000022940000)]
  0x000000001c715800 JavaThread "jar transforms Thread 5" [_thread_blocked, id=3680, stack(0x0000000022740000,0x0000000022840000)]
  0x000000001c71a800 JavaThread "jar transforms Thread 4" [_thread_blocked, id=452, stack(0x0000000022640000,0x0000000022740000)]
  0x000000001c719800 JavaThread "jar transforms Thread 3" [_thread_blocked, id=14388, stack(0x0000000022540000,0x0000000022640000)]
  0x000000001c718000 JavaThread "jar transforms Thread 2" [_thread_blocked, id=13168, stack(0x0000000022440000,0x0000000022540000)]
  0x000000001c718800 JavaThread "jar transforms" [_thread_blocked, id=3712, stack(0x0000000022340000,0x0000000022440000)]
  0x000000001c71c000 JavaThread "Cache worker for file hash cache (N:\2020_GCAAD\Android Kotlin Fundamentals\Lesson 06 Room database and coroutines\RoomWordSample\.gradle\6.5.1\fileHashes)" [_thread_blocked, id=3220, stack(0x0000000020b20000,0x0000000020c20000)]
  0x000000001c717000 JavaThread "Cache worker for file hash cache (N:\_AndroidGradle\caches\6.5.1\fileHashes)" [_thread_blocked, id=1100, stack(0x000000001e880000,0x000000001e980000)]
  0x000000001c716800 JavaThread "File lock request listener" [_thread_in_native, id=8264, stack(0x000000001e780000,0x000000001e880000)]
  0x000000001c44d800 JavaThread "Cache worker for journal cache (N:\_AndroidGradle\caches\journal-1)" [_thread_blocked, id=13892, stack(0x000000001e680000,0x000000001e780000)]
  0x000000001aa4b000 JavaThread "Thread-9" [_thread_blocked, id=13436, stack(0x000000001e380000,0x000000001e480000)]
  0x000000001aa48800 JavaThread "Stdin handler" [_thread_blocked, id=5988, stack(0x000000001e280000,0x000000001e380000)]
  0x000000001aa45000 JavaThread "Asynchronous log dispatcher for DefaultDaemonConnection: socket connection from /127.0.0.1:54592 to /127.0.0.1:54593" [_thread_blocked, id=10096, stack(0x000000001e180000,0x000000001e280000)]
  0x000000001aa05000 JavaThread "Daemon worker" [_thread_blocked, id=13708, stack(0x000000001e080000,0x000000001e180000)]
  0x000000001aa04800 JavaThread "Cancel handler" [_thread_blocked, id=7288, stack(0x000000001df80000,0x000000001e080000)]
  0x000000001c01b000 JavaThread "Handler for socket connection from /127.0.0.1:54592 to /127.0.0.1:54593" [_thread_in_native, id=11880, stack(0x000000001de80000,0x000000001df80000)]
  0x000000001c403800 JavaThread "Daemon" [_thread_blocked, id=10408, stack(0x000000001dd80000,0x000000001de80000)]
  0x000000001c3fb800 JavaThread "Daemon periodic checks" [_thread_blocked, id=12836, stack(0x000000001da80000,0x000000001db80000)]
  0x000000001c34a800 JavaThread "Incoming local TCP Connector on port 54592" [_thread_in_native, id=7532, stack(0x000000001d830000,0x000000001d930000)]
  0x000000001c279000 JavaThread "Daemon health stats" [_thread_blocked, id=6320, stack(0x000000001d1f0000,0x000000001d2f0000)]
  0x0000000019a14800 JavaThread "Service Thread" daemon [_thread_blocked, id=2468, stack(0x000000001a650000,0x000000001a750000)]
  0x0000000019987800 JavaThread "C1 CompilerThread3" daemon [_thread_blocked, id=10368, stack(0x000000001a550000,0x000000001a650000)]
  0x0000000019982800 JavaThread "C2 CompilerThread2" daemon [_thread_in_native, id=14976, stack(0x000000001a450000,0x000000001a550000)]
=>0x000000001996c000 JavaThread "C2 CompilerThread1" daemon [_thread_in_native, id=12100, stack(0x000000001a350000,0x000000001a450000)]
  0x0000000019969000 JavaThread "C2 CompilerThread0" daemon [_thread_blocked, id=14076, stack(0x000000001a250000,0x000000001a350000)]
  0x0000000019968000 JavaThread "Attach Listener" daemon [_thread_blocked, id=14508, stack(0x000000001a150000,0x000000001a250000)]
  0x0000000019965000 JavaThread "Signal Dispatcher" daemon [_thread_blocked, id=3776, stack(0x000000001a050000,0x000000001a150000)]
  0x0000000019961800 JavaThread "Finalizer" daemon [_thread_blocked, id=13392, stack(0x0000000019e40000,0x0000000019f40000)]
  0x0000000002a08800 JavaThread "Reference Handler" daemon [_thread_blocked, id=7088, stack(0x0000000019d40000,0x0000000019e40000)]
  0x0000000002b0d800 JavaThread "main" [_thread_blocked, id=3964, stack(0x0000000002750000,0x0000000002850000)]

Other Threads:
  0x0000000017b77000 VMThread [stack: 0x0000000019840000,0x0000000019940000] [id=10612]
  0x0000000019a15800 WatcherThread [stack: 0x000000001a750000,0x000000001a850000] [id=5244]

VM state:at safepoint (normal execution)

VM Mutex/Monitor currently owned by a thread:  ([mutex/lock_event])
[0x0000000002b0cf10] Threads_lock - owner thread: 0x0000000017b77000

heap address: 0x0000000080000000, size: 2048 MB, Compressed Oops mode: 32-bit
Narrow klass base: 0x0000000000000000, Narrow klass shift: 3
Compressed class space size: 1073741824 Address: 0x0000000100000000

Heap:
 PSYoungGen      total 176128K, used 131184K [0x00000000d5580000, 0x00000000e1000000, 0x0000000100000000)
  eden space 162304K, 80% used [0x00000000d5580000,0x00000000dd59c108,0x00000000df400000)
  from space 13824K, 0% used [0x00000000e0100000,0x00000000e0100000,0x00000000e0e80000)
  to   space 13312K, 0% used [0x00000000df400000,0x00000000df400000,0x00000000e0100000)
 ParOldGen       total 102912K, used 14879K [0x0000000080000000, 0x0000000086480000, 0x00000000d5580000)
  object space 102912K, 14% used [0x0000000080000000,0x0000000080e87d28,0x0000000086480000)
 Metaspace       used 41521K, capacity 43404K, committed 43608K, reserved 1087488K
  class space    used 5615K, capacity 6011K, committed 6016K, reserved 1048576K

Card table byte_map: [0x0000000011ed0000,0x00000000122e0000] byte_map_base: 0x0000000011ad0000

Marking Bits: (ParMarkBitMap*) 0x0000000067d9f030
 Begin Bits: [0x0000000012d90000, 0x0000000014d90000)
 End Bits:   [0x0000000014d90000, 0x0000000016d90000)

Polling page: 0x0000000000f50000

CodeCache: size=245760Kb used=13628Kb max_used=14808Kb free=232131Kb
 bounds [0x0000000002b10000, 0x0000000003990000, 0x0000000011b10000]
 total_blobs=4592 nmethods=3853 adapters=652
 compilation: enabled

Compilation events (10 events):
Event: 7.813 Thread 0x0000000019987800 4137       3       java.lang.invoke.InnerClassLambdaMetafactory::<init> (262 bytes)
Event: 7.817 Thread 0x0000000019987800 nmethod 4137 0x0000000002d225d0 code [0x0000000002d22a00, 0x0000000002d25808]
Event: 7.818 Thread 0x0000000019987800 4136       3       java.lang.invoke.MethodHandleNatives::linkCallSiteImpl (44 bytes)
Event: 7.819 Thread 0x0000000019987800 nmethod 4136 0x0000000002ce7ed0 code [0x0000000002ce80a0, 0x0000000002ce8818]
Event: 7.820 Thread 0x0000000019987800 4138       3       com.google.common.cache.LocalCache$Segment::newEntry (18 bytes)
Event: 7.820 Thread 0x0000000019987800 nmethod 4138 0x0000000002cb16d0 code [0x0000000002cb1860, 0x0000000002cb1bf8]
Event: 7.820 Thread 0x0000000019987800 4140       3       java.math.BigInteger::stripLeadingZeroBytes (132 bytes)
Event: 7.822 Thread 0x0000000019987800 nmethod 4140 0x0000000002d01a10 code [0x0000000002d01ba0, 0x0000000002d02110]
Event: 7.822 Thread 0x0000000019987800 4139       3       sun.nio.fs.WindowsPath::elementAsString (62 bytes)
Event: 7.823 Thread 0x0000000019987800 nmethod 4139 0x0000000002d2dad0 code [0x0000000002d2dc80, 0x0000000002d2e248]

GC Heap History (10 events):
Event: 3.925 GC heap before
{Heap before GC invocations=6 (full 1):
 PSYoungGen      total 57344K, used 6976K [0x00000000d5580000, 0x00000000dcc80000, 0x0000000100000000)
  eden space 49152K, 0% used [0x00000000d5580000,0x00000000d5580000,0x00000000d8580000)
  from space 8192K, 85% used [0x00000000d8580000,0x00000000d8c50050,0x00000000d8d80000)
  to   space 11776K, 0% used [0x00000000dc100000,0x00000000dc100000,0x00000000dcc80000)
 ParOldGen       total 131072K, used 3064K [0x0000000080000000, 0x0000000088000000, 0x00000000d5580000)
  object space 131072K, 2% used [0x0000000080000000,0x00000000802fe100,0x0000000088000000)
 Metaspace       used 20494K, capacity 21166K, committed 21248K, reserved 1067008K
  class space    used 2858K, capacity 3039K, committed 3072K, reserved 1048576K
Event: 3.962 GC heap after
Heap after GC invocations=6 (full 1):
 PSYoungGen      total 57344K, used 0K [0x00000000d5580000, 0x00000000dcc80000, 0x0000000100000000)
  eden space 49152K, 0% used [0x00000000d5580000,0x00000000d5580000,0x00000000d8580000)
  from space 8192K, 0% used [0x00000000d8580000,0x00000000d8580000,0x00000000d8d80000)
  to   space 11776K, 0% used [0x00000000dc100000,0x00000000dc100000,0x00000000dcc80000)
 ParOldGen       total 66048K, used 7268K [0x0000000080000000, 0x0000000084080000, 0x00000000d5580000)
  object space 66048K, 11% used [0x0000000080000000,0x00000000807190c8,0x0000000084080000)
 Metaspace       used 20494K, capacity 21166K, committed 21248K, reserved 1067008K
  class space    used 2858K, capacity 3039K, committed 3072K, reserved 1048576K
}
Event: 4.418 GC heap before
{Heap before GC invocations=7 (full 1):
 PSYoungGen      total 57344K, used 49152K [0x00000000d5580000, 0x00000000dcc80000, 0x0000000100000000)
  eden space 49152K, 100% used [0x00000000d5580000,0x00000000d8580000,0x00000000d8580000)
  from space 8192K, 0% used [0x00000000d8580000,0x00000000d8580000,0x00000000d8d80000)
  to   space 11776K, 0% used [0x00000000dc100000,0x00000000dc100000,0x00000000dcc80000)
 ParOldGen       total 66048K, used 7268K [0x0000000080000000, 0x0000000084080000, 0x00000000d5580000)
  object space 66048K, 11% used [0x0000000080000000,0x00000000807190c8,0x0000000084080000)
 Metaspace       used 23141K, capacity 24092K, committed 24320K, reserved 1071104K
  class space    used 3282K, capacity 3528K, committed 3584K, reserved 1048576K
Event: 4.423 GC heap after
Heap after GC invocations=7 (full 1):
 PSYoungGen      total 94720K, used 4597K [0x00000000d5580000, 0x00000000dc580000, 0x0000000100000000)
  eden space 90112K, 0% used [0x00000000d5580000,0x00000000d5580000,0x00000000dad80000)
  from space 4608K, 99% used [0x00000000dc100000,0x00000000dc57d788,0x00000000dc580000)
  to   space 11776K, 0% used [0x00000000dae80000,0x00000000dae80000,0x00000000dba00000)
 ParOldGen       total 66048K, used 7276K [0x0000000080000000, 0x0000000084080000, 0x00000000d5580000)
  object space 66048K, 11% used [0x0000000080000000,0x000000008071b0c8,0x0000000084080000)
 Metaspace       used 23141K, capacity 24092K, committed 24320K, reserved 1071104K
  class space    used 3282K, capacity 3528K, committed 3584K, reserved 1048576K
}
Event: 5.545 GC heap before
{Heap before GC invocations=8 (full 1):
 PSYoungGen      total 94720K, used 94709K [0x00000000d5580000, 0x00000000dc580000, 0x0000000100000000)
  eden space 90112K, 100% used [0x00000000d5580000,0x00000000dad80000,0x00000000dad80000)
  from space 4608K, 99% used [0x00000000dc100000,0x00000000dc57d788,0x00000000dc580000)
  to   space 11776K, 0% used [0x00000000dae80000,0x00000000dae80000,0x00000000dba00000)
 ParOldGen       total 66048K, used 7276K [0x0000000080000000, 0x0000000084080000, 0x00000000d5580000)
  object space 66048K, 11% used [0x0000000080000000,0x000000008071b0c8,0x0000000084080000)
 Metaspace       used 33358K, capacity 34558K, committed 34816K, reserved 1079296K
  class space    used 4511K, capacity 4830K, committed 4864K, reserved 1048576K
Event: 5.558 GC heap after
Heap after GC invocations=8 (full 1):
 PSYoungGen      total 102912K, used 11751K [0x00000000d5580000, 0x00000000e0e80000, 0x0000000100000000)
  eden space 91136K, 0% used [0x00000000d5580000,0x00000000d5580000,0x00000000dae80000)
  from space 11776K, 99% used [0x00000000dae80000,0x00000000db9f9ee0,0x00000000dba00000)
  to   space 13824K, 0% used [0x00000000e0100000,0x00000000e0100000,0x00000000e0e80000)
 ParOldGen       total 66048K, used 8160K [0x0000000080000000, 0x0000000084080000, 0x00000000d5580000)
  object space 66048K, 12% used [0x0000000080000000,0x00000000807f8210,0x0000000084080000)
 Metaspace       used 33358K, capacity 34558K, committed 34816K, reserved 1079296K
  class space    used 4511K, capacity 4830K, committed 4864K, reserved 1048576K
}
Event: 5.777 GC heap before
{Heap before GC invocations=9 (full 1):
 PSYoungGen      total 102912K, used 31151K [0x00000000d5580000, 0x00000000e0e80000, 0x0000000100000000)
  eden space 91136K, 21% used [0x00000000d5580000,0x00000000d6871f20,0x00000000dae80000)
  from space 11776K, 99% used [0x00000000dae80000,0x00000000db9f9ee0,0x00000000dba00000)
  to   space 13824K, 0% used [0x00000000e0100000,0x00000000e0100000,0x00000000e0e80000)
 ParOldGen       total 66048K, used 8160K [0x0000000080000000, 0x0000000084080000, 0x00000000d5580000)
  object space 66048K, 12% used [0x0000000080000000,0x00000000807f8210,0x0000000084080000)
 Metaspace       used 34096K, capacity 35298K, committed 35416K, reserved 1079296K
  class space    used 4605K, capacity 4920K, committed 4992K, reserved 1048576K
Event: 5.786 GC heap after
Heap after GC invocations=9 (full 1):
 PSYoungGen      total 176128K, used 8510K [0x00000000d5580000, 0x00000000e1000000, 0x0000000100000000)
  eden space 162304K, 0% used [0x00000000d5580000,0x00000000d5580000,0x00000000df400000)
  from space 13824K, 61% used [0x00000000e0100000,0x00000000e094fa88,0x00000000e0e80000)
  to   space 13312K, 0% used [0x00000000df400000,0x00000000df400000,0x00000000e0100000)
 ParOldGen       total 66048K, used 8168K [0x0000000080000000, 0x0000000084080000, 0x00000000d5580000)
  object space 66048K, 12% used [0x0000000080000000,0x00000000807fa210,0x0000000084080000)
 Metaspace       used 34096K, capacity 35298K, committed 35416K, reserved 1079296K
  class space    used 4605K, capacity 4920K, committed 4992K, reserved 1048576K
}
Event: 5.786 GC heap before
{Heap before GC invocations=10 (full 2):
 PSYoungGen      total 176128K, used 8510K [0x00000000d5580000, 0x00000000e1000000, 0x0000000100000000)
  eden space 162304K, 0% used [0x00000000d5580000,0x00000000d5580000,0x00000000df400000)
  from space 13824K, 61% used [0x00000000e0100000,0x00000000e094fa88,0x00000000e0e80000)
  to   space 13312K, 0% used [0x00000000df400000,0x00000000df400000,0x00000000e0100000)
 ParOldGen       total 66048K, used 8168K [0x0000000080000000, 0x0000000084080000, 0x00000000d5580000)
  object space 66048K, 12% used [0x0000000080000000,0x00000000807fa210,0x0000000084080000)
 Metaspace       used 34096K, capacity 35298K, committed 35416K, reserved 1079296K
  class space    used 4605K, capacity 4920K, committed 4992K, reserved 1048576K
Event: 5.929 GC heap after
Heap after GC invocations=10 (full 2):
 PSYoungGen      total 176128K, used 0K [0x00000000d5580000, 0x00000000e1000000, 0x0000000100000000)
  eden space 162304K, 0% used [0x00000000d5580000,0x00000000d5580000,0x00000000df400000)
  from space 13824K, 0% used [0x00000000e0100000,0x00000000e0100000,0x00000000e0e80000)
  to   space 13312K, 0% used [0x00000000df400000,0x00000000df400000,0x00000000e0100000)
 ParOldGen       total 102912K, used 14879K [0x0000000080000000, 0x0000000086480000, 0x00000000d5580000)
  object space 102912K, 14% used [0x0000000080000000,0x0000000080e87d28,0x0000000086480000)
 Metaspace       used 34096K, capacity 35298K, committed 35416K, reserved 1079296K
  class space    used 4605K, capacity 4920K, committed 4992K, reserved 1048576K
}

Deoptimization events (10 events):
Event: 6.763 Thread 0x000000001aa05000 Uncommon trap: reason=unstable_if action=reinterpret pc=0x00000000031fd2d0 method=java.net.URLStreamHandler.sameFile(Ljava/net/URL;Ljava/net/URL;)Z @ 63
Event: 6.768 Thread 0x000000001aa05000 Uncommon trap: reason=unstable_if action=reinterpret pc=0x00000000032037d8 method=java.net.URLStreamHandler.sameFile(Ljava/net/URL;Ljava/net/URL;)Z @ 63
Event: 6.934 Thread 0x000000001aa05000 Uncommon trap: reason=unstable_if action=reinterpret pc=0x00000000035f8984 method=java.lang.ClassLoader.checkCerts(Ljava/lang/String;Ljava/security/CodeSource;)V @ 29
Event: 6.979 Thread 0x000000001aa05000 Uncommon trap: reason=unstable_if action=reinterpret pc=0x00000000034a5e38 method=org.gradle.internal.reflect.PropertyAccessorType.isGetGetterName(Ljava/lang/String;)Z @ 14
Event: 7.004 Thread 0x000000001aa05000 Uncommon trap: reason=unstable_if action=reinterpret pc=0x00000000031e6710 method=java.net.URLStreamHandler.sameFile(Ljava/net/URL;Ljava/net/URL;)Z @ 63
Event: 7.191 Thread 0x000000001aa05000 Uncommon trap: reason=unstable_if action=reinterpret pc=0x0000000003757df4 method=org.codehaus.groovy.reflection.CachedMethod.compareToMethod(Ljava/lang/reflect/Method;)I @ 43
Event: 7.314 Thread 0x000000001aa05000 Uncommon trap: reason=unstable_if action=reinterpret pc=0x000000000317b620 method=java.net.URI.match(CJJ)Z @ 45
Event: 7.814 Thread 0x000000001f15e800 Uncommon trap: reason=class_check action=maybe_recompile pc=0x0000000003090a1c method=java.util.concurrent.ConcurrentHashMap.putVal(Ljava/lang/Object;Ljava/lang/Object;Z)Ljava/lang/Object; @ 192
Event: 7.815 Thread 0x000000001f166800 Uncommon trap: reason=class_check action=maybe_recompile pc=0x0000000003090a1c method=java.util.concurrent.ConcurrentHashMap.putVal(Ljava/lang/Object;Ljava/lang/Object;Z)Ljava/lang/Object; @ 192
Event: 7.815 Thread 0x000000001f15f000 Uncommon trap: reason=class_check action=maybe_recompile pc=0x0000000003090a1c method=java.util.concurrent.ConcurrentHashMap.putVal(Ljava/lang/Object;Ljava/lang/Object;Z)Ljava/lang/Object; @ 192

Classes redefined (0 events):
No events

Internal exceptions (10 events):
Event: 7.264 Thread 0x000000001aa05000 Exception <a 'java/lang/ClassNotFoundException': org/gradle/api/internal/artifacts/repositories/AbstractResolutionAwareArtifactRepositoryCustomizer> (0x00000000dada4758) thrown at [C:\src\AOSP-openjdk-git\hotspot\src\share\vm\classfile\systemDictionary.cp
Event: 7.267 Thread 0x000000001aa05000 Exception <a 'java/lang/ClassNotFoundException': org/gradle/api/internal/artifacts/repositories/AbstractAuthenticationSupportedRepositoryCustomizer> (0x00000000dae12760) thrown at [C:\src\AOSP-openjdk-git\hotspot\src\share\vm\classfile\systemDictionary.cp
Event: 7.270 Thread 0x000000001aa05000 Exception <a 'java/lang/ClassNotFoundException': org/gradle/api/internal/artifacts/repositories/DefaultMavenArtifactRepositoryCustomizer> (0x00000000dae84008) thrown at [C:\src\AOSP-openjdk-git\hotspot\src\share\vm\classfile\systemDictionary.cpp, line 210
Event: 7.274 Thread 0x000000001aa05000 Exception <a 'java/lang/ClassNotFoundException': org/gradle/api/internal/artifacts/repositories/DefaultMavenArtifactRepository_DecoratedCustomizer> (0x00000000daf0c2b8) thrown at [C:\src\AOSP-openjdk-git\hotspot\src\share\vm\classfile\systemDictionary.cpp
Event: 7.301 Thread 0x000000001aa05000 Exception <a 'java/lang/ClassNotFoundException': groovy/lang/GString$1BeanInfo> (0x00000000db11fea0) thrown at [C:\src\AOSP-openjdk-git\hotspot\src\share\vm\classfile\systemDictionary.cpp, line 210]
Event: 7.302 Thread 0x000000001aa05000 Exception <a 'java/lang/ClassNotFoundException': groovy/lang/GStringBeanInfo> (0x00000000db141310) thrown at [C:\src\AOSP-openjdk-git\hotspot\src\share\vm\classfile\systemDictionary.cpp, line 210]
Event: 7.302 Thread 0x000000001aa05000 Exception <a 'java/lang/ClassNotFoundException': groovy/lang/GStringCustomizer> (0x00000000db1632f8) thrown at [C:\src\AOSP-openjdk-git\hotspot\src\share\vm\classfile\systemDictionary.cpp, line 210]
Event: 7.305 Thread 0x000000001aa05000 Exception <a 'java/lang/ClassNotFoundException': groovy/lang/GString$1Customizer> (0x00000000db1916d0) thrown at [C:\src\AOSP-openjdk-git\hotspot\src\share\vm\classfile\systemDictionary.cpp, line 210]
Event: 7.311 Thread 0x000000001aa05000 Exception <a 'java/lang/ClassNotFoundException': org/codehaus/groovy/runtime/GStringImplBeanInfo> (0x00000000db242ad0) thrown at [C:\src\AOSP-openjdk-git\hotspot\src\share\vm\classfile\systemDictionary.cpp, line 210]
Event: 7.312 Thread 0x000000001aa05000 Exception <a 'java/lang/ClassNotFoundException': org/codehaus/groovy/runtime/GStringImplCustomizer> (0x00000000db26eb38) thrown at [C:\src\AOSP-openjdk-git\hotspot\src\share\vm\classfile\systemDictionary.cpp, line 210]

Events (10 events):
Event: 7.822 Thread 0x0000000019987800 flushing nmethod 0x0000000002f9b490
Event: 7.822 Thread 0x0000000019987800 flushing nmethod 0x0000000002f9fad0
Event: 7.822 Thread 0x0000000019987800 flushing nmethod 0x0000000002fbfe50
Event: 7.822 Thread 0x0000000019987800 flushing nmethod 0x0000000002fc06d0
Event: 7.822 Thread 0x0000000019987800 flushing nmethod 0x0000000002fd25d0
Event: 7.822 Thread 0x0000000019987800 flushing nmethod 0x0000000002fe6790
Event: 7.822 Thread 0x0000000019987800 flushing nmethod 0x0000000003018990
Event: 7.823 Thread 0x0000000019987800 flushing nmethod 0x0000000003053890
Event: 7.823 loading class org/gradle/api/internal/artifacts/ivyservice/resolutionstrategy/DefaultCachePolicy$CachedArtifactResolutionControl
Event: 7.823 loading class org/gradle/api/internal/artifacts/ivyservice/resolutionstrategy/DefaultCachePolicy$CachedArtifactResolutionControl done


Dynamic libraries:
0x00007ff604e90000 - 0x00007ff604ec1000 	C:\Program Files\Android\android-studio-canary\jre\bin\java.exe
0x00007ffde5450000 - 0x00007ffde5644000 	C:\WINDOWS\SYSTEM32\ntdll.dll
0x00007ffde3b20000 - 0x00007ffde3bdd000 	C:\WINDOWS\System32\KERNEL32.DLL
0x00007ffde2fa0000 - 0x00007ffde3267000 	C:\WINDOWS\System32\KERNELBASE.dll
0x00007ffde3be0000 - 0x00007ffde3c8a000 	C:\WINDOWS\System32\ADVAPI32.dll
0x00007ffde4860000 - 0x00007ffde48fe000 	C:\WINDOWS\System32\msvcrt.dll
0x00007ffde3d70000 - 0x00007ffde3e0b000 	C:\WINDOWS\System32\sechost.dll
0x00007ffde3580000 - 0x00007ffde36a3000 	C:\WINDOWS\System32\RPCRT4.dll
0x00007ffde4ba0000 - 0x00007ffde4d40000 	C:\WINDOWS\System32\USER32.dll
0x00007ffde32d0000 - 0x00007ffde32f2000 	C:\WINDOWS\System32\win32u.dll
0x00007ffde4ab0000 - 0x00007ffde4ada000 	C:\WINDOWS\System32\GDI32.dll
0x00007ffde33b0000 - 0x00007ffde34ba000 	C:\WINDOWS\System32\gdi32full.dll
0x00007ffde2ba0000 - 0x00007ffde2c3d000 	C:\WINDOWS\System32\msvcp_win.dll
0x00007ffde2ea0000 - 0x00007ffde2fa0000 	C:\WINDOWS\System32\ucrtbase.dll
0x00007ffdd5440000 - 0x00007ffdd56da000 	C:\WINDOWS\WinSxS\amd64_microsoft.windows.common-controls_6595b64144ccf1df_6.0.19041.1_none_b555e41d4684ddec\COMCTL32.dll
0x00007ffde3550000 - 0x00007ffde3580000 	C:\WINDOWS\System32\IMM32.DLL
0x0000000067410000 - 0x00000000674e2000 	C:\Program Files\Android\android-studio-canary\jre\jre\bin\msvcr100.dll
0x00000000675d0000 - 0x0000000067e1b000 	C:\Program Files\Android\android-studio-canary\jre\jre\bin\server\jvm.dll
0x00007ffde4780000 - 0x00007ffde4788000 	C:\WINDOWS\System32\PSAPI.DLL
0x00007ffdd8a90000 - 0x00007ffdd8a99000 	C:\WINDOWS\SYSTEM32\WSOCK32.dll
0x00007ffddb1a0000 - 0x00007ffddb1aa000 	C:\WINDOWS\SYSTEM32\VERSION.dll
0x00007ffde5150000 - 0x00007ffde51bb000 	C:\WINDOWS\System32\WS2_32.dll
0x00007ffddb170000 - 0x00007ffddb197000 	C:\WINDOWS\SYSTEM32\WINMM.dll
0x00007ffdcd3f0000 - 0x00007ffdcd3ff000 	C:\Program Files\Android\android-studio-canary\jre\jre\bin\verify.dll
0x00007ffdaf4e0000 - 0x00007ffdaf509000 	C:\Program Files\Android\android-studio-canary\jre\jre\bin\java.dll
0x00007ffdc8540000 - 0x00007ffdc8556000 	C:\Program Files\Android\android-studio-canary\jre\jre\bin\zip.dll
0x00007ffde3e30000 - 0x00007ffde4564000 	C:\WINDOWS\System32\SHELL32.dll
0x00007ffde0d30000 - 0x00007ffde14be000 	C:\WINDOWS\SYSTEM32\windows.storage.dll
0x00007ffde4d40000 - 0x00007ffde5093000 	C:\WINDOWS\System32\combase.dll
0x00007ffde2620000 - 0x00007ffde264b000 	C:\WINDOWS\SYSTEM32\Wldp.dll
0x00007ffde50a0000 - 0x00007ffde514e000 	C:\WINDOWS\System32\SHCORE.dll
0x00007ffde53b0000 - 0x00007ffde5405000 	C:\WINDOWS\System32\shlwapi.dll
0x00007ffde2ae0000 - 0x00007ffde2aff000 	C:\WINDOWS\SYSTEM32\profapi.dll
0x00007ffdc8470000 - 0x00007ffdc848a000 	C:\Program Files\Android\android-studio-canary\jre\jre\bin\net.dll
0x00007ffde23a0000 - 0x00007ffde240a000 	C:\WINDOWS\system32\mswsock.dll
0x00007ffdc7a90000 - 0x00007ffdc7aa3000 	C:\Program Files\Android\android-studio-canary\jre\jre\bin\nio.dll
0x00007ffdc3f90000 - 0x00007ffdc3fb7000 	N:\_AndroidGradle\native\f6784746aeab05261644944871eae4fe03e0ef1612fff0a4a95f87b438bc6780\windows-amd64\native-platform.dll
0x00007ffdcba60000 - 0x00007ffdcba6d000 	C:\Program Files\Android\android-studio-canary\jre\jre\bin\management.dll
0x00007ffde2570000 - 0x00007ffde2588000 	C:\WINDOWS\SYSTEM32\CRYPTSP.dll
0x00007ffde1cc0000 - 0x00007ffde1cf4000 	C:\WINDOWS\system32\rsaenh.dll
0x00007ffde2c40000 - 0x00007ffde2c67000 	C:\WINDOWS\System32\bcrypt.dll
0x00007ffde2aa0000 - 0x00007ffde2ace000 	C:\WINDOWS\SYSTEM32\USERENV.dll
0x00007ffde2cc0000 - 0x00007ffde2d3f000 	C:\WINDOWS\System32\bcryptprimitives.dll
0x00007ffde2590000 - 0x00007ffde259c000 	C:\WINDOWS\SYSTEM32\CRYPTBASE.dll
0x00007ffde2040000 - 0x00007ffde207b000 	C:\WINDOWS\SYSTEM32\IPHLPAPI.DLL
0x00007ffde4770000 - 0x00007ffde4779000 	C:\WINDOWS\System32\NSI.dll
0x00007ffddcea0000 - 0x00007ffddceb7000 	C:\WINDOWS\SYSTEM32\dhcpcsvc6.DLL
0x00007ffddce80000 - 0x00007ffddce9d000 	C:\WINDOWS\SYSTEM32\dhcpcsvc.DLL
0x00007ffde2090000 - 0x00007ffde215a000 	C:\WINDOWS\SYSTEM32\DNSAPI.dll
0x00007ffddc990000 - 0x00007ffddc99b000 	C:\WINDOWS\SYSTEM32\WINNSI.DLL
0x00007ffde1910000 - 0x00007ffde1943000 	C:\WINDOWS\SYSTEM32\ntmarta.dll

VM Arguments:
jvm_args: -Xmx2048m -Dfile.encoding=UTF-8 -Duser.country=RU -Duser.language=ru -Duser.variant 
java_command: org.gradle.launcher.daemon.bootstrap.GradleDaemon 6.5.1
java_class_path (initial): N:\_AndroidGradle\wrapper\dists\gradle-6.5.1-bin\1m5048aptkfynhbvolwgr4ej9\gradle-6.5.1\lib\gradle-launcher-6.5.1.jar
Launcher Type: SUN_STANDARD

Environment Variables:
JAVA_HOME=C:\Program Files\Java\jdk-14.0.1
PATH=C:\Program Files (x86)\NVIDIA Corporation\PhysX\Common;C:\WINDOWS\system32;C:\WINDOWS;C:\WINDOWS\System32\Wbem;C:\WINDOWS\System32\WindowsPowerShell\v1.0\;C:\WINDOWS\System32\OpenSSH\;C:\Program Files (x86)\ATI Technologies\ATI.ACE\Core-Static;C:\Program Files\Java\jdk-14.0.1\bin;C:\Program Files (x86)\Common Files\Acronis\SnapAPI\;C:\Program Files\Git\cmd;N:\_AndroidSDK\platform-tools;C:\Users\delaf\AppData\Local\Microsoft\WindowsApps;;C:\Users\delaf\AppData\Local\Programs\Fiddler;%USERPROFILE%\AppData\Local\Microsoft\WindowsApps
USERNAME=delaf
OS=Windows_NT
PROCESSOR_IDENTIFIER=Intel64 Family 6 Model 26 Stepping 5, GenuineIntel



---------------  S Y S T E M  ---------------

OS: Windows 10.0 , 64 bit Build 19041 (10.0.19041.292)

CPU:total 8 (initial active 8) (4 cores per cpu, 2 threads per core) family 6 model 26 stepping 5, cmov, cx8, fxsr, mmx, sse, sse2, sse3, ssse3, sse4.1, sse4.2, popcnt, ht, tsc, tscinvbit, tscinv

Memory: 4k page, physical 12573792k(2224256k free), swap 20962400k(4268k free)

vm_info: OpenJDK 64-Bit Server VM (25.242-b01) for windows-amd64 JRE (1.8.0_242-release-1644-b01), built by "builder" with MS VC++ 10.0 (VS2010)

time: Sat Jul 04 05:02:24 2020
timezone: RTZ 2 (зима)
elapsed time: 7 seconds (0d 0h 0m 7s)

