#
# There is insufficient memory for the Java Runtime Environment to continue.
# Native memory allocation (mmap) failed to map 201326592 bytes for Failed to commit area from 0x0000000740200000 to 0x000000074c200000 of length 201326592.
# Possible reasons:
#   The system is out of physical RAM or swap space
#   The process is running with CompressedOops enabled, and the Java Heap may be blocking the growth of the native heap
# Possible solutions:
#   Reduce memory load on the system
#   Increase physical memory or swap space
#   Check if swap backing store is full
#   Decrease Java heap size (-Xmx/-Xms)
#   Decrease number of Java threads
#   Decrease Java thread stack sizes (-Xss)
#   Set larger code cache with -XX:ReservedCodeCacheSize=
# This output file may be truncated or incomplete.
#
#  Out of Memory Error (t:/workspace/open/src/hotspot/os/windows/os_windows.cpp:3301), pid=9196, tid=10660
#
# JRE version:  (13.0.1+9) (build )
# Java VM: Java HotSpot(TM) 64-Bit Server VM (13.0.1+9, mixed mode, aot, sharing, tiered, compressed oops, g1 gc, windows-amd64)
# No core dump will be written. Minidumps are not enabled by default on client versions of Windows
#

---------------  S U M M A R Y ------------

Command Line: -ea -Didea.test.cyclic.buffer.size=1048576 -javaagent:C:\Program Files\JetBrains\IntelliJ IDEA Community Edition 2019.3.1\lib\idea_rt.jar=65479:C:\Program Files\JetBrains\IntelliJ IDEA Community Edition 2019.3.1\bin -Dfile.encoding=UTF-8 com.intellij.rt.junit.JUnitStarter -ideVersion5 -junit5 lesson4.task1.Tests

Host: Intel(R) Core(TM) i7 CPU         930  @ 2.80GHz, 8 cores, 11G,  Windows 10 , 64 bit Build 18362 (10.0.18362.329)
Time: Sat Feb  1 05:22:03 2020 RTZ 2 (ceia) elapsed time: 0 seconds (0d 0h 0m 0s)

---------------  T H R E A D  ---------------

Current thread (0x0000012567c0e800):  JavaThread "Unknown thread" [_thread_in_vm, id=10660, stack(0x00000008d5500000,0x00000008d5600000)]

Stack: [0x00000008d5500000,0x00000008d5600000]
Native frames: (J=compiled Java code, j=interpreted, Vv=VM code, C=native code)
V  [jvm.dll+0x626eca]
V  [jvm.dll+0x772c6a]
V  [jvm.dll+0x77441f]
V  [jvm.dll+0x774a23]
V  [jvm.dll+0x24da58]
V  [jvm.dll+0x62438a]
V  [jvm.dll+0x618f75]
V  [jvm.dll+0x30c61c]
V  [jvm.dll+0x30c452]
V  [jvm.dll+0x311bc6]
V  [jvm.dll+0x355ce6]
V  [jvm.dll+0x3554c0]
V  [jvm.dll+0x2e729a]
V  [jvm.dll+0x2e8532]
V  [jvm.dll+0x74fcd8]
V  [jvm.dll+0x363739]
V  [jvm.dll+0x732dc5]
V  [jvm.dll+0x3ce2ef]
V  [jvm.dll+0x3d0611]
C  [jli.dll+0x51ff]
C  [ucrtbase.dll+0x20e72]
C  [KERNEL32.DLL+0x17bd4]
C  [ntdll.dll+0x6ced1]


---------------  P R O C E S S  ---------------

Threads class SMR info:
_java_thread_list=0x00007ff8645d46b8, length=0, elements={
}

Java Threads: ( => current thread )

Other Threads:
  0x0000012569e09000 GCTaskThread "GC Thread#0" [stack: 0x00000008d5600000,0x00000008d5700000] [id=11848]
  0x0000012569e22800 ConcurrentGCThread "G1 Main Marker" [stack: 0x00000008d5700000,0x00000008d5800000] [id=10420]
  0x0000012569e23800 ConcurrentGCThread "G1 Conc#0" [stack: 0x00000008d5800000,0x00000008d5900000] [id=7232]

[error occurred during error reporting (printing all threads), id 0xc0000005, EXCEPTION_ACCESS_VIOLATION (0xc0000005) at pc=0x00007ff863e06f67]

VM state:not at safepoint (not fully initialized)

VM Mutex/Monitor currently owned by a thread:  ([mutex/lock_event])
[0x0000012569daec70] Heap_lock - owner thread: 0x0000012567c0e800

Heap address: 0x0000000740200000, size: 3070 MB, Compressed Oops mode: Non-zero based: 0x0000000740200000
Narrow klass base: 0x0000000000000000, Narrow klass shift: 0

GC Heap History (0 events):
No events

Deoptimization events (0 events):
No events

Classes unloaded (0 events):
No events

Classes redefined (0 events):
No events

Internal exceptions (0 events):
No events

Events (8 events):
Event: 0.010 Loaded shared library C:\Program Files\Java\jdk-13.0.1\bin\zip.dll
Event: 0.010 Loaded shared library C:\Program Files\Java\jdk-13.0.1\bin\jimage.dll
Event: 0.012 Loading shared library C:\Program Files\Java\jdk-13.0.1\lib\libjava.base-coop.dll failed, error code 126
Event: 0.012 Loading shared library C:\Program Files\Java\jdk-13.0.1\lib\libjava.logging-coop.dll failed, error code 126
Event: 0.012 Loading shared library C:\Program Files\Java\jdk-13.0.1\lib\libjdk.compiler-coop.dll failed, error code 126
Event: 0.012 Loading shared library C:\Program Files\Java\jdk-13.0.1\lib\libjdk.scripting.nashorn-coop.dll failed, error code 126
Event: 0.012 Loading shared library C:\Program Files\Java\jdk-13.0.1\lib\libjdk.internal.vm.ci-coop.dll failed, error code 126
Event: 0.012 Loading shared library C:\Program Files\Java\jdk-13.0.1\lib\libjdk.internal.vm.compiler-coop.dll failed, error code 126


Dynamic libraries:
0x00007ff6fb270000 - 0x00007ff6fb27f000 	C:\Program Files\Java\jdk-13.0.1\bin\java.exe
0x00007ff8ad360000 - 0x00007ff8ad550000 	C:\WINDOWS\SYSTEM32\ntdll.dll
0x00007ff8acfe0000 - 0x00007ff8ad092000 	C:\WINDOWS\System32\KERNEL32.DLL
0x00007ff8aad30000 - 0x00007ff8aafd3000 	C:\WINDOWS\System32\KERNELBASE.dll
0x00007ff8ab130000 - 0x00007ff8ab22a000 	C:\WINDOWS\System32\ucrtbase.dll
0x00007ff886fe0000 - 0x00007ff886ff5000 	C:\Program Files\Java\jdk-13.0.1\bin\VCRUNTIME140.dll
0x00007ff88a070000 - 0x00007ff88a088000 	C:\Program Files\Java\jdk-13.0.1\bin\jli.dll
0x00007ff8acb30000 - 0x00007ff8acbd3000 	C:\WINDOWS\System32\ADVAPI32.dll
0x00007ff8ab970000 - 0x00007ff8aba0e000 	C:\WINDOWS\System32\msvcrt.dll
0x00007ff8ac490000 - 0x00007ff8ac527000 	C:\WINDOWS\System32\sechost.dll
0x00007ff8acea0000 - 0x00007ff8acfc0000 	C:\WINDOWS\System32\RPCRT4.dll
0x00007ff8ad120000 - 0x00007ff8ad2b4000 	C:\WINDOWS\System32\USER32.dll
0x00007ff8aa2f0000 - 0x00007ff8aa311000 	C:\WINDOWS\System32\win32u.dll
0x00007ff8acbf0000 - 0x00007ff8acc16000 	C:\WINDOWS\System32\GDI32.dll
0x00007ff899fe0000 - 0x00007ff89a265000 	C:\WINDOWS\WinSxS\amd64_microsoft.windows.common-controls_6595b64144ccf1df_6.0.18362.592_none_e6c0b1911312be02\COMCTL32.dll
0x00007ff8aab70000 - 0x00007ff8aad04000 	C:\WINDOWS\System32\gdi32full.dll
0x00007ff8ab310000 - 0x00007ff8ab3ae000 	C:\WINDOWS\System32\msvcp_win.dll
0x00007ff8ab540000 - 0x00007ff8ab876000 	C:\WINDOWS\System32\combase.dll
0x00007ff8aa320000 - 0x00007ff8aa3a0000 	C:\WINDOWS\System32\bcryptPrimitives.dll
0x00007ff8a3d80000 - 0x00007ff8a3d8a000 	C:\WINDOWS\SYSTEM32\VERSION.dll
0x00007ff8ac530000 - 0x00007ff8ac55e000 	C:\WINDOWS\System32\IMM32.DLL
0x00007ff87cfb0000 - 0x00007ff87d04b000 	C:\Program Files\Java\jdk-13.0.1\bin\msvcp140.dll
0x00007ff863b10000 - 0x00007ff864676000 	C:\Program Files\Java\jdk-13.0.1\bin\server\jvm.dll
0x00007ff8acfc0000 - 0x00007ff8acfc8000 	C:\WINDOWS\System32\PSAPI.DLL
0x00007ff8a2970000 - 0x00007ff8a2994000 	C:\WINDOWS\SYSTEM32\WINMM.dll
0x00007ff89e800000 - 0x00007ff89e809000 	C:\WINDOWS\SYSTEM32\WSOCK32.dll
0x00007ff8ab900000 - 0x00007ff8ab96f000 	C:\WINDOWS\System32\WS2_32.dll
0x00007ff8a2010000 - 0x00007ff8a203d000 	C:\WINDOWS\SYSTEM32\WINMMBASE.dll
0x00007ff8aab20000 - 0x00007ff8aab6a000 	C:\WINDOWS\System32\cfgmgr32.dll
0x00007ff8aa240000 - 0x00007ff8aa251000 	C:\WINDOWS\System32\kernel.appcore.dll
0x00007ff88e940000 - 0x00007ff88e950000 	C:\Program Files\Java\jdk-13.0.1\bin\verify.dll
0x00007ff898d50000 - 0x00007ff898f44000 	C:\WINDOWS\SYSTEM32\DBGHELP.DLL
0x00007ff898d20000 - 0x00007ff898d4a000 	C:\WINDOWS\SYSTEM32\dbgcore.DLL
0x00007ff87fcb0000 - 0x00007ff87fcd6000 	C:\Program Files\Java\jdk-13.0.1\bin\java.dll
0x00007ff8a6ef0000 - 0x00007ff8a6efe000 	C:\Program Files\Java\jdk-13.0.1\bin\instrument.dll
0x00007ff886fc0000 - 0x00007ff886fd7000 	C:\Program Files\Java\jdk-13.0.1\bin\zip.dll
0x00007ff887620000 - 0x00007ff88762a000 	C:\Program Files\Java\jdk-13.0.1\bin\jimage.dll

dbghelp: loaded successfully - version: 4.0.5 - missing functions: none
symbol engine: initialized successfully - sym options: 0x614 - pdb path: .;C:\Program Files\Java\jdk-13.0.1\bin;C:\WINDOWS\SYSTEM32;C:\WINDOWS\WinSxS\amd64_microsoft.windows.common-controls_6595b64144ccf1df_6.0.18362.592_none_e6c0b1911312be02;C:\Program Files\Java\jdk-13.0.1\bin\server

VM Arguments:
jvm_args: -ea -Didea.test.cyclic.buffer.size=1048576 -javaagent:C:\Program Files\JetBrains\IntelliJ IDEA Community Edition 2019.3.1\lib\idea_rt.jar=65479:C:\Program Files\JetBrains\IntelliJ IDEA Community Edition 2019.3.1\bin -Dfile.encoding=UTF-8 
java_command: com.intellij.rt.junit.JUnitStarter -ideVersion5 -junit5 lesson4.task1.Tests
java_class_path (initial): C:\Program Files\JetBrains\IntelliJ IDEA Community Edition 2019.3.1\lib\idea_rt.jar;C:\Program Files\JetBrains\IntelliJ IDEA Community Edition 2019.3.1\plugins\junit\lib\junit5-rt.jar;C:\Program Files\JetBrains\IntelliJ IDEA Community Edition 2019.3.1\plugins\junit\lib\junit-rt.jar;N:\Certification\KotlinAsFirst2019\target\test-classes;N:\Certification\KotlinAsFirst2019\target\classes;C:\Users\delaf\.m2\repository\org\jetbrains\kotlin\kotlin-stdlib\1.3.41\kotlin-stdlib-1.3.41.jar;C:\Users\delaf\.m2\repository\org\jetbrains\kotlin\kotlin-stdlib-common\1.3.41\kotlin-stdlib-common-1.3.41.jar;C:\Users\delaf\.m2\repository\org\jetbrains\annotations\13.0\annotations-13.0.jar;C:\Users\delaf\.m2\repository\org\jetbrains\kotlin\kotlin-reflect\1.3.41\kotlin-reflect-1.3.41.jar;C:\Users\delaf\.m2\repository\org\jetbrains\kotlinx\kotlinx-html-jvm\0.6.12\kotlinx-html-jvm-0.6.12.jar;C:\Users\delaf\.m2\repository\ru\spbstu\kcheck\0.0.0.4\kcheck-0.0.0.4.jar;C:\Users\delaf\.m2\repository\junit\junit\4.12\junit-4.12.jar;C:\Users\delaf\.m2\repository\org\hamcrest\hamcrest-core\1.3\hamcrest-core-1.3.jar;C:\Users\delaf\.m2\repository\ru\spbstu\kotlin-type-classes\0.0.0.4\kotlin-type-classes-0.0.0.4.jar;C:\Users\delaf\.m2\repository\ru\spbstu\kotlin-wheels\0.0.0.1\kotlin-wheels-0.0.0.1.jar;C:\Users\delaf\.m2\repository\ru\spbstu\kotlinx-warnings\1.3.31\kotlinx-warnings-1.3.31.jar;C:\Users\delaf\.m2\repository\ru\spbstu\ktuples\0.0.1.9\ktuples-0.0.1.9.jar;C:\Users\delaf\.m2\repository\org\junit\jupiter\junit-jupiter-api\5.5.1\junit-jupiter-api-5.5.1.jar;C:\Users\delaf\.m2\repository\org\apiguardian\apiguardian-api\1.1.0\apiguardian-api-1.1.0.jar;C:\Users\delaf\.m2\repository\org\opentest4j\opentest4j\1.2.0\opentest4j-1.2.0.jar;C:\Users\delaf\.m2\repository\org\junit\platform\junit-platform-commons\1.5.1\junit-platform-commons-1.5.1.jar;C:\Users\delaf\.m2\repository\org\junit\jupiter\junit-jupiter-engine\5.5.1\junit-jupiter-engine-5.5.1.jar;C:\Users\delaf\.m2\re
Launcher Type: SUN_STANDARD

[Global flags]
     intx CICompilerCount                          = 4                                         {product} {ergonomic}
     uint ConcGCThreads                            = 2                                         {product} {ergonomic}
     uint G1ConcRefinementThreads                  = 8                                         {product} {ergonomic}
   size_t G1HeapRegionSize                         = 1048576                                   {product} {ergonomic}
    uintx GCDrainStackTargetSize                   = 64                                        {product} {ergonomic}
   size_t InitialHeapSize                          = 201326592                                 {product} {ergonomic}
   size_t MarkStackSize                            = 4194304                                   {product} {ergonomic}
   size_t MaxHeapSize                              = 3219128320                                {product} {ergonomic}
   size_t MinHeapDeltaBytes                        = 1048576                                   {product} {ergonomic}
   size_t MinHeapSize                              = 8388608                                   {product} {ergonomic}
    uintx NonNMethodCodeHeapSize                   = 5836300                                {pd product} {ergonomic}
    uintx NonProfiledCodeHeapSize                  = 122910970                              {pd product} {ergonomic}
    uintx ProfiledCodeHeapSize                     = 122910970                              {pd product} {ergonomic}
    uintx ReservedCodeCacheSize                    = 251658240                              {pd product} {ergonomic}
     bool SegmentedCodeCache                       = true                                      {product} {ergonomic}
   size_t SoftMaxHeapSize                          = 3219128320                             {manageable} {ergonomic}
     bool UseCompressedClassPointers               = true                                 {lp64_product} {ergonomic}
     bool UseCompressedOops                        = true                                 {lp64_product} {ergonomic}
     bool UseG1GC                                  = true                                      {product} {ergonomic}
     bool UseLargePagesIndividualAllocation        = false                                  {pd product} {ergonomic}

Logging:
Log output configuration:
 #0: stdout all=warning uptime,level,tags
 #1: stderr all=off uptime,level,tags

Environment Variables:
JAVA_HOME=C:\Program Files\Java\jdk-13.0.1
PATH=C:\Program Files (x86)\NVIDIA Corporation\PhysX\Common;C:\WINDOWS\system32;C:\WINDOWS;C:\WINDOWS\System32\Wbem;C:\WINDOWS\System32\WindowsPowerShell\v1.0\;C:\WINDOWS\System32\OpenSSH\;C:\Program Files (x86)\ATI Technologies\ATI.ACE\Core-Static;C:\Program Files\Java\jdk-13.0.1\bin;C:\Program Files (x86)\Common Files\Acronis\SnapAPI\;C:\Program Files\Git\cmd;C:\Users\delaf\AppData\Local\Microsoft\WindowsApps;;C:\Users\delaf\AppData\Local\Programs\Fiddler
USERNAME=delaf
OS=Windows_NT
PROCESSOR_IDENTIFIER=Intel64 Family 6 Model 26 Stepping 5, GenuineIntel



---------------  S Y S T E M  ---------------

OS: Windows 10 , 64 bit Build 18362 (10.0.18362.329)

CPU:total 8 (initial active 8) (4 cores per cpu, 2 threads per core) family 6 model 26 stepping 5, cmov, cx8, fxsr, mmx, sse, sse2, sse3, ssse3, sse4.1, sse4.2, popcnt, ht, tsc, tscinvbit, tscinv

Memory: 4k page, system-wide physical 12279M (2293M free)
TotalPageFile size 12279M (AvailPageFile size 124M)
current process WorkingSet (physical memory assigned to process): 10M, peak: 10M
current process commit charge ("private bytes"): 60M, peak: 252M

vm_info: Java HotSpot(TM) 64-Bit Server VM (13.0.1+9) for windows-amd64 JRE (13.0.1+9), built on Oct  6 2019 12:37:49 by "mach5one" with unknown MS VC++:1916

END.
