#
# There is insufficient memory for the Java Runtime Environment to continue.
# Native memory allocation (mmap) failed to map 201326592 bytes for Failed to commit area from 0x0000000740200000 to 0x000000074c200000 of length 201326592.
# Possible reasons:
#   The system is out of physical RAM or swap space
#   The process is running with CompressedOops enabled, and the Java Heap may be blocking the growth of the native heap
# Possible solutions:
#   Reduce memory load on the system
#   Increase physical memory or swap space
#   Check if swap backing store is full
#   Decrease Java heap size (-Xmx/-Xms)
#   Decrease number of Java threads
#   Decrease Java thread stack sizes (-Xss)
#   Set larger code cache with -XX:ReservedCodeCacheSize=
# This output file may be truncated or incomplete.
#
#  Out of Memory Error (t:/workspace/open/src/hotspot/os/windows/os_windows.cpp:3301), pid=13920, tid=8116
#
# JRE version:  (13.0.1+9) (build )
# Java VM: Java HotSpot(TM) 64-Bit Server VM (13.0.1+9, mixed mode, aot, sharing, tiered, compressed oops, g1 gc, windows-amd64)
# No core dump will be written. Minidumps are not enabled by default on client versions of Windows
#

---------------  S U M M A R Y ------------

Command Line: -ea -Didea.test.cyclic.buffer.size=1048576 -javaagent:C:\Program Files\JetBrains\IntelliJ IDEA Community Edition 2019.3.1\lib\idea_rt.jar=50931:C:\Program Files\JetBrains\IntelliJ IDEA Community Edition 2019.3.1\bin -Dfile.encoding=UTF-8 com.intellij.rt.junit.JUnitStarter -ideVersion5 -junit5 lesson6.task1.Tests,flattenPhoneNumber

Host: Intel(R) Core(TM) i7 CPU         930  @ 2.80GHz, 8 cores, 11G,  Windows 10 , 64 bit Build 18362 (10.0.18362.329)
Time: Fri Feb  7 07:35:32 2020 RTZ 2 (ceia) elapsed time: 0 seconds (0d 0h 0m 0s)

---------------  T H R E A D  ---------------

Current thread (0x00000220ebb42800):  JavaThread "Unknown thread" [_thread_in_vm, id=8116, stack(0x000000e301d00000,0x000000e301e00000)]

Stack: [0x000000e301d00000,0x000000e301e00000]
Native frames: (J=compiled Java code, j=interpreted, Vv=VM code, C=native code)
V  [jvm.dll+0x626eca]
V  [jvm.dll+0x772c6a]
V  [jvm.dll+0x77441f]
V  [jvm.dll+0x774a23]
V  [jvm.dll+0x24da58]
V  [jvm.dll+0x62438a]
V  [jvm.dll+0x618f75]
V  [jvm.dll+0x30c61c]
V  [jvm.dll+0x30c452]
V  [jvm.dll+0x311bc6]
V  [jvm.dll+0x355ce6]
V  [jvm.dll+0x3554c0]
V  [jvm.dll+0x2e729a]
V  [jvm.dll+0x2e8532]
V  [jvm.dll+0x74fcd8]
V  [jvm.dll+0x363739]
V  [jvm.dll+0x732dc5]
V  [jvm.dll+0x3ce2ef]
V  [jvm.dll+0x3d0611]
C  [jli.dll+0x51ff]
C  [ucrtbase.dll+0x20e72]
C  [KERNEL32.DLL+0x17bd4]
C  [ntdll.dll+0x6ced1]


---------------  P R O C E S S  ---------------

Threads class SMR info:
_java_thread_list=0x00007ffe5a8c46b8, length=0, elements={
}

Java Threads: ( => current thread )

Other Threads:
  0x00000220ebb9c800 GCTaskThread "GC Thread#0" [stack: 0x000000e301e00000,0x000000e301f00000] [id=12032]
  0x00000220ebbb6000 ConcurrentGCThread "G1 Main Marker" [stack: 0x000000e301f00000,0x000000e302000000] [id=8808]
  0x00000220ebbb7800 ConcurrentGCThread "G1 Conc#0" [stack: 0x000000e302000000,0x000000e302100000] [id=11616]

[error occurred during error reporting (printing all threads), id 0xc0000005, EXCEPTION_ACCESS_VIOLATION (0xc0000005) at pc=0x00007ffe5a0f6f67]

VM state:not at safepoint (not fully initialized)

VM Mutex/Monitor currently owned by a thread:  ([mutex/lock_event])
[0x00000220ebb3f880] Heap_lock - owner thread: 0x00000220ebb42800

Heap address: 0x0000000740200000, size: 3070 MB, Compressed Oops mode: Non-zero based: 0x0000000740200000
Narrow klass base: 0x0000000000000000, Narrow klass shift: 0

GC Heap History (0 events):
No events

Deoptimization events (0 events):
No events

Classes unloaded (0 events):
No events

Classes redefined (0 events):
No events

Internal exceptions (0 events):
No events

Events (8 events):
Event: 0.011 Loaded shared library C:\Program Files\Java\jdk-13.0.1\bin\zip.dll
Event: 0.012 Loaded shared library C:\Program Files\Java\jdk-13.0.1\bin\jimage.dll
Event: 0.014 Loading shared library C:\Program Files\Java\jdk-13.0.1\lib\libjava.base-coop.dll failed, error code 126
Event: 0.014 Loading shared library C:\Program Files\Java\jdk-13.0.1\lib\libjava.logging-coop.dll failed, error code 126
Event: 0.014 Loading shared library C:\Program Files\Java\jdk-13.0.1\lib\libjdk.compiler-coop.dll failed, error code 126
Event: 0.014 Loading shared library C:\Program Files\Java\jdk-13.0.1\lib\libjdk.scripting.nashorn-coop.dll failed, error code 126
Event: 0.014 Loading shared library C:\Program Files\Java\jdk-13.0.1\lib\libjdk.internal.vm.ci-coop.dll failed, error code 126
Event: 0.014 Loading shared library C:\Program Files\Java\jdk-13.0.1\lib\libjdk.internal.vm.compiler-coop.dll failed, error code 126


Dynamic libraries:
0x00007ff636960000 - 0x00007ff63696f000 	C:\Program Files\Java\jdk-13.0.1\bin\java.exe
0x00007ffeaa5c0000 - 0x00007ffeaa7b0000 	C:\WINDOWS\SYSTEM32\ntdll.dll
0x00007ffea97d0000 - 0x00007ffea9882000 	C:\WINDOWS\System32\KERNEL32.DLL
0x00007ffea7550000 - 0x00007ffea77f3000 	C:\WINDOWS\System32\KERNELBASE.dll
0x00007ffea7830000 - 0x00007ffea792a000 	C:\WINDOWS\System32\ucrtbase.dll
0x00007ffea1310000 - 0x00007ffea1328000 	C:\Program Files\Java\jdk-13.0.1\bin\jli.dll
0x00007ffea12f0000 - 0x00007ffea1305000 	C:\Program Files\Java\jdk-13.0.1\bin\VCRUNTIME140.dll
0x00007ffea8e90000 - 0x00007ffea8f33000 	C:\WINDOWS\System32\ADVAPI32.dll
0x00007ffea8670000 - 0x00007ffea870e000 	C:\WINDOWS\System32\msvcrt.dll
0x00007ffea8710000 - 0x00007ffea87a7000 	C:\WINDOWS\System32\sechost.dll
0x00007ffea9890000 - 0x00007ffea99b0000 	C:\WINDOWS\System32\RPCRT4.dll
0x00007ffea9c80000 - 0x00007ffea9e14000 	C:\WINDOWS\System32\USER32.dll
0x00007ffea8640000 - 0x00007ffea8661000 	C:\WINDOWS\System32\win32u.dll
0x00007ffea8a00000 - 0x00007ffea8a26000 	C:\WINDOWS\System32\GDI32.dll
0x00007ffe97610000 - 0x00007ffe97895000 	C:\WINDOWS\WinSxS\amd64_microsoft.windows.common-controls_6595b64144ccf1df_6.0.18362.628_none_e6c6b62f130d50fc\COMCTL32.dll
0x00007ffea80b0000 - 0x00007ffea8244000 	C:\WINDOWS\System32\gdi32full.dll
0x00007ffea93b0000 - 0x00007ffea96e6000 	C:\WINDOWS\System32\combase.dll
0x00007ffea82b0000 - 0x00007ffea834e000 	C:\WINDOWS\System32\msvcp_win.dll
0x00007ffea85a0000 - 0x00007ffea8620000 	C:\WINDOWS\System32\bcryptPrimitives.dll
0x00007ffea0ef0000 - 0x00007ffea0efa000 	C:\WINDOWS\SYSTEM32\VERSION.dll
0x00007ffea96f0000 - 0x00007ffea971e000 	C:\WINDOWS\System32\IMM32.DLL
0x00007ffe75d90000 - 0x00007ffe75e2b000 	C:\Program Files\Java\jdk-13.0.1\bin\msvcp140.dll
0x00007ffe59e00000 - 0x00007ffe5a966000 	C:\Program Files\Java\jdk-13.0.1\bin\server\jvm.dll
0x00007ffea8d20000 - 0x00007ffea8d28000 	C:\WINDOWS\System32\PSAPI.DLL
0x00007ffe90ba0000 - 0x00007ffe90ba9000 	C:\WINDOWS\SYSTEM32\WSOCK32.dll
0x00007ffeaa510000 - 0x00007ffeaa57f000 	C:\WINDOWS\System32\WS2_32.dll
0x00007ffe9f430000 - 0x00007ffe9f454000 	C:\WINDOWS\SYSTEM32\WINMM.dll
0x00007ffe9f400000 - 0x00007ffe9f42d000 	C:\WINDOWS\SYSTEM32\WINMMBASE.dll
0x00007ffea8550000 - 0x00007ffea859a000 	C:\WINDOWS\System32\cfgmgr32.dll
0x00007ffea7510000 - 0x00007ffea7521000 	C:\WINDOWS\System32\kernel.appcore.dll
0x00007ffea13c0000 - 0x00007ffea13d0000 	C:\Program Files\Java\jdk-13.0.1\bin\verify.dll
0x00007ffe98df0000 - 0x00007ffe98fe4000 	C:\WINDOWS\SYSTEM32\DBGHELP.DLL
0x00007ffe98da0000 - 0x00007ffe98dca000 	C:\WINDOWS\SYSTEM32\dbgcore.DLL
0x00007ffe9ea60000 - 0x00007ffe9ea86000 	C:\Program Files\Java\jdk-13.0.1\bin\java.dll
0x00007ffea3cc0000 - 0x00007ffea3cce000 	C:\Program Files\Java\jdk-13.0.1\bin\instrument.dll
0x00007ffea0820000 - 0x00007ffea0837000 	C:\Program Files\Java\jdk-13.0.1\bin\zip.dll
0x00007ffea12e0000 - 0x00007ffea12ea000 	C:\Program Files\Java\jdk-13.0.1\bin\jimage.dll

dbghelp: loaded successfully - version: 4.0.5 - missing functions: none
symbol engine: initialized successfully - sym options: 0x614 - pdb path: .;C:\Program Files\Java\jdk-13.0.1\bin;C:\WINDOWS\SYSTEM32;C:\WINDOWS\WinSxS\amd64_microsoft.windows.common-controls_6595b64144ccf1df_6.0.18362.628_none_e6c6b62f130d50fc;C:\Program Files\Java\jdk-13.0.1\bin\server

VM Arguments:
jvm_args: -ea -Didea.test.cyclic.buffer.size=1048576 -javaagent:C:\Program Files\JetBrains\IntelliJ IDEA Community Edition 2019.3.1\lib\idea_rt.jar=50931:C:\Program Files\JetBrains\IntelliJ IDEA Community Edition 2019.3.1\bin -Dfile.encoding=UTF-8 
java_command: com.intellij.rt.junit.JUnitStarter -ideVersion5 -junit5 lesson6.task1.Tests,flattenPhoneNumber
java_class_path (initial): C:\Program Files\JetBrains\IntelliJ IDEA Community Edition 2019.3.1\lib\idea_rt.jar;C:\Program Files\JetBrains\IntelliJ IDEA Community Edition 2019.3.1\plugins\junit\lib\junit5-rt.jar;C:\Program Files\JetBrains\IntelliJ IDEA Community Edition 2019.3.1\plugins\junit\lib\junit-rt.jar;N:\Certification\KotlinAsFirst2019\target\test-classes;N:\Certification\KotlinAsFirst2019\target\classes;C:\Users\delaf\.m2\repository\org\jetbrains\kotlin\kotlin-stdlib\1.3.41\kotlin-stdlib-1.3.41.jar;C:\Users\delaf\.m2\repository\org\jetbrains\kotlin\kotlin-stdlib-common\1.3.41\kotlin-stdlib-common-1.3.41.jar;C:\Users\delaf\.m2\repository\org\jetbrains\annotations\13.0\annotations-13.0.jar;C:\Users\delaf\.m2\repository\org\jetbrains\kotlin\kotlin-reflect\1.3.41\kotlin-reflect-1.3.41.jar;C:\Users\delaf\.m2\repository\org\jetbrains\kotlinx\kotlinx-html-jvm\0.6.12\kotlinx-html-jvm-0.6.12.jar;C:\Users\delaf\.m2\repository\ru\spbstu\kcheck\0.0.0.4\kcheck-0.0.0.4.jar;C:\Users\delaf\.m2\repository\junit\junit\4.12\junit-4.12.jar;C:\Users\delaf\.m2\repository\org\hamcrest\hamcrest-core\1.3\hamcrest-core-1.3.jar;C:\Users\delaf\.m2\repository\ru\spbstu\kotlin-type-classes\0.0.0.4\kotlin-type-classes-0.0.0.4.jar;C:\Users\delaf\.m2\repository\ru\spbstu\kotlin-wheels\0.0.0.1\kotlin-wheels-0.0.0.1.jar;C:\Users\delaf\.m2\repository\ru\spbstu\kotlinx-warnings\1.3.31\kotlinx-warnings-1.3.31.jar;C:\Users\delaf\.m2\repository\ru\spbstu\ktuples\0.0.1.9\ktuples-0.0.1.9.jar;C:\Users\delaf\.m2\repository\org\junit\jupiter\junit-jupiter-api\5.5.1\junit-jupiter-api-5.5.1.jar;C:\Users\delaf\.m2\repository\org\apiguardian\apiguardian-api\1.1.0\apiguardian-api-1.1.0.jar;C:\Users\delaf\.m2\repository\org\opentest4j\opentest4j\1.2.0\opentest4j-1.2.0.jar;C:\Users\delaf\.m2\repository\org\junit\platform\junit-platform-commons\1.5.1\junit-platform-commons-1.5.1.jar;C:\Users\delaf\.m2\repository\org\junit\jupiter\junit-jupiter-engine\5.5.1\junit-jupiter-engine-5.5.1.jar;C:\Users\delaf\.m2\re
Launcher Type: SUN_STANDARD

[Global flags]
     intx CICompilerCount                          = 4                                         {product} {ergonomic}
     uint ConcGCThreads                            = 2                                         {product} {ergonomic}
     uint G1ConcRefinementThreads                  = 8                                         {product} {ergonomic}
   size_t G1HeapRegionSize                         = 1048576                                   {product} {ergonomic}
    uintx GCDrainStackTargetSize                   = 64                                        {product} {ergonomic}
   size_t InitialHeapSize                          = 201326592                                 {product} {ergonomic}
   size_t MarkStackSize                            = 4194304                                   {product} {ergonomic}
   size_t MaxHeapSize                              = 3219128320                                {product} {ergonomic}
   size_t MinHeapDeltaBytes                        = 1048576                                   {product} {ergonomic}
   size_t MinHeapSize                              = 8388608                                   {product} {ergonomic}
    uintx NonNMethodCodeHeapSize                   = 5836300                                {pd product} {ergonomic}
    uintx NonProfiledCodeHeapSize                  = 122910970                              {pd product} {ergonomic}
    uintx ProfiledCodeHeapSize                     = 122910970                              {pd product} {ergonomic}
    uintx ReservedCodeCacheSize                    = 251658240                              {pd product} {ergonomic}
     bool SegmentedCodeCache                       = true                                      {product} {ergonomic}
   size_t SoftMaxHeapSize                          = 3219128320                             {manageable} {ergonomic}
     bool UseCompressedClassPointers               = true                                 {lp64_product} {ergonomic}
     bool UseCompressedOops                        = true                                 {lp64_product} {ergonomic}
     bool UseG1GC                                  = true                                      {product} {ergonomic}
     bool UseLargePagesIndividualAllocation        = false                                  {pd product} {ergonomic}

Logging:
Log output configuration:
 #0: stdout all=warning uptime,level,tags
 #1: stderr all=off uptime,level,tags

Environment Variables:
JAVA_HOME=C:\Program Files\Java\jdk-13.0.1
PATH=C:\Program Files (x86)\NVIDIA Corporation\PhysX\Common;C:\WINDOWS\system32;C:\WINDOWS;C:\WINDOWS\System32\Wbem;C:\WINDOWS\System32\WindowsPowerShell\v1.0\;C:\WINDOWS\System32\OpenSSH\;C:\Program Files (x86)\ATI Technologies\ATI.ACE\Core-Static;C:\Program Files\Java\jdk-13.0.1\bin;C:\Program Files (x86)\Common Files\Acronis\SnapAPI\;C:\Program Files\Git\cmd;C:\Users\delaf\AppData\Local\Microsoft\WindowsApps;;C:\Users\delaf\AppData\Local\Programs\Fiddler
USERNAME=delaf
OS=Windows_NT
PROCESSOR_IDENTIFIER=Intel64 Family 6 Model 26 Stepping 5, GenuineIntel



---------------  S Y S T E M  ---------------

OS: Windows 10 , 64 bit Build 18362 (10.0.18362.329)

CPU:total 8 (initial active 8) (4 cores per cpu, 2 threads per core) family 6 model 26 stepping 5, cmov, cx8, fxsr, mmx, sse, sse2, sse3, ssse3, sse4.1, sse4.2, popcnt, ht, tsc, tscinvbit, tscinv

Memory: 4k page, system-wide physical 12279M (2544M free)
TotalPageFile size 12279M (AvailPageFile size 83M)
current process WorkingSet (physical memory assigned to process): 10M, peak: 10M
current process commit charge ("private bytes"): 60M, peak: 252M

vm_info: Java HotSpot(TM) 64-Bit Server VM (13.0.1+9) for windows-amd64 JRE (13.0.1+9), built on Oct  6 2019 12:37:49 by "mach5one" with unknown MS VC++:1916

END.
