#
# There is insufficient memory for the Java Runtime Environment to continue.
# Native memory allocation (malloc) failed to allocate 32784 bytes for Chunk::new
# Possible reasons:
#   The system is out of physical RAM or swap space
#   The process is running with CompressedOops enabled, and the Java Heap may be blocking the growth of the native heap
# Possible solutions:
#   Reduce memory load on the system
#   Increase physical memory or swap space
#   Check if swap backing store is full
#   Decrease Java heap size (-Xmx/-Xms)
#   Decrease number of Java threads
#   Decrease Java thread stack sizes (-Xss)
#   Set larger code cache with -XX:ReservedCodeCacheSize=
#   JVM is running with Unscaled Compressed Oops mode in which the Java heap is
#     placed in the first 4GB address space. The Java Heap base address is the
#     maximum limit for the native heap growth. Please use -XX:HeapBaseMinAddress
#     to set the Java Heap base and to place the Java Heap above 4GB virtual address.
# This output file may be truncated or incomplete.
#
#  Out of Memory Error (allocation.cpp:389), pid=10812, tid=0x00000000000032e8
#
# JRE version: OpenJDK Runtime Environment (8.0_242-b01) (build 1.8.0_242-release-1644-b01)
# Java VM: OpenJDK 64-Bit Server VM (25.242-b01 mixed mode windows-amd64 compressed oops)
# Failed to write core dump. Minidumps are not enabled by default on client versions of Windows
#

---------------  T H R E A D  ---------------

Current thread (0x0000000018af2000):  JavaThread "C2 CompilerThread0" daemon [_thread_in_native, id=13032, stack(0x0000000019400000,0x0000000019500000)]

Stack: [0x0000000019400000,0x0000000019500000]
[error occurred during error reporting (printing stack bounds), id 0xc0000005]

Native frames: (J=compiled Java code, j=interpreted, Vv=VM code, C=native code)


Current CompileTask:
C2:  48153 18997       4       com.android.tools.build.apkzlib.zip.ZipField::verify (77 bytes)


---------------  P R O C E S S  ---------------

Java Threads: ( => current thread )
  0x000000002bcae000 JavaThread "WorkerExecutor Queue Thread 9" [_thread_blocked, id=8764, stack(0x00000000328c0000,0x00000000329c0000)]
  0x000000002bcb4000 JavaThread "Cache worker for Java compile cache (N:\2020_GCAAD\Android Kotlin Fundamentals\Lesson 09 Repository\android-workmanager\.gradle\6.5.1\javaCompile)" [_thread_blocked, id=12176, stack(0x0000000033f60000,0x0000000034060000)]
  0x000000002bcb0000 JavaThread "Cache worker for Java compile cache (N:\_AndroidGradle\caches\6.5.1\javaCompile)" [_thread_blocked, id=2812, stack(0x0000000033d40000,0x0000000033e40000)]
  0x000000002bcb4800 JavaThread "RMI TCP Connection(2)-127.0.0.1" daemon [_thread_in_native, id=12276, stack(0x0000000033e60000,0x0000000033f60000)]
  0x000000002bcb3000 JavaThread "ForkJoinPool.commonPool-worker-7" daemon [_thread_blocked, id=14896, stack(0x0000000033a40000,0x0000000033b40000)]
  0x000000002bcb7000 JavaThread "ForkJoinPool.commonPool-worker-6" daemon [_thread_blocked, id=12384, stack(0x0000000033940000,0x0000000033a40000)]
  0x000000002bcb6000 JavaThread "ForkJoinPool.commonPool-worker-5" daemon [_thread_blocked, id=13840, stack(0x0000000033840000,0x0000000033940000)]
  0x000000002bcaf800 JavaThread "ForkJoinPool.commonPool-worker-3" daemon [_thread_blocked, id=11396, stack(0x0000000033410000,0x0000000033510000)]
  0x000000002bcae800 JavaThread "ForkJoinPool.commonPool-worker-2" daemon [_thread_blocked, id=12360, stack(0x0000000032e20000,0x0000000032f20000)]
  0x000000002bcac800 JavaThread "RMI TCP Connection(3)-127.0.0.1" daemon [_thread_in_native, id=11344, stack(0x0000000032c20000,0x0000000032d20000)]
  0x000000002bca8000 JavaThread "RMI Reaper" [_thread_blocked, id=11400, stack(0x0000000032b20000,0x0000000032c20000)]
  0x000000002bcab000 JavaThread "RMI TCP Accept-0" daemon [_thread_in_native, id=2524, stack(0x00000000327c0000,0x00000000328c0000)]
  0x000000002bcaa000 JavaThread "GC Daemon" daemon [_thread_blocked, id=15140, stack(0x0000000032a20000,0x0000000032b20000)]
  0x000000002bca9800 JavaThread "RMI Scheduler(0)" daemon [_thread_blocked, id=12676, stack(0x0000000032470000,0x0000000032570000)]
  0x0000000020684000 JavaThread "stdout" [_thread_in_native, id=6408, stack(0x00000000305a0000,0x00000000306a0000)]
  0x000000002067b000 JavaThread "stderr" [_thread_in_native, id=13412, stack(0x00000000304a0000,0x00000000305a0000)]
  0x0000000020682000 JavaThread "stdout" [_thread_in_native, id=13660, stack(0x00000000303a0000,0x00000000304a0000)]
  0x000000002067a800 JavaThread "stderr" [_thread_in_native, id=10052, stack(0x00000000302a0000,0x00000000303a0000)]
  0x0000000020681000 JavaThread "stdout" [_thread_in_native, id=8896, stack(0x00000000301a0000,0x00000000302a0000)]
  0x0000000020680800 JavaThread "stderr" [_thread_in_native, id=13224, stack(0x00000000300a0000,0x00000000301a0000)]
  0x000000002067f800 JavaThread "stdout" [_thread_in_native, id=2532, stack(0x000000002ffa0000,0x00000000300a0000)]
  0x000000002067f000 JavaThread "stderr" [_thread_in_native, id=8964, stack(0x000000002fea0000,0x000000002ffa0000)]
  0x0000000020679800 JavaThread "stdout" [_thread_in_native, id=14888, stack(0x000000002fda0000,0x000000002fea0000)]
  0x000000002067e000 JavaThread "stderr" [_thread_in_native, id=14488, stack(0x000000002fca0000,0x000000002fda0000)]
  0x000000002067c800 JavaThread "stdout" [_thread_in_native, id=12948, stack(0x000000002fba0000,0x000000002fca0000)]
  0x0000000020679000 JavaThread "stderr" [_thread_in_native, id=9924, stack(0x000000002faa0000,0x000000002fba0000)]
  0x000000002067d800 JavaThread "stdout" [_thread_in_native, id=1960, stack(0x000000002f9a0000,0x000000002faa0000)]
  0x000000002067c000 JavaThread "stderr" [_thread_in_native, id=14532, stack(0x000000002f8a0000,0x000000002f9a0000)]
  0x000000001dd6d800 JavaThread "WorkerExecutor Queue Thread 8" [_thread_blocked, id=15064, stack(0x000000002f7a0000,0x000000002f8a0000)]
  0x000000001dd69800 JavaThread "WorkerExecutor Queue Thread 7" [_thread_blocked, id=3196, stack(0x000000002f6a0000,0x000000002f7a0000)]
  0x000000001dd6a800 JavaThread "pool-3-thread-1" [_thread_blocked, id=7368, stack(0x000000002f5a0000,0x000000002f6a0000)]
  0x000000001dd69000 JavaThread "WorkerExecutor Queue Thread 6" [_thread_blocked, id=15308, stack(0x000000002f4a0000,0x000000002f5a0000)]
  0x000000001dd6c800 JavaThread "WorkerExecutor Queue Thread 5" [_thread_blocked, id=12716, stack(0x000000002f3a0000,0x000000002f4a0000)]
  0x000000001dd6c000 JavaThread "WorkerExecutor Queue Thread 4" [_thread_blocked, id=14996, stack(0x000000002f2a0000,0x000000002f3a0000)]
  0x000000001dd6e800 JavaThread "WorkerExecutor Queue Thread 3" [_thread_blocked, id=3280, stack(0x000000002f1a0000,0x000000002f2a0000)]
  0x0000000019bb8000 JavaThread "WorkerExecutor Queue Thread 2" [_thread_blocked, id=3084, stack(0x000000002eca0000,0x000000002eda0000)]
  0x0000000019bb7000 JavaThread "WorkerExecutor Queue" [_thread_blocked, id=11588, stack(0x000000002eba0000,0x000000002eca0000)]
  0x0000000019bb9800 JavaThread "Cache worker for execution history cache (N:\2020_GCAAD\Android Kotlin Fundamentals\Lesson 09 Repository\android-workmanager\.gradle\6.5.1\executionHistory)" [_thread_blocked, id=9108, stack(0x000000002e8a0000,0x000000002e9a0000)]
  0x000000001ea1b000 JavaThread "Execution worker for ':' Thread 7" [_thread_blocked, id=4040, stack(0x000000002e7a0000,0x000000002e8a0000)]
  0x000000001ea13000 JavaThread "Execution worker for ':' Thread 6" [_thread_blocked, id=2932, stack(0x000000002e6a0000,0x000000002e7a0000)]
  0x000000001ea1a000 JavaThread "Execution worker for ':' Thread 5" [_thread_blocked, id=1500, stack(0x000000002e5a0000,0x000000002e6a0000)]
  0x000000001ea18800 JavaThread "Execution worker for ':' Thread 4" [_thread_blocked, id=13724, stack(0x000000002e4a0000,0x000000002e5a0000)]
  0x000000001ea18000 JavaThread "Execution worker for ':' Thread 3" [_thread_in_Java, id=7344, stack(0x000000002e3a0000,0x000000002e4a0000)]
  0x000000001ea17000 JavaThread "Execution worker for ':' Thread 2" [_thread_blocked, id=14616, stack(0x000000002de60000,0x000000002df60000)]
  0x000000001ea12800 JavaThread "Execution worker for ':'" [_thread_blocked, id=11912, stack(0x000000002cd70000,0x000000002ce70000)]
  0x000000001f069000 JavaThread "Cache worker for file content cache (N:\2020_GCAAD\Android Kotlin Fundamentals\Lesson 09 Repository\android-workmanager\.gradle\6.5.1\fileContent)" [_thread_blocked, id=9952, stack(0x000000002cc70000,0x000000002cd70000)]
  0x000000001f068800 JavaThread "Cache worker for Build Output Cleanup Cache (N:\2020_GCAAD\Android Kotlin Fundamentals\Lesson 09 Repository\android-workmanager\.gradle\buildOutputCleanup)" [_thread_blocked, id=7660, stack(0x000000002cb70000,0x000000002cc70000)]
  0x000000001f06a000 JavaThread "Build operations Thread 8" [_thread_blocked, id=696, stack(0x000000002c870000,0x000000002c970000)]
  0x000000001f067800 JavaThread "Build operations Thread 7" [_thread_blocked, id=11228, stack(0x000000002a030000,0x000000002a130000)]
  0x000000001f067000 JavaThread "Build operations Thread 6" [_thread_blocked, id=13456, stack(0x0000000022fa0000,0x00000000230a0000)]
  0x000000001f066000 JavaThread "Build operations Thread 5" [_thread_blocked, id=13416, stack(0x0000000022ea0000,0x0000000022fa0000)]
  0x000000001f065800 JavaThread "Build operations Thread 4" [_thread_blocked, id=3868, stack(0x0000000022da0000,0x0000000022ea0000)]
  0x000000001f05e000 JavaThread "Build operations Thread 3" [_thread_blocked, id=15040, stack(0x0000000022ca0000,0x0000000022da0000)]
  0x000000001f064800 JavaThread "Build operations Thread 2" [_thread_blocked, id=11808, stack(0x0000000022ba0000,0x0000000022ca0000)]
  0x000000001f05d000 JavaThread "Build operations" [_thread_blocked, id=14956, stack(0x0000000022aa0000,0x0000000022ba0000)]
  0x000000001f064000 JavaThread "Cache worker for cache directory md-rule (N:\_AndroidGradle\caches\6.5.1\md-rule)" [_thread_blocked, id=13016, stack(0x00000000229a0000,0x0000000022aa0000)]
  0x000000001f05c800 JavaThread "Cache worker for cache directory md-supplier (N:\_AndroidGradle\caches\6.5.1\md-supplier)" [_thread_blocked, id=7700, stack(0x0000000022780000,0x0000000022880000)]
  0x000000001f061000 JavaThread "Cache worker for checksums cache (N:\2020_GCAAD\Android Kotlin Fundamentals\Lesson 09 Repository\android-workmanager\.gradle\checksums)" [_thread_blocked, id=132, stack(0x0000000021470000,0x0000000021570000)]
  0x000000001f063000 JavaThread "Cache worker for file hash cache (N:\2020_GCAAD\Android Kotlin Fundamentals\Lesson 09 Repository\android-workmanager\.gradle\6.5.1\fileHashes)" [_thread_blocked, id=6432, stack(0x0000000020120000,0x0000000020220000)]
  0x000000001f05e800 JavaThread "Thread-154" [_thread_blocked, id=2168, stack(0x0000000020020000,0x0000000020120000)]
  0x000000001f062800 JavaThread "Stdin handler" [_thread_blocked, id=15292, stack(0x000000001ed20000,0x000000001ee20000)]
  0x000000001f060000 JavaThread "Asynchronous log dispatcher for DefaultDaemonConnection: socket connection from /127.0.0.1:61841 to /127.0.0.1:61856" [_thread_blocked, id=11560, stack(0x000000001d550000,0x000000001d650000)]
  0x000000001f05b800 JavaThread "Cancel handler" [_thread_blocked, id=1588, stack(0x000000001d450000,0x000000001d550000)]
  0x000000001f05f800 JavaThread "Handler for socket connection from /127.0.0.1:61841 to /127.0.0.1:61856" [_thread_in_native, id=6188, stack(0x000000001d350000,0x000000001d450000)]
  0x000000001f05b000 JavaThread "Memory manager" [_thread_blocked, id=14892, stack(0x000000002ab50000,0x000000002ac50000)]
  0x000000001e435000 JavaThread "jar transforms Thread 114" [_thread_blocked, id=13452, stack(0x0000000029f30000,0x000000002a030000)]
  0x000000001e439800 JavaThread "jar transforms Thread 113" [_thread_blocked, id=11804, stack(0x0000000029e30000,0x0000000029f30000)]
  0x000000001e438800 JavaThread "jar transforms Thread 112" [_thread_blocked, id=3148, stack(0x0000000029d30000,0x0000000029e30000)]
  0x000000001e437000 JavaThread "jar transforms Thread 111" [_thread_blocked, id=7120, stack(0x0000000029c30000,0x0000000029d30000)]
  0x000000001e438000 JavaThread "jar transforms Thread 110" [_thread_blocked, id=14440, stack(0x0000000029b30000,0x0000000029c30000)]
  0x000000001e436800 JavaThread "jar transforms Thread 109" [_thread_blocked, id=14052, stack(0x0000000029a30000,0x0000000029b30000)]
  0x000000001e435800 JavaThread "jar transforms Thread 108" [_thread_blocked, id=12152, stack(0x0000000029930000,0x0000000029a30000)]
  0x000000001e434000 JavaThread "jar transforms Thread 107" [_thread_blocked, id=12856, stack(0x0000000029830000,0x0000000029930000)]
  0x000000001e42c000 JavaThread "jar transforms Thread 106" [_thread_blocked, id=15244, stack(0x0000000029730000,0x0000000029830000)]
  0x000000001e432800 JavaThread "jar transforms Thread 105" [_thread_blocked, id=8600, stack(0x0000000029630000,0x0000000029730000)]
  0x000000001e432000 JavaThread "jar transforms Thread 104" [_thread_blocked, id=14096, stack(0x0000000029430000,0x0000000029530000)]
  0x000000001e42a800 JavaThread "jar transforms Thread 103" [_thread_blocked, id=12616, stack(0x0000000029330000,0x0000000029430000)]
  0x000000001e431000 JavaThread "jar transforms Thread 102" [_thread_blocked, id=8380, stack(0x0000000029230000,0x0000000029330000)]
  0x000000001e42f800 JavaThread "jar transforms Thread 101" [_thread_blocked, id=12516, stack(0x0000000029130000,0x0000000029230000)]
  0x000000001e42f000 JavaThread "jar transforms Thread 100" [_thread_blocked, id=12744, stack(0x0000000029030000,0x0000000029130000)]
  0x000000001e42e000 JavaThread "jar transforms Thread 99" [_thread_blocked, id=14664, stack(0x0000000028f30000,0x0000000029030000)]
  0x000000001e42b000 JavaThread "jar transforms Thread 98" [_thread_blocked, id=5220, stack(0x0000000028e30000,0x0000000028f30000)]
  0x000000001e42c800 JavaThread "jar transforms Thread 97" [_thread_blocked, id=12168, stack(0x0000000028d30000,0x0000000028e30000)]
  0x000000001e42d800 JavaThread "jar transforms Thread 96" [_thread_blocked, id=4684, stack(0x0000000028c30000,0x0000000028d30000)]
  0x000000001e430800 JavaThread "jar transforms Thread 95" [_thread_blocked, id=12284, stack(0x0000000028b30000,0x0000000028c30000)]
  0x0000000020665000 JavaThread "jar transforms Thread 94" [_thread_blocked, id=11204, stack(0x0000000028a30000,0x0000000028b30000)]
  0x0000000020666800 JavaThread "jar transforms Thread 93" [_thread_blocked, id=14404, stack(0x0000000028930000,0x0000000028a30000)]
  0x0000000020664800 JavaThread "jar transforms Thread 92" [_thread_blocked, id=11760, stack(0x0000000028830000,0x0000000028930000)]
  0x0000000020666000 JavaThread "jar transforms Thread 91" [_thread_blocked, id=7836, stack(0x0000000028730000,0x0000000028830000)]
  0x0000000020663800 JavaThread "jar transforms Thread 90" [_thread_blocked, id=14252, stack(0x0000000028630000,0x0000000028730000)]
  0x0000000020663000 JavaThread "jar transforms Thread 89" [_thread_blocked, id=252, stack(0x0000000028530000,0x0000000028630000)]
  0x0000000020662000 JavaThread "jar transforms Thread 88" [_thread_blocked, id=14040, stack(0x0000000028430000,0x0000000028530000)]
  0x0000000020661800 JavaThread "jar transforms Thread 87" [_thread_blocked, id=3096, stack(0x0000000028330000,0x0000000028430000)]
  0x000000002065a000 JavaThread "jar transforms Thread 86" [_thread_blocked, id=10168, stack(0x0000000028230000,0x0000000028330000)]
  0x0000000020660800 JavaThread "jar transforms Thread 85" [_thread_blocked, id=972, stack(0x0000000028130000,0x0000000028230000)]
  0x0000000020659000 JavaThread "jar transforms Thread 84" [_thread_blocked, id=1868, stack(0x0000000028030000,0x0000000028130000)]
  0x0000000020660000 JavaThread "jar transforms Thread 83" [_thread_blocked, id=13628, stack(0x0000000027f30000,0x0000000028030000)]
  0x000000002065b800 JavaThread "jar transforms Thread 82" [_thread_blocked, id=14288, stack(0x0000000027e30000,0x0000000027f30000)]
  0x000000002065f000 JavaThread "jar transforms Thread 81" [_thread_blocked, id=3064, stack(0x0000000027d30000,0x0000000027e30000)]
  0x0000000020658800 JavaThread "jar transforms Thread 80" [_thread_blocked, id=7580, stack(0x0000000027c30000,0x0000000027d30000)]
  0x000000002065d800 JavaThread "jar transforms Thread 79" [_thread_blocked, id=8824, stack(0x0000000027b30000,0x0000000027c30000)]
  0x000000002065a800 JavaThread "jar transforms Thread 78" [_thread_blocked, id=4680, stack(0x0000000027a30000,0x0000000027b30000)]
  0x000000002065e800 JavaThread "jar transforms Thread 77" [_thread_blocked, id=12712, stack(0x0000000027930000,0x0000000027a30000)]
  0x000000002065d000 JavaThread "jar transforms Thread 76" [_thread_blocked, id=5596, stack(0x0000000027830000,0x0000000027930000)]
  0x000000002065c000 JavaThread "jar transforms Thread 75" [_thread_blocked, id=2416, stack(0x0000000027730000,0x0000000027830000)]
  0x0000000020657800 JavaThread "jar transforms Thread 74" [_thread_blocked, id=5168, stack(0x0000000027630000,0x0000000027730000)]
  0x0000000020a35800 JavaThread "jar transforms Thread 73" [_thread_blocked, id=14356, stack(0x0000000027530000,0x0000000027630000)]
  0x0000000020a33000 JavaThread "jar transforms Thread 72" [_thread_blocked, id=14392, stack(0x0000000027430000,0x0000000027530000)]
  0x0000000020a32800 JavaThread "jar transforms Thread 71" [_thread_blocked, id=2084, stack(0x0000000027330000,0x0000000027430000)]
  0x0000000020a31800 JavaThread "jar transforms Thread 70" [_thread_blocked, id=14460, stack(0x0000000027230000,0x0000000027330000)]
  0x0000000020a36000 JavaThread "jar transforms Thread 69" [_thread_blocked, id=9900, stack(0x0000000027130000,0x0000000027230000)]
  0x0000000020a34800 JavaThread "jar transforms Thread 68" [_thread_blocked, id=2248, stack(0x0000000027030000,0x0000000027130000)]
  0x0000000020a34000 JavaThread "jar transforms Thread 67" [_thread_blocked, id=14436, stack(0x0000000026f30000,0x0000000027030000)]
  0x0000000020a2b800 JavaThread "jar transforms Thread 66" [_thread_blocked, id=14652, stack(0x0000000026e30000,0x0000000026f30000)]
  0x0000000020a31000 JavaThread "jar transforms Thread 65" [_thread_blocked, id=10256, stack(0x0000000026d30000,0x0000000026e30000)]
  0x0000000020a29000 JavaThread "jar transforms Thread 64" [_thread_blocked, id=6752, stack(0x0000000026c30000,0x0000000026d30000)]
  0x0000000020a2c800 JavaThread "jar transforms Thread 63" [_thread_blocked, id=10792, stack(0x0000000026b30000,0x0000000026c30000)]
  0x0000000020a2b000 JavaThread "jar transforms Thread 62" [_thread_blocked, id=7204, stack(0x0000000026a30000,0x0000000026b30000)]
  0x0000000020a30000 JavaThread "jar transforms Thread 61" [_thread_blocked, id=2908, stack(0x0000000026930000,0x0000000026a30000)]
  0x0000000020a2d000 JavaThread "jar transforms Thread 60" [_thread_blocked, id=7272, stack(0x0000000026830000,0x0000000026930000)]
  0x0000000020a2f800 JavaThread "jar transforms Thread 59" [_thread_blocked, id=8936, stack(0x0000000026730000,0x0000000026830000)]
  0x0000000020a2e800 JavaThread "jar transforms Thread 58" [_thread_blocked, id=13264, stack(0x0000000026630000,0x0000000026730000)]
  0x0000000020a27000 JavaThread "jar transforms Thread 57" [_thread_blocked, id=10524, stack(0x0000000026530000,0x0000000026630000)]
  0x0000000020a27800 JavaThread "jar transforms Thread 56" [_thread_blocked, id=3768, stack(0x0000000026430000,0x0000000026530000)]
  0x0000000020a2a000 JavaThread "jar transforms Thread 55" [_thread_blocked, id=4336, stack(0x0000000026330000,0x0000000026430000)]
  0x0000000020a2e000 JavaThread "jar transforms Thread 54" [_thread_blocked, id=5072, stack(0x0000000026230000,0x0000000026330000)]
  0x0000000020a28800 JavaThread "jar transforms Thread 53" [_thread_blocked, id=4160, stack(0x0000000026130000,0x0000000026230000)]
  0x000000001ddf5000 JavaThread "jar transforms Thread 52" [_thread_blocked, id=8408, stack(0x0000000026030000,0x0000000026130000)]
  0x000000001ddf4000 JavaThread "jar transforms Thread 51" [_thread_blocked, id=12896, stack(0x0000000025f30000,0x0000000026030000)]
  0x000000001ddf3800 JavaThread "jar transforms Thread 50" [_thread_blocked, id=10784, stack(0x0000000025e30000,0x0000000025f30000)]
  0x000000001ddf2000 JavaThread "jar transforms Thread 49" [_thread_blocked, id=8392, stack(0x0000000025d30000,0x0000000025e30000)]
  0x000000001ddf1000 JavaThread "jar transforms Thread 48" [_thread_blocked, id=540, stack(0x0000000025c30000,0x0000000025d30000)]
  0x000000001ddf2800 JavaThread "jar transforms Thread 47" [_thread_blocked, id=14328, stack(0x0000000025b30000,0x0000000025c30000)]
  0x000000001ddea800 JavaThread "jar transforms Thread 46" [_thread_blocked, id=14468, stack(0x0000000025a30000,0x0000000025b30000)]
  0x000000001ddf0800 JavaThread "jar transforms Thread 45" [_thread_blocked, id=1344, stack(0x0000000025930000,0x0000000025a30000)]
  0x000000001ddef000 JavaThread "jar transforms Thread 44" [_thread_blocked, id=988, stack(0x0000000025830000,0x0000000025930000)]
  0x000000001dded800 JavaThread "jar transforms Thread 43" [_thread_blocked, id=12340, stack(0x0000000025730000,0x0000000025830000)]
  0x000000001ddee000 JavaThread "jar transforms Thread 42" [_thread_blocked, id=3968, stack(0x0000000025630000,0x0000000025730000)]
  0x000000001ddef800 JavaThread "jar transforms Thread 41" [_thread_blocked, id=804, stack(0x0000000025530000,0x0000000025630000)]
  0x000000001ddeb000 JavaThread "jar transforms Thread 40" [_thread_blocked, id=14656, stack(0x0000000025430000,0x0000000025530000)]
  0x000000001dde6000 JavaThread "jar transforms Thread 39" [_thread_blocked, id=9868, stack(0x00000000228a0000,0x00000000229a0000)]
  0x000000001dde9800 JavaThread "jar transforms Thread 38" [_thread_blocked, id=9068, stack(0x0000000022570000,0x0000000022670000)]
  0x000000001dde9000 JavaThread "jar transforms Thread 37" [_thread_blocked, id=14832, stack(0x0000000022470000,0x0000000022570000)]
  0x000000001dde8000 JavaThread "jar transforms Thread 36" [_thread_blocked, id=14940, stack(0x0000000025330000,0x0000000025430000)]
  0x000000001ddec800 JavaThread "jar transforms Thread 35" [_thread_blocked, id=11904, stack(0x0000000025230000,0x0000000025330000)]
  0x000000001dde7800 JavaThread "jar transforms Thread 34" [_thread_blocked, id=15100, stack(0x0000000025130000,0x0000000025230000)]
  0x000000001ddec000 JavaThread "jar transforms Thread 33" [_thread_blocked, id=11252, stack(0x0000000025030000,0x0000000025130000)]
  0x000000001dde6800 JavaThread "jar transforms Thread 32" [_thread_blocked, id=2232, stack(0x0000000024f30000,0x0000000025030000)]
  0x000000001ef88000 JavaThread "jar transforms Thread 31" [_thread_blocked, id=15036, stack(0x0000000024e30000,0x0000000024f30000)]
  0x000000001ef87800 JavaThread "jar transforms Thread 30" [_thread_blocked, id=14708, stack(0x0000000024d30000,0x0000000024e30000)]
  0x000000001ef89000 JavaThread "jar transforms Thread 29" [_thread_blocked, id=11508, stack(0x0000000024c30000,0x0000000024d30000)]
  0x000000001ef89800 JavaThread "jar transforms Thread 28" [_thread_blocked, id=13380, stack(0x0000000024b30000,0x0000000024c30000)]
  0x000000001ef8c000 JavaThread "jar transforms Thread 27" [_thread_blocked, id=11320, stack(0x0000000024a30000,0x0000000024b30000)]
  0x000000001ef86000 JavaThread "jar transforms Thread 26" [_thread_blocked, id=11992, stack(0x0000000024930000,0x0000000024a30000)]
  0x000000001ef86800 JavaThread "jar transforms Thread 25" [_thread_blocked, id=824, stack(0x0000000024830000,0x0000000024930000)]
  0x000000001ef8a800 JavaThread "jar transforms Thread 24" [_thread_blocked, id=6376, stack(0x0000000024730000,0x0000000024830000)]
  0x000000001ef8b000 JavaThread "jar transforms Thread 23" [_thread_blocked, id=14976, stack(0x0000000024630000,0x0000000024730000)]
  0x000000001ef85000 JavaThread "jar transforms Thread 22" [_thread_blocked, id=15028, stack(0x0000000024530000,0x0000000024630000)]
  0x000000001ef7d800 JavaThread "jar transforms Thread 21" [_thread_blocked, id=7376, stack(0x0000000024430000,0x0000000024530000)]
  0x000000001ef84800 JavaThread "jar transforms Thread 20" [_thread_blocked, id=7068, stack(0x0000000024330000,0x0000000024430000)]
  0x000000001ef7c800 JavaThread "jar transforms Thread 19" [_thread_blocked, id=10504, stack(0x0000000024230000,0x0000000024330000)]
  0x000000001ef80800 JavaThread "jar transforms Thread 18" [_thread_blocked, id=14360, stack(0x0000000024130000,0x0000000024230000)]
  0x000000001ef83800 JavaThread "jar transforms Thread 17" [_thread_blocked, id=3216, stack(0x0000000024030000,0x0000000024130000)]
  0x000000001ef7f000 JavaThread "jar transforms Thread 16" [_thread_blocked, id=4276, stack(0x0000000023f30000,0x0000000024030000)]
  0x000000001ef83000 JavaThread "jar transforms Thread 15" [_thread_blocked, id=9176, stack(0x0000000023e30000,0x0000000023f30000)]
  0x000000001ef82000 JavaThread "jar transforms Thread 14" [_thread_blocked, id=7524, stack(0x0000000023d30000,0x0000000023e30000)]
  0x000000001ef81800 JavaThread "jar transforms Thread 13" [_thread_blocked, id=164, stack(0x0000000023c30000,0x0000000023d30000)]
  0x000000001ef80000 JavaThread "jar transforms Thread 12" [_thread_blocked, id=9096, stack(0x0000000023b30000,0x0000000023c30000)]
  0x000000001ef7e800 JavaThread "jar transforms Thread 11" [_thread_blocked, id=11248, stack(0x0000000023a30000,0x0000000023b30000)]
  0x000000001ea21000 JavaThread "jar transforms Thread 10" [_thread_blocked, id=6340, stack(0x0000000023930000,0x0000000023a30000)]
  0x000000001ea20000 JavaThread "jar transforms Thread 9" [_thread_blocked, id=11916, stack(0x0000000023830000,0x0000000023930000)]
  0x000000001ea1e800 JavaThread "jar transforms Thread 8" [_thread_blocked, id=11132, stack(0x0000000023730000,0x0000000023830000)]
  0x000000001ea1d000 JavaThread "jar transforms Thread 7" [_thread_blocked, id=10616, stack(0x0000000023630000,0x0000000023730000)]
  0x000000001ea1c800 JavaThread "jar transforms Thread 6" [_thread_blocked, id=1212, stack(0x0000000023530000,0x0000000023630000)]
  0x000000001ea1e000 JavaThread "jar transforms Thread 5" [_thread_blocked, id=13260, stack(0x0000000023430000,0x0000000023530000)]
  0x000000001ea1f800 JavaThread "jar transforms Thread 4" [_thread_blocked, id=12412, stack(0x0000000023330000,0x0000000023430000)]
  0x000000001ea1b800 JavaThread "jar transforms Thread 3" [_thread_blocked, id=15072, stack(0x0000000023230000,0x0000000023330000)]
  0x000000001ea14000 JavaThread "jar transforms Thread 2" [_thread_blocked, id=6404, stack(0x0000000022680000,0x0000000022780000)]
  0x0000000019bbb800 JavaThread "Cache worker for file content cache (N:\_AndroidGradle\caches\6.5.1\fileContent)" [_thread_blocked, id=13376, stack(0x0000000021d70000,0x0000000021e70000)]
  0x0000000019bbb000 JavaThread "jar transforms" [_thread_blocked, id=7844, stack(0x0000000021c70000,0x0000000021d70000)]
  0x0000000019bbc800 JavaThread "Cache worker for execution history cache (N:\_AndroidGradle\caches\6.5.1\executionHistory)" [_thread_blocked, id=10640, stack(0x0000000021570000,0x0000000021670000)]
  0x0000000019bb8800 JavaThread "Cache worker for file hash cache (N:\_AndroidGradle\caches\6.5.1\fileHashes)" [_thread_blocked, id=2764, stack(0x000000001da50000,0x000000001db50000)]
  0x0000000019bba000 JavaThread "File lock request listener" [_thread_in_native, id=8928, stack(0x000000001d950000,0x000000001da50000)]
  0x0000000019dfc800 JavaThread "Cache worker for journal cache (N:\_AndroidGradle\caches\journal-1)" [_thread_blocked, id=14740, stack(0x000000001d850000,0x000000001d950000)]
  0x0000000019c0a000 JavaThread "Daemon worker" [_thread_blocked, id=1272, stack(0x000000001d250000,0x000000001d350000)]
  0x000000001b1ca000 JavaThread "Daemon" [_thread_blocked, id=14240, stack(0x000000001cf50000,0x000000001d050000)]
  0x000000001ad21800 JavaThread "Daemon periodic checks" [_thread_blocked, id=15008, stack(0x000000001cc50000,0x000000001cd50000)]
  0x000000001b65f800 JavaThread "Incoming local TCP Connector on port 61841" [_thread_in_native, id=1600, stack(0x000000001ca00000,0x000000001cb00000)]
  0x000000001b1c3000 JavaThread "Daemon health stats" [_thread_blocked, id=14788, stack(0x000000001c3a0000,0x000000001c4a0000)]
  0x0000000018b98000 JavaThread "Service Thread" daemon [_thread_blocked, id=3636, stack(0x0000000019800000,0x0000000019900000)]
  0x0000000018b1f000 JavaThread "C1 CompilerThread3" daemon [_thread_in_native, id=6016, stack(0x0000000019700000,0x0000000019800000)]
  0x0000000018b04000 JavaThread "C2 CompilerThread2" daemon [_thread_in_native, id=9388, stack(0x0000000019600000,0x0000000019700000)]
  0x0000000018af5000 JavaThread "C2 CompilerThread1" daemon [_thread_in_native, id=5000, stack(0x0000000019500000,0x0000000019600000)]
=>0x0000000018af2000 JavaThread "C2 CompilerThread0" daemon [_thread_in_native, id=13032, stack(0x0000000019400000,0x0000000019500000)]
  0x0000000018af1000 JavaThread "Attach Listener" daemon [_thread_blocked, id=12040, stack(0x0000000019300000,0x0000000019400000)]
  0x0000000018aee000 JavaThread "Signal Dispatcher" daemon [_thread_blocked, id=2108, stack(0x0000000019200000,0x0000000019300000)]
  0x0000000018ae0800 JavaThread "Finalizer" daemon [_thread_blocked, id=12836, stack(0x0000000018fc0000,0x00000000190c0000)]
  0x0000000002ee8800 JavaThread "Reference Handler" daemon [_thread_blocked, id=3260, stack(0x0000000018ec0000,0x0000000018fc0000)]
  0x0000000002cad800 JavaThread "main" [_thread_blocked, id=11188, stack(0x0000000002cf0000,0x0000000002df0000)]

Other Threads:
  0x0000000016cd7000 VMThread [stack: 0x00000000189c0000,0x0000000018ac0000] [id=996]
  0x0000000018b99000 WatcherThread [stack: 0x0000000019900000,0x0000000019a00000] [id=7048]

VM state:not at safepoint (normal execution)

VM Mutex/Monitor currently owned by a thread: None

heap address: 0x00000000a0000000, size: 1536 MB, Compressed Oops mode: 32-bit
Narrow klass base: 0x0000000000000000, Narrow klass shift: 3
Compressed class space size: 1073741824 Address: 0x0000000100000000

Heap:
 PSYoungGen      total 362496K, used 208697K [0x00000000e0000000, 0x00000000fe400000, 0x0000000100000000)
  eden space 270848K, 77% used [0x00000000e0000000,0x00000000ecbce448,0x00000000f0880000)
  from space 91648K, 0% used [0x00000000f0880000,0x00000000f0880000,0x00000000f6200000)
  to   space 89088K, 0% used [0x00000000f8d00000,0x00000000f8d00000,0x00000000fe400000)
 ParOldGen       total 356864K, used 77658K [0x00000000a0000000, 0x00000000b5c80000, 0x00000000e0000000)
  object space 356864K, 21% used [0x00000000a0000000,0x00000000a4bd6958,0x00000000b5c80000)
 Metaspace       used 111001K, capacity 116146K, committed 116264K, reserved 1150976K
  class space    used 14305K, capacity 15341K, committed 15408K, reserved 1048576K

Card table byte_map: [0x00000000122c0000,0x00000000125d0000] byte_map_base: 0x0000000011dc0000

Marking Bits: (ParMarkBitMap*) 0x0000000064a6f030
 Begin Bits: [0x0000000012fd0000, 0x00000000147d0000)
 End Bits:   [0x00000000147d0000, 0x0000000015fd0000)

Polling page: 0x0000000002c80000

CodeCache: size=245760Kb used=49002Kb max_used=49494Kb free=196757Kb
 bounds [0x0000000002f00000, 0x0000000005fa0000, 0x0000000011f00000]
 total_blobs=16601 nmethods=15678 adapters=834
 compilation: enabled

Compilation events (10 events):
Event: 48.094 Thread 0x0000000018b1f000 19247       2       org.apache.commons.codec.binary.Base64::encode (705 bytes)
Event: 48.096 Thread 0x0000000018b1f000 nmethod 19247 0x0000000004553d10 code [0x0000000004553f60, 0x0000000004554c48]
Event: 48.098 Thread 0x0000000018b1f000 19248       2       java.util.concurrent.locks.ReentrantReadWriteLock$Sync::tryAcquireShared (177 bytes)
Event: 48.099 Thread 0x0000000018b1f000 nmethod 19248 0x000000000348d8d0 code [0x000000000348da80, 0x000000000348df88]
Event: 48.099 Thread 0x0000000018b1f000 19249       2       java.util.concurrent.locks.ReentrantReadWriteLock$ReadLock::unlock (10 bytes)
Event: 48.100 Thread 0x0000000018b1f000 nmethod 19249 0x000000000348d490 code [0x000000000348d600, 0x000000000348d7b8]
Event: 48.100 Thread 0x0000000018b1f000 19250       2       java.util.concurrent.locks.ReentrantReadWriteLock$Sync::tryReleaseShared (147 bytes)
Event: 48.100 Thread 0x0000000018b1f000 nmethod 19250 0x000000000311f5d0 code [0x000000000311f760, 0x000000000311fb68]
Event: 48.100 Thread 0x0000000018b1f000 19251       2       java.util.concurrent.atomic.AtomicLong::incrementAndGet (14 bytes)
Event: 48.101 Thread 0x0000000018b1f000 nmethod 19251 0x000000000311f290 code [0x000000000311f3e0, 0x000000000311f550]

GC Heap History (10 events):
Event: 37.375 GC heap before
{Heap before GC invocations=20 (full 4):
 PSYoungGen      total 316928K, used 18131K [0x00000000e0000000, 0x00000000f6180000, 0x0000000100000000)
  eden space 275968K, 0% used [0x00000000e0000000,0x00000000e0000000,0x00000000f0d80000)
  from space 40960K, 44% used [0x00000000f3380000,0x00000000f4534f88,0x00000000f5b80000)
  to   space 38912K, 0% used [0x00000000f0d80000,0x00000000f0d80000,0x00000000f3380000)
 ParOldGen       total 178176K, used 77871K [0x00000000a0000000, 0x00000000aae00000, 0x00000000e0000000)
  object space 178176K, 43% used [0x00000000a0000000,0x00000000a4c0bd58,0x00000000aae00000)
 Metaspace       used 94229K, capacity 98578K, committed 98600K, reserved 1134592K
  class space    used 12458K, capacity 13340K, committed 13360K, reserved 1048576K
Event: 37.643 GC heap after
Heap after GC invocations=20 (full 4):
 PSYoungGen      total 316928K, used 0K [0x00000000e0000000, 0x00000000f6180000, 0x0000000100000000)
  eden space 275968K, 0% used [0x00000000e0000000,0x00000000e0000000,0x00000000f0d80000)
  from space 40960K, 0% used [0x00000000f3380000,0x00000000f3380000,0x00000000f5b80000)
  to   space 38912K, 0% used [0x00000000f0d80000,0x00000000f0d80000,0x00000000f3380000)
 ParOldGen       total 269824K, used 72529K [0x00000000a0000000, 0x00000000b0780000, 0x00000000e0000000)
  object space 269824K, 26% used [0x00000000a0000000,0x00000000a46d4778,0x00000000b0780000)
 Metaspace       used 94152K, capacity 98352K, committed 98600K, reserved 1134592K
  class space    used 12436K, capacity 13299K, committed 13360K, reserved 1048576K
}
Event: 40.701 GC heap before
{Heap before GC invocations=21 (full 4):
 PSYoungGen      total 316928K, used 275968K [0x00000000e0000000, 0x00000000f6180000, 0x0000000100000000)
  eden space 275968K, 100% used [0x00000000e0000000,0x00000000f0d80000,0x00000000f0d80000)
  from space 40960K, 0% used [0x00000000f3380000,0x00000000f3380000,0x00000000f5b80000)
  to   space 38912K, 0% used [0x00000000f0d80000,0x00000000f0d80000,0x00000000f3380000)
 ParOldGen       total 269824K, used 72529K [0x00000000a0000000, 0x00000000b0780000, 0x00000000e0000000)
  object space 269824K, 26% used [0x00000000a0000000,0x00000000a46d4778,0x00000000b0780000)
 Metaspace       used 101857K, capacity 106744K, committed 107048K, reserved 1142784K
  class space    used 13300K, capacity 14273K, committed 14384K, reserved 1048576K
Event: 40.743 GC heap after
Heap after GC invocations=21 (full 4):
 PSYoungGen      total 314880K, used 38908K [0x00000000e0000000, 0x00000000f9280000, 0x0000000100000000)
  eden space 275968K, 0% used [0x00000000e0000000,0x00000000e0000000,0x00000000f0d80000)
  from space 38912K, 99% used [0x00000000f0d80000,0x00000000f337f278,0x00000000f3380000)
  to   space 49664K, 0% used [0x00000000f6200000,0x00000000f6200000,0x00000000f9280000)
 ParOldGen       total 269824K, used 86448K [0x00000000a0000000, 0x00000000b0780000, 0x00000000e0000000)
  object space 269824K, 32% used [0x00000000a0000000,0x00000000a546c118,0x00000000b0780000)
 Metaspace       used 101857K, capacity 106744K, committed 107048K, reserved 1142784K
  class space    used 13300K, capacity 14273K, committed 14384K, reserved 1048576K
}
Event: 42.502 GC heap before
{Heap before GC invocations=22 (full 4):
 PSYoungGen      total 314880K, used 314876K [0x00000000e0000000, 0x00000000f9280000, 0x0000000100000000)
  eden space 275968K, 100% used [0x00000000e0000000,0x00000000f0d80000,0x00000000f0d80000)
  from space 38912K, 99% used [0x00000000f0d80000,0x00000000f337f278,0x00000000f3380000)
  to   space 49664K, 0% used [0x00000000f6200000,0x00000000f6200000,0x00000000f9280000)
 ParOldGen       total 269824K, used 86448K [0x00000000a0000000, 0x00000000b0780000, 0x00000000e0000000)
  object space 269824K, 32% used [0x00000000a0000000,0x00000000a546c118,0x00000000b0780000)
 Metaspace       used 107538K, capacity 112430K, committed 112680K, reserved 1146880K
  class space    used 13924K, capacity 14864K, committed 14896K, reserved 1048576K
Event: 42.631 GC heap after
Heap after GC invocations=22 (full 4):
 PSYoungGen      total 320512K, used 49657K [0x00000000e0000000, 0x00000000ff100000, 0x0000000100000000)
  eden space 270848K, 0% used [0x00000000e0000000,0x00000000e0000000,0x00000000f0880000)
  from space 49664K, 99% used [0x00000000f6200000,0x00000000f927e4e8,0x00000000f9280000)
  to   space 91648K, 0% used [0x00000000f0880000,0x00000000f0880000,0x00000000f6200000)
 ParOldGen       total 269824K, used 178742K [0x00000000a0000000, 0x00000000b0780000, 0x00000000e0000000)
  object space 269824K, 66% used [0x00000000a0000000,0x00000000aae8d9e0,0x00000000b0780000)
 Metaspace       used 107538K, capacity 112430K, committed 112680K, reserved 1146880K
  class space    used 13924K, capacity 14864K, committed 14896K, reserved 1048576K
}
Event: 46.410 GC heap before
{Heap before GC invocations=23 (full 4):
 PSYoungGen      total 320512K, used 320505K [0x00000000e0000000, 0x00000000ff100000, 0x0000000100000000)
  eden space 270848K, 100% used [0x00000000e0000000,0x00000000f0880000,0x00000000f0880000)
  from space 49664K, 99% used [0x00000000f6200000,0x00000000f927e4e8,0x00000000f9280000)
  to   space 91648K, 0% used [0x00000000f0880000,0x00000000f0880000,0x00000000f6200000)
 ParOldGen       total 269824K, used 178742K [0x00000000a0000000, 0x00000000b0780000, 0x00000000e0000000)
  object space 269824K, 66% used [0x00000000a0000000,0x00000000aae8d9e0,0x00000000b0780000)
 Metaspace       used 109382K, capacity 114408K, committed 114600K, reserved 1148928K
  class space    used 14110K, capacity 15158K, committed 15280K, reserved 1048576K
Event: 46.496 GC heap after
Heap after GC invocations=23 (full 4):
 PSYoungGen      total 362496K, used 12566K [0x00000000e0000000, 0x00000000fe400000, 0x0000000100000000)
  eden space 270848K, 0% used [0x00000000e0000000,0x00000000e0000000,0x00000000f0880000)
  from space 91648K, 13% used [0x00000000f0880000,0x00000000f14c58b0,0x00000000f6200000)
  to   space 89088K, 0% used [0x00000000f8d00000,0x00000000f8d00000,0x00000000fe400000)
 ParOldGen       total 269824K, used 223059K [0x00000000a0000000, 0x00000000b0780000, 0x00000000e0000000)
  object space 269824K, 82% used [0x00000000a0000000,0x00000000ad9d4cf0,0x00000000b0780000)
 Metaspace       used 109382K, capacity 114408K, committed 114600K, reserved 1148928K
  class space    used 14110K, capacity 15158K, committed 15280K, reserved 1048576K
}
Event: 46.496 GC heap before
{Heap before GC invocations=24 (full 5):
 PSYoungGen      total 362496K, used 12566K [0x00000000e0000000, 0x00000000fe400000, 0x0000000100000000)
  eden space 270848K, 0% used [0x00000000e0000000,0x00000000e0000000,0x00000000f0880000)
  from space 91648K, 13% used [0x00000000f0880000,0x00000000f14c58b0,0x00000000f6200000)
  to   space 89088K, 0% used [0x00000000f8d00000,0x00000000f8d00000,0x00000000fe400000)
 ParOldGen       total 269824K, used 223059K [0x00000000a0000000, 0x00000000b0780000, 0x00000000e0000000)
  object space 269824K, 82% used [0x00000000a0000000,0x00000000ad9d4cf0,0x00000000b0780000)
 Metaspace       used 109382K, capacity 114408K, committed 114600K, reserved 1148928K
  class space    used 14110K, capacity 15158K, committed 15280K, reserved 1048576K
Event: 46.702 GC heap after
Heap after GC invocations=24 (full 5):
 PSYoungGen      total 362496K, used 0K [0x00000000e0000000, 0x00000000fe400000, 0x0000000100000000)
  eden space 270848K, 0% used [0x00000000e0000000,0x00000000e0000000,0x00000000f0880000)
  from space 91648K, 0% used [0x00000000f0880000,0x00000000f0880000,0x00000000f6200000)
  to   space 89088K, 0% used [0x00000000f8d00000,0x00000000f8d00000,0x00000000fe400000)
 ParOldGen       total 356864K, used 77658K [0x00000000a0000000, 0x00000000b5c80000, 0x00000000e0000000)
  object space 356864K, 21% used [0x00000000a0000000,0x00000000a4bd6958,0x00000000b5c80000)
 Metaspace       used 109319K, capacity 114248K, committed 114600K, reserved 1148928K
  class space    used 14087K, capacity 15116K, committed 15280K, reserved 1048576K
}

Deoptimization events (10 events):
Event: 47.825 Thread 0x0000000019bb8000 Uncommon trap: reason=unstable_if action=reinterpret pc=0x0000000004fed604 method=com.android.build.gradle.internal.matcher.FileNameWithSuffixPathMatcher.matches(Ljava/nio/file/Path;)Z @ 50
Event: 47.841 Thread 0x0000000019bb8000 Uncommon trap: reason=bimorphic action=maybe_recompile pc=0x0000000004e0a308 method=java.nio.charset.CharsetEncoder.reset()Ljava/nio/charset/CharsetEncoder; @ 1
Event: 47.841 Thread 0x0000000019bb8000 Uncommon trap: reason=bimorphic action=maybe_recompile pc=0x0000000004e0a308 method=java.nio.charset.CharsetEncoder.reset()Ljava/nio/charset/CharsetEncoder; @ 1
Event: 47.841 Thread 0x0000000019bb8000 Uncommon trap: reason=bimorphic action=maybe_recompile pc=0x0000000004e0a308 method=java.nio.charset.CharsetEncoder.reset()Ljava/nio/charset/CharsetEncoder; @ 1
Event: 47.841 Thread 0x0000000019bb8000 Uncommon trap: reason=bimorphic action=maybe_recompile pc=0x0000000004e0a308 method=java.nio.charset.CharsetEncoder.reset()Ljava/nio/charset/CharsetEncoder; @ 1
Event: 47.849 Thread 0x0000000019bb8000 Uncommon trap: reason=class_check action=maybe_recompile pc=0x0000000004f6de10 method=com.android.tools.build.apkzlib.zip.CentralDirectoryHeader.getCompressionInfoWithWait()Lcom/android/tools/build/apkzlib/zip/CentralDirectoryHeaderCompressInfo; @ 4
Event: 47.849 Thread 0x0000000019bb8000 Uncommon trap: reason=unstable_if action=reinterpret pc=0x0000000003f4cf94 method=com.android.tools.build.apkzlib.zip.ExtraField.size()I @ 4
Event: 47.849 Thread 0x0000000019bb8000 Uncommon trap: reason=class_check action=maybe_recompile pc=0x0000000004f6de10 method=com.android.tools.build.apkzlib.zip.CentralDirectoryHeader.getCompressionInfoWithWait()Lcom/android/tools/build/apkzlib/zip/CentralDirectoryHeaderCompressInfo; @ 4
Event: 47.851 Thread 0x0000000019bb8000 Uncommon trap: reason=class_check action=maybe_recompile pc=0x0000000004f6de10 method=com.android.tools.build.apkzlib.zip.CentralDirectoryHeader.getCompressionInfoWithWait()Lcom/android/tools/build/apkzlib/zip/CentralDirectoryHeaderCompressInfo; @ 4
Event: 47.854 Thread 0x0000000019bb8000 Uncommon trap: reason=class_check action=maybe_recompile pc=0x0000000004f6de10 method=com.android.tools.build.apkzlib.zip.CentralDirectoryHeader.getCompressionInfoWithWait()Lcom/android/tools/build/apkzlib/zip/CentralDirectoryHeaderCompressInfo; @ 4

Classes redefined (0 events):
No events

Internal exceptions (10 events):
Event: 47.641 Thread 0x0000000019bb7000 Exception <a 'sun/nio/fs/WindowsException'> (0x00000000e859efd0) thrown at [C:\src\AOSP-openjdk-git\hotspot\src\share\vm\prims\jni.cpp, line 710]
Event: 47.642 Thread 0x000000001dd6d800 Exception <a 'sun/nio/fs/WindowsException'> (0x00000000e83f7170) thrown at [C:\src\AOSP-openjdk-git\hotspot\src\share\vm\prims\jni.cpp, line 710]
Event: 47.644 Thread 0x000000001dd6d800 Exception <a 'sun/nio/fs/WindowsException'> (0x00000000e843df10) thrown at [C:\src\AOSP-openjdk-git\hotspot\src\share\vm\prims\jni.cpp, line 710]
Event: 47.647 Thread 0x000000001dd6d800 Exception <a 'sun/nio/fs/WindowsException'> (0x00000000e8489758) thrown at [C:\src\AOSP-openjdk-git\hotspot\src\share\vm\prims\jni.cpp, line 710]
Event: 47.649 Thread 0x000000001dd6d800 Exception <a 'sun/nio/fs/WindowsException'> (0x00000000e84d1400) thrown at [C:\src\AOSP-openjdk-git\hotspot\src\share\vm\prims\jni.cpp, line 710]
Event: 47.651 Thread 0x000000001dd6d800 Exception <a 'sun/nio/fs/WindowsException'> (0x00000000e8521078) thrown at [C:\src\AOSP-openjdk-git\hotspot\src\share\vm\prims\jni.cpp, line 710]
Event: 47.652 Thread 0x000000001dd6d800 Exception <a 'sun/nio/fs/WindowsException'> (0x00000000e8527468) thrown at [C:\src\AOSP-openjdk-git\hotspot\src\share\vm\prims\jni.cpp, line 710]
Event: 47.767 Thread 0x000000002bcae000 Exception <a 'sun/nio/fs/WindowsException'> (0x00000000e9561520) thrown at [C:\src\AOSP-openjdk-git\hotspot\src\share\vm\prims\jni.cpp, line 710]
Event: 47.849 Thread 0x0000000019bb8000 Implicit null exception at 0x0000000003f4cf70 to 0x0000000003f4cf80
Event: 47.941 Thread 0x000000002bcb2800 Exception <a 'sun/nio/fs/WindowsException'> (0x00000000ebede660) thrown at [C:\src\AOSP-openjdk-git\hotspot\src\share\vm\prims\jni.cpp, line 710]

Events (10 events):
Event: 48.040 loading class com/android/tools/build/apkzlib/zip/Eocd
Event: 48.040 loading class com/android/tools/build/apkzlib/zip/Eocd done
Event: 48.040 loading class com/android/tools/build/apkzlib/zip/ZFileExtension
Event: 48.040 loading class com/android/tools/build/apkzlib/zip/ZFileExtension done
Event: 48.040 loading class com/android/tools/build/apkzlib/utils/IOExceptionFunction
Event: 48.040 loading class com/android/tools/build/apkzlib/utils/IOExceptionFunction done
Event: 48.041 loading class com/android/tools/build/apkzlib/zip/ZFileExtension
Event: 48.041 loading class com/android/tools/build/apkzlib/zip/ZFileExtension done
Event: 48.041 loading class com/android/tools/build/apkzlib/utils/IOExceptionFunction
Event: 48.041 loading class com/android/tools/build/apkzlib/utils/IOExceptionFunction done


Dynamic libraries:
0x00007ff677a10000 - 0x00007ff677a41000 	C:\Program Files\Android\android-studio-canary\jre\bin\java.exe
0x00007fff3c4d0000 - 0x00007fff3c6c4000 	C:\WINDOWS\SYSTEM32\ntdll.dll
0x00007fff3b380000 - 0x00007fff3b43d000 	C:\WINDOWS\System32\KERNEL32.DLL
0x00007fff3a090000 - 0x00007fff3a357000 	C:\WINDOWS\System32\KERNELBASE.dll
0x00007fff3bd70000 - 0x00007fff3be1a000 	C:\WINDOWS\System32\ADVAPI32.dll
0x00007fff3a630000 - 0x00007fff3a6ce000 	C:\WINDOWS\System32\msvcrt.dll
0x00007fff3be20000 - 0x00007fff3bebb000 	C:\WINDOWS\System32\sechost.dll
0x00007fff3c360000 - 0x00007fff3c483000 	C:\WINDOWS\System32\RPCRT4.dll
0x00007fff3ab50000 - 0x00007fff3acf0000 	C:\WINDOWS\System32\USER32.dll
0x00007fff3a360000 - 0x00007fff3a382000 	C:\WINDOWS\System32\win32u.dll
0x00007fff3c330000 - 0x00007fff3c35a000 	C:\WINDOWS\System32\GDI32.dll
0x00007fff39f80000 - 0x00007fff3a08a000 	C:\WINDOWS\System32\gdi32full.dll
0x00007fff39e90000 - 0x00007fff39f2d000 	C:\WINDOWS\System32\msvcp_win.dll
0x00007fff3a440000 - 0x00007fff3a540000 	C:\WINDOWS\System32\ucrtbase.dll
0x00007fff23de0000 - 0x00007fff2407a000 	C:\WINDOWS\WinSxS\amd64_microsoft.windows.common-controls_6595b64144ccf1df_6.0.19041.1_none_b555e41d4684ddec\COMCTL32.dll
0x00007fff3acf0000 - 0x00007fff3ad20000 	C:\WINDOWS\System32\IMM32.DLL
0x0000000063850000 - 0x0000000063922000 	C:\Program Files\Android\android-studio-canary\jre\jre\bin\msvcr100.dll
0x00000000642a0000 - 0x0000000064aeb000 	C:\Program Files\Android\android-studio-canary\jre\jre\bin\server\jvm.dll
0x00007fff3aa90000 - 0x00007fff3aa98000 	C:\WINDOWS\System32\PSAPI.DLL
0x00007fff35bb0000 - 0x00007fff35bb9000 	C:\WINDOWS\SYSTEM32\WSOCK32.dll
0x00007fff34720000 - 0x00007fff3472a000 	C:\WINDOWS\SYSTEM32\VERSION.dll
0x00007fff286d0000 - 0x00007fff286f7000 	C:\WINDOWS\SYSTEM32\WINMM.dll
0x00007fff3aec0000 - 0x00007fff3af2b000 	C:\WINDOWS\System32\WS2_32.dll
0x00007fff35ba0000 - 0x00007fff35baf000 	C:\Program Files\Android\android-studio-canary\jre\jre\bin\verify.dll
0x00007fff35b70000 - 0x00007fff35b99000 	C:\Program Files\Android\android-studio-canary\jre\jre\bin\java.dll
0x00007fff35b10000 - 0x00007fff35b26000 	C:\Program Files\Android\android-studio-canary\jre\jre\bin\zip.dll
0x00007fff3b450000 - 0x00007fff3bb85000 	C:\WINDOWS\System32\SHELL32.dll
0x00007fff37db0000 - 0x00007fff3853f000 	C:\WINDOWS\SYSTEM32\windows.storage.dll
0x00007fff3a6d0000 - 0x00007fff3aa23000 	C:\WINDOWS\System32\combase.dll
0x00007fff396a0000 - 0x00007fff396cb000 	C:\WINDOWS\SYSTEM32\Wldp.dll
0x00007fff3bb90000 - 0x00007fff3bc3e000 	C:\WINDOWS\System32\SHCORE.dll
0x00007fff3b140000 - 0x00007fff3b195000 	C:\WINDOWS\System32\shlwapi.dll
0x00007fff39b60000 - 0x00007fff39b7f000 	C:\WINDOWS\SYSTEM32\profapi.dll
0x00007fff35660000 - 0x00007fff3567a000 	C:\Program Files\Android\android-studio-canary\jre\jre\bin\net.dll
0x00007fff39420000 - 0x00007fff3948a000 	C:\WINDOWS\system32\mswsock.dll
0x00007fff34f50000 - 0x00007fff34f63000 	C:\Program Files\Android\android-studio-canary\jre\jre\bin\nio.dll
0x00007fff325f0000 - 0x00007fff32617000 	N:\_AndroidGradle\native\f6784746aeab05261644944871eae4fe03e0ef1612fff0a4a95f87b438bc6780\windows-amd64\native-platform.dll
0x00007fff35650000 - 0x00007fff3565d000 	C:\Program Files\Android\android-studio-canary\jre\jre\bin\management.dll
0x00007fff395f0000 - 0x00007fff39608000 	C:\WINDOWS\SYSTEM32\CRYPTSP.dll
0x00007fff38d40000 - 0x00007fff38d74000 	C:\WINDOWS\system32\rsaenh.dll
0x00007fff3a390000 - 0x00007fff3a3b7000 	C:\WINDOWS\System32\bcrypt.dll
0x00007fff39b20000 - 0x00007fff39b4e000 	C:\WINDOWS\SYSTEM32\USERENV.dll
0x00007fff3a3c0000 - 0x00007fff3a43f000 	C:\WINDOWS\System32\bcryptprimitives.dll
0x00007fff39610000 - 0x00007fff3961c000 	C:\WINDOWS\SYSTEM32\CRYPTBASE.dll
0x00007fff390c0000 - 0x00007fff390fb000 	C:\WINDOWS\SYSTEM32\IPHLPAPI.DLL
0x00007fff3b440000 - 0x00007fff3b449000 	C:\WINDOWS\System32\NSI.dll
0x00007fff33ae0000 - 0x00007fff33af7000 	C:\WINDOWS\SYSTEM32\dhcpcsvc6.DLL
0x00007fff33ac0000 - 0x00007fff33add000 	C:\WINDOWS\SYSTEM32\dhcpcsvc.DLL
0x00007fff39110000 - 0x00007fff391da000 	C:\WINDOWS\SYSTEM32\DNSAPI.dll
0x00007fff33be0000 - 0x00007fff33beb000 	C:\WINDOWS\SYSTEM32\WINNSI.DLL
0x00007fff38990000 - 0x00007fff389c3000 	C:\WINDOWS\SYSTEM32\ntmarta.dll

VM Arguments:
jvm_args: -Xmx1536m -Dfile.encoding=windows-1251 -Duser.country=RU -Duser.language=ru -Duser.variant 
java_command: org.gradle.launcher.daemon.bootstrap.GradleDaemon 6.5.1
java_class_path (initial): N:\_AndroidGradle\wrapper\dists\gradle-6.5.1-bin\1m5048aptkfynhbvolwgr4ej9\gradle-6.5.1\lib\gradle-launcher-6.5.1.jar
Launcher Type: SUN_STANDARD

Environment Variables:
JAVA_HOME=C:\Program Files\Java\jdk-14.0.1
PATH=C:\Program Files (x86)\NVIDIA Corporation\PhysX\Common;C:\WINDOWS\system32;C:\WINDOWS;C:\WINDOWS\System32\Wbem;C:\WINDOWS\System32\WindowsPowerShell\v1.0\;C:\WINDOWS\System32\OpenSSH\;C:\Program Files (x86)\ATI Technologies\ATI.ACE\Core-Static;C:\Program Files\Java\jdk-14.0.1\bin;C:\Program Files (x86)\Common Files\Acronis\SnapAPI\;C:\Program Files\Git\cmd;N:\_AndroidSDK\platform-tools;C:\Users\delaf\AppData\Local\Microsoft\WindowsApps;;C:\Users\delaf\AppData\Local\Programs\Fiddler;%USERPROFILE%\AppData\Local\Microsoft\WindowsApps
USERNAME=delaf
OS=Windows_NT
PROCESSOR_IDENTIFIER=Intel64 Family 6 Model 26 Stepping 5, GenuineIntel



---------------  S Y S T E M  ---------------

OS: Windows 10.0 , 64 bit Build 19041 (10.0.19041.292)

CPU:total 8 (initial active 8) (4 cores per cpu, 2 threads per core) family 6 model 26 stepping 5, cmov, cx8, fxsr, mmx, sse, sse2, sse3, ssse3, sse4.1, sse4.2, popcnt, ht, tsc, tscinvbit, tscinv

Memory: 4k page, physical 12573792k(513232k free), swap 20962400k(5260k free)

vm_info: OpenJDK 64-Bit Server VM (25.242-b01) for windows-amd64 JRE (1.8.0_242-release-1644-b01), built by "builder" with MS VC++ 10.0 (VS2010)

time: Sun Jul 19 06:19:40 2020
timezone: RTZ 2 ()
elapsed time: 48 seconds (0d 0h 0m 48s)

