#
# There is insufficient memory for the Java Runtime Environment to continue.
# Native memory allocation (malloc) failed to allocate 131088 bytes for Chunk::new
# Possible reasons:
#   The system is out of physical RAM or swap space
#   The process is running with CompressedOops enabled, and the Java Heap may be blocking the growth of the native heap
# Possible solutions:
#   Reduce memory load on the system
#   Increase physical memory or swap space
#   Check if swap backing store is full
#   Decrease Java heap size (-Xmx/-Xms)
#   Decrease number of Java threads
#   Decrease Java thread stack sizes (-Xss)
#   Set larger code cache with -XX:ReservedCodeCacheSize=
#   JVM is running with Unscaled Compressed Oops mode in which the Java heap is
#     placed in the first 4GB address space. The Java Heap base address is the
#     maximum limit for the native heap growth. Please use -XX:HeapBaseMinAddress
#     to set the Java Heap base and to place the Java Heap above 4GB virtual address.
# This output file may be truncated or incomplete.
#
#  Out of Memory Error (allocation.cpp:389), pid=10140, tid=0x0000000000001928
#
# JRE version: OpenJDK Runtime Environment (8.0_242-b01) (build 1.8.0_242-release-1644-b01)
# Java VM: OpenJDK 64-Bit Server VM (25.242-b01 mixed mode windows-amd64 compressed oops)
# Failed to write core dump. Minidumps are not enabled by default on client versions of Windows
#

---------------  T H R E A D  ---------------

Current thread (0x0000000018bcc800):  JavaThread "C2 CompilerThread2" daemon [_thread_in_native, id=6440, stack(0x00000000196a0000,0x00000000197a0000)]

Stack: [0x00000000196a0000,0x00000000197a0000]
[error occurred during error reporting (printing stack bounds), id 0xc0000005]

Native frames: (J=compiled Java code, j=interpreted, Vv=VM code, C=native code)


Current CompileTask:
C2:  13032 8873       4       org.objectweb.asm.ClassReader::readCode (3575 bytes)


---------------  P R O C E S S  ---------------

Java Threads: ( => current thread )
  0x000000001c29c800 JavaThread "Memory manager" [_thread_blocked, id=9224, stack(0x0000000025330000,0x0000000025430000)]
  0x000000001c296800 JavaThread "Cache worker for Build Output Cleanup Cache (N:\2020_GCAAD\Android Kotlin Fundamentals\Lesson 06 Room database and coroutines\kotlin-coroutines\ktx-library-codelab\.gradle\buildOutputCleanup)" [_thread_blocked, id=10836, stack(0x0000000024c20000,0x0000000024d20000)]
  0x000000001c295800 JavaThread "Build operations Thread 8" [_thread_in_Java, id=11768, stack(0x0000000024920000,0x0000000024a20000)]
  0x000000001c295000 JavaThread "Build operations Thread 7" [_thread_in_native, id=7092, stack(0x0000000024820000,0x0000000024920000)]
  0x000000001c29a000 JavaThread "Build operations Thread 6" [_thread_blocked, id=4228, stack(0x0000000024720000,0x0000000024820000)]
  0x000000001c292800 JavaThread "Build operations Thread 5" [_thread_blocked, id=12224, stack(0x0000000024620000,0x0000000024720000)]
  0x000000001c299800 JavaThread "Build operations Thread 4" [_thread_blocked, id=11468, stack(0x0000000024520000,0x0000000024620000)]
  0x000000001c292000 JavaThread "Build operations Thread 3" [_thread_blocked, id=4932, stack(0x0000000024420000,0x0000000024520000)]
  0x000000001c298800 JavaThread "Build operations Thread 2" [_thread_blocked, id=1964, stack(0x00000000240c0000,0x00000000241c0000)]
  0x000000001c294000 JavaThread "Build operations" [_thread_in_Java, id=12208, stack(0x00000000216d0000,0x00000000217d0000)]
  0x000000001c298000 JavaThread "Cache worker for execution history cache (N:\_AndroidGradle\caches\5.6.1\executionHistory)" [_thread_blocked, id=796, stack(0x0000000021220000,0x0000000021320000)]
  0x000000001ba50000 JavaThread "Cache worker for cache directory md-rule (N:\_AndroidGradle\caches\5.6.1\md-rule)" [_thread_blocked, id=1448, stack(0x0000000021120000,0x0000000021220000)]
  0x000000001ba4f800 JavaThread "Cache worker for cache directory md-supplier (N:\_AndroidGradle\caches\5.6.1\md-supplier)" [_thread_blocked, id=5152, stack(0x00000000213c0000,0x00000000214c0000)]
  0x000000001ba52800 JavaThread "Cache worker for file hash cache (N:\2020_GCAAD\Android Kotlin Fundamentals\Lesson 06 Room database and coroutines\kotlin-coroutines\ktx-library-codelab\.gradle\5.6.1\fileHashes)" [_thread_blocked, id=3216, stack(0x000000001fba0000,0x000000001fca0000)]
  0x000000001ba51800 JavaThread "Cache worker for journal cache (N:\_AndroidGradle\caches\journal-1)" [_thread_blocked, id=260, stack(0x000000001d900000,0x000000001da00000)]
  0x000000001ba4d000 JavaThread "File lock request listener" [_thread_in_native, id=216, stack(0x000000001d800000,0x000000001d900000)]
  0x000000001ba51000 JavaThread "Cache worker for file hash cache (N:\_AndroidGradle\caches\5.6.1\fileHashes)" [_thread_blocked, id=8268, stack(0x000000001d700000,0x000000001d800000)]
  0x000000001b7f0000 JavaThread "Thread-9" [_thread_blocked, id=9424, stack(0x000000001d400000,0x000000001d500000)]
  0x000000001b7ee000 JavaThread "Stdin handler" [_thread_blocked, id=1844, stack(0x000000001d300000,0x000000001d400000)]
  0x000000001b7eb800 JavaThread "Asynchronous log dispatcher for DefaultDaemonConnection: socket connection from /127.0.0.1:49421 to /127.0.0.1:49422" [_thread_blocked, id=5528, stack(0x000000001d200000,0x000000001d300000)]
  0x000000001b7e5800 JavaThread "Daemon worker" [_thread_blocked, id=1628, stack(0x000000001d100000,0x000000001d200000)]
  0x000000001b7fa800 JavaThread "Cancel handler" [_thread_blocked, id=2964, stack(0x000000001d000000,0x000000001d100000)]
  0x000000001b7ba000 JavaThread "Handler for socket connection from /127.0.0.1:49421 to /127.0.0.1:49422" [_thread_in_native, id=9864, stack(0x000000001cd00000,0x000000001ce00000)]
  0x000000001b7b4800 JavaThread "Daemon" [_thread_blocked, id=8152, stack(0x000000001cc00000,0x000000001cd00000)]
  0x000000001b7a7000 JavaThread "Daemon periodic checks" [_thread_blocked, id=10444, stack(0x000000001cb00000,0x000000001cc00000)]
  0x000000001a743800 JavaThread "Incoming local TCP Connector on port 49421" [_thread_in_native, id=1232, stack(0x000000001c8b0000,0x000000001c9b0000)]
  0x000000001a4ca800 JavaThread "Daemon health stats" [_thread_blocked, id=8752, stack(0x000000001b270000,0x000000001b370000)]
  0x0000000018c60800 JavaThread "Service Thread" daemon [_thread_blocked, id=9484, stack(0x00000000198a0000,0x00000000199a0000)]
  0x0000000018bcf000 JavaThread "C1 CompilerThread3" daemon [_thread_in_native, id=11172, stack(0x00000000197a0000,0x00000000198a0000)]
=>0x0000000018bcc800 JavaThread "C2 CompilerThread2" daemon [_thread_in_native, id=6440, stack(0x00000000196a0000,0x00000000197a0000)]
  0x0000000016dde000 JavaThread "C2 CompilerThread1" daemon [_thread_in_native, id=7224, stack(0x00000000195a0000,0x00000000196a0000)]
  0x0000000018bc3000 JavaThread "C2 CompilerThread0" daemon [_thread_in_native, id=9812, stack(0x00000000194a0000,0x00000000195a0000)]
  0x0000000018bc2000 JavaThread "Attach Listener" daemon [_thread_blocked, id=6452, stack(0x00000000193a0000,0x00000000194a0000)]
  0x0000000018bc5800 JavaThread "Signal Dispatcher" daemon [_thread_blocked, id=2620, stack(0x00000000192a0000,0x00000000193a0000)]
  0x000000000300e000 JavaThread "Finalizer" daemon [_thread_blocked, id=10216, stack(0x0000000019090000,0x0000000019190000)]
  0x0000000003006800 JavaThread "Reference Handler" daemon [_thread_blocked, id=540, stack(0x0000000018f90000,0x0000000019090000)]
  0x000000000154d800 JavaThread "main" [_thread_blocked, id=11604, stack(0x0000000002d20000,0x0000000002e20000)]

Other Threads:
  0x0000000016dc7000 VMThread [stack: 0x0000000018a90000,0x0000000018b90000] [id=12248]
  0x0000000018c61000 WatcherThread [stack: 0x00000000199a0000,0x0000000019aa0000] [id=3184]

VM state:not at safepoint (normal execution)

VM Mutex/Monitor currently owned by a thread: None

heap address: 0x00000000a0000000, size: 1536 MB, Compressed Oops mode: 32-bit
Narrow klass base: 0x0000000000000000, Narrow klass shift: 3
Compressed class space size: 1073741824 Address: 0x0000000100000000

Heap:
 PSYoungGen      total 193024K, used 130783K [0x00000000e0000000, 0x00000000ee600000, 0x0000000100000000)
  eden space 160256K, 77% used [0x00000000e0000000,0x00000000e78dad68,0x00000000e9c80000)
  from space 32768K, 21% used [0x00000000e9c80000,0x00000000ea35d120,0x00000000ebc80000)
  to   space 26624K, 0% used [0x00000000ebc80000,0x00000000ebc80000,0x00000000ed680000)
 ParOldGen       total 144896K, used 76766K [0x00000000a0000000, 0x00000000a8d80000, 0x00000000e0000000)
  object space 144896K, 52% used [0x00000000a0000000,0x00000000a4af7bb8,0x00000000a8d80000)
 Metaspace       used 67116K, capacity 71212K, committed 71320K, reserved 1110016K
  class space    used 9140K, capacity 10113K, committed 10152K, reserved 1048576K

Card table byte_map: [0x00000000123d0000,0x00000000126e0000] byte_map_base: 0x0000000011ed0000

Marking Bits: (ParMarkBitMap*) 0x000000007220f030
 Begin Bits: [0x00000000130e0000, 0x00000000148e0000)
 End Bits:   [0x00000000148e0000, 0x00000000160e0000)

Polling page: 0x0000000000f80000

CodeCache: size=245760Kb used=26029Kb max_used=26029Kb free=219730Kb
 bounds [0x0000000003010000, 0x00000000049a0000, 0x0000000012010000]
 total_blobs=8793 nmethods=7999 adapters=705
 compilation: enabled

Compilation events (10 events):
Event: 13.015 Thread 0x0000000018bcf000 nmethod 9169 0x000000000498b990 code [0x000000000498bb80, 0x000000000498c1f8]
Event: 13.015 Thread 0x0000000018bcf000 9170       2       java.util.Date::getCalendarSystem (31 bytes)
Event: 13.016 Thread 0x0000000018bcf000 nmethod 9170 0x000000000498c590 code [0x000000000498c720, 0x000000000498cb48]
Event: 13.016 Thread 0x0000000018bcf000 9172       2       java.util.Date::<init> (10 bytes)
Event: 13.016 Thread 0x0000000018bcf000 nmethod 9172 0x000000000498cd10 code [0x000000000498ce60, 0x000000000498cfb0]
Event: 13.016 Thread 0x0000000018bcf000 9173       2       sun.util.calendar.ZoneInfo::getOffsets (8 bytes)
Event: 13.016 Thread 0x0000000018bcf000 nmethod 9173 0x000000000498d050 code [0x000000000498d1c0, 0x000000000498d328]
Event: 13.016 Thread 0x0000000018bcf000 9171       2       java.util.zip.ZipEntry::setLastModifiedTime (29 bytes)
Event: 13.016 Thread 0x0000000018bcf000 nmethod 9171 0x000000000498d3d0 code [0x000000000498d560, 0x000000000498d7e8]
Event: 13.024 Thread 0x0000000018bcf000 9174 %     3       org.objectweb.asm.ClassReader::accept @ 183 (1273 bytes)

GC Heap History (10 events):
Event: 8.826 GC heap before
{Heap before GC invocations=10 (full 2):
 PSYoungGen      total 163328K, used 157121K [0x00000000e0000000, 0x00000000ee100000, 0x0000000100000000)
  eden space 147968K, 95% used [0x00000000e0000000,0x00000000e8a725a0,0x00000000e9080000)
  from space 15360K, 99% used [0x00000000e9080000,0x00000000e9f7df28,0x00000000e9f80000)
  to   space 18944K, 0% used [0x00000000ece80000,0x00000000ece80000,0x00000000ee100000)
 ParOldGen       total 144896K, used 22258K [0x00000000a0000000, 0x00000000a8d80000, 0x00000000e0000000)
  object space 144896K, 15% used [0x00000000a0000000,0x00000000a15bcba8,0x00000000a8d80000)
 Metaspace       used 56855K, capacity 59022K, committed 59160K, reserved 1099776K
  class space    used 7696K, capacity 8213K, committed 8232K, reserved 1048576K
Event: 8.850 GC heap after
Heap after GC invocations=10 (full 2):
 PSYoungGen      total 166912K, used 18941K [0x00000000e0000000, 0x00000000ee100000, 0x0000000100000000)
  eden space 147968K, 0% used [0x00000000e0000000,0x00000000e0000000,0x00000000e9080000)
  from space 18944K, 99% used [0x00000000ece80000,0x00000000ee0ff4d8,0x00000000ee100000)
  to   space 15360K, 0% used [0x00000000e9080000,0x00000000e9080000,0x00000000e9f80000)
 ParOldGen       total 144896K, used 29117K [0x00000000a0000000, 0x00000000a8d80000, 0x00000000e0000000)
  object space 144896K, 20% used [0x00000000a0000000,0x00000000a1c6f740,0x00000000a8d80000)
 Metaspace       used 56855K, capacity 59022K, committed 59160K, reserved 1099776K
  class space    used 7696K, capacity 8213K, committed 8232K, reserved 1048576K
}
Event: 8.850 GC heap before
{Heap before GC invocations=11 (full 3):
 PSYoungGen      total 166912K, used 18941K [0x00000000e0000000, 0x00000000ee100000, 0x0000000100000000)
  eden space 147968K, 0% used [0x00000000e0000000,0x00000000e0000000,0x00000000e9080000)
  from space 18944K, 99% used [0x00000000ece80000,0x00000000ee0ff4d8,0x00000000ee100000)
  to   space 15360K, 0% used [0x00000000e9080000,0x00000000e9080000,0x00000000e9f80000)
 ParOldGen       total 144896K, used 29117K [0x00000000a0000000, 0x00000000a8d80000, 0x00000000e0000000)
  object space 144896K, 20% used [0x00000000a0000000,0x00000000a1c6f740,0x00000000a8d80000)
 Metaspace       used 56855K, capacity 59022K, committed 59160K, reserved 1099776K
  class space    used 7696K, capacity 8213K, committed 8232K, reserved 1048576K
Event: 9.168 GC heap after
Heap after GC invocations=11 (full 3):
 PSYoungGen      total 166912K, used 0K [0x00000000e0000000, 0x00000000ee100000, 0x0000000100000000)
  eden space 147968K, 0% used [0x00000000e0000000,0x00000000e0000000,0x00000000e9080000)
  from space 18944K, 0% used [0x00000000ece80000,0x00000000ece80000,0x00000000ee100000)
  to   space 15360K, 0% used [0x00000000e9080000,0x00000000e9080000,0x00000000e9f80000)
 ParOldGen       total 144896K, used 41033K [0x00000000a0000000, 0x00000000a8d80000, 0x00000000e0000000)
  object space 144896K, 28% used [0x00000000a0000000,0x00000000a28126b8,0x00000000a8d80000)
 Metaspace       used 56819K, capacity 58902K, committed 59160K, reserved 1099776K
  class space    used 7685K, capacity 8193K, committed 8232K, reserved 1048576K
}
Event: 11.341 GC heap before
{Heap before GC invocations=12 (full 3):
 PSYoungGen      total 166912K, used 147968K [0x00000000e0000000, 0x00000000ee100000, 0x0000000100000000)
  eden space 147968K, 100% used [0x00000000e0000000,0x00000000e9080000,0x00000000e9080000)
  from space 18944K, 0% used [0x00000000ece80000,0x00000000ece80000,0x00000000ee100000)
  to   space 15360K, 0% used [0x00000000e9080000,0x00000000e9080000,0x00000000e9f80000)
 ParOldGen       total 144896K, used 41033K [0x00000000a0000000, 0x00000000a8d80000, 0x00000000e0000000)
  object space 144896K, 28% used [0x00000000a0000000,0x00000000a28126b8,0x00000000a8d80000)
 Metaspace       used 61865K, capacity 65090K, committed 65432K, reserved 1105920K
  class space    used 8473K, capacity 9294K, committed 9384K, reserved 1048576K
Event: 11.370 GC heap after
Heap after GC invocations=12 (full 3):
 PSYoungGen      total 163328K, used 15360K [0x00000000e0000000, 0x00000000ed680000, 0x0000000100000000)
  eden space 147968K, 0% used [0x00000000e0000000,0x00000000e0000000,0x00000000e9080000)
  from space 15360K, 100% used [0x00000000e9080000,0x00000000e9f80000,0x00000000e9f80000)
  to   space 26624K, 0% used [0x00000000ebc80000,0x00000000ebc80000,0x00000000ed680000)
 ParOldGen       total 144896K, used 45443K [0x00000000a0000000, 0x00000000a8d80000, 0x00000000e0000000)
  object space 144896K, 31% used [0x00000000a0000000,0x00000000a2c60e78,0x00000000a8d80000)
 Metaspace       used 61865K, capacity 65090K, committed 65432K, reserved 1105920K
  class space    used 8473K, capacity 9294K, committed 9384K, reserved 1048576K
}
Event: 12.450 GC heap before
{Heap before GC invocations=13 (full 3):
 PSYoungGen      total 163328K, used 163328K [0x00000000e0000000, 0x00000000ed680000, 0x0000000100000000)
  eden space 147968K, 100% used [0x00000000e0000000,0x00000000e9080000,0x00000000e9080000)
  from space 15360K, 100% used [0x00000000e9080000,0x00000000e9f80000,0x00000000e9f80000)
  to   space 26624K, 0% used [0x00000000ebc80000,0x00000000ebc80000,0x00000000ed680000)
 ParOldGen       total 144896K, used 45544K [0x00000000a0000000, 0x00000000a8d80000, 0x00000000e0000000)
  object space 144896K, 31% used [0x00000000a0000000,0x00000000a2c7a020,0x00000000a8d80000)
 Metaspace       used 66451K, capacity 70600K, committed 70808K, reserved 1110016K
  class space    used 9104K, capacity 10041K, committed 10152K, reserved 1048576K
Event: 12.479 GC heap after
Heap after GC invocations=13 (full 3):
 PSYoungGen      total 186880K, used 26600K [0x00000000e0000000, 0x00000000ee600000, 0x0000000100000000)
  eden space 160256K, 0% used [0x00000000e0000000,0x00000000e0000000,0x00000000e9c80000)
  from space 26624K, 99% used [0x00000000ebc80000,0x00000000ed67a048,0x00000000ed680000)
  to   space 32768K, 0% used [0x00000000e9c80000,0x00000000e9c80000,0x00000000ebc80000)
 ParOldGen       total 144896K, used 52166K [0x00000000a0000000, 0x00000000a8d80000, 0x00000000e0000000)
  object space 144896K, 36% used [0x00000000a0000000,0x00000000a32f1a08,0x00000000a8d80000)
 Metaspace       used 66451K, capacity 70600K, committed 70808K, reserved 1110016K
  class space    used 9104K, capacity 10041K, committed 10152K, reserved 1048576K
}
Event: 12.822 GC heap before
{Heap before GC invocations=14 (full 3):
 PSYoungGen      total 186880K, used 186856K [0x00000000e0000000, 0x00000000ee600000, 0x0000000100000000)
  eden space 160256K, 100% used [0x00000000e0000000,0x00000000e9c80000,0x00000000e9c80000)
  from space 26624K, 99% used [0x00000000ebc80000,0x00000000ed67a048,0x00000000ed680000)
  to   space 32768K, 0% used [0x00000000e9c80000,0x00000000e9c80000,0x00000000ebc80000)
 ParOldGen       total 144896K, used 52169K [0x00000000a0000000, 0x00000000a8d80000, 0x00000000e0000000)
  object space 144896K, 36% used [0x00000000a0000000,0x00000000a32f2680,0x00000000a8d80000)
 Metaspace       used 67039K, capacity 71078K, committed 71320K, reserved 1110016K
  class space    used 9140K, capacity 10112K, committed 10152K, reserved 1048576K
Event: 12.845 GC heap after
Heap after GC invocations=14 (full 3):
 PSYoungGen      total 193024K, used 7028K [0x00000000e0000000, 0x00000000ee600000, 0x0000000100000000)
  eden space 160256K, 0% used [0x00000000e0000000,0x00000000e0000000,0x00000000e9c80000)
  from space 32768K, 21% used [0x00000000e9c80000,0x00000000ea35d120,0x00000000ebc80000)
  to   space 26624K, 0% used [0x00000000ebc80000,0x00000000ebc80000,0x00000000ed680000)
 ParOldGen       total 144896K, used 76766K [0x00000000a0000000, 0x00000000a8d80000, 0x00000000e0000000)
  object space 144896K, 52% used [0x00000000a0000000,0x00000000a4af7bb8,0x00000000a8d80000)
 Metaspace       used 67039K, capacity 71078K, committed 71320K, reserved 1110016K
  class space    used 9140K, capacity 10112K, committed 10152K, reserved 1048576K
}

Deoptimization events (10 events):
Event: 12.815 Thread 0x000000001c295000 Uncommon trap: reason=class_check action=maybe_recompile pc=0x000000000482ac68 method=java.util.regex.Pattern$Begin.match(Ljava/util/regex/Matcher;ILjava/lang/CharSequence;)Z @ 30
Event: 12.815 Thread 0x000000001c295000 Uncommon trap: reason=class_check action=maybe_recompile pc=0x000000000482ac68 method=java.util.regex.Pattern$Begin.match(Ljava/util/regex/Matcher;ILjava/lang/CharSequence;)Z @ 30
Event: 12.815 Thread 0x000000001c295000 Uncommon trap: reason=class_check action=maybe_recompile pc=0x000000000482ac68 method=java.util.regex.Pattern$Begin.match(Ljava/util/regex/Matcher;ILjava/lang/CharSequence;)Z @ 30
Event: 12.855 Thread 0x000000001c295000 Uncommon trap: reason=unstable_if action=reinterpret pc=0x000000000326dfbc method=sun.nio.cs.UTF_8$Decoder.decode([BII[C)I @ 30
Event: 12.856 Thread 0x000000001c295000 Uncommon trap: reason=unstable_if action=reinterpret pc=0x000000000448b578 method=java.util.regex.Pattern$BitClass.isSatisfiedBy(I)Z @ 4
Event: 12.857 Thread 0x000000001c295000 Uncommon trap: reason=unstable_if action=reinterpret pc=0x00000000044878cc method=java.util.regex.Pattern$Ctype.isSatisfiedBy(I)Z @ 4
Event: 12.977 Thread 0x000000001c295000 Uncommon trap: reason=unstable_if action=reinterpret pc=0x00000000043e85d8 method=java.lang.Character.isHighSurrogate(C)Z @ 3
Event: 12.977 Thread 0x000000001c295000 Uncommon trap: reason=unstable_if action=reinterpret pc=0x0000000003b1fbec method=java.lang.Character.isHighSurrogate(C)Z @ 3
Event: 12.995 Thread 0x000000001c295800 Uncommon trap: reason=unstable_if action=reinterpret pc=0x0000000004828818 method=org.objectweb.asm.Type.getType([CI)Lorg/objectweb/asm/Type; @ 165
Event: 12.995 Thread 0x000000001c295800 Uncommon trap: reason=unstable_if action=reinterpret pc=0x000000000482a5a8 method=org.objectweb.asm.Type.getType([CI)Lorg/objectweb/asm/Type; @ 165

Classes redefined (0 events):
No events

Internal exceptions (10 events):
Event: 12.285 Thread 0x000000001c294000 Exception <a 'java/lang/NoSuchMethodError': java.lang.Object.lambda$flatMap$2(Ljava/util/function/Function;Ljava/lang/Object;)Lorg/gradle/internal/Try;> (0x00000000e531c1f0) thrown at [C:\src\AOSP-openjdk-git\hotspot\src\share\vm\interpreter\linkResolver.
Event: 12.285 Thread 0x000000001c292000 Exception <a 'java/lang/NoSuchMethodError': java.lang.Object.lambda$flatMap$2(Ljava/util/function/Function;Ljava/lang/Object;)Lorg/gradle/internal/Try;> (0x00000000e52431a8) thrown at [C:\src\AOSP-openjdk-git\hotspot\src\share\vm\interpreter\linkResolver.
Event: 12.285 Thread 0x000000001c292800 Exception <a 'java/lang/NoSuchMethodError': java.lang.Object.lambda$flatMap$2(Ljava/util/function/Function;Ljava/lang/Object;)Lorg/gradle/internal/Try;> (0x00000000e546b200) thrown at [C:\src\AOSP-openjdk-git\hotspot\src\share\vm\interpreter\linkResolver.
Event: 12.285 Thread 0x000000001c299800 Exception <a 'java/lang/NoSuchMethodError': java.lang.Object.lambda$flatMap$2(Ljava/util/function/Function;Ljava/lang/Object;)Lorg/gradle/internal/Try;> (0x00000000e56a6868) thrown at [C:\src\AOSP-openjdk-git\hotspot\src\share\vm\interpreter\linkResolver.
Event: 12.516 Thread 0x000000001c298800 Exception <a 'sun/nio/fs/WindowsException'> (0x00000000e101c9c0) thrown at [C:\src\AOSP-openjdk-git\hotspot\src\share\vm\prims\jni.cpp, line 710]
Event: 12.520 Thread 0x000000001c292000 Exception <a 'sun/nio/fs/WindowsException'> (0x00000000e129abb0) thrown at [C:\src\AOSP-openjdk-git\hotspot\src\share\vm\prims\jni.cpp, line 710]
Event: 12.526 Thread 0x000000001c292800 Exception <a 'sun/nio/fs/WindowsException'> (0x00000000e1187260) thrown at [C:\src\AOSP-openjdk-git\hotspot\src\share\vm\prims\jni.cpp, line 710]
Event: 12.566 Thread 0x000000001c299800 Exception <a 'sun/nio/fs/WindowsException'> (0x00000000e0064fc0) thrown at [C:\src\AOSP-openjdk-git\hotspot\src\share\vm\prims\jni.cpp, line 710]
Event: 12.605 Thread 0x000000001c298800 Exception <a 'sun/nio/fs/WindowsException'> (0x00000000e1dab198) thrown at [C:\src\AOSP-openjdk-git\hotspot\src\share\vm\prims\jni.cpp, line 710]
Event: 12.990 Thread 0x000000001c295000 Exception <a 'sun/nio/fs/WindowsException'> (0x00000000e5e2a1c8) thrown at [C:\src\AOSP-openjdk-git\hotspot\src\share\vm\prims\jni.cpp, line 710]

Events (10 events):
Event: 12.977 Thread 0x000000001c295000 DEOPT PACKING pc=0x0000000003b1fbec sp=0x000000002491bb70
Event: 12.977 Thread 0x000000001c295000 DEOPT UNPACKING pc=0x000000000305557b sp=0x000000002491bab8 mode 2
Event: 12.995 Thread 0x000000001c295800 Uncommon trap: trap_request=0xffffff65 fr.pc=0x0000000004828818
Event: 12.995 Thread 0x000000001c295800 DEOPT PACKING pc=0x0000000004828818 sp=0x0000000024a1b630
Event: 12.995 Thread 0x000000001c295800 DEOPT UNPACKING pc=0x000000000305557b sp=0x0000000024a1b590 mode 2
Event: 12.995 Thread 0x000000001c295800 Uncommon trap: trap_request=0xffffff65 fr.pc=0x000000000482a5a8
Event: 12.995 Thread 0x000000001c295800 DEOPT PACKING pc=0x000000000482a5a8 sp=0x0000000024a1b4f0
Event: 12.995 Thread 0x000000001c295800 DEOPT UNPACKING pc=0x000000000305557b sp=0x0000000024a1b488 mode 2
Event: 13.006 Thread 0x000000001c295800 DEOPT PACKING pc=0x000000000497d824 sp=0x0000000024a1b630
Event: 13.006 Thread 0x000000001c295800 DEOPT UNPACKING pc=0x00000000030571d0 sp=0x0000000024a1b388 mode 0


Dynamic libraries:
0x00007ff7c8170000 - 0x00007ff7c81a1000 	C:\Program Files\Android\android-studio-betta\jre\bin\java.exe
0x00007ff8732b0000 - 0x00007ff8734a4000 	C:\WINDOWS\SYSTEM32\ntdll.dll
0x00007ff8724e0000 - 0x00007ff87259d000 	C:\WINDOWS\System32\KERNEL32.DLL
0x00007ff870c90000 - 0x00007ff870f57000 	C:\WINDOWS\System32\KERNELBASE.dll
0x00007ff872a60000 - 0x00007ff872b0a000 	C:\WINDOWS\System32\ADVAPI32.dll
0x00007ff871650000 - 0x00007ff8716ee000 	C:\WINDOWS\System32\msvcrt.dll
0x00007ff871320000 - 0x00007ff8713bb000 	C:\WINDOWS\System32\sechost.dll
0x00007ff872720000 - 0x00007ff872843000 	C:\WINDOWS\System32\RPCRT4.dll
0x00007ff8714b0000 - 0x00007ff871650000 	C:\WINDOWS\System32\USER32.dll
0x00007ff870a00000 - 0x00007ff870a22000 	C:\WINDOWS\System32\win32u.dll
0x00007ff8724b0000 - 0x00007ff8724da000 	C:\WINDOWS\System32\GDI32.dll
0x00007ff870f60000 - 0x00007ff87106a000 	C:\WINDOWS\System32\gdi32full.dll
0x00007ff870bf0000 - 0x00007ff870c8d000 	C:\WINDOWS\System32\msvcp_win.dll
0x00007ff8711a0000 - 0x00007ff8712a0000 	C:\WINDOWS\System32\ucrtbase.dll
0x00007ff863030000 - 0x00007ff8632ca000 	C:\WINDOWS\WinSxS\amd64_microsoft.windows.common-controls_6595b64144ccf1df_6.0.19041.1_none_b555e41d4684ddec\COMCTL32.dll
0x00007ff8730f0000 - 0x00007ff873120000 	C:\WINDOWS\System32\IMM32.DLL
0x0000000072bc0000 - 0x0000000072c92000 	C:\Program Files\Android\android-studio-betta\jre\jre\bin\msvcr100.dll
0x0000000071a40000 - 0x000000007228b000 	C:\Program Files\Android\android-studio-betta\jre\jre\bin\server\jvm.dll
0x00007ff873260000 - 0x00007ff873268000 	C:\WINDOWS\System32\PSAPI.DLL
0x00007ff867ff0000 - 0x00007ff867ffa000 	C:\WINDOWS\SYSTEM32\VERSION.dll
0x00007ff865570000 - 0x00007ff865597000 	C:\WINDOWS\SYSTEM32\WINMM.dll
0x00007ff86bdb0000 - 0x00007ff86bdb9000 	C:\WINDOWS\SYSTEM32\WSOCK32.dll
0x00007ff872650000 - 0x00007ff8726bb000 	C:\WINDOWS\System32\WS2_32.dll
0x00007ff85f720000 - 0x00007ff85f72f000 	C:\Program Files\Android\android-studio-betta\jre\jre\bin\verify.dll
0x00007ff854600000 - 0x00007ff854629000 	C:\Program Files\Android\android-studio-betta\jre\jre\bin\java.dll
0x00007ff85bcf0000 - 0x00007ff85bd06000 	C:\Program Files\Android\android-studio-betta\jre\jre\bin\zip.dll
0x00007ff871750000 - 0x00007ff871e84000 	C:\WINDOWS\System32\SHELL32.dll
0x00007ff86eb90000 - 0x00007ff86f31e000 	C:\WINDOWS\SYSTEM32\windows.storage.dll
0x00007ff872b10000 - 0x00007ff872e63000 	C:\WINDOWS\System32\combase.dll
0x00007ff870480000 - 0x00007ff8704ab000 	C:\WINDOWS\SYSTEM32\Wldp.dll
0x00007ff8725a0000 - 0x00007ff87264e000 	C:\WINDOWS\System32\SHCORE.dll
0x00007ff872450000 - 0x00007ff8724a5000 	C:\WINDOWS\System32\shlwapi.dll
0x00007ff870940000 - 0x00007ff87095f000 	C:\WINDOWS\SYSTEM32\profapi.dll
0x00007ff857750000 - 0x00007ff85776a000 	C:\Program Files\Android\android-studio-betta\jre\jre\bin\net.dll
0x00007ff870200000 - 0x00007ff87026a000 	C:\WINDOWS\system32\mswsock.dll
0x00007ff860170000 - 0x00007ff860183000 	C:\Program Files\Android\android-studio-betta\jre\jre\bin\nio.dll
0x00007ff862b20000 - 0x00007ff862b46000 	N:\_AndroidGradle\native\30\windows-amd64\native-platform.dll
0x00007ff860690000 - 0x00007ff86069d000 	C:\Program Files\Android\android-studio-betta\jre\jre\bin\management.dll
0x00007ff8703d0000 - 0x00007ff8703e8000 	C:\WINDOWS\SYSTEM32\CRYPTSP.dll
0x00007ff86fb20000 - 0x00007ff86fb54000 	C:\WINDOWS\system32\rsaenh.dll
0x00007ff871070000 - 0x00007ff871097000 	C:\WINDOWS\System32\bcrypt.dll
0x00007ff870900000 - 0x00007ff87092e000 	C:\WINDOWS\SYSTEM32\USERENV.dll
0x00007ff8712a0000 - 0x00007ff87131f000 	C:\WINDOWS\System32\bcryptprimitives.dll
0x00007ff8703f0000 - 0x00007ff8703fc000 	C:\WINDOWS\SYSTEM32\CRYPTBASE.dll
0x00007ff86fea0000 - 0x00007ff86fedb000 	C:\WINDOWS\SYSTEM32\IPHLPAPI.DLL
0x00007ff872930000 - 0x00007ff872939000 	C:\WINDOWS\System32\NSI.dll
0x00007ff86baf0000 - 0x00007ff86bb07000 	C:\WINDOWS\SYSTEM32\dhcpcsvc6.DLL
0x00007ff86bad0000 - 0x00007ff86baed000 	C:\WINDOWS\SYSTEM32\dhcpcsvc.DLL
0x00007ff86fef0000 - 0x00007ff86ffba000 	C:\WINDOWS\SYSTEM32\DNSAPI.dll

VM Arguments:
jvm_args: -Xmx1536m -Dfile.encoding=windows-1251 -Duser.country=RU -Duser.language=ru -Duser.variant 
java_command: org.gradle.launcher.daemon.bootstrap.GradleDaemon 5.6.1
java_class_path (initial): N:\_AndroidGradle\wrapper\dists\gradle-5.6.1-all\805usxkvhgx6e1wbo8o64g0tx\gradle-5.6.1\lib\gradle-launcher-5.6.1.jar
Launcher Type: SUN_STANDARD

Environment Variables:
JAVA_HOME=C:\Program Files\Java\jdk-14.0.1
PATH=C:\Program Files (x86)\NVIDIA Corporation\PhysX\Common;C:\WINDOWS\system32;C:\WINDOWS;C:\WINDOWS\System32\Wbem;C:\WINDOWS\System32\WindowsPowerShell\v1.0\;C:\WINDOWS\System32\OpenSSH\;C:\Program Files (x86)\ATI Technologies\ATI.ACE\Core-Static;C:\Program Files\Java\jdk-14.0.1\bin;C:\Program Files (x86)\Common Files\Acronis\SnapAPI\;C:\Program Files\Git\cmd;N:\_AndroidSDK\platform-tools;C:\Users\delaf\AppData\Local\Microsoft\WindowsApps;;C:\Users\delaf\AppData\Local\Programs\Fiddler;%USERPROFILE%\AppData\Local\Microsoft\WindowsApps
USERNAME=delaf
OS=Windows_NT
PROCESSOR_IDENTIFIER=Intel64 Family 6 Model 26 Stepping 5, GenuineIntel



---------------  S Y S T E M  ---------------

OS: Windows 10.0 , 64 bit Build 19041 (10.0.19041.292)

CPU:total 8 (initial active 8) (4 cores per cpu, 2 threads per core) family 6 model 26 stepping 5, cmov, cx8, fxsr, mmx, sse, sse2, sse3, ssse3, sse4.1, sse4.2, popcnt, ht, tsc, tscinvbit, tscinv

Memory: 4k page, physical 12573792k(982396k free), swap 20962400k(5164k free)

vm_info: OpenJDK 64-Bit Server VM (25.242-b01) for windows-amd64 JRE (1.8.0_242-release-1644-b01), built by "builder" with MS VC++ 10.0 (VS2010)

time: Tue Jul 07 01:18:03 2020
timezone: RTZ 2 (зима)
elapsed time: 13 seconds (0d 0h 0m 13s)

