#
# There is insufficient memory for the Java Runtime Environment to continue.
# Native memory allocation (malloc) failed to allocate 926496 bytes for Chunk::new
# Possible reasons:
#   The system is out of physical RAM or swap space
#   The process is running with CompressedOops enabled, and the Java Heap may be blocking the growth of the native heap
# Possible solutions:
#   Reduce memory load on the system
#   Increase physical memory or swap space
#   Check if swap backing store is full
#   Decrease Java heap size (-Xmx/-Xms)
#   Decrease number of Java threads
#   Decrease Java thread stack sizes (-Xss)
#   Set larger code cache with -XX:ReservedCodeCacheSize=
#   JVM is running with Unscaled Compressed Oops mode in which the Java heap is
#     placed in the first 4GB address space. The Java Heap base address is the
#     maximum limit for the native heap growth. Please use -XX:HeapBaseMinAddress
#     to set the Java Heap base and to place the Java Heap above 4GB virtual address.
# This output file may be truncated or incomplete.
#
#  Out of Memory Error (allocation.cpp:389), pid=5788, tid=0x0000000000002e28
#
# JRE version: OpenJDK Runtime Environment (8.0_242-b01) (build 1.8.0_242-release-1644-b01)
# Java VM: OpenJDK 64-Bit Server VM (25.242-b01 mixed mode windows-amd64 compressed oops)
# Failed to write core dump. Minidumps are not enabled by default on client versions of Windows
#

---------------  T H R E A D  ---------------

Current thread (0x000000001653d800):  JavaThread "C2 CompilerThread1" daemon [_thread_in_native, id=11816, stack(0x0000000018d00000,0x0000000018e00000)]

Stack: [0x0000000018d00000,0x0000000018e00000]
[error occurred during error reporting (printing stack bounds), id 0xc0000005]

Native frames: (J=compiled Java code, j=interpreted, Vv=VM code, C=native code)


Current CompileTask:
C2:   8461 4597   !   4       com.sun.beans.TypeResolver::resolve (274 bytes)


---------------  P R O C E S S  ---------------

Java Threads: ( => current thread )
  0x000000001e7e8000 JavaThread "Cache worker for Build Output Cleanup Cache (N:\2020_GCAAD\Android Kotlin Fundamentals\Lesson 06 Room database and coroutines\kotlin-coroutines\ktx-library-codelab\.gradle\buildOutputCleanup)" [_thread_blocked, id=10028, stack(0x0000000023ea0000,0x0000000023fa0000)]
  0x000000001e7e9000 JavaThread "Build operations Thread 8" [_thread_blocked, id=8276, stack(0x0000000023da0000,0x0000000023ea0000)]
  0x000000001e7e7800 JavaThread "Build operations Thread 7" [_thread_blocked, id=9264, stack(0x0000000023ca0000,0x0000000023da0000)]
  0x000000001e7ea800 JavaThread "Build operations Thread 6" [_thread_blocked, id=10808, stack(0x0000000023ba0000,0x0000000023ca0000)]
  0x000000001e7dd000 JavaThread "Build operations Thread 5" [_thread_blocked, id=10796, stack(0x0000000023aa0000,0x0000000023ba0000)]
  0x000000001e7e3800 JavaThread "Build operations Thread 4" [_thread_blocked, id=10696, stack(0x00000000239a0000,0x0000000023aa0000)]
  0x000000001e7e2000 JavaThread "Build operations Thread 3" [_thread_blocked, id=5208, stack(0x00000000238a0000,0x00000000239a0000)]
  0x000000001e7e0000 JavaThread "Build operations Thread 2" [_thread_blocked, id=1684, stack(0x00000000237a0000,0x00000000238a0000)]
  0x000000001e7e3000 JavaThread "Build operations" [_thread_blocked, id=10016, stack(0x0000000020d80000,0x0000000020e80000)]
  0x000000001e7de800 JavaThread "Cache worker for execution history cache (N:\_AndroidGradle\caches\5.6.1\executionHistory)" [_thread_blocked, id=1508, stack(0x0000000020c80000,0x0000000020d80000)]
  0x000000001e7dd800 JavaThread "Cache worker for cache directory md-rule (N:\_AndroidGradle\caches\5.6.1\md-rule)" [_thread_blocked, id=10724, stack(0x0000000020b80000,0x0000000020c80000)]
  0x000000001e7e0800 JavaThread "Cache worker for cache directory md-supplier (N:\_AndroidGradle\caches\5.6.1\md-supplier)" [_thread_blocked, id=532, stack(0x000000001f5d0000,0x000000001f6d0000)]
  0x0000000018337000 JavaThread "Cache worker for file hash cache (N:\2020_GCAAD\Android Kotlin Fundamentals\Lesson 06 Room database and coroutines\kotlin-coroutines\ktx-library-codelab\.gradle\5.6.1\fileHashes)" [_thread_blocked, id=8040, stack(0x000000001f2d0000,0x000000001f3d0000)]
  0x0000000018336800 JavaThread "Cache worker for journal cache (N:\_AndroidGradle\caches\journal-1)" [_thread_blocked, id=5672, stack(0x000000001d030000,0x000000001d130000)]
  0x0000000018338800 JavaThread "File lock request listener" [_thread_in_native, id=6436, stack(0x000000001cf30000,0x000000001d030000)]
  0x0000000018338000 JavaThread "Cache worker for file hash cache (N:\_AndroidGradle\caches\5.6.1\fileHashes)" [_thread_blocked, id=11844, stack(0x000000001ce30000,0x000000001cf30000)]
  0x000000001ae17800 JavaThread "Thread-9" [_thread_blocked, id=5716, stack(0x000000001cb30000,0x000000001cc30000)]
  0x000000001ae16000 JavaThread "Stdin handler" [_thread_blocked, id=9372, stack(0x000000001ca30000,0x000000001cb30000)]
  0x000000001ae0f000 JavaThread "Asynchronous log dispatcher for DefaultDaemonConnection: socket connection from /127.0.0.1:49340 to /127.0.0.1:49341" [_thread_blocked, id=11924, stack(0x000000001c930000,0x000000001ca30000)]
  0x000000001ae71800 JavaThread "Daemon worker" [_thread_in_Java, id=11920, stack(0x000000001c830000,0x000000001c930000)]
  0x000000001ae70000 JavaThread "Cancel handler" [_thread_blocked, id=5656, stack(0x000000001c730000,0x000000001c830000)]
  0x000000001ade3000 JavaThread "Handler for socket connection from /127.0.0.1:49340 to /127.0.0.1:49341" [_thread_in_native, id=1980, stack(0x000000001c430000,0x000000001c530000)]
  0x000000001ade2800 JavaThread "Daemon" [_thread_blocked, id=11484, stack(0x000000001c330000,0x000000001c430000)]
  0x000000001ad8f800 JavaThread "Daemon periodic checks" [_thread_blocked, id=1492, stack(0x000000001c230000,0x000000001c330000)]
  0x000000001ad7e000 JavaThread "Incoming local TCP Connector on port 49340" [_thread_in_native, id=4504, stack(0x000000001bfe0000,0x000000001c0e0000)]
  0x000000001ac8d000 JavaThread "Daemon health stats" [_thread_blocked, id=4728, stack(0x000000001b9a0000,0x000000001baa0000)]
  0x00000000183cd000 JavaThread "Service Thread" daemon [_thread_blocked, id=4272, stack(0x0000000019000000,0x0000000019100000)]
  0x0000000018334000 JavaThread "C1 CompilerThread3" daemon [_thread_blocked, id=6804, stack(0x0000000018f00000,0x0000000019000000)]
  0x0000000018335800 JavaThread "C2 CompilerThread2" daemon [_thread_blocked, id=3640, stack(0x0000000018e00000,0x0000000018f00000)]
=>0x000000001653d800 JavaThread "C2 CompilerThread1" daemon [_thread_in_native, id=11816, stack(0x0000000018d00000,0x0000000018e00000)]
  0x0000000018323000 JavaThread "C2 CompilerThread0" daemon [_thread_in_native, id=5580, stack(0x0000000018c00000,0x0000000018d00000)]
  0x0000000018322000 JavaThread "Attach Listener" daemon [_thread_blocked, id=6668, stack(0x0000000018b00000,0x0000000018c00000)]
  0x0000000018325800 JavaThread "Signal Dispatcher" daemon [_thread_blocked, id=5628, stack(0x0000000018a00000,0x0000000018b00000)]
  0x000000000276e000 JavaThread "Finalizer" daemon [_thread_blocked, id=12272, stack(0x00000000187f0000,0x00000000188f0000)]
  0x0000000002766800 JavaThread "Reference Handler" daemon [_thread_blocked, id=9628, stack(0x00000000186f0000,0x00000000187f0000)]
  0x000000000256d800 JavaThread "main" [_thread_blocked, id=2832, stack(0x0000000002570000,0x0000000002670000)]

Other Threads:
  0x0000000016527000 VMThread [stack: 0x00000000181f0000,0x00000000182f0000] [id=11308]
  0x00000000183cd800 WatcherThread [stack: 0x0000000019100000,0x0000000019200000] [id=6552]

VM state:not at safepoint (normal execution)

VM Mutex/Monitor currently owned by a thread: None

heap address: 0x00000000a0000000, size: 1536 MB, Compressed Oops mode: 32-bit
Narrow klass base: 0x0000000000000000, Narrow klass shift: 3
Compressed class space size: 1073741824 Address: 0x0000000100000000

Heap:
 PSYoungGen      total 200192K, used 40339K [0x00000000e0000000, 0x00000000f0d80000, 0x0000000100000000)
  eden space 189952K, 15% used [0x00000000e0000000,0x00000000e1d67c58,0x00000000eb980000)
  from space 10240K, 99% used [0x00000000ecc00000,0x00000000ed5fd300,0x00000000ed600000)
  to   space 18944K, 0% used [0x00000000eb980000,0x00000000eb980000,0x00000000ecc00000)
 ParOldGen       total 116736K, used 30150K [0x00000000a0000000, 0x00000000a7200000, 0x00000000e0000000)
  object space 116736K, 25% used [0x00000000a0000000,0x00000000a1d71958,0x00000000a7200000)
 Metaspace       used 50025K, capacity 51802K, committed 52008K, reserved 1093632K
  class space    used 6700K, capacity 7159K, committed 7208K, reserved 1048576K

Card table byte_map: [0x0000000011b30000,0x0000000011e40000] byte_map_base: 0x0000000011630000

Marking Bits: (ParMarkBitMap*) 0x000000007220f030
 Begin Bits: [0x0000000012840000, 0x0000000014040000)
 End Bits:   [0x0000000014040000, 0x0000000015840000)

Polling page: 0x00000000003f0000

CodeCache: size=245760Kb used=14849Kb max_used=14852Kb free=230910Kb
 bounds [0x0000000002770000, 0x0000000003610000, 0x0000000011770000]
 total_blobs=5039 nmethods=4272 adapters=680
 compilation: enabled

Compilation events (10 events):
Event: 8.394 Thread 0x0000000018335800 4706       4       java.nio.Buffer::clear (20 bytes)
Event: 8.394 Thread 0x0000000018335800 nmethod 4706 0x00000000029845d0 code [0x0000000002984700, 0x0000000002984778]
Event: 8.394 Thread 0x0000000018335800 4685       4       java.lang.StringCoding::scale (7 bytes)
Event: 8.394 Thread 0x0000000018335800 nmethod 4685 0x00000000029bc250 code [0x00000000029bc380, 0x00000000029bc3d8]
Event: 8.421 Thread 0x0000000018334000 4736       1       com.sun.org.apache.xerces.internal.utils.XMLSecurityManager$Limit::systemProperty (5 bytes)
Event: 8.421 Thread 0x0000000018334000 nmethod 4736 0x00000000032a9050 code [0x00000000032a91a0, 0x00000000032a92b0]
Event: 8.433 Thread 0x0000000018334000 4739       3       java.lang.invoke.ConstantCallSite::getTarget (20 bytes)
Event: 8.434 Thread 0x0000000018334000 nmethod 4739 0x00000000035f8510 code [0x00000000035f8680, 0x00000000035f88e8]
Event: 8.444 Thread 0x0000000018334000 4740       3       com.google.common.base.Preconditions::checkNotNull (14 bytes)
Event: 8.444 Thread 0x0000000018334000 nmethod 4740 0x00000000035f8090 code [0x00000000035f8200, 0x00000000035f8428]

GC Heap History (10 events):
Event: 3.626 GC heap before
{Heap before GC invocations=6 (full 1):
 PSYoungGen      total 106496K, used 7744K [0x00000000e0000000, 0x00000000ed800000, 0x0000000100000000)
  eden space 98304K, 0% used [0x00000000e0000000,0x00000000e0000000,0x00000000e6000000)
  from space 8192K, 94% used [0x00000000e6000000,0x00000000e67903a0,0x00000000e6800000)
  to   space 12288K, 0% used [0x00000000ecc00000,0x00000000ecc00000,0x00000000ed800000)
 ParOldGen       total 131072K, used 4328K [0x00000000a0000000, 0x00000000a8000000, 0x00000000e0000000)
  object space 131072K, 3% used [0x00000000a0000000,0x00000000a043a130,0x00000000a8000000)
 Metaspace       used 20723K, capacity 21216K, committed 21296K, reserved 1067008K
  class space    used 2992K, capacity 3179K, committed 3200K, reserved 1048576K
Event: 3.661 GC heap after
Heap after GC invocations=6 (full 1):
 PSYoungGen      total 106496K, used 0K [0x00000000e0000000, 0x00000000ed800000, 0x0000000100000000)
  eden space 98304K, 0% used [0x00000000e0000000,0x00000000e0000000,0x00000000e6000000)
  from space 8192K, 0% used [0x00000000e6000000,0x00000000e6000000,0x00000000e6800000)
  to   space 12288K, 0% used [0x00000000ecc00000,0x00000000ecc00000,0x00000000ed800000)
 ParOldGen       total 70144K, used 8085K [0x00000000a0000000, 0x00000000a4480000, 0x00000000e0000000)
  object space 70144K, 11% used [0x00000000a0000000,0x00000000a07e56e0,0x00000000a4480000)
 Metaspace       used 20723K, capacity 21216K, committed 21296K, reserved 1067008K
  class space    used 2992K, capacity 3179K, committed 3200K, reserved 1048576K
}
Event: 4.661 GC heap before
{Heap before GC invocations=7 (full 1):
 PSYoungGen      total 106496K, used 98304K [0x00000000e0000000, 0x00000000ed800000, 0x0000000100000000)
  eden space 98304K, 100% used [0x00000000e0000000,0x00000000e6000000,0x00000000e6000000)
  from space 8192K, 0% used [0x00000000e6000000,0x00000000e6000000,0x00000000e6800000)
  to   space 12288K, 0% used [0x00000000ecc00000,0x00000000ecc00000,0x00000000ed800000)
 ParOldGen       total 70144K, used 8085K [0x00000000a0000000, 0x00000000a4480000, 0x00000000e0000000)
  object space 70144K, 11% used [0x00000000a0000000,0x00000000a07e56e0,0x00000000a4480000)
 Metaspace       used 30058K, capacity 30672K, committed 30848K, reserved 1075200K
  class space    used 4139K, capacity 4363K, committed 4480K, reserved 1048576K
Event: 4.673 GC heap after
Heap after GC invocations=7 (full 1):
 PSYoungGen      total 185344K, used 9916K [0x00000000e0000000, 0x00000000ed600000, 0x0000000100000000)
  eden space 175104K, 0% used [0x00000000e0000000,0x00000000e0000000,0x00000000eab00000)
  from space 10240K, 96% used [0x00000000ecc00000,0x00000000ed5af238,0x00000000ed600000)
  to   space 12800K, 0% used [0x00000000ebd00000,0x00000000ebd00000,0x00000000ec980000)
 ParOldGen       total 70144K, used 8093K [0x00000000a0000000, 0x00000000a4480000, 0x00000000e0000000)
  object space 70144K, 11% used [0x00000000a0000000,0x00000000a07e76e0,0x00000000a4480000)
 Metaspace       used 30058K, capacity 30672K, committed 30848K, reserved 1075200K
  class space    used 4139K, capacity 4363K, committed 4480K, reserved 1048576K
}
Event: 5.717 GC heap before
{Heap before GC invocations=8 (full 1):
 PSYoungGen      total 185344K, used 101481K [0x00000000e0000000, 0x00000000ed600000, 0x0000000100000000)
  eden space 175104K, 52% used [0x00000000e0000000,0x00000000e596b218,0x00000000eab00000)
  from space 10240K, 96% used [0x00000000ecc00000,0x00000000ed5af238,0x00000000ed600000)
  to   space 12800K, 0% used [0x00000000ebd00000,0x00000000ebd00000,0x00000000ec980000)
 ParOldGen       total 70144K, used 8093K [0x00000000a0000000, 0x00000000a4480000, 0x00000000e0000000)
  object space 70144K, 11% used [0x00000000a0000000,0x00000000a07e76e0,0x00000000a4480000)
 Metaspace       used 34547K, capacity 35392K, committed 35496K, reserved 1079296K
  class space    used 4755K, capacity 5004K, committed 5032K, reserved 1048576K
Event: 5.730 GC heap after
Heap after GC invocations=8 (full 1):
 PSYoungGen      total 187904K, used 12468K [0x00000000e0000000, 0x00000000ed600000, 0x0000000100000000)
  eden space 175104K, 0% used [0x00000000e0000000,0x00000000e0000000,0x00000000eab00000)
  from space 12800K, 97% used [0x00000000ebd00000,0x00000000ec92d2f8,0x00000000ec980000)
  to   space 10240K, 0% used [0x00000000ecc00000,0x00000000ecc00000,0x00000000ed600000)
 ParOldGen       total 70144K, used 8101K [0x00000000a0000000, 0x00000000a4480000, 0x00000000e0000000)
  object space 70144K, 11% used [0x00000000a0000000,0x00000000a07e96e0,0x00000000a4480000)
 Metaspace       used 34547K, capacity 35392K, committed 35496K, reserved 1079296K
  class space    used 4755K, capacity 5004K, committed 5032K, reserved 1048576K
}
Event: 5.730 GC heap before
{Heap before GC invocations=9 (full 2):
 PSYoungGen      total 187904K, used 12468K [0x00000000e0000000, 0x00000000ed600000, 0x0000000100000000)
  eden space 175104K, 0% used [0x00000000e0000000,0x00000000e0000000,0x00000000eab00000)
  from space 12800K, 97% used [0x00000000ebd00000,0x00000000ec92d2f8,0x00000000ec980000)
  to   space 10240K, 0% used [0x00000000ecc00000,0x00000000ecc00000,0x00000000ed600000)
 ParOldGen       total 70144K, used 8101K [0x00000000a0000000, 0x00000000a4480000, 0x00000000e0000000)
  object space 70144K, 11% used [0x00000000a0000000,0x00000000a07e96e0,0x00000000a4480000)
 Metaspace       used 34547K, capacity 35392K, committed 35496K, reserved 1079296K
  class space    used 4755K, capacity 5004K, committed 5032K, reserved 1048576K
Event: 5.890 GC heap after
Heap after GC invocations=9 (full 2):
 PSYoungGen      total 187904K, used 0K [0x00000000e0000000, 0x00000000ed600000, 0x0000000100000000)
  eden space 175104K, 0% used [0x00000000e0000000,0x00000000e0000000,0x00000000eab00000)
  from space 12800K, 0% used [0x00000000ebd00000,0x00000000ebd00000,0x00000000ec980000)
  to   space 10240K, 0% used [0x00000000ecc00000,0x00000000ecc00000,0x00000000ed600000)
 ParOldGen       total 116736K, used 19330K [0x00000000a0000000, 0x00000000a7200000, 0x00000000e0000000)
  object space 116736K, 16% used [0x00000000a0000000,0x00000000a12e0830,0x00000000a7200000)
 Metaspace       used 34547K, capacity 35392K, committed 35496K, reserved 1079296K
  class space    used 4755K, capacity 5004K, committed 5032K, reserved 1048576K
}
Event: 8.139 GC heap before
{Heap before GC invocations=10 (full 2):
 PSYoungGen      total 187904K, used 175104K [0x00000000e0000000, 0x00000000ed600000, 0x0000000100000000)
  eden space 175104K, 100% used [0x00000000e0000000,0x00000000eab00000,0x00000000eab00000)
  from space 12800K, 0% used [0x00000000ebd00000,0x00000000ebd00000,0x00000000ec980000)
  to   space 10240K, 0% used [0x00000000ecc00000,0x00000000ecc00000,0x00000000ed600000)
 ParOldGen       total 116736K, used 19330K [0x00000000a0000000, 0x00000000a7200000, 0x00000000e0000000)
  object space 116736K, 16% used [0x00000000a0000000,0x00000000a12e0830,0x00000000a7200000)
 Metaspace       used 47993K, capacity 49614K, committed 49960K, reserved 1091584K
  class space    used 6446K, capacity 6872K, committed 6952K, reserved 1048576K
Event: 8.157 GC heap after
Heap after GC invocations=10 (full 2):
 PSYoungGen      total 200192K, used 10228K [0x00000000e0000000, 0x00000000f0d80000, 0x0000000100000000)
  eden space 189952K, 0% used [0x00000000e0000000,0x00000000e0000000,0x00000000eb980000)
  from space 10240K, 99% used [0x00000000ecc00000,0x00000000ed5fd300,0x00000000ed600000)
  to   space 18944K, 0% used [0x00000000eb980000,0x00000000eb980000,0x00000000ecc00000)
 ParOldGen       total 116736K, used 30150K [0x00000000a0000000, 0x00000000a7200000, 0x00000000e0000000)
  object space 116736K, 25% used [0x00000000a0000000,0x00000000a1d71958,0x00000000a7200000)
 Metaspace       used 47993K, capacity 49614K, committed 49960K, reserved 1091584K
  class space    used 6446K, capacity 6872K, committed 6952K, reserved 1048576K
}

Deoptimization events (10 events):
Event: 7.970 Thread 0x000000001ae71800 Uncommon trap: reason=unstable_if action=reinterpret pc=0x0000000003465450 method=groovy.lang.MetaClassImpl.filterPropertyMethod(Ljava/lang/Object;ZZ)Ljava/lang/Object; @ 72
Event: 8.019 Thread 0x000000001ae71800 Uncommon trap: reason=unstable_if action=reinterpret pc=0x00000000028f6b50 method=org.gradle.internal.service.DefaultServiceRegistry$OwnServices.getService(Ljava/lang/reflect/Type;)Lorg/gradle/internal/service/Service; @ 27
Event: 8.055 Thread 0x000000001ae71800 Uncommon trap: reason=unstable_if action=reinterpret pc=0x0000000002fcc0e4 method=java.lang.String.lastIndexOf([CII[CIII)I @ 17
Event: 8.055 Thread 0x000000001ae71800 Uncommon trap: reason=unstable_if action=reinterpret pc=0x0000000002fa90f0 method=sun.net.www.protocol.jar.Handler.parseURL(Ljava/net/URL;Ljava/lang/String;II)V @ 116
Event: 8.068 Thread 0x000000001ae71800 Uncommon trap: reason=unstable_if action=reinterpret pc=0x00000000034ef15c method=java.util.concurrent.ConcurrentHashMap.putVal(Ljava/lang/Object;Ljava/lang/Object;Z)Ljava/lang/Object; @ 195
Event: 8.316 Thread 0x000000001ae71800 Uncommon trap: reason=speculate_class_check action=maybe_recompile pc=0x0000000003368728 method=com.google.common.collect.AbstractIndexedListIterator.next()Ljava/lang/Object; @ 27
Event: 8.316 Thread 0x000000001ae71800 Uncommon trap: reason=speculate_class_check action=maybe_recompile pc=0x0000000003368728 method=com.google.common.collect.AbstractIndexedListIterator.next()Ljava/lang/Object; @ 27
Event: 8.316 Thread 0x000000001ae71800 Uncommon trap: reason=speculate_class_check action=maybe_recompile pc=0x0000000003368728 method=com.google.common.collect.AbstractIndexedListIterator.next()Ljava/lang/Object; @ 27
Event: 8.316 Thread 0x000000001ae71800 Uncommon trap: reason=speculate_class_check action=maybe_recompile pc=0x0000000003368728 method=com.google.common.collect.AbstractIndexedListIterator.next()Ljava/lang/Object; @ 27
Event: 8.333 Thread 0x000000001ae71800 Uncommon trap: reason=unstable_if action=reinterpret pc=0x000000000354f6b0 method=org.gradle.internal.instantiation.AbstractClassGenerator$InjectionAnnotationValidator.validateMethod(Ljava/lang/reflect/Method;Lorg/gradle/internal/reflect/PropertyAccessorT

Classes redefined (0 events):
No events

Internal exceptions (10 events):
Event: 8.248 Thread 0x000000001ae71800 Exception <a 'java/lang/ClassNotFoundException': org/gradle/api/internal/file/CompositeFileTreeCustomizer> (0x00000000e0f927e8) thrown at [C:\src\AOSP-openjdk-git\hotspot\src\share\vm\classfile\systemDictionary.cpp, line 210]
Event: 8.249 Thread 0x000000001ae71800 Exception <a 'java/lang/ClassNotFoundException': org/gradle/api/internal/file/collections/DefaultConfigurableFileTreeCustomizer> (0x00000000e0fe9db0) thrown at [C:\src\AOSP-openjdk-git\hotspot\src\share\vm\classfile\systemDictionary.cpp, line 210]
Event: 8.253 Thread 0x000000001ae71800 Exception <a 'java/lang/ClassNotFoundException': org/gradle/api/plugins/internal/DefaultBasePluginConventionBeanInfo> (0x00000000e109ed90) thrown at [C:\src\AOSP-openjdk-git\hotspot\src\share\vm\classfile\systemDictionary.cpp, line 210]
Event: 8.253 Thread 0x000000001ae71800 Exception <a 'java/lang/ClassNotFoundException': org/gradle/api/plugins/BasePluginConventionBeanInfo> (0x00000000e10e9ad0) thrown at [C:\src\AOSP-openjdk-git\hotspot\src\share\vm\classfile\systemDictionary.cpp, line 210]
Event: 8.254 Thread 0x000000001ae71800 Exception <a 'java/lang/ClassNotFoundException': org/gradle/api/plugins/BasePluginConventionCustomizer> (0x00000000e1135b70) thrown at [C:\src\AOSP-openjdk-git\hotspot\src\share\vm\classfile\systemDictionary.cpp, line 210]
Event: 8.256 Thread 0x000000001ae71800 Exception <a 'java/lang/ClassNotFoundException': org/gradle/api/plugins/internal/DefaultBasePluginConventionCustomizer> (0x00000000e11a2780) thrown at [C:\src\AOSP-openjdk-git\hotspot\src\share\vm\classfile\systemDictionary.cpp, line 210]
Event: 8.259 Thread 0x000000001ae71800 Exception <a 'java/lang/ClassNotFoundException': org/gradle/api/plugins/internal/DefaultJavaPluginConventionBeanInfo> (0x00000000e1248570) thrown at [C:\src\AOSP-openjdk-git\hotspot\src\share\vm\classfile\systemDictionary.cpp, line 210]
Event: 8.259 Thread 0x000000001ae71800 Exception <a 'java/lang/ClassNotFoundException': org/gradle/api/plugins/JavaPluginConventionBeanInfo> (0x00000000e1293218) thrown at [C:\src\AOSP-openjdk-git\hotspot\src\share\vm\classfile\systemDictionary.cpp, line 210]
Event: 8.260 Thread 0x000000001ae71800 Exception <a 'java/lang/ClassNotFoundException': org/gradle/api/plugins/JavaPluginConventionCustomizer> (0x00000000e12df2b8) thrown at [C:\src\AOSP-openjdk-git\hotspot\src\share\vm\classfile\systemDictionary.cpp, line 210]
Event: 8.262 Thread 0x000000001ae71800 Exception <a 'java/lang/ClassNotFoundException': org/gradle/api/plugins/internal/DefaultJavaPluginConventionCustomizer> (0x00000000e1357e78) thrown at [C:\src\AOSP-openjdk-git\hotspot\src\share\vm\classfile\systemDictionary.cpp, line 210]

Events (10 events):
Event: 8.456 loading class com/android/build/gradle/internal/scope/AnchorOutputType
Event: 8.456 loading class com/android/build/gradle/internal/scope/AnchorOutputType done
Event: 8.456 loading class com/android/build/gradle/internal/publishing/VariantPublishingSpecImpl
Event: 8.456 loading class com/android/build/gradle/internal/publishing/VariantPublishingSpecImpl done
Event: 8.457 loading class com/android/build/gradle/internal/publishing/PublishingSpecs$VariantSpec
Event: 8.457 loading class com/android/build/gradle/internal/publishing/PublishingSpecs$VariantSpec done
Event: 8.458 loading class com/android/build/gradle/internal/utils/GuavaKtxKt
Event: 8.458 loading class com/android/build/gradle/internal/utils/GuavaKtxKt done
Event: 8.459 loading class com/android/build/gradle/internal/publishing/PublishingSpecs$Companion$2
Event: 8.459 loading class com/android/build/gradle/internal/publishing/PublishingSpecs$Companion$2 done


Dynamic libraries:
0x00007ff7c8170000 - 0x00007ff7c81a1000 	C:\Program Files\Android\android-studio-betta\jre\bin\java.exe
0x00007ff8732b0000 - 0x00007ff8734a4000 	C:\WINDOWS\SYSTEM32\ntdll.dll
0x00007ff8724e0000 - 0x00007ff87259d000 	C:\WINDOWS\System32\KERNEL32.DLL
0x00007ff870c90000 - 0x00007ff870f57000 	C:\WINDOWS\System32\KERNELBASE.dll
0x00007ff872a60000 - 0x00007ff872b0a000 	C:\WINDOWS\System32\ADVAPI32.dll
0x00007ff871650000 - 0x00007ff8716ee000 	C:\WINDOWS\System32\msvcrt.dll
0x00007ff871320000 - 0x00007ff8713bb000 	C:\WINDOWS\System32\sechost.dll
0x00007ff872720000 - 0x00007ff872843000 	C:\WINDOWS\System32\RPCRT4.dll
0x00007ff8714b0000 - 0x00007ff871650000 	C:\WINDOWS\System32\USER32.dll
0x00007ff870a00000 - 0x00007ff870a22000 	C:\WINDOWS\System32\win32u.dll
0x00007ff8724b0000 - 0x00007ff8724da000 	C:\WINDOWS\System32\GDI32.dll
0x00007ff870f60000 - 0x00007ff87106a000 	C:\WINDOWS\System32\gdi32full.dll
0x00007ff870bf0000 - 0x00007ff870c8d000 	C:\WINDOWS\System32\msvcp_win.dll
0x00007ff8711a0000 - 0x00007ff8712a0000 	C:\WINDOWS\System32\ucrtbase.dll
0x00007ff863030000 - 0x00007ff8632ca000 	C:\WINDOWS\WinSxS\amd64_microsoft.windows.common-controls_6595b64144ccf1df_6.0.19041.1_none_b555e41d4684ddec\COMCTL32.dll
0x00007ff8730f0000 - 0x00007ff873120000 	C:\WINDOWS\System32\IMM32.DLL
0x0000000072bc0000 - 0x0000000072c92000 	C:\Program Files\Android\android-studio-betta\jre\jre\bin\msvcr100.dll
0x0000000071a40000 - 0x000000007228b000 	C:\Program Files\Android\android-studio-betta\jre\jre\bin\server\jvm.dll
0x00007ff873260000 - 0x00007ff873268000 	C:\WINDOWS\System32\PSAPI.DLL
0x00007ff86bdb0000 - 0x00007ff86bdb9000 	C:\WINDOWS\SYSTEM32\WSOCK32.dll
0x00007ff865570000 - 0x00007ff865597000 	C:\WINDOWS\SYSTEM32\WINMM.dll
0x00007ff867ff0000 - 0x00007ff867ffa000 	C:\WINDOWS\SYSTEM32\VERSION.dll
0x00007ff872650000 - 0x00007ff8726bb000 	C:\WINDOWS\System32\WS2_32.dll
0x00007ff85f720000 - 0x00007ff85f72f000 	C:\Program Files\Android\android-studio-betta\jre\jre\bin\verify.dll
0x00007ff854600000 - 0x00007ff854629000 	C:\Program Files\Android\android-studio-betta\jre\jre\bin\java.dll
0x00007ff85bcf0000 - 0x00007ff85bd06000 	C:\Program Files\Android\android-studio-betta\jre\jre\bin\zip.dll
0x00007ff871750000 - 0x00007ff871e84000 	C:\WINDOWS\System32\SHELL32.dll
0x00007ff86eb90000 - 0x00007ff86f31e000 	C:\WINDOWS\SYSTEM32\windows.storage.dll
0x00007ff872b10000 - 0x00007ff872e63000 	C:\WINDOWS\System32\combase.dll
0x00007ff870480000 - 0x00007ff8704ab000 	C:\WINDOWS\SYSTEM32\Wldp.dll
0x00007ff8725a0000 - 0x00007ff87264e000 	C:\WINDOWS\System32\SHCORE.dll
0x00007ff872450000 - 0x00007ff8724a5000 	C:\WINDOWS\System32\shlwapi.dll
0x00007ff870940000 - 0x00007ff87095f000 	C:\WINDOWS\SYSTEM32\profapi.dll
0x00007ff857750000 - 0x00007ff85776a000 	C:\Program Files\Android\android-studio-betta\jre\jre\bin\net.dll
0x00007ff870200000 - 0x00007ff87026a000 	C:\WINDOWS\system32\mswsock.dll
0x00007ff860170000 - 0x00007ff860183000 	C:\Program Files\Android\android-studio-betta\jre\jre\bin\nio.dll
0x00007ff862b20000 - 0x00007ff862b46000 	N:\_AndroidGradle\native\30\windows-amd64\native-platform.dll
0x00007ff860690000 - 0x00007ff86069d000 	C:\Program Files\Android\android-studio-betta\jre\jre\bin\management.dll
0x00007ff8703d0000 - 0x00007ff8703e8000 	C:\WINDOWS\SYSTEM32\CRYPTSP.dll
0x00007ff86fb20000 - 0x00007ff86fb54000 	C:\WINDOWS\system32\rsaenh.dll
0x00007ff871070000 - 0x00007ff871097000 	C:\WINDOWS\System32\bcrypt.dll
0x00007ff870900000 - 0x00007ff87092e000 	C:\WINDOWS\SYSTEM32\USERENV.dll
0x00007ff8712a0000 - 0x00007ff87131f000 	C:\WINDOWS\System32\bcryptprimitives.dll
0x00007ff8703f0000 - 0x00007ff8703fc000 	C:\WINDOWS\SYSTEM32\CRYPTBASE.dll
0x00007ff86fea0000 - 0x00007ff86fedb000 	C:\WINDOWS\SYSTEM32\IPHLPAPI.DLL
0x00007ff872930000 - 0x00007ff872939000 	C:\WINDOWS\System32\NSI.dll
0x00007ff86baf0000 - 0x00007ff86bb07000 	C:\WINDOWS\SYSTEM32\dhcpcsvc6.DLL
0x00007ff86bad0000 - 0x00007ff86baed000 	C:\WINDOWS\SYSTEM32\dhcpcsvc.DLL
0x00007ff86fef0000 - 0x00007ff86ffba000 	C:\WINDOWS\SYSTEM32\DNSAPI.dll

VM Arguments:
jvm_args: -Xmx1536m -Dfile.encoding=windows-1251 -Duser.country=RU -Duser.language=ru -Duser.variant 
java_command: org.gradle.launcher.daemon.bootstrap.GradleDaemon 5.6.1
java_class_path (initial): N:\_AndroidGradle\wrapper\dists\gradle-5.6.1-all\805usxkvhgx6e1wbo8o64g0tx\gradle-5.6.1\lib\gradle-launcher-5.6.1.jar
Launcher Type: SUN_STANDARD

Environment Variables:
JAVA_HOME=C:\Program Files\Java\jdk-14.0.1
PATH=C:\Program Files (x86)\NVIDIA Corporation\PhysX\Common;C:\WINDOWS\system32;C:\WINDOWS;C:\WINDOWS\System32\Wbem;C:\WINDOWS\System32\WindowsPowerShell\v1.0\;C:\WINDOWS\System32\OpenSSH\;C:\Program Files (x86)\ATI Technologies\ATI.ACE\Core-Static;C:\Program Files\Java\jdk-14.0.1\bin;C:\Program Files (x86)\Common Files\Acronis\SnapAPI\;C:\Program Files\Git\cmd;N:\_AndroidSDK\platform-tools;C:\Users\delaf\AppData\Local\Microsoft\WindowsApps;;C:\Users\delaf\AppData\Local\Programs\Fiddler;%USERPROFILE%\AppData\Local\Microsoft\WindowsApps
USERNAME=delaf
OS=Windows_NT
PROCESSOR_IDENTIFIER=Intel64 Family 6 Model 26 Stepping 5, GenuineIntel



---------------  S Y S T E M  ---------------

OS: Windows 10.0 , 64 bit Build 19041 (10.0.19041.292)

CPU:total 8 (initial active 8) (4 cores per cpu, 2 threads per core) family 6 model 26 stepping 5, cmov, cx8, fxsr, mmx, sse, sse2, sse3, ssse3, sse4.1, sse4.2, popcnt, ht, tsc, tscinvbit, tscinv

Memory: 4k page, physical 12573792k(439560k free), swap 20962400k(2736k free)

vm_info: OpenJDK 64-Bit Server VM (25.242-b01) for windows-amd64 JRE (1.8.0_242-release-1644-b01), built by "builder" with MS VC++ 10.0 (VS2010)

time: Tue Jul 07 01:16:34 2020
timezone: RTZ 2 (зима)
elapsed time: 8 seconds (0d 0h 0m 8s)

