#
# There is insufficient memory for the Java Runtime Environment to continue.
# Native memory allocation (malloc) failed to allocate 32744 bytes for ChunkPool::allocate
# Possible reasons:
#   The system is out of physical RAM or swap space
#   The process is running with CompressedOops enabled, and the Java Heap may be blocking the growth of the native heap
# Possible solutions:
#   Reduce memory load on the system
#   Increase physical memory or swap space
#   Check if swap backing store is full
#   Decrease Java heap size (-Xmx/-Xms)
#   Decrease number of Java threads
#   Decrease Java thread stack sizes (-Xss)
#   Set larger code cache with -XX:ReservedCodeCacheSize=
#   JVM is running with Unscaled Compressed Oops mode in which the Java heap is
#     placed in the first 4GB address space. The Java Heap base address is the
#     maximum limit for the native heap growth. Please use -XX:HeapBaseMinAddress
#     to set the Java Heap base and to place the Java Heap above 4GB virtual address.
# This output file may be truncated or incomplete.
#
#  Out of Memory Error (allocation.cpp:272), pid=2372, tid=0x0000000000000bdc
#
# JRE version: OpenJDK Runtime Environment (8.0_242-b01) (build 1.8.0_242-release-1644-b01)
# Java VM: OpenJDK 64-Bit Server VM (25.242-b01 mixed mode windows-amd64 compressed oops)
# Failed to write core dump. Minidumps are not enabled by default on client versions of Windows
#

---------------  T H R E A D  ---------------

Current thread (0x0000000018ebd000):  JavaThread "C1 CompilerThread3" daemon [_thread_in_native, id=3036, stack(0x0000000019a90000,0x0000000019b90000)]

Stack: [0x0000000019a90000,0x0000000019b90000]
[error occurred during error reporting (printing stack bounds), id 0xc0000005]

Native frames: (J=compiled Java code, j=interpreted, Vv=VM code, C=native code)


Current CompileTask:
C1:  18250 10834 %     3       org.objectweb.asm.ClassWriter::toByteArray @ 72 (1456 bytes)


---------------  P R O C E S S  ---------------

Java Threads: ( => current thread )
  0x000000001ae5f000 JavaThread "Memory manager" [_thread_blocked, id=2808, stack(0x0000000025b80000,0x0000000025c80000)]
  0x000000001b9ea800 JavaThread "Cache worker for Build Output Cleanup Cache (N:\2020_GCAAD\Android Kotlin Fundamentals\Lesson 06 Room database and coroutines\kotlin-coroutines\ktx-library-codelab\.gradle\buildOutputCleanup)" [_thread_blocked, id=7748, stack(0x0000000024d50000,0x0000000024e50000)]
  0x000000001b9e9800 JavaThread "Build operations Thread 8" [_thread_blocked, id=1228, stack(0x0000000024a50000,0x0000000024b50000)]
  0x000000001b9e9000 JavaThread "Build operations Thread 7" [_thread_in_vm, id=6188, stack(0x0000000024950000,0x0000000024a50000)]
  0x000000001b9e8000 JavaThread "Build operations Thread 6" [_thread_in_Java, id=8892, stack(0x0000000024850000,0x0000000024950000)]
  0x000000001b9e0800 JavaThread "Build operations Thread 5" [_thread_in_Java, id=12200, stack(0x0000000024750000,0x0000000024850000)]
  0x000000001b9e7800 JavaThread "Build operations Thread 4" [_thread_in_native, id=9504, stack(0x0000000024650000,0x0000000024750000)]
  0x000000001b9e0000 JavaThread "Build operations Thread 3" [_thread_blocked, id=9648, stack(0x0000000024550000,0x0000000024650000)]
  0x000000001b9e6800 JavaThread "Build operations Thread 2" [_thread_in_Java, id=9084, stack(0x0000000024450000,0x0000000024550000)]
  0x000000001b9df000 JavaThread "Build operations" [_thread_blocked, id=7328, stack(0x0000000024350000,0x0000000024450000)]
  0x000000001b9e5000 JavaThread "Cache worker for execution history cache (N:\_AndroidGradle\caches\5.6.1\executionHistory)" [_thread_blocked, id=2520, stack(0x0000000021a20000,0x0000000021b20000)]
  0x000000001b9e4800 JavaThread "Cache worker for cache directory md-rule (N:\_AndroidGradle\caches\5.6.1\md-rule)" [_thread_blocked, id=9644, stack(0x0000000021920000,0x0000000021a20000)]
  0x000000001b9dd000 JavaThread "Cache worker for cache directory md-supplier (N:\_AndroidGradle\caches\5.6.1\md-supplier)" [_thread_blocked, id=10080, stack(0x0000000021590000,0x0000000021690000)]
  0x000000001b9de800 JavaThread "Cache worker for file hash cache (N:\2020_GCAAD\Android Kotlin Fundamentals\Lesson 06 Room database and coroutines\kotlin-coroutines\ktx-library-codelab\.gradle\5.6.1\fileHashes)" [_thread_blocked, id=11652, stack(0x000000001fe60000,0x000000001ff60000)]
  0x000000001b9dc000 JavaThread "Cache worker for journal cache (N:\_AndroidGradle\caches\journal-1)" [_thread_in_native, id=9328, stack(0x000000001dbc0000,0x000000001dcc0000)]
  0x000000001b9e2000 JavaThread "File lock request listener" [_thread_in_native, id=11008, stack(0x000000001dac0000,0x000000001dbc0000)]
  0x000000001b9e1800 JavaThread "Cache worker for file hash cache (N:\_AndroidGradle\caches\5.6.1\fileHashes)" [_thread_blocked, id=1756, stack(0x000000001d9c0000,0x000000001dac0000)]
  0x000000001b7d2800 JavaThread "Thread-9" [_thread_blocked, id=3820, stack(0x000000001d6c0000,0x000000001d7c0000)]
  0x000000001b7d1800 JavaThread "Stdin handler" [_thread_blocked, id=1672, stack(0x000000001d5c0000,0x000000001d6c0000)]
  0x000000001b7d6000 JavaThread "Asynchronous log dispatcher for DefaultDaemonConnection: socket connection from /127.0.0.1:49381 to /127.0.0.1:49382" [_thread_blocked, id=2144, stack(0x000000001d4c0000,0x000000001d5c0000)]
  0x000000001b7d5800 JavaThread "Daemon worker" [_thread_blocked, id=4392, stack(0x000000001d3c0000,0x000000001d4c0000)]
  0x000000001b7d3000 JavaThread "Cancel handler" [_thread_blocked, id=8228, stack(0x000000001d2c0000,0x000000001d3c0000)]
  0x000000001b7d1000 JavaThread "Handler for socket connection from /127.0.0.1:49381 to /127.0.0.1:49382" [_thread_in_native, id=9260, stack(0x000000001cfc0000,0x000000001d0c0000)]
  0x000000001b7d4800 JavaThread "Daemon" [_thread_blocked, id=11532, stack(0x000000001cec0000,0x000000001cfc0000)]
  0x000000001b7d4000 JavaThread "Daemon periodic checks" [_thread_blocked, id=3092, stack(0x000000001cdc0000,0x000000001cec0000)]
  0x000000001b7cf800 JavaThread "Incoming local TCP Connector on port 49381" [_thread_in_native, id=12120, stack(0x000000001cb70000,0x000000001cc70000)]
  0x000000001b7d0000 JavaThread "Daemon health stats" [_thread_blocked, id=9316, stack(0x000000001c530000,0x000000001c630000)]
  0x0000000018f52800 JavaThread "Service Thread" daemon [_thread_blocked, id=7256, stack(0x0000000019b90000,0x0000000019c90000)]
=>0x0000000018ebd000 JavaThread "C1 CompilerThread3" daemon [_thread_in_native, id=3036, stack(0x0000000019a90000,0x0000000019b90000)]
  0x0000000018eb6000 JavaThread "C2 CompilerThread2" daemon [_thread_in_native, id=2692, stack(0x0000000019990000,0x0000000019a90000)]
  0x0000000018eb4800 JavaThread "C2 CompilerThread1" daemon [_thread_in_native, id=7660, stack(0x0000000019890000,0x0000000019990000)]
  0x0000000018eb1800 JavaThread "C2 CompilerThread0" daemon [_thread_in_native, id=2432, stack(0x0000000019790000,0x0000000019890000)]
  0x0000000018eb0800 JavaThread "Attach Listener" daemon [_thread_blocked, id=11284, stack(0x0000000019690000,0x0000000019790000)]
  0x0000000018eaf000 JavaThread "Signal Dispatcher" daemon [_thread_blocked, id=5980, stack(0x0000000019590000,0x0000000019690000)]
  0x0000000018ea0800 JavaThread "Finalizer" daemon [_thread_blocked, id=2000, stack(0x0000000019380000,0x0000000019480000)]
  0x000000001709b800 JavaThread "Reference Handler" daemon [_thread_blocked, id=1860, stack(0x0000000019280000,0x0000000019380000)]
  0x00000000030dd800 JavaThread "main" [_thread_blocked, id=10164, stack(0x00000000030e0000,0x00000000031e0000)]

Other Threads:
  0x0000000017096000 VMThread [stack: 0x0000000018d80000,0x0000000018e80000] [id=5224]
  0x0000000018f5b800 WatcherThread [stack: 0x0000000019c90000,0x0000000019d90000] [id=4328]

VM state:not at safepoint (normal execution)

VM Mutex/Monitor currently owned by a thread: None

OutOfMemory and StackOverflow Exception counts:
OutOfMemoryError java_heap_errors=1

heap address: 0x00000000a0000000, size: 1536 MB, Compressed Oops mode: 32-bit
Narrow klass base: 0x0000000000000000, Narrow klass shift: 3
Compressed class space size: 1073741824 Address: 0x0000000100000000

Heap:
 PSYoungGen      total 200192K, used 87851K [0x00000000e0000000, 0x00000000ee180000, 0x0000000100000000)
  eden space 182784K, 42% used [0x00000000e0000000,0x00000000e4c213f8,0x00000000eb280000)
  from space 17408K, 56% used [0x00000000ec880000,0x00000000ed229bc0,0x00000000ed980000)
  to   space 22528K, 0% used [0x00000000eb280000,0x00000000eb280000,0x00000000ec880000)
 ParOldGen       total 113152K, used 77167K [0x00000000a0000000, 0x00000000a6e80000, 0x00000000e0000000)
  object space 113152K, 68% used [0x00000000a0000000,0x00000000a4b5bca8,0x00000000a6e80000)
 Metaspace       used 75095K, capacity 79170K, committed 79512K, reserved 1118208K
  class space    used 9929K, capacity 10826K, committed 10920K, reserved 1048576K

Card table byte_map: [0x00000000126a0000,0x00000000129b0000] byte_map_base: 0x00000000121a0000

Marking Bits: (ParMarkBitMap*) 0x000000007220f030
 Begin Bits: [0x00000000133b0000, 0x0000000014bb0000)
 End Bits:   [0x0000000014bb0000, 0x00000000163b0000)

Polling page: 0x0000000001840000

CodeCache: size=245760Kb used=31603Kb max_used=31603Kb free=214156Kb
 bounds [0x00000000032e0000, 0x00000000051e0000, 0x00000000122e0000]
 total_blobs=10194 nmethods=9331 adapters=776
 compilation: enabled

Compilation events (10 events):
Event: 18.235 Thread 0x0000000018ebd000 nmethod 10828 0x00000000051d7390 code [0x00000000051d74e0, 0x00000000051d7650]
Event: 18.238 Thread 0x0000000018ebd000 10829       2       org.gradle.internal.fingerprint.impl.DefaultCurrentFileCollectionFingerprint::accept (57 bytes)
Event: 18.238 Thread 0x0000000018ebd000 nmethod 10829 0x00000000051d7750 code [0x00000000051d7900, 0x00000000051d7c48]
Event: 18.239 Thread 0x0000000018ebd000 10830   !   2       sun.nio.ch.FileChannelImpl::write (240 bytes)
Event: 18.241 Thread 0x0000000018ebd000 nmethod 10830 0x00000000051d81d0 code [0x00000000051d83e0, 0x00000000051d8b68]
Event: 18.241 Thread 0x0000000018ebd000 10831       2       sun.nio.ch.FileDispatcherImpl::write (12 bytes)
Event: 18.241 Thread 0x0000000018ebd000 nmethod 10831 0x00000000051d9250 code [0x00000000051d93c0, 0x00000000051d9548]
Event: 18.241 Thread 0x0000000018ebd000 10833   !   2       java.nio.channels.spi.AbstractInterruptibleChannel::close (37 bytes)
Event: 18.241 Thread 0x0000000018ebd000 nmethod 10833 0x00000000051d95d0 code [0x00000000051d9740, 0x00000000051d9ac8]
Event: 18.243 Thread 0x0000000018ebd000 10834 %     3       org.objectweb.asm.ClassWriter::toByteArray @ 72 (1456 bytes)

GC Heap History (10 events):
Event: 9.539 GC heap before
{Heap before GC invocations=13 (full 3):
 PSYoungGen      total 200192K, used 17406K [0x00000000e0000000, 0x00000000ee180000, 0x0000000100000000)
  eden space 182784K, 0% used [0x00000000e0000000,0x00000000e0000000,0x00000000eb280000)
  from space 17408K, 99% used [0x00000000ec880000,0x00000000ed97fab8,0x00000000ed980000)
  to   space 22528K, 0% used [0x00000000eb280000,0x00000000eb280000,0x00000000ec880000)
 ParOldGen       total 113152K, used 30438K [0x00000000a0000000, 0x00000000a6e80000, 0x00000000e0000000)
  object space 113152K, 26% used [0x00000000a0000000,0x00000000a1db9978,0x00000000a6e80000)
 Metaspace       used 56951K, capacity 59048K, committed 59160K, reserved 1099776K
  class space    used 7698K, capacity 8212K, committed 8232K, reserved 1048576K
Event: 9.835 GC heap after
Heap after GC invocations=13 (full 3):
 PSYoungGen      total 200192K, used 0K [0x00000000e0000000, 0x00000000ee180000, 0x0000000100000000)
  eden space 182784K, 0% used [0x00000000e0000000,0x00000000e0000000,0x00000000eb280000)
  from space 17408K, 0% used [0x00000000ec880000,0x00000000ec880000,0x00000000ed980000)
  to   space 22528K, 0% used [0x00000000eb280000,0x00000000eb280000,0x00000000ec880000)
 ParOldGen       total 113152K, used 39761K [0x00000000a0000000, 0x00000000a6e80000, 0x00000000e0000000)
  object space 113152K, 35% used [0x00000000a0000000,0x00000000a26d4450,0x00000000a6e80000)
 Metaspace       used 56926K, capacity 58964K, committed 59160K, reserved 1099776K
  class space    used 7690K, capacity 8198K, committed 8232K, reserved 1048576K
}
Event: 12.400 GC heap before
{Heap before GC invocations=14 (full 3):
 PSYoungGen      total 200192K, used 182784K [0x00000000e0000000, 0x00000000ee180000, 0x0000000100000000)
  eden space 182784K, 100% used [0x00000000e0000000,0x00000000eb280000,0x00000000eb280000)
  from space 17408K, 0% used [0x00000000ec880000,0x00000000ec880000,0x00000000ed980000)
  to   space 22528K, 0% used [0x00000000eb280000,0x00000000eb280000,0x00000000ec880000)
 ParOldGen       total 113152K, used 39761K [0x00000000a0000000, 0x00000000a6e80000, 0x00000000e0000000)
  object space 113152K, 35% used [0x00000000a0000000,0x00000000a26d4450,0x00000000a6e80000)
 Metaspace       used 64709K, capacity 68020K, committed 68120K, reserved 1107968K
  class space    used 8693K, capacity 9479K, committed 9512K, reserved 1048576K
Event: 12.427 GC heap after
Heap after GC invocations=14 (full 3):
 PSYoungGen      total 205312K, used 22501K [0x00000000e0000000, 0x00000000ee180000, 0x0000000100000000)
  eden space 182784K, 0% used [0x00000000e0000000,0x00000000e0000000,0x00000000eb280000)
  from space 22528K, 99% used [0x00000000eb280000,0x00000000ec8794e0,0x00000000ec880000)
  to   space 17408K, 0% used [0x00000000ec880000,0x00000000ec880000,0x00000000ed980000)
 ParOldGen       total 113152K, used 40006K [0x00000000a0000000, 0x00000000a6e80000, 0x00000000e0000000)
  object space 113152K, 35% used [0x00000000a0000000,0x00000000a2711a10,0x00000000a6e80000)
 Metaspace       used 64709K, capacity 68020K, committed 68120K, reserved 1107968K
  class space    used 8693K, capacity 9479K, committed 9512K, reserved 1048576K
}
Event: 17.292 GC heap before
{Heap before GC invocations=15 (full 3):
 PSYoungGen      total 205312K, used 205285K [0x00000000e0000000, 0x00000000ee180000, 0x0000000100000000)
  eden space 182784K, 100% used [0x00000000e0000000,0x00000000eb280000,0x00000000eb280000)
  from space 22528K, 99% used [0x00000000eb280000,0x00000000ec8794e0,0x00000000ec880000)
  to   space 17408K, 0% used [0x00000000ec880000,0x00000000ec880000,0x00000000ed980000)
 ParOldGen       total 113152K, used 40006K [0x00000000a0000000, 0x00000000a6e80000, 0x00000000e0000000)
  object space 113152K, 35% used [0x00000000a0000000,0x00000000a2711a10,0x00000000a6e80000)
 Metaspace       used 73932K, capacity 77878K, committed 78104K, reserved 1116160K
  class space    used 9829K, capacity 10698K, committed 10792K, reserved 1048576K
Event: 17.320 GC heap after
Heap after GC invocations=15 (full 3):
 PSYoungGen      total 200192K, used 17376K [0x00000000e0000000, 0x00000000ee180000, 0x0000000100000000)
  eden space 182784K, 0% used [0x00000000e0000000,0x00000000e0000000,0x00000000eb280000)
  from space 17408K, 99% used [0x00000000ec880000,0x00000000ed9781f0,0x00000000ed980000)
  to   space 22528K, 0% used [0x00000000eb280000,0x00000000eb280000,0x00000000ec880000)
 ParOldGen       total 113152K, used 62303K [0x00000000a0000000, 0x00000000a6e80000, 0x00000000e0000000)
  object space 113152K, 55% used [0x00000000a0000000,0x00000000a3cd7d70,0x00000000a6e80000)
 Metaspace       used 73932K, capacity 77878K, committed 78104K, reserved 1116160K
  class space    used 9829K, capacity 10698K, committed 10792K, reserved 1048576K
}
Event: 17.763 GC heap before
{Heap before GC invocations=16 (full 3):
 PSYoungGen      total 200192K, used 200160K [0x00000000e0000000, 0x00000000ee180000, 0x0000000100000000)
  eden space 182784K, 100% used [0x00000000e0000000,0x00000000eb280000,0x00000000eb280000)
  from space 17408K, 99% used [0x00000000ec880000,0x00000000ed9781f0,0x00000000ed980000)
  to   space 22528K, 0% used [0x00000000eb280000,0x00000000eb280000,0x00000000ec880000)
 ParOldGen       total 113152K, used 62303K [0x00000000a0000000, 0x00000000a6e80000, 0x00000000e0000000)
  object space 113152K, 55% used [0x00000000a0000000,0x00000000a3cd7e38,0x00000000a6e80000)
 Metaspace       used 74899K, capacity 79018K, committed 79256K, reserved 1118208K
  class space    used 9918K, capacity 10822K, committed 10920K, reserved 1048576K
Event: 17.782 GC heap after
Heap after GC invocations=16 (full 3):
 PSYoungGen      total 205312K, used 10164K [0x00000000e0000000, 0x00000000ee180000, 0x0000000100000000)
  eden space 182784K, 0% used [0x00000000e0000000,0x00000000e0000000,0x00000000eb280000)
  from space 22528K, 45% used [0x00000000eb280000,0x00000000ebc6d308,0x00000000ec880000)
  to   space 17408K, 0% used [0x00000000ec880000,0x00000000ec880000,0x00000000ed980000)
 ParOldGen       total 113152K, used 77153K [0x00000000a0000000, 0x00000000a6e80000, 0x00000000e0000000)
  object space 113152K, 68% used [0x00000000a0000000,0x00000000a4b587d8,0x00000000a6e80000)
 Metaspace       used 74899K, capacity 79018K, committed 79256K, reserved 1118208K
  class space    used 9918K, capacity 10822K, committed 10920K, reserved 1048576K
}
Event: 18.116 GC heap before
{Heap before GC invocations=17 (full 3):
 PSYoungGen      total 205312K, used 192948K [0x00000000e0000000, 0x00000000ee180000, 0x0000000100000000)
  eden space 182784K, 100% used [0x00000000e0000000,0x00000000eb280000,0x00000000eb280000)
  from space 22528K, 45% used [0x00000000eb280000,0x00000000ebc6d308,0x00000000ec880000)
  to   space 17408K, 0% used [0x00000000ec880000,0x00000000ec880000,0x00000000ed980000)
 ParOldGen       total 113152K, used 77159K [0x00000000a0000000, 0x00000000a6e80000, 0x00000000e0000000)
  object space 113152K, 68% used [0x00000000a0000000,0x00000000a4b59ca8,0x00000000a6e80000)
 Metaspace       used 75076K, capacity 79106K, committed 79256K, reserved 1118208K
  class space    used 9928K, capacity 10826K, committed 10920K, reserved 1048576K
Event: 18.122 GC heap after
Heap after GC invocations=17 (full 3):
 PSYoungGen      total 200192K, used 9894K [0x00000000e0000000, 0x00000000ee180000, 0x0000000100000000)
  eden space 182784K, 0% used [0x00000000e0000000,0x00000000e0000000,0x00000000eb280000)
  from space 17408K, 56% used [0x00000000ec880000,0x00000000ed229bc0,0x00000000ed980000)
  to   space 22528K, 0% used [0x00000000eb280000,0x00000000eb280000,0x00000000ec880000)
 ParOldGen       total 113152K, used 77167K [0x00000000a0000000, 0x00000000a6e80000, 0x00000000e0000000)
  object space 113152K, 68% used [0x00000000a0000000,0x00000000a4b5bca8,0x00000000a6e80000)
 Metaspace       used 75076K, capacity 79106K, committed 79256K, reserved 1118208K
  class space    used 9928K, capacity 10826K, committed 10920K, reserved 1048576K
}

Deoptimization events (10 events):
Event: 17.511 Thread 0x000000001b9e7800 Uncommon trap: reason=bimorphic action=maybe_recompile pc=0x000000000344987c method=java.util.regex.Pattern$5.isSatisfiedBy(I)Z @ 16
Event: 17.514 Thread 0x000000001b9e6800 Uncommon trap: reason=unstable_if action=reinterpret pc=0x0000000003c20d40 method=org.objectweb.asm.Item.isEqualTo(Lorg/objectweb/asm/Item;)Z @ 251
Event: 17.518 Thread 0x000000001b9e0000 Uncommon trap: reason=unstable_if action=reinterpret pc=0x0000000004964fa0 method=java.lang.String.regionMatches(ZILjava/lang/String;II)Z @ 25
Event: 17.613 Thread 0x000000001b9e9000 Uncommon trap: reason=unstable_if action=reinterpret pc=0x00000000047aecc0 method=java.nio.Buffer.limit(I)Ljava/nio/Buffer; @ 33
Event: 17.919 Thread 0x000000001b9e8000 Uncommon trap: reason=unstable_if action=reinterpret pc=0x00000000043e5094 method=com.sun.org.apache.xerces.internal.impl.XMLEntityScanner.skipSpaces()Z @ 303
Event: 17.920 Thread 0x000000001b9e8000 Uncommon trap: reason=unstable_if action=reinterpret pc=0x000000000354dbbc method=sun.nio.cs.UTF_8$Decoder.decode([BII[C)I @ 30
Event: 17.920 Thread 0x000000001b9e8000 Uncommon trap: reason=unstable_if action=reinterpret pc=0x000000000389e5b8 method=java.util.regex.Pattern$BitClass.isSatisfiedBy(I)Z @ 4
Event: 17.920 Thread 0x000000001b9e8000 Uncommon trap: reason=unstable_if action=reinterpret pc=0x000000000399940c method=java.util.regex.Pattern$Ctype.isSatisfiedBy(I)Z @ 4
Event: 17.976 Thread 0x000000001b9e8000 Uncommon trap: reason=unstable_if action=reinterpret pc=0x0000000004702f58 method=java.lang.Character.isHighSurrogate(C)Z @ 3
Event: 17.978 Thread 0x000000001b9e8000 Uncommon trap: reason=unstable_if action=reinterpret pc=0x00000000039256ec method=java.lang.Character.isHighSurrogate(C)Z @ 3

Classes redefined (0 events):
No events

Internal exceptions (10 events):
Event: 17.982 Thread 0x000000001b9e8000 Exception <a 'sun/nio/fs/WindowsException'> (0x00000000e73b3758) thrown at [C:\src\AOSP-openjdk-git\hotspot\src\share\vm\prims\jni.cpp, line 710]
Event: 17.988 Thread 0x000000001b9e7800 Exception <a 'sun/nio/fs/WindowsException'> (0x00000000e719bcd8) thrown at [C:\src\AOSP-openjdk-git\hotspot\src\share\vm\prims\jni.cpp, line 710]
Event: 18.003 Thread 0x000000001b9e7800 Exception <a 'sun/nio/fs/WindowsException'> (0x00000000e7760948) thrown at [C:\src\AOSP-openjdk-git\hotspot\src\share\vm\prims\jni.cpp, line 710]
Event: 18.003 Thread 0x000000001b9e9000 Exception <a 'sun/nio/fs/WindowsException'> (0x00000000e7589bd8) thrown at [C:\src\AOSP-openjdk-git\hotspot\src\share\vm\prims\jni.cpp, line 710]
Event: 18.030 Thread 0x000000001b9e7800 Exception <a 'sun/nio/fs/WindowsException'> (0x00000000e7d5af30) thrown at [C:\src\AOSP-openjdk-git\hotspot\src\share\vm\prims\jni.cpp, line 710]
Event: 18.053 Thread 0x000000001b9e7800 Exception <a 'sun/nio/fs/WindowsException'> (0x00000000e8d7b738) thrown at [C:\src\AOSP-openjdk-git\hotspot\src\share\vm\prims\jni.cpp, line 710]
Event: 18.095 Thread 0x000000001b9e8000 Exception <a 'sun/nio/fs/WindowsException'> (0x00000000ea693888) thrown at [C:\src\AOSP-openjdk-git\hotspot\src\share\vm\prims\jni.cpp, line 710]
Event: 18.222 Thread 0x000000001b9e9000 Exception <a 'sun/nio/fs/WindowsException'> (0x00000000e30d3260) thrown at [C:\src\AOSP-openjdk-git\hotspot\src\share\vm\prims\jni.cpp, line 710]
Event: 18.236 Thread 0x000000001b9e9800 Exception <a 'sun/nio/fs/WindowsException'> (0x00000000e17b6d88) thrown at [C:\src\AOSP-openjdk-git\hotspot\src\share\vm\prims\jni.cpp, line 710]
Event: 18.249 Thread 0x000000001b9e8000 Exception <a 'sun/nio/fs/WindowsException'> (0x00000000e1714ca8) thrown at [C:\src\AOSP-openjdk-git\hotspot\src\share\vm\prims\jni.cpp, line 710]

Events (10 events):
Event: 18.192 Thread 0x000000001b9e6800 DEOPT PACKING pc=0x00000000050b3811 sp=0x000000002454b6c0
Event: 18.192 Thread 0x000000001b9e6800 DEOPT UNPACKING pc=0x00000000033271d0 sp=0x000000002454b410 mode 0
Event: 18.205 Executing VM operation: RevokeBias
Event: 18.205 Executing VM operation: RevokeBias done
Event: 18.222 Thread 0x000000001b9e6800 DEOPT PACKING pc=0x00000000050b3811 sp=0x000000002454b6c0
Event: 18.222 Thread 0x000000001b9e6800 DEOPT UNPACKING pc=0x00000000033271d0 sp=0x000000002454b410 mode 0
Event: 18.223 Executing VM operation: RevokeBias
Event: 18.223 Executing VM operation: RevokeBias done
Event: 18.243 Executing VM operation: RevokeBias
Event: 18.244 Executing VM operation: RevokeBias done


Dynamic libraries:
0x00007ff7c8170000 - 0x00007ff7c81a1000 	C:\Program Files\Android\android-studio-betta\jre\bin\java.exe
0x00007ff8732b0000 - 0x00007ff8734a4000 	C:\WINDOWS\SYSTEM32\ntdll.dll
0x00007ff8724e0000 - 0x00007ff87259d000 	C:\WINDOWS\System32\KERNEL32.DLL
0x00007ff870c90000 - 0x00007ff870f57000 	C:\WINDOWS\System32\KERNELBASE.dll
0x00007ff872a60000 - 0x00007ff872b0a000 	C:\WINDOWS\System32\ADVAPI32.dll
0x00007ff871650000 - 0x00007ff8716ee000 	C:\WINDOWS\System32\msvcrt.dll
0x00007ff871320000 - 0x00007ff8713bb000 	C:\WINDOWS\System32\sechost.dll
0x00007ff872720000 - 0x00007ff872843000 	C:\WINDOWS\System32\RPCRT4.dll
0x00007ff8714b0000 - 0x00007ff871650000 	C:\WINDOWS\System32\USER32.dll
0x00007ff870a00000 - 0x00007ff870a22000 	C:\WINDOWS\System32\win32u.dll
0x00007ff8724b0000 - 0x00007ff8724da000 	C:\WINDOWS\System32\GDI32.dll
0x00007ff870f60000 - 0x00007ff87106a000 	C:\WINDOWS\System32\gdi32full.dll
0x00007ff870bf0000 - 0x00007ff870c8d000 	C:\WINDOWS\System32\msvcp_win.dll
0x00007ff8711a0000 - 0x00007ff8712a0000 	C:\WINDOWS\System32\ucrtbase.dll
0x00007ff863030000 - 0x00007ff8632ca000 	C:\WINDOWS\WinSxS\amd64_microsoft.windows.common-controls_6595b64144ccf1df_6.0.19041.1_none_b555e41d4684ddec\COMCTL32.dll
0x00007ff8730f0000 - 0x00007ff873120000 	C:\WINDOWS\System32\IMM32.DLL
0x0000000072bc0000 - 0x0000000072c92000 	C:\Program Files\Android\android-studio-betta\jre\jre\bin\msvcr100.dll
0x0000000071a40000 - 0x000000007228b000 	C:\Program Files\Android\android-studio-betta\jre\jre\bin\server\jvm.dll
0x00007ff873260000 - 0x00007ff873268000 	C:\WINDOWS\System32\PSAPI.DLL
0x00007ff86bdb0000 - 0x00007ff86bdb9000 	C:\WINDOWS\SYSTEM32\WSOCK32.dll
0x00007ff872650000 - 0x00007ff8726bb000 	C:\WINDOWS\System32\WS2_32.dll
0x00007ff865570000 - 0x00007ff865597000 	C:\WINDOWS\SYSTEM32\WINMM.dll
0x00007ff867ff0000 - 0x00007ff867ffa000 	C:\WINDOWS\SYSTEM32\VERSION.dll
0x00007ff85f720000 - 0x00007ff85f72f000 	C:\Program Files\Android\android-studio-betta\jre\jre\bin\verify.dll
0x00007ff854600000 - 0x00007ff854629000 	C:\Program Files\Android\android-studio-betta\jre\jre\bin\java.dll
0x00007ff85bcf0000 - 0x00007ff85bd06000 	C:\Program Files\Android\android-studio-betta\jre\jre\bin\zip.dll
0x00007ff871750000 - 0x00007ff871e84000 	C:\WINDOWS\System32\SHELL32.dll
0x00007ff86eb90000 - 0x00007ff86f31e000 	C:\WINDOWS\SYSTEM32\windows.storage.dll
0x00007ff872b10000 - 0x00007ff872e63000 	C:\WINDOWS\System32\combase.dll
0x00007ff870480000 - 0x00007ff8704ab000 	C:\WINDOWS\SYSTEM32\Wldp.dll
0x00007ff8725a0000 - 0x00007ff87264e000 	C:\WINDOWS\System32\SHCORE.dll
0x00007ff872450000 - 0x00007ff8724a5000 	C:\WINDOWS\System32\shlwapi.dll
0x00007ff870940000 - 0x00007ff87095f000 	C:\WINDOWS\SYSTEM32\profapi.dll
0x00007ff857750000 - 0x00007ff85776a000 	C:\Program Files\Android\android-studio-betta\jre\jre\bin\net.dll
0x00007ff870200000 - 0x00007ff87026a000 	C:\WINDOWS\system32\mswsock.dll
0x00007ff860170000 - 0x00007ff860183000 	C:\Program Files\Android\android-studio-betta\jre\jre\bin\nio.dll
0x00007ff862b20000 - 0x00007ff862b46000 	N:\_AndroidGradle\native\30\windows-amd64\native-platform.dll
0x00007ff860690000 - 0x00007ff86069d000 	C:\Program Files\Android\android-studio-betta\jre\jre\bin\management.dll
0x00007ff8703d0000 - 0x00007ff8703e8000 	C:\WINDOWS\SYSTEM32\CRYPTSP.dll
0x00007ff86fb20000 - 0x00007ff86fb54000 	C:\WINDOWS\system32\rsaenh.dll
0x00007ff871070000 - 0x00007ff871097000 	C:\WINDOWS\System32\bcrypt.dll
0x00007ff870900000 - 0x00007ff87092e000 	C:\WINDOWS\SYSTEM32\USERENV.dll
0x00007ff8712a0000 - 0x00007ff87131f000 	C:\WINDOWS\System32\bcryptprimitives.dll
0x00007ff8703f0000 - 0x00007ff8703fc000 	C:\WINDOWS\SYSTEM32\CRYPTBASE.dll
0x00007ff86fea0000 - 0x00007ff86fedb000 	C:\WINDOWS\SYSTEM32\IPHLPAPI.DLL
0x00007ff872930000 - 0x00007ff872939000 	C:\WINDOWS\System32\NSI.dll
0x00007ff86baf0000 - 0x00007ff86bb07000 	C:\WINDOWS\SYSTEM32\dhcpcsvc6.DLL
0x00007ff86bad0000 - 0x00007ff86baed000 	C:\WINDOWS\SYSTEM32\dhcpcsvc.DLL
0x00007ff86fef0000 - 0x00007ff86ffba000 	C:\WINDOWS\SYSTEM32\DNSAPI.dll
0x00007ff85bd30000 - 0x00007ff85bd54000 	C:\Program Files\Android\android-studio-betta\jre\jre\bin\sunec.dll
0x00007ff86b0f0000 - 0x00007ff86b0fa000 	C:\Windows\System32\rasadhlp.dll
0x00007ff86a3a0000 - 0x00007ff86a41f000 	C:\WINDOWS\System32\fwpuclnt.dll
0x00007ff860070000 - 0x00007ff86007b000 	C:\Program Files\Android\android-studio-betta\jre\jre\bin\sunmscapi.dll
0x00007ff870a30000 - 0x00007ff870b8d000 	C:\WINDOWS\System32\CRYPT32.dll
0x00007ff86f770000 - 0x00007ff86f7a3000 	C:\WINDOWS\SYSTEM32\ntmarta.dll

VM Arguments:
jvm_args: -Xmx1536m -Dfile.encoding=windows-1251 -Duser.country=RU -Duser.language=ru -Duser.variant 
java_command: org.gradle.launcher.daemon.bootstrap.GradleDaemon 5.6.1
java_class_path (initial): N:\_AndroidGradle\wrapper\dists\gradle-5.6.1-all\805usxkvhgx6e1wbo8o64g0tx\gradle-5.6.1\lib\gradle-launcher-5.6.1.jar
Launcher Type: SUN_STANDARD

Environment Variables:
JAVA_HOME=C:\Program Files\Java\jdk-14.0.1
PATH=C:\Program Files (x86)\NVIDIA Corporation\PhysX\Common;C:\WINDOWS\system32;C:\WINDOWS;C:\WINDOWS\System32\Wbem;C:\WINDOWS\System32\WindowsPowerShell\v1.0\;C:\WINDOWS\System32\OpenSSH\;C:\Program Files (x86)\ATI Technologies\ATI.ACE\Core-Static;C:\Program Files\Java\jdk-14.0.1\bin;C:\Program Files (x86)\Common Files\Acronis\SnapAPI\;C:\Program Files\Git\cmd;N:\_AndroidSDK\platform-tools;C:\Users\delaf\AppData\Local\Microsoft\WindowsApps;;C:\Users\delaf\AppData\Local\Programs\Fiddler;%USERPROFILE%\AppData\Local\Microsoft\WindowsApps
USERNAME=delaf
OS=Windows_NT
PROCESSOR_IDENTIFIER=Intel64 Family 6 Model 26 Stepping 5, GenuineIntel



---------------  S Y S T E M  ---------------

OS: Windows 10.0 , 64 bit Build 19041 (10.0.19041.292)

CPU:total 8 (initial active 8) (4 cores per cpu, 2 threads per core) family 6 model 26 stepping 5, cmov, cx8, fxsr, mmx, sse, sse2, sse3, ssse3, sse4.1, sse4.2, popcnt, ht, tsc, tscinvbit, tscinv

Memory: 4k page, physical 12573792k(937948k free), swap 20962400k(4116k free)

vm_info: OpenJDK 64-Bit Server VM (25.242-b01) for windows-amd64 JRE (1.8.0_242-release-1644-b01), built by "builder" with MS VC++ 10.0 (VS2010)

time: Tue Jul 07 01:17:23 2020
timezone: RTZ 2 (зима)
elapsed time: 18 seconds (0d 0h 0m 18s)

