#
# There is insufficient memory for the Java Runtime Environment to continue.
# Native memory allocation (malloc) failed to allocate 1563648 bytes for Chunk::new
# Possible reasons:
#   The system is out of physical RAM or swap space
#   The process is running with CompressedOops enabled, and the Java Heap may be blocking the growth of the native heap
# Possible solutions:
#   Reduce memory load on the system
#   Increase physical memory or swap space
#   Check if swap backing store is full
#   Decrease Java heap size (-Xmx/-Xms)
#   Decrease number of Java threads
#   Decrease Java thread stack sizes (-Xss)
#   Set larger code cache with -XX:ReservedCodeCacheSize=
#   JVM is running with Unscaled Compressed Oops mode in which the Java heap is
#     placed in the first 4GB address space. The Java Heap base address is the
#     maximum limit for the native heap growth. Please use -XX:HeapBaseMinAddress
#     to set the Java Heap base and to place the Java Heap above 4GB virtual address.
# This output file may be truncated or incomplete.
#
#  Out of Memory Error (allocation.cpp:389), pid=696, tid=0x0000000000000f98
#
# JRE version: OpenJDK Runtime Environment (8.0_242-b01) (build 1.8.0_242-release-1644-b01)
# Java VM: OpenJDK 64-Bit Server VM (25.242-b01 mixed mode windows-amd64 compressed oops)
# Failed to write core dump. Minidumps are not enabled by default on client versions of Windows
#

---------------  T H R E A D  ---------------

Current thread (0x0000000019c73000):  JavaThread "C2 CompilerThread0" daemon [_thread_in_native, id=3992, stack(0x000000001a550000,0x000000001a650000)]

Stack: [0x000000001a550000,0x000000001a650000]
[error occurred during error reporting (printing stack bounds), id 0xc0000005]

Native frames: (J=compiled Java code, j=interpreted, Vv=VM code, C=native code)


Current CompileTask:
C2:  90702 5626       4       com.sun.beans.TypeResolver::resolve (37 bytes)


---------------  P R O C E S S  ---------------

Java Threads: ( => current thread )
  0x000000001cfaf800 JavaThread "jar transforms Thread 119" [_thread_blocked, id=636, stack(0x000000002cc00000,0x000000002cd00000)]
  0x000000001cfa9000 JavaThread "jar transforms Thread 118" [_thread_blocked, id=14308, stack(0x000000002cb00000,0x000000002cc00000)]
  0x000000001cfa8000 JavaThread "jar transforms Thread 117" [_thread_blocked, id=4732, stack(0x000000002ca00000,0x000000002cb00000)]
  0x000000001cfac000 JavaThread "jar transforms Thread 116" [_thread_blocked, id=7944, stack(0x000000002c900000,0x000000002ca00000)]
  0x000000001cfaf000 JavaThread "jar transforms Thread 115" [_thread_blocked, id=1280, stack(0x000000002c800000,0x000000002c900000)]
  0x000000001cfae000 JavaThread "jar transforms Thread 114" [_thread_blocked, id=12556, stack(0x000000002c700000,0x000000002c800000)]
  0x000000001cfaa800 JavaThread "jar transforms Thread 113" [_thread_blocked, id=12692, stack(0x000000002c600000,0x000000002c700000)]
  0x000000001cfad800 JavaThread "jar transforms Thread 112" [_thread_blocked, id=9444, stack(0x000000002c500000,0x000000002c600000)]
  0x000000001cfac800 JavaThread "jar transforms Thread 111" [_thread_blocked, id=15356, stack(0x000000002c400000,0x000000002c500000)]
  0x000000001c6b0000 JavaThread "jar transforms Thread 110" [_thread_blocked, id=4456, stack(0x000000002c300000,0x000000002c400000)]
  0x000000001c6a8800 JavaThread "jar transforms Thread 109" [_thread_blocked, id=2704, stack(0x000000002c200000,0x000000002c300000)]
  0x000000001c6aa000 JavaThread "jar transforms Thread 108" [_thread_blocked, id=15256, stack(0x000000002c100000,0x000000002c200000)]
  0x000000001c6ac000 JavaThread "jar transforms Thread 107" [_thread_blocked, id=284, stack(0x000000002c000000,0x000000002c100000)]
  0x000000001c6af000 JavaThread "jar transforms Thread 106" [_thread_blocked, id=9816, stack(0x000000002bf00000,0x000000002c000000)]
  0x000000001c6ad800 JavaThread "jar transforms Thread 105" [_thread_blocked, id=6052, stack(0x000000002be00000,0x000000002bf00000)]
  0x000000001c6ae800 JavaThread "jar transforms Thread 104" [_thread_blocked, id=9820, stack(0x000000002bd00000,0x000000002be00000)]
  0x000000001c6ab800 JavaThread "jar transforms Thread 103" [_thread_blocked, id=13572, stack(0x000000002bc00000,0x000000002bd00000)]
  0x000000001c6ad000 JavaThread "jar transforms Thread 102" [_thread_blocked, id=15884, stack(0x000000002bb00000,0x000000002bc00000)]
  0x000000001c6aa800 JavaThread "jar transforms Thread 101" [_thread_blocked, id=11548, stack(0x000000002ba00000,0x000000002bb00000)]
  0x000000001c6a3800 JavaThread "jar transforms Thread 100" [_thread_blocked, id=6056, stack(0x000000002b900000,0x000000002ba00000)]
  0x000000001c6a9000 JavaThread "jar transforms Thread 99" [_thread_blocked, id=9352, stack(0x000000002b800000,0x000000002b900000)]
  0x000000001c6a4800 JavaThread "jar transforms Thread 98" [_thread_blocked, id=11864, stack(0x000000002b700000,0x000000002b800000)]
  0x000000001c6a5800 JavaThread "jar transforms Thread 97" [_thread_blocked, id=6548, stack(0x000000002b600000,0x000000002b700000)]
  0x000000001c6a7800 JavaThread "jar transforms Thread 96" [_thread_blocked, id=12272, stack(0x000000002b500000,0x000000002b600000)]
  0x000000001c6a0800 JavaThread "jar transforms Thread 95" [_thread_blocked, id=9812, stack(0x000000002b400000,0x000000002b500000)]
  0x000000001c6a7000 JavaThread "jar transforms Thread 94" [_thread_blocked, id=14824, stack(0x000000002b300000,0x000000002b400000)]
  0x000000001c6a6000 JavaThread "jar transforms Thread 93" [_thread_blocked, id=1156, stack(0x000000002b200000,0x000000002b300000)]
  0x000000001c6a2000 JavaThread "jar transforms Thread 92" [_thread_blocked, id=15816, stack(0x000000002b100000,0x000000002b200000)]
  0x000000001c6a3000 JavaThread "jar transforms Thread 91" [_thread_blocked, id=14540, stack(0x000000002b000000,0x000000002b100000)]
  0x000000001c6a1800 JavaThread "jar transforms Thread 90" [_thread_blocked, id=5984, stack(0x000000002af00000,0x000000002b000000)]
  0x000000001d09c000 JavaThread "jar transforms Thread 89" [_thread_blocked, id=8512, stack(0x000000002ad00000,0x000000002ae00000)]
  0x000000001d09b000 JavaThread "jar transforms Thread 88" [_thread_blocked, id=9328, stack(0x000000002ac00000,0x000000002ad00000)]
  0x000000001d099000 JavaThread "jar transforms Thread 87" [_thread_blocked, id=3244, stack(0x000000002ab00000,0x000000002ac00000)]
  0x000000001d097800 JavaThread "jar transforms Thread 86" [_thread_blocked, id=2044, stack(0x000000002aa00000,0x000000002ab00000)]
  0x000000001d09e000 JavaThread "jar transforms Thread 85" [_thread_blocked, id=15160, stack(0x000000002a900000,0x000000002aa00000)]
  0x000000001d09a800 JavaThread "jar transforms Thread 84" [_thread_blocked, id=15308, stack(0x000000002a800000,0x000000002a900000)]
  0x000000001d098000 JavaThread "jar transforms Thread 83" [_thread_blocked, id=1076, stack(0x000000002a700000,0x000000002a800000)]
  0x000000001d09c800 JavaThread "jar transforms Thread 82" [_thread_blocked, id=3372, stack(0x000000002a600000,0x000000002a700000)]
  0x000000001d099800 JavaThread "jar transforms Thread 81" [_thread_blocked, id=3912, stack(0x000000002a500000,0x000000002a600000)]
  0x000000001d09d800 JavaThread "jar transforms Thread 80" [_thread_blocked, id=1404, stack(0x000000002a400000,0x000000002a500000)]
  0x000000001d090000 JavaThread "jar transforms Thread 79" [_thread_blocked, id=5164, stack(0x000000002a300000,0x000000002a400000)]
  0x000000001d091800 JavaThread "jar transforms Thread 78" [_thread_blocked, id=16064, stack(0x000000002a200000,0x000000002a300000)]
  0x000000001d090800 JavaThread "jar transforms Thread 77" [_thread_blocked, id=16168, stack(0x000000002a100000,0x000000002a200000)]
  0x000000001d096800 JavaThread "jar transforms Thread 76" [_thread_blocked, id=5036, stack(0x000000002a000000,0x000000002a100000)]
  0x000000001d08f000 JavaThread "jar transforms Thread 75" [_thread_blocked, id=2820, stack(0x0000000029f00000,0x000000002a000000)]
  0x000000001d096000 JavaThread "jar transforms Thread 74" [_thread_blocked, id=10968, stack(0x0000000029e00000,0x0000000029f00000)]
  0x000000001d093800 JavaThread "jar transforms Thread 73" [_thread_blocked, id=7476, stack(0x0000000029d00000,0x0000000029e00000)]
  0x000000001d093000 JavaThread "jar transforms Thread 72" [_thread_blocked, id=1844, stack(0x0000000029c00000,0x0000000029d00000)]
  0x000000001d095000 JavaThread "jar transforms Thread 71" [_thread_blocked, id=12544, stack(0x0000000029b00000,0x0000000029c00000)]
  0x000000001d092000 JavaThread "jar transforms Thread 70" [_thread_blocked, id=444, stack(0x0000000029a00000,0x0000000029b00000)]
  0x000000001d094800 JavaThread "jar transforms Thread 69" [_thread_blocked, id=11960, stack(0x0000000029900000,0x0000000029a00000)]
  0x000000001b0e6000 JavaThread "jar transforms Thread 68" [_thread_blocked, id=4684, stack(0x0000000029800000,0x0000000029900000)]
  0x000000001b0e5800 JavaThread "jar transforms Thread 67" [_thread_blocked, id=6324, stack(0x0000000029700000,0x0000000029800000)]
  0x000000001b0eb800 JavaThread "jar transforms Thread 66" [_thread_blocked, id=13444, stack(0x0000000029600000,0x0000000029700000)]
  0x000000001b0ea800 JavaThread "jar transforms Thread 65" [_thread_blocked, id=2012, stack(0x0000000029500000,0x0000000029600000)]
  0x000000001b0ea000 JavaThread "jar transforms Thread 64" [_thread_blocked, id=12436, stack(0x0000000029400000,0x0000000029500000)]
  0x000000001b0e4800 JavaThread "jar transforms Thread 63" [_thread_blocked, id=11812, stack(0x0000000029300000,0x0000000029400000)]
  0x000000001b0e8800 JavaThread "jar transforms Thread 62" [_thread_blocked, id=14016, stack(0x0000000029200000,0x0000000029300000)]
  0x000000001b0e9000 JavaThread "jar transforms Thread 61" [_thread_blocked, id=1712, stack(0x0000000029100000,0x0000000029200000)]
  0x000000001b0e7000 JavaThread "jar transforms Thread 60" [_thread_blocked, id=16336, stack(0x0000000029000000,0x0000000029100000)]
  0x000000001b0e7800 JavaThread "jar transforms Thread 59" [_thread_blocked, id=5636, stack(0x0000000028f00000,0x0000000029000000)]
  0x000000001b0dd000 JavaThread "jar transforms Thread 58" [_thread_blocked, id=11736, stack(0x0000000028e00000,0x0000000028f00000)]
  0x000000001b0e4000 JavaThread "jar transforms Thread 57" [_thread_blocked, id=15108, stack(0x0000000028d00000,0x0000000028e00000)]
  0x000000001b0e3000 JavaThread "jar transforms Thread 56" [_thread_blocked, id=7452, stack(0x0000000028c00000,0x0000000028d00000)]
  0x000000001b0de800 JavaThread "jar transforms Thread 55" [_thread_blocked, id=9148, stack(0x0000000028b00000,0x0000000028c00000)]
  0x000000001b0e2800 JavaThread "jar transforms Thread 54" [_thread_blocked, id=2288, stack(0x0000000028a00000,0x0000000028b00000)]
  0x000000001b0de000 JavaThread "jar transforms Thread 53" [_thread_blocked, id=16004, stack(0x0000000028900000,0x0000000028a00000)]
  0x000000001b0e1000 JavaThread "jar transforms Thread 52" [_thread_blocked, id=14892, stack(0x0000000028800000,0x0000000028900000)]
  0x000000001b0dc800 JavaThread "jar transforms Thread 51" [_thread_blocked, id=7312, stack(0x0000000028700000,0x0000000028800000)]
  0x000000001b0e0000 JavaThread "jar transforms Thread 50" [_thread_blocked, id=14220, stack(0x0000000028600000,0x0000000028700000)]
  0x000000001b0e1800 JavaThread "jar transforms Thread 49" [_thread_blocked, id=16308, stack(0x0000000028500000,0x0000000028600000)]
  0x000000001b0df800 JavaThread "jar transforms Thread 48" [_thread_blocked, id=708, stack(0x0000000028400000,0x0000000028500000)]
  0x000000001b633000 JavaThread "jar transforms Thread 47" [_thread_blocked, id=12784, stack(0x0000000028300000,0x0000000028400000)]
  0x000000001b639000 JavaThread "jar transforms Thread 46" [_thread_blocked, id=8820, stack(0x0000000028200000,0x0000000028300000)]
  0x000000001b635000 JavaThread "jar transforms Thread 45" [_thread_blocked, id=6680, stack(0x0000000028100000,0x0000000028200000)]
  0x000000001b638000 JavaThread "jar transforms Thread 44" [_thread_blocked, id=9548, stack(0x0000000028000000,0x0000000028100000)]
  0x000000001b634800 JavaThread "jar transforms Thread 43" [_thread_blocked, id=15180, stack(0x0000000027f00000,0x0000000028000000)]
  0x000000001b637800 JavaThread "jar transforms Thread 42" [_thread_blocked, id=13464, stack(0x0000000027e00000,0x0000000027f00000)]
  0x000000001b636800 JavaThread "jar transforms Thread 41" [_thread_blocked, id=13940, stack(0x0000000027d00000,0x0000000027e00000)]
  0x000000001b636000 JavaThread "jar transforms Thread 40" [_thread_blocked, id=3400, stack(0x0000000027c00000,0x0000000027d00000)]
  0x000000001b633800 JavaThread "jar transforms Thread 39" [_thread_blocked, id=556, stack(0x0000000027b00000,0x0000000027c00000)]
  0x000000001b62d800 JavaThread "jar transforms Thread 38" [_thread_blocked, id=9804, stack(0x0000000027a00000,0x0000000027b00000)]
  0x000000001b62b800 JavaThread "jar transforms Thread 37" [_thread_blocked, id=11844, stack(0x0000000027900000,0x0000000027a00000)]
  0x000000001b632000 JavaThread "jar transforms Thread 36" [_thread_blocked, id=16100, stack(0x0000000027800000,0x0000000027900000)]
  0x000000001b630000 JavaThread "jar transforms Thread 35" [_thread_blocked, id=2352, stack(0x0000000027700000,0x0000000027800000)]
  0x000000001b62c000 JavaThread "jar transforms Thread 34" [_thread_blocked, id=13880, stack(0x0000000027600000,0x0000000027700000)]
  0x000000001b62d000 JavaThread "jar transforms Thread 33" [_thread_blocked, id=15156, stack(0x0000000027500000,0x0000000027600000)]
  0x000000001b62f000 JavaThread "jar transforms Thread 32" [_thread_blocked, id=12328, stack(0x0000000027400000,0x0000000027500000)]
  0x000000001b62e800 JavaThread "jar transforms Thread 31" [_thread_blocked, id=14256, stack(0x0000000027300000,0x0000000027400000)]
  0x000000001b631800 JavaThread "jar transforms Thread 30" [_thread_blocked, id=10788, stack(0x0000000027200000,0x0000000027300000)]
  0x000000001b62a800 JavaThread "jar transforms Thread 29" [_thread_blocked, id=12344, stack(0x0000000027100000,0x0000000027200000)]
  0x000000001b62a000 JavaThread "jar transforms Thread 28" [_thread_blocked, id=13372, stack(0x0000000027000000,0x0000000027100000)]
  0x000000001b630800 JavaThread "jar transforms Thread 27" [_thread_blocked, id=14496, stack(0x0000000026f00000,0x0000000027000000)]
  0x000000001b902800 JavaThread "jar transforms Thread 26" [_thread_blocked, id=6012, stack(0x0000000026e00000,0x0000000026f00000)]
  0x000000001b901800 JavaThread "jar transforms Thread 25" [_thread_blocked, id=2656, stack(0x0000000026d00000,0x0000000026e00000)]
  0x000000001b900800 JavaThread "jar transforms Thread 24" [_thread_blocked, id=13840, stack(0x0000000026c00000,0x0000000026d00000)]
  0x000000001b8ff000 JavaThread "jar transforms Thread 23" [_thread_blocked, id=14208, stack(0x0000000026b00000,0x0000000026c00000)]
  0x000000001b8fe800 JavaThread "jar transforms Thread 22" [_thread_blocked, id=16008, stack(0x0000000026a00000,0x0000000026b00000)]
  0x000000001b8fd000 JavaThread "jar transforms Thread 21" [_thread_blocked, id=9416, stack(0x0000000026900000,0x0000000026a00000)]
  0x000000001b8fd800 JavaThread "Build operations Thread 8" [_thread_blocked, id=8652, stack(0x0000000026600000,0x0000000026700000)]
  0x000000001b8fc000 JavaThread "Build operations Thread 7" [_thread_blocked, id=3516, stack(0x0000000026500000,0x0000000026600000)]
  0x000000001b900000 JavaThread "Build operations Thread 6" [_thread_blocked, id=12580, stack(0x0000000025370000,0x0000000025470000)]
  0x000000001b8f4800 JavaThread "Build operations Thread 5" [_thread_blocked, id=12112, stack(0x0000000025270000,0x0000000025370000)]
  0x000000001b8f9000 JavaThread "Build operations Thread 4" [_thread_blocked, id=2428, stack(0x0000000025170000,0x0000000025270000)]
  0x000000001b8fa800 JavaThread "Build operations Thread 3" [_thread_blocked, id=8684, stack(0x0000000025070000,0x0000000025170000)]
  0x000000001b8fb800 JavaThread "Build operations Thread 2" [_thread_blocked, id=15008, stack(0x0000000024f70000,0x0000000025070000)]
  0x000000001b8f5800 JavaThread "Build operations" [_thread_blocked, id=16276, stack(0x0000000024e70000,0x0000000024f70000)]
  0x000000001b8f7000 JavaThread "Cache worker for Build Output Cleanup Cache (N:\2020_GCAAD\Android Kotlin Fundamentals\Lesson 08 Connecting to the internet\MarsRealEstateFinal\.gradle\buildOutputCleanup)" [_thread_blocked, id=6036, stack(0x0000000024550000,0x0000000024650000)]
  0x000000001b273000 JavaThread "Cache worker for file content cache (N:\_AndroidGradle\caches\6.5.1\fileContent)" [_thread_blocked, id=12656, stack(0x0000000024450000,0x0000000024550000)]
  0x000000001b275800 JavaThread "Cache worker for execution history cache (N:\_AndroidGradle\caches\6.5.1\executionHistory)" [_thread_blocked, id=6608, stack(0x0000000023e50000,0x0000000023f50000)]
  0x000000001b278800 JavaThread "Cache worker for cache directory md-rule (N:\_AndroidGradle\caches\6.5.1\md-rule)" [_thread_blocked, id=12472, stack(0x0000000023b50000,0x0000000023c50000)]
  0x000000001b277800 JavaThread "Cache worker for cache directory md-supplier (N:\_AndroidGradle\caches\6.5.1\md-supplier)" [_thread_blocked, id=8656, stack(0x0000000023a50000,0x0000000023b50000)]
  0x000000001b274800 JavaThread "Cache worker for checksums cache (N:\2020_GCAAD\Android Kotlin Fundamentals\Lesson 08 Connecting to the internet\MarsRealEstateFinal\.gradle\checksums)" [_thread_blocked, id=7760, stack(0x0000000023950000,0x0000000023a50000)]
  0x000000001b274000 JavaThread "jar transforms Thread 20" [_thread_blocked, id=3568, stack(0x0000000023650000,0x0000000023750000)]
  0x000000001b277000 JavaThread "jar transforms Thread 19" [_thread_blocked, id=14144, stack(0x0000000023550000,0x0000000023650000)]
  0x000000001b276000 JavaThread "jar transforms Thread 18" [_thread_blocked, id=4056, stack(0x0000000023450000,0x0000000023550000)]
  0x000000001b26b800 JavaThread "jar transforms Thread 17" [_thread_blocked, id=15300, stack(0x0000000023350000,0x0000000023450000)]
  0x000000001b26c800 JavaThread "jar transforms Thread 16" [_thread_blocked, id=11868, stack(0x0000000023150000,0x0000000023250000)]
  0x000000001b26e800 JavaThread "jar transforms Thread 15" [_thread_blocked, id=7848, stack(0x0000000023050000,0x0000000023150000)]
  0x000000001b272800 JavaThread "jar transforms Thread 14" [_thread_blocked, id=13848, stack(0x0000000022f50000,0x0000000023050000)]
  0x000000001b26e000 JavaThread "jar transforms Thread 13" [_thread_blocked, id=12552, stack(0x0000000022e50000,0x0000000022f50000)]
  0x000000001b271800 JavaThread "jar transforms Thread 12" [_thread_blocked, id=3396, stack(0x0000000022d50000,0x0000000022e50000)]
  0x000000001b26d000 JavaThread "jar transforms Thread 11" [_thread_blocked, id=13764, stack(0x0000000022c50000,0x0000000022d50000)]
  0x000000001b270000 JavaThread "jar transforms Thread 10" [_thread_blocked, id=15316, stack(0x0000000022b50000,0x0000000022c50000)]
  0x000000001b26b000 JavaThread "jar transforms Thread 9" [_thread_blocked, id=3728, stack(0x0000000022a50000,0x0000000022b50000)]
  0x000000001b26f800 JavaThread "jar transforms Thread 8" [_thread_blocked, id=9032, stack(0x0000000022950000,0x0000000022a50000)]
  0x000000001b271000 JavaThread "jar transforms Thread 7" [_thread_blocked, id=8920, stack(0x0000000022850000,0x0000000022950000)]
  0x000000001b781800 JavaThread "jar transforms Thread 6" [_thread_blocked, id=11584, stack(0x0000000022750000,0x0000000022850000)]
  0x000000001b781000 JavaThread "jar transforms Thread 5" [_thread_blocked, id=13876, stack(0x0000000022650000,0x0000000022750000)]
  0x000000001b77e000 JavaThread "jar transforms Thread 4" [_thread_blocked, id=8204, stack(0x0000000022550000,0x0000000022650000)]
  0x000000001b77c800 JavaThread "jar transforms Thread 3" [_thread_blocked, id=10564, stack(0x0000000022450000,0x0000000022550000)]
  0x000000001b780000 JavaThread "jar transforms Thread 2" [_thread_blocked, id=3352, stack(0x0000000021340000,0x0000000021440000)]
  0x000000001b77d000 JavaThread "jar transforms" [_thread_blocked, id=11604, stack(0x0000000021240000,0x0000000021340000)]
  0x000000001b77b000 JavaThread "Cache worker for file hash cache (N:\2020_GCAAD\Android Kotlin Fundamentals\Lesson 08 Connecting to the internet\MarsRealEstateFinal\.gradle\6.5.1\fileHashes)" [_thread_blocked, id=3472, stack(0x0000000021140000,0x0000000021240000)]
  0x000000001b77b800 JavaThread "Cache worker for file hash cache (N:\_AndroidGradle\caches\6.5.1\fileHashes)" [_thread_blocked, id=6256, stack(0x0000000020c40000,0x0000000020d40000)]
  0x000000001b77e800 JavaThread "File lock release action executor" [_thread_in_native, id=10316, stack(0x0000000020b40000,0x0000000020c40000)]
  0x000000001b77f800 JavaThread "File lock request listener" [_thread_in_native, id=5384, stack(0x000000001eaa0000,0x000000001eba0000)]
  0x000000001b0c2000 JavaThread "Cache worker for journal cache (N:\_AndroidGradle\caches\journal-1)" [_thread_blocked, id=6896, stack(0x000000001e9a0000,0x000000001eaa0000)]
  0x000000001b1a6000 JavaThread "Thread-9" [_thread_blocked, id=14024, stack(0x000000001e6a0000,0x000000001e7a0000)]
  0x000000001b607800 JavaThread "Asynchronous log dispatcher for DefaultDaemonConnection: socket connection from /127.0.0.1:65534 to /127.0.0.1:49165" [_thread_blocked, id=8936, stack(0x000000001e4a0000,0x000000001e5a0000)]
  0x000000001abdd000 JavaThread "Daemon worker" [_thread_in_Java, id=10112, stack(0x000000001e3a0000,0x000000001e4a0000)]
  0x0000000019d9a800 JavaThread "Cancel handler" [_thread_blocked, id=13420, stack(0x000000001e2a0000,0x000000001e3a0000)]
  0x000000001b9ed000 JavaThread "Handler for socket connection from /127.0.0.1:65534 to /127.0.0.1:49165" [_thread_in_native, id=988, stack(0x000000001e1a0000,0x000000001e2a0000)]
  0x000000001b9ee000 JavaThread "Daemon" [_thread_blocked, id=15164, stack(0x000000001e0a0000,0x000000001e1a0000)]
  0x000000001b9de000 JavaThread "Daemon periodic checks" [_thread_blocked, id=1408, stack(0x000000001dda0000,0x000000001dea0000)]
  0x000000001c4dd800 JavaThread "Incoming local TCP Connector on port 65534" [_thread_in_native, id=14928, stack(0x000000001db50000,0x000000001dc50000)]
  0x000000001c402000 JavaThread "Daemon health stats" [_thread_blocked, id=16024, stack(0x000000001d4f0000,0x000000001d5f0000)]
  0x0000000019c8d800 JavaThread "Service Thread" daemon [_thread_blocked, id=12548, stack(0x000000001a950000,0x000000001aa50000)]
  0x0000000019c79000 JavaThread "C1 CompilerThread3" daemon [_thread_blocked, id=15752, stack(0x000000001a850000,0x000000001a950000)]
  0x0000000017e6b800 JavaThread "C2 CompilerThread2" daemon [_thread_in_native, id=10580, stack(0x000000001a750000,0x000000001a850000)]
  0x0000000017e6a000 JavaThread "C2 CompilerThread1" daemon [_thread_in_native, id=8052, stack(0x000000001a650000,0x000000001a750000)]
=>0x0000000019c73000 JavaThread "C2 CompilerThread0" daemon [_thread_in_native, id=3992, stack(0x000000001a550000,0x000000001a650000)]
  0x0000000019c72000 JavaThread "Attach Listener" daemon [_thread_blocked, id=15504, stack(0x000000001a450000,0x000000001a550000)]
  0x0000000019c75800 JavaThread "Signal Dispatcher" daemon [_thread_blocked, id=15828, stack(0x000000001a350000,0x000000001a450000)]
  0x0000000002dee000 JavaThread "Finalizer" daemon [_thread_blocked, id=6588, stack(0x000000001a140000,0x000000001a240000)]
  0x0000000002de7000 JavaThread "Reference Handler" daemon [_thread_blocked, id=5480, stack(0x000000001a040000,0x000000001a140000)]
  0x0000000002ced800 JavaThread "main" [_thread_blocked, id=3236, stack(0x0000000002ba0000,0x0000000002ca0000)]

Other Threads:
  0x0000000017e56000 VMThread [stack: 0x0000000019b40000,0x0000000019c40000] [id=13424]
  0x0000000019d08000 WatcherThread [stack: 0x000000001aa50000,0x000000001ab50000] [id=14976]

VM state:not at safepoint (normal execution)

VM Mutex/Monitor currently owned by a thread: None

heap address: 0x0000000080000000, size: 2048 MB, Compressed Oops mode: 32-bit
Narrow klass base: 0x0000000000000000, Narrow klass shift: 3
Compressed class space size: 1073741824 Address: 0x0000000100000000

Heap:
 PSYoungGen      total 311296K, used 13868K [0x00000000d5580000, 0x00000000f1e80000, 0x0000000100000000)
  eden space 292352K, 4% used [0x00000000d5580000,0x00000000d630b138,0x00000000e7300000)
  from space 18944K, 0% used [0x00000000e7300000,0x00000000e7300000,0x00000000e8580000)
  to   space 27136K, 0% used [0x00000000f0400000,0x00000000f0400000,0x00000000f1e80000)
 ParOldGen       total 191488K, used 41188K [0x0000000080000000, 0x000000008bb00000, 0x00000000d5580000)
  object space 191488K, 21% used [0x0000000080000000,0x00000000828392b0,0x000000008bb00000)
 Metaspace       used 57475K, capacity 59984K, committed 60120K, reserved 1101824K
  class space    used 7759K, capacity 8350K, committed 8448K, reserved 1048576K

Card table byte_map: [0x00000000121b0000,0x00000000125c0000] byte_map_base: 0x0000000011db0000

Marking Bits: (ParMarkBitMap*) 0x00000000739ef030
 Begin Bits: [0x0000000013070000, 0x0000000015070000)
 End Bits:   [0x0000000015070000, 0x0000000017070000)

Polling page: 0x0000000001010000

CodeCache: size=245760Kb used=18021Kb max_used=18041Kb free=227738Kb
 bounds [0x0000000002df0000, 0x0000000003fa0000, 0x0000000011df0000]
 total_blobs=5954 nmethods=5183 adapters=683
 compilation: enabled

Compilation events (10 events):
Event: 90.673 Thread 0x0000000019c79000 5786       1       com.android.build.api.artifact.impl.ArtifactContainer::getCurrent$gradle (5 bytes)
Event: 90.673 Thread 0x0000000019c79000 nmethod 5786 0x00000000035b4190 code [0x00000000035b42e0, 0x00000000035b43f0]
Event: 90.697 Thread 0x0000000017e6a000 nmethod 5764 0x0000000003f95f10 code [0x0000000003f96420, 0x0000000003f9a7d8]
Event: 90.697 Thread 0x0000000019c79000 5788       3       sun.invoke.util.VerifyAccess$1::<init> (15 bytes)
Event: 90.697 Thread 0x0000000017e6a000 5787   !   4       java.net.URL::<init> (543 bytes)
Event: 90.698 Thread 0x0000000019c79000 nmethod 5788 0x00000000035b3dd0 code [0x00000000035b3f20, 0x00000000035b40f0]
Event: 90.698 Thread 0x0000000019c79000 5789       3       sun.invoke.util.VerifyAccess$1::run (5 bytes)
Event: 90.698 Thread 0x0000000019c79000 nmethod 5789 0x00000000035b38d0 code [0x00000000035b3a40, 0x00000000035b3ce8]
Event: 90.698 Thread 0x0000000019c79000 5790   !   3       sun.invoke.util.VerifyAccess$1::run (16 bytes)
Event: 90.698 Thread 0x0000000019c79000 nmethod 5790 0x00000000035b34d0 code [0x00000000035b3640, 0x00000000035b3808]

GC Heap History (10 events):
Event: 38.131 GC heap before
{Heap before GC invocations=6 (full 1):
 PSYoungGen      total 204800K, used 169386K [0x00000000d5580000, 0x00000000e2580000, 0x0000000100000000)
  eden space 196608K, 86% used [0x00000000d5580000,0x00000000dfaeabb0,0x00000000e1580000)
  from space 8192K, 0% used [0x00000000e1d80000,0x00000000e1d80000,0x00000000e2580000)
  to   space 8192K, 0% used [0x00000000e1580000,0x00000000e1580000,0x00000000e1d80000)
 ParOldGen       total 83456K, used 7676K [0x0000000080000000, 0x0000000085180000, 0x00000000d5580000)
  object space 83456K, 9% used [0x0000000080000000,0x000000008077f108,0x0000000085180000)
 Metaspace       used 33990K, capacity 35350K, committed 35416K, reserved 1079296K
  class space    used 4602K, capacity 4978K, committed 4992K, reserved 1048576K
Event: 38.189 GC heap after
Heap after GC invocations=6 (full 1):
 PSYoungGen      total 204800K, used 8168K [0x00000000d5580000, 0x00000000e9b00000, 0x0000000100000000)
  eden space 196608K, 0% used [0x00000000d5580000,0x00000000d5580000,0x00000000e1580000)
  from space 8192K, 99% used [0x00000000e1580000,0x00000000e1d7a010,0x00000000e1d80000)
  to   space 17408K, 0% used [0x00000000e8a00000,0x00000000e8a00000,0x00000000e9b00000)
 ParOldGen       total 83456K, used 14926K [0x0000000080000000, 0x0000000085180000, 0x00000000d5580000)
  object space 83456K, 17% used [0x0000000080000000,0x0000000080e93be8,0x0000000085180000)
 Metaspace       used 33990K, capacity 35350K, committed 35416K, reserved 1079296K
  class space    used 4602K, capacity 4978K, committed 4992K, reserved 1048576K
}
Event: 38.189 GC heap before
{Heap before GC invocations=7 (full 2):
 PSYoungGen      total 204800K, used 8168K [0x00000000d5580000, 0x00000000e9b00000, 0x0000000100000000)
  eden space 196608K, 0% used [0x00000000d5580000,0x00000000d5580000,0x00000000e1580000)
  from space 8192K, 99% used [0x00000000e1580000,0x00000000e1d7a010,0x00000000e1d80000)
  to   space 17408K, 0% used [0x00000000e8a00000,0x00000000e8a00000,0x00000000e9b00000)
 ParOldGen       total 83456K, used 14926K [0x0000000080000000, 0x0000000085180000, 0x00000000d5580000)
  object space 83456K, 17% used [0x0000000080000000,0x0000000080e93be8,0x0000000085180000)
 Metaspace       used 33990K, capacity 35350K, committed 35416K, reserved 1079296K
  class space    used 4602K, capacity 4978K, committed 4992K, reserved 1048576K
Event: 38.404 GC heap after
Heap after GC invocations=7 (full 2):
 PSYoungGen      total 204800K, used 0K [0x00000000d5580000, 0x00000000e9b00000, 0x0000000100000000)
  eden space 196608K, 0% used [0x00000000d5580000,0x00000000d5580000,0x00000000e1580000)
  from space 8192K, 0% used [0x00000000e1580000,0x00000000e1580000,0x00000000e1d80000)
  to   space 17408K, 0% used [0x00000000e8a00000,0x00000000e8a00000,0x00000000e9b00000)
 ParOldGen       total 135680K, used 21237K [0x0000000080000000, 0x0000000088480000, 0x00000000d5580000)
  object space 135680K, 15% used [0x0000000080000000,0x00000000814bd5b0,0x0000000088480000)
 Metaspace       used 33990K, capacity 35350K, committed 35416K, reserved 1079296K
  class space    used 4602K, capacity 4978K, committed 4992K, reserved 1048576K
}
Event: 72.143 GC heap before
{Heap before GC invocations=8 (full 2):
 PSYoungGen      total 204800K, used 196608K [0x00000000d5580000, 0x00000000e9b00000, 0x0000000100000000)
  eden space 196608K, 100% used [0x00000000d5580000,0x00000000e1580000,0x00000000e1580000)
  from space 8192K, 0% used [0x00000000e1580000,0x00000000e1580000,0x00000000e1d80000)
  to   space 17408K, 0% used [0x00000000e8a00000,0x00000000e8a00000,0x00000000e9b00000)
 ParOldGen       total 135680K, used 21237K [0x0000000080000000, 0x0000000088480000, 0x00000000d5580000)
  object space 135680K, 15% used [0x0000000080000000,0x00000000814bd5b0,0x0000000088480000)
 Metaspace       used 43103K, capacity 45206K, committed 45272K, reserved 1087488K
  class space    used 5849K, capacity 6339K, committed 6400K, reserved 1048576K
Event: 72.254 GC heap after
Heap after GC invocations=8 (full 2):
 PSYoungGen      total 299520K, used 14178K [0x00000000d5580000, 0x00000000e9800000, 0x0000000100000000)
  eden space 285184K, 0% used [0x00000000d5580000,0x00000000d5580000,0x00000000e6c00000)
  from space 14336K, 98% used [0x00000000e8a00000,0x00000000e97d88e8,0x00000000e9800000)
  to   space 18944K, 0% used [0x00000000e7300000,0x00000000e7300000,0x00000000e8580000)
 ParOldGen       total 135680K, used 21309K [0x0000000080000000, 0x0000000088480000, 0x00000000d5580000)
  object space 135680K, 15% used [0x0000000080000000,0x00000000814cf5c0,0x0000000088480000)
 Metaspace       used 43103K, capacity 45206K, committed 45272K, reserved 1087488K
  class space    used 5849K, capacity 6339K, committed 6400K, reserved 1048576K
}
Event: 89.798 GC heap before
{Heap before GC invocations=9 (full 2):
 PSYoungGen      total 299520K, used 193613K [0x00000000d5580000, 0x00000000e9800000, 0x0000000100000000)
  eden space 285184K, 62% used [0x00000000d5580000,0x00000000e04baca8,0x00000000e6c00000)
  from space 14336K, 98% used [0x00000000e8a00000,0x00000000e97d88e8,0x00000000e9800000)
  to   space 18944K, 0% used [0x00000000e7300000,0x00000000e7300000,0x00000000e8580000)
 ParOldGen       total 135680K, used 21309K [0x0000000080000000, 0x0000000088480000, 0x00000000d5580000)
  object space 135680K, 15% used [0x0000000080000000,0x00000000814cf5c0,0x0000000088480000)
 Metaspace       used 56462K, capacity 58974K, committed 59028K, reserved 1099776K
  class space    used 7537K, capacity 8145K, committed 8192K, reserved 1048576K
Event: 89.976 GC heap after
Heap after GC invocations=9 (full 2):
 PSYoungGen      total 311296K, used 18938K [0x00000000d5580000, 0x00000000f1e80000, 0x0000000100000000)
  eden space 292352K, 0% used [0x00000000d5580000,0x00000000d5580000,0x00000000e7300000)
  from space 18944K, 99% used [0x00000000e7300000,0x00000000e857e850,0x00000000e8580000)
  to   space 27136K, 0% used [0x00000000f0400000,0x00000000f0400000,0x00000000f1e80000)
 ParOldGen       total 135680K, used 31270K [0x0000000080000000, 0x0000000088480000, 0x00000000d5580000)
  object space 135680K, 23% used [0x0000000080000000,0x0000000081e89b50,0x0000000088480000)
 Metaspace       used 56462K, capacity 58974K, committed 59028K, reserved 1099776K
  class space    used 7537K, capacity 8145K, committed 8192K, reserved 1048576K
}
Event: 89.976 GC heap before
{Heap before GC invocations=10 (full 3):
 PSYoungGen      total 311296K, used 18938K [0x00000000d5580000, 0x00000000f1e80000, 0x0000000100000000)
  eden space 292352K, 0% used [0x00000000d5580000,0x00000000d5580000,0x00000000e7300000)
  from space 18944K, 99% used [0x00000000e7300000,0x00000000e857e850,0x00000000e8580000)
  to   space 27136K, 0% used [0x00000000f0400000,0x00000000f0400000,0x00000000f1e80000)
 ParOldGen       total 135680K, used 31270K [0x0000000080000000, 0x0000000088480000, 0x00000000d5580000)
  object space 135680K, 23% used [0x0000000080000000,0x0000000081e89b50,0x0000000088480000)
 Metaspace       used 56462K, capacity 58974K, committed 59028K, reserved 1099776K
  class space    used 7537K, capacity 8145K, committed 8192K, reserved 1048576K
Event: 90.319 GC heap after
Heap after GC invocations=10 (full 3):
 PSYoungGen      total 311296K, used 0K [0x00000000d5580000, 0x00000000f1e80000, 0x0000000100000000)
  eden space 292352K, 0% used [0x00000000d5580000,0x00000000d5580000,0x00000000e7300000)
  from space 18944K, 0% used [0x00000000e7300000,0x00000000e7300000,0x00000000e8580000)
  to   space 27136K, 0% used [0x00000000f0400000,0x00000000f0400000,0x00000000f1e80000)
 ParOldGen       total 191488K, used 41188K [0x0000000080000000, 0x000000008bb00000, 0x00000000d5580000)
  object space 191488K, 21% used [0x0000000080000000,0x00000000828392b0,0x000000008bb00000)
 Metaspace       used 56462K, capacity 58974K, committed 59028K, reserved 1099776K
  class space    used 7537K, capacity 8145K, committed 8192K, reserved 1048576K
}

Deoptimization events (10 events):
Event: 74.604 Thread 0x000000001abdd000 Uncommon trap: reason=bimorphic action=maybe_recompile pc=0x000000000379a760 method=java.util.regex.Pattern$CharProperty.match(Ljava/util/regex/Matcher;ILjava/lang/CharSequence;)Z @ 18
Event: 74.939 Thread 0x000000001abdd000 Uncommon trap: reason=unstable_if action=reinterpret pc=0x0000000003bc6930 method=org.gradle.internal.reflect.PropertyAccessorType.of(Ljava/lang/reflect/Method;)Lorg/gradle/internal/reflect/PropertyAccessorType; @ 56
Event: 76.332 Thread 0x000000001abdd000 Uncommon trap: reason=unstable_if action=reinterpret pc=0x0000000002fc5924 method=java.lang.String.replace(CC)Ljava/lang/String; @ 2
Event: 76.350 Thread 0x000000001abdd000 Uncommon trap: reason=unstable_if action=reinterpret pc=0x0000000003955fb0 method=org.codehaus.groovy.runtime.metaclass.MetaMethodIndex.copyNonPrivateNonNewMetaMethods(Lorg/codehaus/groovy/runtime/metaclass/MetaMethodIndex$Entry;Lorg/codehaus/groovy/runti
Event: 76.352 Thread 0x000000001abdd000 Uncommon trap: reason=unstable_if action=reinterpret pc=0x0000000003990be4 method=groovy.lang.MetaClassImpl$1MOPIter.methodNameAction(Ljava/lang/Class;Lorg/codehaus/groovy/runtime/metaclass/MetaMethodIndex$Entry;)V @ 182
Event: 89.188 Thread 0x000000001abdd000 Uncommon trap: reason=null_check action=make_not_entrant pc=0x00000000035b299c method=java.lang.Class.searchMethods([Ljava/lang/reflect/Method;Ljava/lang/String;[Ljava/lang/Class;)Ljava/lang/reflect/Method; @ 59
Event: 89.248 Thread 0x000000001abdd000 Uncommon trap: reason=unstable_if action=reinterpret pc=0x0000000003284378 method=java.util.WeakHashMap.expungeStaleEntries()V @ 66
Event: 89.319 Thread 0x000000001abdd000 Uncommon trap: reason=unstable_if action=reinterpret pc=0x0000000003bb95c0 method=groovy.lang.MetaClassImpl.filterPropertyMethod(Ljava/lang/Object;ZZ)Ljava/lang/Object; @ 72
Event: 90.588 Thread 0x000000001abdd000 Uncommon trap: reason=unstable_if action=reinterpret pc=0x0000000003c989e8 method=java.util.Properties$LineReader.readLine()I @ 37
Event: 90.589 Thread 0x000000001abdd000 Uncommon trap: reason=unstable_if action=reinterpret pc=0x000000000334bdfc method=java.util.Properties$LineReader.readLine()I @ 105

Classes redefined (0 events):
No events

Internal exceptions (10 events):
Event: 89.359 Thread 0x000000001abdd000 Exception <a 'java/lang/ClassNotFoundException': com/android/build/gradle/internal/CompileOptions_DecoratedCustomizer> (0x00000000dedbd568) thrown at [C:\src\AOSP-openjdk-git\hotspot\src\share\vm\classfile\systemDictionary.cpp, line 210]
Event: 89.379 Thread 0x000000001abdd000 Exception <a 'java/lang/ClassNotFoundException': org/gradle/api/internal/file/collections/DefaultConfigurableFileTreeBeanInfo> (0x00000000def72650) thrown at [C:\src\AOSP-openjdk-git\hotspot\src\share\vm\classfile\systemDictionary.cpp, line 210]
Event: 89.380 Thread 0x000000001abdd000 Exception <a 'java/lang/ClassNotFoundException': org/gradle/api/internal/file/CompositeFileTreeBeanInfo> (0x00000000defae598) thrown at [C:\src\AOSP-openjdk-git\hotspot\src\share\vm\classfile\systemDictionary.cpp, line 210]
Event: 89.381 Thread 0x000000001abdd000 Exception <a 'java/lang/ClassNotFoundException': org/gradle/api/internal/file/CompositeFileCollectionBeanInfo> (0x00000000defeefa0) thrown at [C:\src\AOSP-openjdk-git\hotspot\src\share\vm\classfile\systemDictionary.cpp, line 210]
Event: 89.383 Thread 0x000000001abdd000 Exception <a 'java/lang/ClassNotFoundException': org/gradle/api/internal/file/AbstractFileCollectionBeanInfo> (0x00000000df02f918) thrown at [C:\src\AOSP-openjdk-git\hotspot\src\share\vm\classfile\systemDictionary.cpp, line 210]
Event: 89.384 Thread 0x000000001abdd000 Exception <a 'java/lang/ClassNotFoundException': org/gradle/api/internal/file/AbstractFileCollectionCustomizer> (0x00000000df0711b8) thrown at [C:\src\AOSP-openjdk-git\hotspot\src\share\vm\classfile\systemDictionary.cpp, line 210]
Event: 89.386 Thread 0x000000001abdd000 Exception <a 'java/lang/ClassNotFoundException': org/gradle/api/internal/file/CompositeFileCollectionCustomizer> (0x00000000df0c4088) thrown at [C:\src\AOSP-openjdk-git\hotspot\src\share\vm\classfile\systemDictionary.cpp, line 210]
Event: 89.388 Thread 0x000000001abdd000 Exception <a 'java/lang/ClassNotFoundException': org/gradle/api/internal/file/CompositeFileTreeCustomizer> (0x00000000df10dfd0) thrown at [C:\src\AOSP-openjdk-git\hotspot\src\share\vm\classfile\systemDictionary.cpp, line 210]
Event: 89.390 Thread 0x000000001abdd000 Exception <a 'java/lang/ClassNotFoundException': org/gradle/api/internal/file/collections/DefaultConfigurableFileTreeCustomizer> (0x00000000df167940) thrown at [C:\src\AOSP-openjdk-git\hotspot\src\share\vm\classfile\systemDictionary.cpp, line 210]
Event: 90.589 Thread 0x000000001abdd000 Implicit null exception at 0x000000000334b4bb to 0x000000000334bd8d

Events (10 events):
Event: 90.679 loading class com/android/build/gradle/tasks/PackageAndroidArtifact
Event: 90.679 loading class com/android/build/gradle/tasks/PackageAndroidArtifact done
Event: 90.698 loading class com/android/build/gradle/tasks/PackageApplication
Event: 90.698 loading class com/android/build/gradle/tasks/PackageApplication done
Event: 90.698 loading class com/android/build/gradle/internal/scope/MutableTaskContainer
Event: 90.698 loading class com/android/build/gradle/internal/scope/MutableTaskContainer done
Event: 90.699 loading class com/android/build/gradle/tasks/PackageApplication$CreationAction$handleProvider$operationRequest$1
Event: 90.699 loading class com/android/build/gradle/tasks/PackageApplication$CreationAction$handleProvider$operationRequest$1 done
Event: 90.700 loading class com/android/build/gradle/tasks/PackageApplication$CreationAction$handleProvider$operationRequest$2
Event: 90.700 loading class com/android/build/gradle/tasks/PackageApplication$CreationAction$handleProvider$operationRequest$2 done


Dynamic libraries:
0x00007ff7fb390000 - 0x00007ff7fb3c1000 	C:\Program Files\Android\android-studio-canary\jre\bin\java.exe
0x00007fffce870000 - 0x00007fffcea64000 	C:\WINDOWS\SYSTEM32\ntdll.dll
0x00007fffcde90000 - 0x00007fffcdf4d000 	C:\WINDOWS\System32\KERNEL32.DLL
0x00007fffcc170000 - 0x00007fffcc437000 	C:\WINDOWS\System32\KERNELBASE.dll
0x00007fffccdc0000 - 0x00007fffcce6a000 	C:\WINDOWS\System32\ADVAPI32.dll
0x00007fffcd0b0000 - 0x00007fffcd14e000 	C:\WINDOWS\System32\msvcrt.dll
0x00007fffcd5a0000 - 0x00007fffcd63b000 	C:\WINDOWS\System32\sechost.dll
0x00007fffcd640000 - 0x00007fffcd763000 	C:\WINDOWS\System32\RPCRT4.dll
0x00007fffcd3f0000 - 0x00007fffcd590000 	C:\WINDOWS\System32\USER32.dll
0x00007fffcc6f0000 - 0x00007fffcc712000 	C:\WINDOWS\System32\win32u.dll
0x00007fffcd770000 - 0x00007fffcd79a000 	C:\WINDOWS\System32\GDI32.dll
0x00007fffcc720000 - 0x00007fffcc82a000 	C:\WINDOWS\System32\gdi32full.dll
0x00007fffcbfc0000 - 0x00007fffcc05d000 	C:\WINDOWS\System32\msvcp_win.dll
0x00007fffcc490000 - 0x00007fffcc590000 	C:\WINDOWS\System32\ucrtbase.dll
0x00007fffbb8e0000 - 0x00007fffbbb7a000 	C:\WINDOWS\WinSxS\amd64_microsoft.windows.common-controls_6595b64144ccf1df_6.0.19041.1_none_b555e41d4684ddec\COMCTL32.dll
0x00007fffcd080000 - 0x00007fffcd0b0000 	C:\WINDOWS\System32\IMM32.DLL
0x00000000727d0000 - 0x00000000728a2000 	C:\Program Files\Android\android-studio-canary\jre\jre\bin\msvcr100.dll
0x0000000073220000 - 0x0000000073a6b000 	C:\Program Files\Android\android-studio-canary\jre\jre\bin\server\jvm.dll
0x00007fffce770000 - 0x00007fffce778000 	C:\WINDOWS\System32\PSAPI.DLL
0x00007fffc7fc0000 - 0x00007fffc7fc9000 	C:\WINDOWS\SYSTEM32\WSOCK32.dll
0x00007fffcdcf0000 - 0x00007fffcdd5b000 	C:\WINDOWS\System32\WS2_32.dll
0x00007fffc4320000 - 0x00007fffc4347000 	C:\WINDOWS\SYSTEM32\WINMM.dll
0x00007fffc62a0000 - 0x00007fffc62aa000 	C:\WINDOWS\SYSTEM32\VERSION.dll
0x00007fffc7fb0000 - 0x00007fffc7fbf000 	C:\Program Files\Android\android-studio-canary\jre\jre\bin\verify.dll
0x00007fffc5eb0000 - 0x00007fffc5ed9000 	C:\Program Files\Android\android-studio-canary\jre\jre\bin\java.dll
0x00007fffbe890000 - 0x00007fffbe8a6000 	C:\Program Files\Android\android-studio-canary\jre\jre\bin\zip.dll
0x00007fffce030000 - 0x00007fffce765000 	C:\WINDOWS\System32\SHELL32.dll
0x00007fffca150000 - 0x00007fffca8df000 	C:\WINDOWS\SYSTEM32\windows.storage.dll
0x00007fffcca60000 - 0x00007fffccdb3000 	C:\WINDOWS\System32\combase.dll
0x00007fffcba40000 - 0x00007fffcba6b000 	C:\WINDOWS\SYSTEM32\Wldp.dll
0x00007fffcc8e0000 - 0x00007fffcc98e000 	C:\WINDOWS\System32\SHCORE.dll
0x00007fffcdc10000 - 0x00007fffcdc65000 	C:\WINDOWS\System32\shlwapi.dll
0x00007fffcbf00000 - 0x00007fffcbf1f000 	C:\WINDOWS\SYSTEM32\profapi.dll
0x00007fffbc120000 - 0x00007fffbc13a000 	C:\Program Files\Android\android-studio-canary\jre\jre\bin\net.dll
0x00007fffcb7c0000 - 0x00007fffcb82a000 	C:\WINDOWS\system32\mswsock.dll
0x00007fffc6020000 - 0x00007fffc6033000 	C:\Program Files\Android\android-studio-canary\jre\jre\bin\nio.dll
0x00007fffbed10000 - 0x00007fffbed37000 	N:\_AndroidGradle\native\f6784746aeab05261644944871eae4fe03e0ef1612fff0a4a95f87b438bc6780\windows-amd64\native-platform.dll
0x00007fffc7fa0000 - 0x00007fffc7fad000 	C:\Program Files\Android\android-studio-canary\jre\jre\bin\management.dll
0x00007fffcb990000 - 0x00007fffcb9a8000 	C:\WINDOWS\SYSTEM32\CRYPTSP.dll
0x00007fffcb0e0000 - 0x00007fffcb114000 	C:\WINDOWS\system32\rsaenh.dll
0x00007fffcc140000 - 0x00007fffcc167000 	C:\WINDOWS\System32\bcrypt.dll
0x00007fffcbec0000 - 0x00007fffcbeee000 	C:\WINDOWS\SYSTEM32\USERENV.dll
0x00007fffcc0c0000 - 0x00007fffcc13f000 	C:\WINDOWS\System32\bcryptprimitives.dll
0x00007fffcb9b0000 - 0x00007fffcb9bc000 	C:\WINDOWS\SYSTEM32\CRYPTBASE.dll
0x00007fffcb460000 - 0x00007fffcb49b000 	C:\WINDOWS\SYSTEM32\IPHLPAPI.DLL
0x00007fffcd590000 - 0x00007fffcd599000 	C:\WINDOWS\System32\NSI.dll
0x00007fffc5bb0000 - 0x00007fffc5bc7000 	C:\WINDOWS\SYSTEM32\dhcpcsvc6.DLL
0x00007fffc5290000 - 0x00007fffc52ad000 	C:\WINDOWS\SYSTEM32\dhcpcsvc.DLL
0x00007fffcb4b0000 - 0x00007fffcb57a000 	C:\WINDOWS\SYSTEM32\DNSAPI.dll
0x00007fffc62b0000 - 0x00007fffc62bb000 	C:\WINDOWS\SYSTEM32\WINNSI.DLL

VM Arguments:
jvm_args: -Xmx2048m -Dfile.encoding=UTF-8 -Duser.country=RU -Duser.language=ru -Duser.variant 
java_command: org.gradle.launcher.daemon.bootstrap.GradleDaemon 6.5.1
java_class_path (initial): N:\_AndroidGradle\wrapper\dists\gradle-6.5.1-bin\1m5048aptkfynhbvolwgr4ej9\gradle-6.5.1\lib\gradle-launcher-6.5.1.jar
Launcher Type: SUN_STANDARD

Environment Variables:
JAVA_HOME=C:\Program Files\Java\jdk-14.0.1
PATH=C:\Program Files (x86)\NVIDIA Corporation\PhysX\Common;C:\WINDOWS\system32;C:\WINDOWS;C:\WINDOWS\System32\Wbem;C:\WINDOWS\System32\WindowsPowerShell\v1.0\;C:\WINDOWS\System32\OpenSSH\;C:\Program Files (x86)\ATI Technologies\ATI.ACE\Core-Static;C:\Program Files\Java\jdk-14.0.1\bin;C:\Program Files (x86)\Common Files\Acronis\SnapAPI\;C:\Program Files\Git\cmd;N:\_AndroidSDK\platform-tools;C:\Users\delaf\AppData\Local\Microsoft\WindowsApps;;C:\Users\delaf\AppData\Local\Programs\Fiddler;%USERPROFILE%\AppData\Local\Microsoft\WindowsApps
USERNAME=delaf
OS=Windows_NT
PROCESSOR_IDENTIFIER=Intel64 Family 6 Model 26 Stepping 5, GenuineIntel



---------------  S Y S T E M  ---------------

OS: Windows 10.0 , 64 bit Build 19041 (10.0.19041.292)

CPU:total 8 (initial active 8) (4 cores per cpu, 2 threads per core) family 6 model 26 stepping 5, cmov, cx8, fxsr, mmx, sse, sse2, sse3, ssse3, sse4.1, sse4.2, popcnt, ht, tsc, tscinvbit, tscinv

Memory: 4k page, physical 12573792k(344292k free), swap 20962400k(5452k free)

vm_info: OpenJDK 64-Bit Server VM (25.242-b01) for windows-amd64 JRE (1.8.0_242-release-1644-b01), built by "builder" with MS VC++ 10.0 (VS2010)

time: Thu Jul 16 13:55:59 2020
timezone: RTZ 2 (зима)
elapsed time: 90 seconds (0d 0h 1m 30s)

